           1.819e+00            2.532e-02            1.392e-02             1.84e-03
           1.819e+00            3.430e-02            1.886e-02             4.67e-03
           1.819e+00            1.646e-02            9.051e-03             5.50e-03
           1.819e+00            8.054e-03            4.429e-03             6.66e-03
           1.819e+00            3.558e-03            1.956e-03             8.23e-03
           1.819e+00            1.661e-03            9.132e-04             1.00e-02
           1.819e+00            1.052e-03            5.785e-04             1.08e-02
           1.819e+00            3.962e-04            2.179e-04             1.27e-02
           1.819e+00            1.988e-04            1.093e-04             1.68e-02
           1.819e+00            1.336e-04            7.348e-05             1.86e-02
           1.819e+00            8.904e-05            4.896e-05             2.29e-02
           1.819e+00            4.876e-05            2.681e-05             2.58e-02
           1.819e+00            1.569e-05            8.625e-06             2.66e-02
           1.819e+00            1.607e-05            8.835e-06             3.06e-02
           1.819e+00            8.038e-06            4.420e-06             3.85e-02
           1.819e+00            1.974e-06            1.085e-06             5.15e-02
           1.819e+00            1.028e-06            5.652e-07             5.58e-02
           1.819e+00            5.284e-07            2.905e-07             6.27e-02
           1.819e+00            3.288e-07            1.808e-07             5.77e-02
           1.819e+00            2.021e-07            1.111e-07             8.03e-02
           1.819e+00            1.297e-07            7.133e-08             8.65e-02
           1.819e+00            9.784e-08            5.380e-08             1.13e-01
           1.819e+00            4.336e-08            2.384e-08             9.63e-02
           1.819e+00            2.103e-08            1.156e-08             1.13e-01
           1.819e+00            1.568e-08            8.621e-09             1.41e-01
           1.819e+00            1.248e-01            6.861e-02             2.91e-03
           1.819e+00            3.699e-02            2.034e-02             7.69e-03
           1.819e+00            1.825e-02            1.004e-02             6.21e-03
           1.819e+00            1.266e-02            6.959e-03             6.39e-03
           1.819e+00            4.637e-03            2.550e-03             8.36e-03
           1.819e+00            1.791e-03            9.845e-04             1.04e-02
           1.819e+00            5.108e-04            2.808e-04             1.35e-02
           1.819e+00            4.637e-04            2.550e-04             1.33e-02
           1.819e+00            1.647e-04            9.054e-05             1.44e-02
           1.819e+00            1.165e-04            6.406e-05             1.81e-02
           1.819e+00            6.929e-05            3.810e-05             2.18e-02
           1.819e+00            2.687e-05            1.477e-05             2.57e-02
           1.819e+00            2.156e-05            1.185e-05             2.97e-02
           1.819e+00            1.233e-05            6.780e-06             3.24e-02
           1.819e+00            4.983e-06            2.740e-06             3.88e-02
           1.819e+00            3.079e-06            1.693e-06             4.83e-02
           1.819e+00            1.536e-06            8.448e-07             4.87e-02
           1.819e+00            6.986e-07            3.841e-07             5.87e-02
           1.819e+00            3.551e-07            1.953e-07             6.19e-02
           1.819e+00            2.360e-07            1.297e-07             7.94e-02
           1.819e+00            1.117e-07            6.143e-08             9.18e-02
           1.819e+00            7.758e-08            4.266e-08             9.33e-02
           1.819e+00            3.630e-08            1.996e-08             1.14e-01
           1.819e+00            3.350e-08            1.842e-08             1.18e-01
           1.819e+00            1.809e-08            9.948e-09             1.23e-01
xmax = 20
xshift = -20
dx = 0.6349206349206349
len of Hint: 18
len of H: 18
Sweep 0, chi=2, cutoff=1e-08
  Direction: left->right
  Direction: right->left
  Energy: -0.2001682592, Trunc err: 1.02e+00
Sweep 1, chi=2, cutoff=1e-08
  Direction: left->right
  Direction: right->left
  Energy: -0.2008213612, Trunc err: 1.03e+00
Sweep 2, chi=2, cutoff=1e-08
  Direction: left->right
  Direction: right->left
  Energy: -0.2022782743, Trunc err: 1.03e+00
Sweep 3, chi=2, cutoff=1e-08
  Direction: left->right
  Direction: right->left
  Energy: -0.2001783054, Trunc err: 1.03e+00
Sweep 4, chi=2, cutoff=1e-08
  Direction: left->right
  Direction: right->left
  Energy: -0.2009998699, Trunc err: 1.03e+00
Sweep 5, chi=2, cutoff=1e-08
  Direction: left->right
  Direction: right->left
  Energy: -0.2009502184, Trunc err: 1.03e+00
Sweep 6, chi=2, cutoff=1e-08
  Direction: left->right
  Direction: right->left
  Energy: -0.2001457087, Trunc err: 1.03e+00
Sweep 7, chi=2, cutoff=1e-08
  Direction: left->right
  Direction: right->left
  Energy: -0.2015500400, Trunc err: 1.03e+00
Sweep 8, chi=2, cutoff=1e-08
  Direction: left->right
  Direction: right->left
  Energy: -0.1992229345, Trunc err: 1.03e+00
Sweep 9, chi=2, cutoff=1e-08
  Direction: left->right
  Direction: right->left
  Energy: -0.2015192834, Trunc err: 1.03e+00
Sweep 10, chi=4, cutoff=1e-08
  Direction: left->right
  Direction: right->left
  Energy: -0.3355431472, Trunc err: 1.15e+00
Sweep 11, chi=4, cutoff=1e-08
  Direction: left->right
  Direction: right->left
  Energy: -0.6312808076, Trunc err: 1.35e+00
Sweep 12, chi=4, cutoff=1e-08
  Direction: left->right
  Direction: right->left
  Energy: -1.3877651672, Trunc err: 1.56e+00
Sweep 13, chi=4, cutoff=1e-08
  Direction: left->right
  Direction: right->left
  Energy: -1.8728185258, Trunc err: 1.70e+00
Sweep 14, chi=4, cutoff=1e-08
  Direction: left->right
  Direction: right->left
  Energy: -1.9819995019, Trunc err: 1.75e+00
Sweep 15, chi=4, cutoff=1e-08
  Direction: left->right
  Direction: right->left
  Energy: -1.9948019375, Trunc err: 1.76e+00
Sweep 16, chi=4, cutoff=1e-08
  Direction: left->right
  Direction: right->left
  Energy: -1.9958074348, Trunc err: 1.77e+00
Sweep 17, chi=4, cutoff=1e-08
  Direction: left->right
  Direction: right->left
  Energy: -1.9958732159, Trunc err: 1.77e+00
Sweep 18, chi=4, cutoff=1e-08
  Direction: left->right
  Direction: right->left
  Energy: -1.9958769758, Trunc err: 1.77e+00
Sweep 19, chi=4, cutoff=1e-08
  Direction: left->right
  Direction: right->left
  Energy: -1.9958773221, Trunc err: 1.77e+00
Sweep 20, chi=4, cutoff=1e-08
  Direction: left->right
  Direction: right->left
  Energy: -1.9958773591, Trunc err: 1.77e+00
Sweep 21, chi=4, cutoff=1e-08
  Direction: left->right
  Direction: right->left
  Energy: -1.9958773631, Trunc err: 1.77e+00
Sweep 22, chi=4, cutoff=1e-08
  Direction: left->right
  Direction: right->left
  Energy: -1.9958773635, Trunc err: 1.77e+00
Sweep 23, chi=4, cutoff=1e-08
  Direction: left->right
  Direction: right->left
  Energy: -1.9958773636, Trunc err: 1.77e+00
Sweep 24, chi=4, cutoff=1e-08
  Direction: left->right
  Direction: right->left
  Energy: -1.9958773636, Trunc err: 1.77e+00
Sweep 25, chi=4, cutoff=1e-08
  Direction: left->right
  Direction: right->left
  Energy: -1.9958773636, Trunc err: 1.77e+00
Sweep 26, chi=4, cutoff=1e-08
  Direction: left->right
  Direction: right->left
  Energy: -1.9958773636, Trunc err: 1.77e+00
Sweep 27, chi=4, cutoff=1e-08
  Direction: left->right
  Direction: right->left
  Energy: -1.9958773636, Trunc err: 1.77e+00
Sweep 28, chi=4, cutoff=1e-08
  Direction: left->right
  Direction: right->left
  Energy: -1.9958773636, Trunc err: 1.77e+00
Sweep 29, chi=4, cutoff=1e-08
  Direction: left->right
  Direction: right->left
  Energy: -1.9958773636, Trunc err: 1.77e+00
Sweep 30, chi=4, cutoff=1e-08
  Direction: left->right
  Direction: right->left
  Energy: -1.9958773636, Trunc err: 1.77e+00
Sweep 31, chi=4, cutoff=1e-08
  Direction: left->right
  Direction: right->left
  Energy: -1.9958773636, Trunc err: 1.77e+00
Sweep 32, chi=4, cutoff=1e-08
  Direction: left->right
  Direction: right->left
  Energy: -1.9958773636, Trunc err: 1.77e+00
Sweep 33, chi=4, cutoff=1e-08
  Direction: left->right
  Direction: right->left
  Energy: -1.9958773636, Trunc err: 1.77e+00
Sweep 34, chi=4, cutoff=1e-08
  Direction: left->right
  Direction: right->left
  Energy: -1.9958773636, Trunc err: 1.77e+00
Sweep 35, chi=4, cutoff=1e-08
  Direction: left->right
  Direction: right->left
  Energy: -1.9958773636, Trunc err: 1.77e+00
Sweep 36, chi=4, cutoff=1e-08
  Direction: left->right
  Direction: right->left
  Energy: -1.9958773636, Trunc err: 1.77e+00
Sweep 37, chi=4, cutoff=1e-08
  Direction: left->right
  Direction: right->left
  Energy: -1.9958773636, Trunc err: 1.77e+00
Sweep 38, chi=4, cutoff=1e-08
  Direction: left->right
  Direction: right->left
  Energy: -1.9958773636, Trunc err: 1.77e+00
Sweep 39, chi=4, cutoff=1e-08
  Direction: left->right
  Direction: right->left
  Energy: -1.9958773636, Trunc err: 1.77e+00
Sweep 40, chi=4, cutoff=1e-08
  Direction: left->right
  Direction: right->left
  Energy: -1.9958773636, Trunc err: 1.77e+00
Sweep 41, chi=4, cutoff=1e-08
  Direction: left->right
  Direction: right->left
  Energy: -1.9958773636, Trunc err: 1.77e+00
Sweep 42, chi=4, cutoff=1e-08
  Direction: left->right
  Direction: right->left
  Energy: -1.9958773636, Trunc err: 1.77e+00
Sweep 43, chi=4, cutoff=1e-08
  Direction: left->right
  Direction: right->left
  Energy: -1.9958773636, Trunc err: 1.77e+00
Sweep 44, chi=4, cutoff=1e-08
  Direction: left->right
  Direction: right->left
  Energy: -1.9958773636, Trunc err: 1.77e+00
Sweep 45, chi=4, cutoff=1e-08
  Direction: left->right
  Direction: right->left
  Energy: -1.9958773636, Trunc err: 1.77e+00
Sweep 46, chi=4, cutoff=1e-08
  Direction: left->right
  Direction: right->left
  Energy: -1.9958773636, Trunc err: 1.77e+00
Sweep 47, chi=4, cutoff=1e-08
  Direction: left->right
  Direction: right->left
  Energy: -1.9958773636, Trunc err: 1.77e+00
Sweep 48, chi=4, cutoff=1e-08
  Direction: left->right
  Direction: right->left
  Energy: -1.9958773636, Trunc err: 1.77e+00
Sweep 49, chi=4, cutoff=1e-08
  Direction: left->right
  Direction: right->left
  Energy: -1.9958773636, Trunc err: 1.77e+00
Sweep 50, chi=8, cutoff=1e-08
  Direction: left->right
  Direction: right->left
  Energy: -2.0339567609, Trunc err: 1.80e+00
Sweep 51, chi=8, cutoff=1e-08
  Direction: left->right
  Direction: right->left
  Energy: -2.0380679030, Trunc err: 1.88e+00
Sweep 52, chi=8, cutoff=1e-08
  Direction: left->right
  Direction: right->left
  Energy: -2.0383904749, Trunc err: 1.88e+00
Sweep 53, chi=8, cutoff=1e-08
  Direction: left->right
  Direction: right->left
  Energy: -2.0384421781, Trunc err: 1.89e+00
Sweep 54, chi=8, cutoff=1e-08
  Direction: left->right
  Direction: right->left
  Energy: -2.0384504738, Trunc err: 1.89e+00
Sweep 55, chi=8, cutoff=1e-08
  Direction: left->right
  Direction: right->left
  Energy: -2.0384517900, Trunc err: 1.89e+00
Sweep 56, chi=8, cutoff=1e-08
  Direction: left->right
  Direction: right->left
  Energy: -2.0384517807, Trunc err: 1.89e+00
Sweep 57, chi=8, cutoff=1e-08
  Direction: left->right
  Direction: right->left
  Energy: -2.0384515681, Trunc err: 1.89e+00
Sweep 58, chi=8, cutoff=1e-08
  Direction: left->right
  Direction: right->left
  Energy: -2.0384513532, Trunc err: 1.89e+00
Sweep 59, chi=8, cutoff=1e-08
  Direction: left->right
  Direction: right->left
  Energy: -2.0384511801, Trunc err: 1.89e+00
Sweep 60, chi=8, cutoff=1e-08
  Direction: left->right
  Direction: right->left
  Energy: -2.0384510486, Trunc err: 1.89e+00
Sweep 61, chi=8, cutoff=1e-08
  Direction: left->right
  Direction: right->left
  Energy: -2.0384509504, Trunc err: 1.89e+00
Sweep 62, chi=8, cutoff=1e-08
  Direction: left->right
  Direction: right->left
  Energy: -2.0384508772, Trunc err: 1.89e+00
Sweep 63, chi=8, cutoff=1e-08
  Direction: left->right
  Direction: right->left
  Energy: -2.0384508221, Trunc err: 1.89e+00
Sweep 64, chi=8, cutoff=1e-08
  Direction: left->right
  Direction: right->left
  Energy: -2.0384507801, Trunc err: 1.89e+00
Sweep 65, chi=8, cutoff=1e-08
  Direction: left->right
  Direction: right->left
  Energy: -2.0384507474, Trunc err: 1.89e+00
Sweep 66, chi=8, cutoff=1e-08
  Direction: left->right
  Direction: right->left
  Energy: -2.0384507215, Trunc err: 1.89e+00
Sweep 67, chi=8, cutoff=1e-08
  Direction: left->right
  Direction: right->left
  Energy: -2.0384507007, Trunc err: 1.89e+00
Sweep 68, chi=8, cutoff=1e-08
  Direction: left->right
  Direction: right->left
  Energy: -2.0384506838, Trunc err: 1.89e+00
Sweep 69, chi=8, cutoff=1e-08
  Direction: left->right
  Direction: right->left
  Energy: -2.0384506698, Trunc err: 1.89e+00
Sweep 70, chi=8, cutoff=1e-08
  Direction: left->right
  Direction: right->left
  Energy: -2.0384506582, Trunc err: 1.89e+00
Sweep 71, chi=8, cutoff=1e-08
  Direction: left->right
  Direction: right->left
  Energy: -2.0384506486, Trunc err: 1.89e+00
Sweep 72, chi=8, cutoff=1e-08
  Direction: left->right
  Direction: right->left
  Energy: -2.0384506405, Trunc err: 1.89e+00
Sweep 73, chi=8, cutoff=1e-08
  Direction: left->right
  Direction: right->left
  Energy: -2.0384506338, Trunc err: 1.89e+00
Sweep 74, chi=8, cutoff=1e-08
  Direction: left->right
  Direction: right->left
  Energy: -2.0384506281, Trunc err: 1.89e+00
Sweep 75, chi=8, cutoff=1e-08
  Direction: left->right
  Direction: right->left
  Energy: -2.0384506234, Trunc err: 1.89e+00
Sweep 76, chi=8, cutoff=1e-08
  Direction: left->right
  Direction: right->left
  Energy: -2.0384506193, Trunc err: 1.89e+00
Sweep 77, chi=8, cutoff=1e-08
  Direction: left->right
  Direction: right->left
  Energy: -2.0384506160, Trunc err: 1.89e+00
Sweep 78, chi=8, cutoff=1e-08
  Direction: left->right
  Direction: right->left
  Energy: -2.0384506131, Trunc err: 1.89e+00
Sweep 79, chi=8, cutoff=1e-08
  Direction: left->right
  Direction: right->left
  Energy: -2.0384506107, Trunc err: 1.89e+00
Sweep 80, chi=8, cutoff=1e-08
  Direction: left->right
  Direction: right->left
  Energy: -2.0384506087, Trunc err: 1.89e+00
Sweep 81, chi=8, cutoff=1e-08
  Direction: left->right
  Direction: right->left
  Energy: -2.0384506071, Trunc err: 1.89e+00
Sweep 82, chi=8, cutoff=1e-08
  Direction: left->right
  Direction: right->left
  Energy: -2.0384506056, Trunc err: 1.89e+00
Sweep 83, chi=8, cutoff=1e-08
  Direction: left->right
  Direction: right->left
  Energy: -2.0384506045, Trunc err: 1.89e+00
Sweep 84, chi=8, cutoff=1e-08
  Direction: left->right
  Direction: right->left
  Energy: -2.0384506035, Trunc err: 1.89e+00
Sweep 85, chi=8, cutoff=1e-08
  Direction: left->right
  Direction: right->left
  Energy: -2.0384506026, Trunc err: 1.89e+00
Sweep 86, chi=8, cutoff=1e-08
  Direction: left->right
  Direction: right->left
  Energy: -2.0384506019, Trunc err: 1.89e+00
Sweep 87, chi=8, cutoff=1e-08
  Direction: left->right
  Direction: right->left
  Energy: -2.0384506013, Trunc err: 1.89e+00
Sweep 88, chi=8, cutoff=1e-08
  Direction: left->right
  Direction: right->left
  Energy: -2.0384506009, Trunc err: 1.89e+00
Sweep 89, chi=8, cutoff=1e-08
  Direction: left->right
  Direction: right->left
  Energy: -2.0384506005, Trunc err: 1.89e+00
Sweep 90, chi=8, cutoff=1e-08
  Direction: left->right
  Direction: right->left
  Energy: -2.0384506001, Trunc err: 1.89e+00
Sweep 91, chi=8, cutoff=1e-08
  Direction: left->right
  Direction: right->left
  Energy: -2.0384505998, Trunc err: 1.89e+00
Sweep 92, chi=8, cutoff=1e-08
  Direction: left->right
  Direction: right->left
  Energy: -2.0384505996, Trunc err: 1.89e+00
Sweep 93, chi=8, cutoff=1e-08
  Direction: left->right
  Direction: right->left
  Energy: -2.0384505994, Trunc err: 1.89e+00
Sweep 94, chi=8, cutoff=1e-08
  Direction: left->right
  Direction: right->left
  Energy: -2.0384505992, Trunc err: 1.89e+00
Sweep 95, chi=8, cutoff=1e-08
  Direction: left->right
  Direction: right->left
  Energy: -2.0384505991, Trunc err: 1.89e+00
Sweep 96, chi=8, cutoff=1e-08
  Direction: left->right
  Direction: right->left
  Energy: -2.0384505990, Trunc err: 1.89e+00
Sweep 97, chi=8, cutoff=1e-08
  Direction: left->right
  Direction: right->left
  Energy: -2.0384505989, Trunc err: 1.89e+00
Sweep 98, chi=8, cutoff=1e-08
  Direction: left->right
  Direction: right->left
  Energy: -2.0384505988, Trunc err: 1.89e+00
Sweep 99, chi=8, cutoff=1e-08
  Direction: left->right
  Direction: right->left
  Energy: -2.0384505987, Trunc err: 1.89e+00
Sweep 100, chi=16, cutoff=1e-08
  Direction: left->right
  Direction: right->left
  Energy: -2.0627058632, Trunc err: 1.92e+00
Sweep 101, chi=16, cutoff=1e-08
  Direction: left->right
  Direction: right->left
  Energy: -2.0635706934, Trunc err: 1.98e+00
Sweep 102, chi=16, cutoff=1e-08
  Direction: left->right
  Direction: right->left
  Energy: -2.0635879810, Trunc err: 1.98e+00
Sweep 103, chi=16, cutoff=1e-08
  Direction: left->right
  Direction: right->left
  Energy: -2.0635893694, Trunc err: 1.98e+00
Sweep 104, chi=16, cutoff=1e-08
  Direction: left->right
  Direction: right->left
  Energy: -2.0635892655, Trunc err: 1.98e+00
Sweep 105, chi=16, cutoff=1e-08
  Direction: left->right
  Direction: right->left
  Energy: -2.0635892329, Trunc err: 1.98e+00
Sweep 106, chi=16, cutoff=1e-08
  Direction: left->right
  Direction: right->left
  Energy: -2.0635892136, Trunc err: 1.98e+00
Sweep 107, chi=16, cutoff=1e-08
  Direction: left->right
  Direction: right->left
  Energy: -2.0635891951, Trunc err: 1.98e+00
Sweep 108, chi=16, cutoff=1e-08
  Direction: left->right
  Direction: right->left
  Energy: -2.0635891765, Trunc err: 1.98e+00
Sweep 109, chi=16, cutoff=1e-08
  Direction: left->right
  Direction: right->left
  Energy: -2.0635891575, Trunc err: 1.98e+00
Sweep 110, chi=16, cutoff=1e-08
  Direction: left->right
  Direction: right->left
  Energy: -2.0635891378, Trunc err: 1.98e+00
Sweep 111, chi=16, cutoff=1e-08
  Direction: left->right
  Direction: right->left
  Energy: -2.0635891169, Trunc err: 1.98e+00
Sweep 112, chi=16, cutoff=1e-08
  Direction: left->right
  Direction: right->left
  Energy: -2.0635890942, Trunc err: 1.98e+00
Sweep 113, chi=16, cutoff=1e-08
  Direction: left->right
  Direction: right->left
  Energy: -2.0635890698, Trunc err: 1.98e+00
Sweep 114, chi=16, cutoff=1e-08
  Direction: left->right
  Direction: right->left
  Energy: -2.0635890447, Trunc err: 1.98e+00
Sweep 115, chi=16, cutoff=1e-08
  Direction: left->right
  Direction: right->left
  Energy: -2.0635890206, Trunc err: 1.98e+00
Sweep 116, chi=16, cutoff=1e-08
  Direction: left->right
  Direction: right->left
  Energy: -2.0635889992, Trunc err: 1.98e+00
Sweep 117, chi=16, cutoff=1e-08
  Direction: left->right
  Direction: right->left
  Energy: -2.0635889816, Trunc err: 1.98e+00
Sweep 118, chi=16, cutoff=1e-08
  Direction: left->right
  Direction: right->left
  Energy: -2.0635889681, Trunc err: 1.98e+00
Sweep 119, chi=16, cutoff=1e-08
  Direction: left->right
  Direction: right->left
  Energy: -2.0635889582, Trunc err: 1.98e+00
Sweep 120, chi=32, cutoff=1e-08
  Direction: left->right
  Direction: right->left
  Energy: -2.0660066042, Trunc err: 2.00e+00
Sweep 121, chi=32, cutoff=1e-08
  Direction: left->right
  Direction: right->left
  Energy: -2.0665586592, Trunc err: 2.02e+00
Sweep 122, chi=32, cutoff=1e-08
  Direction: left->right
  Direction: right->left
  Energy: -2.0666631425, Trunc err: 2.02e+00
Sweep 123, chi=32, cutoff=1e-08
  Direction: left->right
  Direction: right->left
  Energy: -2.0666795056, Trunc err: 2.02e+00
Sweep 124, chi=32, cutoff=1e-08
  Direction: left->right
  Direction: right->left
  Energy: -2.0666828190, Trunc err: 2.02e+00
Sweep 125, chi=32, cutoff=1e-08
  Direction: left->right
  Direction: right->left
  Energy: -2.0666832902, Trunc err: 2.02e+00
Sweep 126, chi=32, cutoff=1e-08
  Direction: left->right
  Direction: right->left
  Energy: -2.0666832393, Trunc err: 2.02e+00
Sweep 127, chi=32, cutoff=1e-08
  Direction: left->right
  Direction: right->left
  Energy: -2.0666831846, Trunc err: 2.02e+00
Sweep 128, chi=32, cutoff=1e-08
  Direction: left->right
  Direction: right->left
  Energy: -2.0666831841, Trunc err: 2.02e+00
Sweep 129, chi=32, cutoff=1e-08
  Direction: left->right
  Direction: right->left
  Energy: -2.0666831846, Trunc err: 2.02e+00
