           7.332e+00            8.180e-02            1.116e-02             4.24e-03
           7.332e+00            1.184e-01            1.615e-02             6.67e-02
           7.332e+00            5.568e-02            7.594e-03             1.13e-01
           7.332e+00            3.315e-02            4.520e-03             1.29e-01
           7.332e+00            1.612e-02            2.198e-03             1.86e-01
           7.332e+00            6.938e-03            9.462e-04             1.86e-01
           7.332e+00            5.733e-03            7.818e-04             2.09e-01
           7.332e+00            4.258e-03            5.808e-04             2.79e-01
           7.332e+00            1.114e-03            1.519e-04             3.15e-01
           7.332e+00            7.572e-04            1.033e-04             2.87e-01
           7.332e+00            5.248e-04            7.158e-05             4.07e-01
           7.332e+00            3.045e-04            4.153e-05             4.08e-01
           7.332e+00            1.159e-04            1.581e-05             4.76e-01
           7.332e+00            8.545e-05            1.165e-05             6.11e-01
           7.332e+00            5.561e-05            7.585e-06             7.95e-01
           7.332e+00            2.070e-05            2.823e-06             3.95e-01
           7.332e+00            1.695e-05            2.312e-06             1.63e-01
           7.332e+00            1.171e-05            1.597e-06             1.69e-01
           7.332e+00            4.219e-06            5.754e-07             1.92e-01
           7.332e+00            3.532e-06            4.817e-07             2.19e-01
           7.332e+00            2.358e-06            3.215e-07             2.12e-01
           7.332e+00            1.799e-06            2.453e-07             2.54e-01
           7.332e+00            1.256e-06            1.713e-07             2.69e-01
           7.332e+00            7.378e-07            1.006e-07             2.70e-01
           7.332e+00            3.432e-07            4.681e-08             2.74e-01
           7.332e+00            2.737e-07            3.732e-08             2.92e-01
           7.332e+00            1.496e-07            2.041e-08             5.79e-01
           7.332e+00            1.173e-07            1.600e-08             3.45e-01
           7.332e+00            4.507e-08            6.147e-09             5.47e-01
           7.332e+00            8.176e-02            1.115e-02             4.34e-03
           7.332e+00            7.411e-02            1.011e-02             7.04e-02
           7.332e+00            4.259e-02            5.809e-03             1.08e-01
           7.332e+00            3.372e-02            4.599e-03             1.17e-01
           7.332e+00            1.883e-02            2.568e-03             1.06e-01
           7.332e+00            1.199e-02            1.635e-03             1.52e-01
           7.332e+00            3.948e-03            5.384e-04             1.98e-01
           7.332e+00            2.260e-03            3.082e-04             2.71e-01
           7.332e+00            9.638e-04            1.314e-04             2.09e-01
           7.332e+00            6.089e-04            8.305e-05             3.00e-01
           7.332e+00            4.912e-04            6.699e-05             3.95e-01
           7.332e+00            3.198e-04            4.362e-05             4.59e-01
           7.332e+00            1.705e-04            2.325e-05             4.12e-01
           7.332e+00            1.386e-04            1.891e-05             5.23e-01
           7.332e+00            4.542e-05            6.195e-06             8.54e-01
           7.332e+00            2.472e-05            3.372e-06             4.04e-01
           7.332e+00            2.103e-05            2.868e-06             1.97e-01
           7.332e+00            9.371e-06            1.278e-06             1.99e-01
           7.332e+00            4.268e-06            5.821e-07             1.59e-01
           7.332e+00            4.536e-06            6.187e-07             1.95e-01
           7.332e+00            1.858e-06            2.534e-07             2.16e-01
           7.332e+00            1.397e-06            1.905e-07             2.36e-01
           7.332e+00            1.075e-06            1.466e-07             2.34e-01
           7.332e+00            5.740e-07            7.828e-08             2.72e-01
           7.332e+00            6.073e-07            8.282e-08             3.01e-01
           7.332e+00            2.317e-07            3.160e-08             3.58e-01
           7.332e+00            1.679e-07            2.290e-08             3.50e-01
           7.332e+00            9.409e-08            1.283e-08             3.78e-01
           7.332e+00            7.381e-08            1.007e-08             4.35e-01
           7.332e+00            3.840e-08            5.237e-09             4.03e-01
           7.332e+00            1.974e-01            2.692e-02             3.08e-02
           7.332e+00            7.237e-01            9.870e-02             2.21e-01
           7.332e+00            8.884e-01            1.212e-01             3.21e-01
           7.332e+00            6.978e-01            9.516e-02             4.16e-01
           7.332e+00            8.317e-01            1.134e-01             5.18e-01
           7.332e+00            7.620e-01            1.039e-01             6.75e-01
           7.332e+00            6.461e-01            8.811e-02             8.27e-01
           7.332e+00            1.338e-01            1.824e-02             1.11e+00
           7.332e+00            1.337e-01            1.824e-02             1.24e+00
           7.332e+00            8.557e-02            1.167e-02             1.22e+00
           7.332e+00            5.983e-02            8.159e-03             1.57e+00
           7.332e+00            5.947e-02            8.111e-03             1.97e+00
           7.332e+00            3.792e-02            5.172e-03             2.42e+00
           7.332e+00            1.825e-02            2.489e-03             2.76e+00
           7.332e+00            1.942e-02            2.649e-03             3.15e+00
           7.332e+00            1.067e-02            1.455e-03             1.17e+00
           7.332e+00            5.380e-03            7.337e-04             6.78e-01
           7.332e+00            4.360e-03            5.946e-04             8.65e-01
           7.332e+00            4.142e-03            5.649e-04             9.92e-01
           7.332e+00            2.887e-03            3.937e-04             1.48e+00
           7.332e+00            1.632e-03            2.226e-04             1.21e+00
           7.332e+00            1.192e-03            1.626e-04             1.24e+00
           7.332e+00            8.064e-04            1.100e-04             1.56e+00
           7.332e+00            5.332e-04            7.272e-05             1.71e+00
           7.332e+00            5.089e-04            6.940e-05             3.00e+00
           7.332e+00            2.573e-04            3.509e-05             2.28e+00
           7.332e+00            2.241e-04            3.056e-05             2.70e+00
           7.332e+00            1.797e-04            2.451e-05             3.86e+00
           7.332e+00            1.049e-04            1.431e-05             3.66e+00
           7.332e+00            8.350e-05            1.139e-05             3.97e+00
           7.332e+00            6.882e-05            9.385e-06             4.55e+00
           7.332e+00            5.098e-05            6.953e-06             4.51e+00
           7.332e+00            3.616e-05            4.932e-06             1.58e+01
           7.332e+00            2.773e-05            3.782e-06             2.03e+01
           7.332e+00            1.605e-05            2.189e-06             1.71e+01
           7.332e+00            1.126e-05            1.536e-06             1.35e+01
           7.332e+00            8.917e-06            1.216e-06             2.39e+01
           7.332e+00            7.313e-06            9.974e-07             3.18e+01
           7.332e+00            5.276e-06            7.195e-07             3.13e+01
           7.332e+00            4.298e-06            5.862e-07             2.56e+01
xmax = 10
xshift = -10
dx = 0.15748031496062992
len of Hint: 21
len of H: 21
Sweep 0, chi=2, cutoff=1e-08
  Direction: left->right
  Direction: right->left
  Energy: -0.3574848036, Trunc err: 1.01e+00
Sweep 1, chi=2, cutoff=1e-08
  Direction: left->right
  Direction: right->left
  Energy: -0.3792589576, Trunc err: 1.01e+00
Sweep 2, chi=2, cutoff=1e-08
  Direction: left->right
  Direction: right->left
  Energy: -0.3831550574, Trunc err: 1.01e+00
Sweep 3, chi=2, cutoff=1e-08
  Direction: left->right
  Direction: right->left
  Energy: -0.3855350238, Trunc err: 1.01e+00
Sweep 4, chi=2, cutoff=1e-08
  Direction: left->right
  Direction: right->left
  Energy: -0.3858297875, Trunc err: 1.01e+00
Sweep 5, chi=2, cutoff=1e-08
  Direction: left->right
  Direction: right->left
  Energy: -0.3859343607, Trunc err: 1.01e+00
Sweep 6, chi=2, cutoff=1e-08
  Direction: left->right
  Direction: right->left
  Energy: -0.3859577859, Trunc err: 1.01e+00
Sweep 7, chi=2, cutoff=1e-08
  Direction: left->right
  Direction: right->left
  Energy: -0.3859847455, Trunc err: 1.01e+00
Sweep 8, chi=2, cutoff=1e-08
  Direction: left->right
  Direction: right->left
  Energy: -0.3859890198, Trunc err: 1.01e+00
Sweep 9, chi=2, cutoff=1e-08
  Direction: left->right
  Direction: right->left
  Energy: -0.3859912131, Trunc err: 1.01e+00
Sweep 10, chi=4, cutoff=1e-08
  Direction: left->right
  Direction: right->left
  Energy: -0.4126948540, Trunc err: 1.02e+00
Sweep 11, chi=4, cutoff=1e-08
  Direction: left->right
  Direction: right->left
  Energy: -0.4485946081, Trunc err: 1.06e+00
Sweep 12, chi=4, cutoff=1e-08
  Direction: left->right
  Direction: right->left
  Energy: -0.5399057530, Trunc err: 1.11e+00
Sweep 13, chi=4, cutoff=1e-08
  Direction: left->right
  Direction: right->left
  Energy: -0.7333150057, Trunc err: 1.21e+00
Sweep 14, chi=4, cutoff=1e-08
  Direction: left->right
  Direction: right->left
  Energy: -0.8580762890, Trunc err: 1.27e+00
Sweep 15, chi=4, cutoff=1e-08
  Direction: left->right
  Direction: right->left
  Energy: -0.9525908340, Trunc err: 1.30e+00
Sweep 16, chi=4, cutoff=1e-08
  Direction: left->right
  Direction: right->left
  Energy: -1.0573755170, Trunc err: 1.33e+00
Sweep 17, chi=4, cutoff=1e-08
  Direction: left->right
  Direction: right->left
  Energy: -1.1604254892, Trunc err: 1.36e+00
Sweep 18, chi=4, cutoff=1e-08
  Direction: left->right
  Direction: right->left
  Energy: -1.2793099200, Trunc err: 1.39e+00
Sweep 19, chi=4, cutoff=1e-08
  Direction: left->right
  Direction: right->left
  Energy: -1.3795209716, Trunc err: 1.41e+00
Sweep 20, chi=4, cutoff=1e-08
  Direction: left->right
  Direction: right->left
  Energy: -1.4676369988, Trunc err: 1.43e+00
Sweep 21, chi=4, cutoff=1e-08
  Direction: left->right
  Direction: right->left
  Energy: -1.5310498497, Trunc err: 1.45e+00
Sweep 22, chi=4, cutoff=1e-08
  Direction: left->right
  Direction: right->left
  Energy: -1.5772349875, Trunc err: 1.47e+00
Sweep 23, chi=4, cutoff=1e-08
  Direction: left->right
  Direction: right->left
  Energy: -1.6087717429, Trunc err: 1.48e+00
Sweep 24, chi=4, cutoff=1e-08
  Direction: left->right
  Direction: right->left
  Energy: -1.8465519896, Trunc err: 1.49e+00
Sweep 25, chi=4, cutoff=1e-08
  Direction: left->right
  Direction: right->left
  Energy: -2.0592241682, Trunc err: 1.52e+00
Sweep 26, chi=4, cutoff=1e-08
  Direction: left->right
  Direction: right->left
  Energy: -2.2054196503, Trunc err: 1.54e+00
Sweep 27, chi=4, cutoff=1e-08
  Direction: left->right
  Direction: right->left
  Energy: -2.2896238093, Trunc err: 1.56e+00
Sweep 28, chi=4, cutoff=1e-08
  Direction: left->right
  Direction: right->left
  Energy: -2.3352515992, Trunc err: 1.57e+00
Sweep 29, chi=4, cutoff=1e-08
  Direction: left->right
  Direction: right->left
  Energy: -2.3571014789, Trunc err: 1.58e+00
Sweep 30, chi=4, cutoff=1e-08
  Direction: left->right
  Direction: right->left
  Energy: -2.3651501003, Trunc err: 1.59e+00
Sweep 31, chi=4, cutoff=1e-08
  Direction: left->right
  Direction: right->left
  Energy: -2.3688310283, Trunc err: 1.59e+00
Sweep 32, chi=4, cutoff=1e-08
  Direction: left->right
  Direction: right->left
  Energy: -2.3703845351, Trunc err: 1.60e+00
Sweep 33, chi=4, cutoff=1e-08
  Direction: left->right
  Direction: right->left
  Energy: -2.3710179711, Trunc err: 1.60e+00
Sweep 34, chi=4, cutoff=1e-08
  Direction: left->right
  Direction: right->left
  Energy: -2.3713235438, Trunc err: 1.60e+00
Sweep 35, chi=4, cutoff=1e-08
  Direction: left->right
  Direction: right->left
  Energy: -2.3714815591, Trunc err: 1.60e+00
Sweep 36, chi=4, cutoff=1e-08
  Direction: left->right
  Direction: right->left
  Energy: -2.3715647053, Trunc err: 1.60e+00
Sweep 37, chi=4, cutoff=1e-08
  Direction: left->right
  Direction: right->left
  Energy: -2.3716093675, Trunc err: 1.60e+00
Sweep 38, chi=4, cutoff=1e-08
  Direction: left->right
  Direction: right->left
  Energy: -2.3716337413, Trunc err: 1.60e+00
Sweep 39, chi=4, cutoff=1e-08
  Direction: left->right
  Direction: right->left
  Energy: -2.3716472608, Trunc err: 1.60e+00
Sweep 40, chi=4, cutoff=1e-08
  Direction: left->right
  Direction: right->left
  Energy: -2.3716548473, Trunc err: 1.60e+00
Sweep 41, chi=4, cutoff=1e-08
  Direction: left->right
  Direction: right->left
  Energy: -2.3716591181, Trunc err: 1.60e+00
Sweep 42, chi=4, cutoff=1e-08
  Direction: left->right
  Direction: right->left
  Energy: -2.3716615216, Trunc err: 1.60e+00
Sweep 43, chi=4, cutoff=1e-08
  Direction: left->right
  Direction: right->left
  Energy: -2.3716628840, Trunc err: 1.60e+00
Sweep 44, chi=4, cutoff=1e-08
  Direction: left->right
  Direction: right->left
  Energy: -2.3716636698, Trunc err: 1.60e+00
Sweep 45, chi=4, cutoff=1e-08
  Direction: left->right
  Direction: right->left
  Energy: -2.3716641091, Trunc err: 1.60e+00
Sweep 46, chi=4, cutoff=1e-08
  Direction: left->right
  Direction: right->left
  Energy: -2.3716643817, Trunc err: 1.60e+00
Sweep 47, chi=4, cutoff=1e-08
  Direction: left->right
  Direction: right->left
  Energy: -2.3716645355, Trunc err: 1.60e+00
Sweep 48, chi=4, cutoff=1e-08
  Direction: left->right
  Direction: right->left
  Energy: -2.3716646298, Trunc err: 1.60e+00
Sweep 49, chi=4, cutoff=1e-08
  Direction: left->right
  Direction: right->left
  Energy: -2.3716646869, Trunc err: 1.60e+00
Sweep 50, chi=8, cutoff=1e-08
  Direction: left->right
  Direction: right->left
  Energy: -2.4594760607, Trunc err: 1.62e+00
Sweep 51, chi=8, cutoff=1e-08
  Direction: left->right
  Direction: right->left
  Energy: -2.4831881594, Trunc err: 1.65e+00
Sweep 52, chi=8, cutoff=1e-08
  Direction: left->right
  Direction: right->left
  Energy: -2.4863566211, Trunc err: 1.67e+00
Sweep 53, chi=8, cutoff=1e-08
  Direction: left->right
  Direction: right->left
  Energy: -2.4870113345, Trunc err: 1.68e+00
Sweep 54, chi=8, cutoff=1e-08
  Direction: left->right
  Direction: right->left
  Energy: -2.4880393848, Trunc err: 1.68e+00
Sweep 55, chi=8, cutoff=1e-08
  Direction: left->right
  Direction: right->left
  Energy: -2.4904397797, Trunc err: 1.68e+00
Sweep 56, chi=8, cutoff=1e-08
  Direction: left->right
  Direction: right->left
  Energy: -2.4923357626, Trunc err: 1.69e+00
Sweep 57, chi=8, cutoff=1e-08
  Direction: left->right
  Direction: right->left
  Energy: -2.4932052347, Trunc err: 1.69e+00
Sweep 58, chi=8, cutoff=1e-08
  Direction: left->right
  Direction: right->left
  Energy: -2.4935524492, Trunc err: 1.69e+00
Sweep 59, chi=8, cutoff=1e-08
  Direction: left->right
  Direction: right->left
  Energy: -2.4936871166, Trunc err: 1.69e+00
Sweep 60, chi=8, cutoff=1e-08
  Direction: left->right
  Direction: right->left
  Energy: -2.4937412943, Trunc err: 1.69e+00
Sweep 61, chi=8, cutoff=1e-08
  Direction: left->right
  Direction: right->left
  Energy: -2.4937646760, Trunc err: 1.69e+00
Sweep 62, chi=8, cutoff=1e-08
  Direction: left->right
  Direction: right->left
  Energy: -2.4937758030, Trunc err: 1.69e+00
Sweep 63, chi=8, cutoff=1e-08
  Direction: left->right
  Direction: right->left
  Energy: -2.4937816888, Trunc err: 1.69e+00
Sweep 64, chi=8, cutoff=1e-08
  Direction: left->right
  Direction: right->left
  Energy: -2.4937851185, Trunc err: 1.69e+00
Sweep 65, chi=8, cutoff=1e-08
  Direction: left->right
  Direction: right->left
  Energy: -2.4937872701, Trunc err: 1.69e+00
Sweep 66, chi=8, cutoff=1e-08
  Direction: left->right
  Direction: right->left
  Energy: -2.4937886816, Trunc err: 1.69e+00
Sweep 67, chi=8, cutoff=1e-08
  Direction: left->right
  Direction: right->left
  Energy: -2.4937896266, Trunc err: 1.69e+00
Sweep 68, chi=8, cutoff=1e-08
  Direction: left->right
  Direction: right->left
  Energy: -2.4937902624, Trunc err: 1.69e+00
Sweep 69, chi=8, cutoff=1e-08
  Direction: left->right
  Direction: right->left
  Energy: -2.4937906896, Trunc err: 1.69e+00
Sweep 70, chi=8, cutoff=1e-08
  Direction: left->right
  Direction: right->left
  Energy: -2.4937909758, Trunc err: 1.69e+00
Sweep 71, chi=8, cutoff=1e-08
  Direction: left->right
  Direction: right->left
  Energy: -2.4937911672, Trunc err: 1.69e+00
Sweep 72, chi=8, cutoff=1e-08
  Direction: left->right
  Direction: right->left
  Energy: -2.4937912953, Trunc err: 1.69e+00
Sweep 73, chi=8, cutoff=1e-08
  Direction: left->right
  Direction: right->left
  Energy: -2.4937913811, Trunc err: 1.69e+00
Sweep 74, chi=8, cutoff=1e-08
  Direction: left->right
  Direction: right->left
  Energy: -2.4937914387, Trunc err: 1.69e+00
Sweep 75, chi=8, cutoff=1e-08
  Direction: left->right
  Direction: right->left
  Energy: -2.4937914775, Trunc err: 1.69e+00
Sweep 76, chi=8, cutoff=1e-08
  Direction: left->right
  Direction: right->left
  Energy: -2.4937915036, Trunc err: 1.69e+00
Sweep 77, chi=8, cutoff=1e-08
  Direction: left->right
  Direction: right->left
  Energy: -2.4937915212, Trunc err: 1.69e+00
Sweep 78, chi=8, cutoff=1e-08
  Direction: left->right
  Direction: right->left
  Energy: -2.4937915331, Trunc err: 1.69e+00
Sweep 79, chi=8, cutoff=1e-08
  Direction: left->right
  Direction: right->left
  Energy: -2.4937915411, Trunc err: 1.69e+00
Sweep 80, chi=8, cutoff=1e-08
  Direction: left->right
  Direction: right->left
  Energy: -2.4937915466, Trunc err: 1.69e+00
Sweep 81, chi=8, cutoff=1e-08
  Direction: left->right
  Direction: right->left
  Energy: -2.4937915502, Trunc err: 1.69e+00
Sweep 82, chi=8, cutoff=1e-08
  Direction: left->right
  Direction: right->left
  Energy: -2.4937915526, Trunc err: 1.69e+00
Sweep 83, chi=8, cutoff=1e-08
  Direction: left->right
  Direction: right->left
  Energy: -2.4937915542, Trunc err: 1.69e+00
Sweep 84, chi=8, cutoff=1e-08
  Direction: left->right
  Direction: right->left
  Energy: -2.4937915552, Trunc err: 1.69e+00
Sweep 85, chi=8, cutoff=1e-08
  Direction: left->right
  Direction: right->left
  Energy: -2.4937915557, Trunc err: 1.69e+00
Sweep 86, chi=8, cutoff=1e-08
  Direction: left->right
  Direction: right->left
  Energy: -2.4937915560, Trunc err: 1.69e+00
Sweep 87, chi=8, cutoff=1e-08
  Direction: left->right
  Direction: right->left
  Energy: -2.4937915560, Trunc err: 1.69e+00
Sweep 88, chi=8, cutoff=1e-08
  Direction: left->right
  Direction: right->left
  Energy: -2.4937915558, Trunc err: 1.69e+00
Sweep 89, chi=8, cutoff=1e-08
  Direction: left->right
  Direction: right->left
  Energy: -2.4937915556, Trunc err: 1.69e+00
Sweep 90, chi=8, cutoff=1e-08
  Direction: left->right
  Direction: right->left
  Energy: -2.4937915552, Trunc err: 1.69e+00
Sweep 91, chi=8, cutoff=1e-08
  Direction: left->right
  Direction: right->left
  Energy: -2.4937915549, Trunc err: 1.69e+00
Sweep 92, chi=8, cutoff=1e-08
  Direction: left->right
  Direction: right->left
  Energy: -2.4937915545, Trunc err: 1.69e+00
Sweep 93, chi=8, cutoff=1e-08
  Direction: left->right
  Direction: right->left
  Energy: -2.4937915542, Trunc err: 1.69e+00
Sweep 94, chi=8, cutoff=1e-08
  Direction: left->right
  Direction: right->left
  Energy: -2.4937915538, Trunc err: 1.69e+00
Sweep 95, chi=8, cutoff=1e-08
  Direction: left->right
  Direction: right->left
  Energy: -2.4937915535, Trunc err: 1.69e+00
Sweep 96, chi=8, cutoff=1e-08
  Direction: left->right
  Direction: right->left
  Energy: -2.4937915533, Trunc err: 1.69e+00
Sweep 97, chi=8, cutoff=1e-08
  Direction: left->right
  Direction: right->left
  Energy: -2.4937915530, Trunc err: 1.69e+00
Sweep 98, chi=8, cutoff=1e-08
  Direction: left->right
  Direction: right->left
  Energy: -2.4937915528, Trunc err: 1.69e+00
Sweep 99, chi=8, cutoff=1e-08
  Direction: left->right
  Direction: right->left
  Energy: -2.4937915526, Trunc err: 1.69e+00
Sweep 100, chi=16, cutoff=1e-08
  Direction: left->right
  Direction: right->left
  Energy: -2.5759299058, Trunc err: 1.71e+00
Sweep 101, chi=16, cutoff=1e-08
  Direction: left->right
  Direction: right->left
  Energy: -2.6539594620, Trunc err: 1.78e+00
Sweep 102, chi=16, cutoff=1e-08
  Direction: left->right
  Direction: right->left
  Energy: -2.6649055980, Trunc err: 1.82e+00
Sweep 103, chi=16, cutoff=1e-08
  Direction: left->right
  Direction: right->left
  Energy: -2.6673702264, Trunc err: 1.83e+00
Sweep 104, chi=16, cutoff=1e-08
  Direction: left->right
  Direction: right->left
  Energy: -2.6682842074, Trunc err: 1.84e+00
Sweep 105, chi=16, cutoff=1e-08
  Direction: left->right
  Direction: right->left
  Energy: -2.6687033886, Trunc err: 1.84e+00
Sweep 106, chi=16, cutoff=1e-08
  Direction: left->right
  Direction: right->left
  Energy: -2.6689147722, Trunc err: 1.84e+00
Sweep 107, chi=16, cutoff=1e-08
  Direction: left->right
  Direction: right->left
  Energy: -2.6692291320, Trunc err: 1.84e+00
Sweep 108, chi=16, cutoff=1e-08
  Direction: left->right
  Direction: right->left
  Energy: -2.6692941176, Trunc err: 1.84e+00
Sweep 109, chi=16, cutoff=1e-08
  Direction: left->right
  Direction: right->left
  Energy: -2.6693267852, Trunc err: 1.84e+00
Sweep 110, chi=16, cutoff=1e-08
  Direction: left->right
  Direction: right->left
  Energy: -2.6693452516, Trunc err: 1.84e+00
Sweep 111, chi=16, cutoff=1e-08
  Direction: left->right
  Direction: right->left
  Energy: -2.6693564781, Trunc err: 1.84e+00
Sweep 112, chi=16, cutoff=1e-08
  Direction: left->right
  Direction: right->left
  Energy: -2.6693636552, Trunc err: 1.84e+00
Sweep 113, chi=16, cutoff=1e-08
  Direction: left->right
  Direction: right->left
  Energy: -2.6693684327, Trunc err: 1.84e+00
Sweep 114, chi=16, cutoff=1e-08
  Direction: left->right
  Direction: right->left
  Energy: -2.6693717192, Trunc err: 1.84e+00
Sweep 115, chi=16, cutoff=1e-08
  Direction: left->right
  Direction: right->left
  Energy: -2.6693740252, Trunc err: 1.84e+00
Sweep 116, chi=16, cutoff=1e-08
  Direction: left->right
  Direction: right->left
  Energy: -2.6693756527, Trunc err: 1.84e+00
Sweep 117, chi=16, cutoff=1e-08
  Direction: left->right
  Direction: right->left
  Energy: -2.6693768006, Trunc err: 1.84e+00
Sweep 118, chi=16, cutoff=1e-08
  Direction: left->right
  Direction: right->left
  Energy: -2.6693776160, Trunc err: 1.84e+00
Sweep 119, chi=16, cutoff=1e-08
  Direction: left->right
  Direction: right->left
  Energy: -2.6693781899, Trunc err: 1.84e+00
Sweep 120, chi=32, cutoff=1e-08
  Direction: left->right
  Direction: right->left
  Energy: -2.6905230948, Trunc err: 1.86e+00
Sweep 121, chi=32, cutoff=1e-08
  Direction: left->right
  Direction: right->left
  Energy: -2.6935162700, Trunc err: 1.89e+00
Sweep 122, chi=32, cutoff=1e-08
  Direction: left->right
  Direction: right->left
  Energy: -2.6941875643, Trunc err: 1.90e+00
Sweep 123, chi=32, cutoff=1e-08
  Direction: left->right
  Direction: right->left
  Energy: -2.6944480864, Trunc err: 1.91e+00
Sweep 124, chi=32, cutoff=1e-08
  Direction: left->right
  Direction: right->left
  Energy: -2.6945709521, Trunc err: 1.91e+00
Sweep 125, chi=32, cutoff=1e-08
  Direction: left->right
  Direction: right->left
  Energy: -2.6946373262, Trunc err: 1.91e+00
Sweep 126, chi=32, cutoff=1e-08
  Direction: left->right
  Direction: right->left
  Energy: -2.6946756775, Trunc err: 1.91e+00
Sweep 127, chi=32, cutoff=1e-08
  Direction: left->right
  Direction: right->left
  Energy: -2.6946977686, Trunc err: 1.92e+00
Sweep 128, chi=32, cutoff=1e-08
  Direction: left->right
  Direction: right->left
  Energy: -2.6947121603, Trunc err: 1.92e+00
Sweep 129, chi=32, cutoff=1e-08
  Direction: left->right
  Direction: right->left
  Energy: -2.6947244119, Trunc err: 1.92e+00
Sweep 0, chi=2, cutoff=1e-08
  Direction: left->right
  Direction: right->left
  Energy: -0.9677586128, Trunc err: 2.80e-03
Sweep 1, chi=2, cutoff=1e-08
  Direction: left->right
  Direction: right->left
  Energy: -0.9681585167, Trunc err: 5.55e-03
Sweep 2, chi=2, cutoff=1e-08
  Direction: left->right
  Direction: right->left
  Energy: -0.9681586855, Trunc err: 5.54e-03
Sweep 3, chi=2, cutoff=1e-08
  Direction: left->right
  Direction: right->left
  Energy: -0.9681586855, Trunc err: 5.54e-03
Sweep 4, chi=2, cutoff=1e-08
  Direction: left->right
  Direction: right->left
  Energy: -0.9681586855, Trunc err: 5.54e-03
Sweep 5, chi=2, cutoff=1e-08
  Direction: left->right
  Direction: right->left
  Energy: -0.9681586855, Trunc err: 5.54e-03
Sweep 6, chi=2, cutoff=1e-08
  Direction: left->right
  Direction: right->left
  Energy: -0.9681586855, Trunc err: 5.54e-03
Sweep 7, chi=2, cutoff=1e-08
  Direction: left->right
  Direction: right->left
  Energy: -0.9681586855, Trunc err: 5.54e-03
Sweep 8, chi=2, cutoff=1e-08
  Direction: left->right
  Direction: right->left
  Energy: -0.9681586855, Trunc err: 5.54e-03
Sweep 9, chi=2, cutoff=1e-08
  Direction: left->right
  Direction: right->left
  Energy: -0.9681586855, Trunc err: 5.54e-03
Sweep 10, chi=4, cutoff=1e-08
  Direction: left->right
  Direction: right->left
  Energy: -0.9898194961, Trunc err: 1.62e-03
Sweep 11, chi=4, cutoff=1e-08
  Direction: left->right
  Direction: right->left
  Energy: -0.9898978449, Trunc err: 3.36e-03
Sweep 12, chi=4, cutoff=1e-08
  Direction: left->right
  Direction: right->left
  Energy: -0.9898978647, Trunc err: 3.36e-03
Sweep 13, chi=4, cutoff=1e-08
  Direction: left->right
  Direction: right->left
  Energy: -0.9898978648, Trunc err: 3.36e-03
Sweep 14, chi=4, cutoff=1e-08
  Direction: left->right
  Direction: right->left
  Energy: -0.9898978648, Trunc err: 3.36e-03
Sweep 15, chi=4, cutoff=1e-08
  Direction: left->right
  Direction: right->left
  Energy: -0.9898978648, Trunc err: 3.36e-03
Sweep 16, chi=4, cutoff=1e-08
  Direction: left->right
  Direction: right->left
  Energy: -0.9898978648, Trunc err: 3.36e-03
Sweep 17, chi=4, cutoff=1e-08
  Direction: left->right
  Direction: right->left
  Energy: -0.9898978648, Trunc err: 3.36e-03
Sweep 18, chi=4, cutoff=1e-08
  Direction: left->right
  Direction: right->left
  Energy: -0.9898978648, Trunc err: 3.36e-03
Sweep 19, chi=4, cutoff=1e-08
  Direction: left->right
  Direction: right->left
  Energy: -0.9898978648, Trunc err: 3.36e-03
Sweep 20, chi=8, cutoff=1e-08
  Direction: left->right
  Direction: right->left
  Energy: -0.9913741620, Trunc err: 3.57e-05
Sweep 21, chi=8, cutoff=1e-08
  Direction: left->right
  Direction: right->left
  Energy: -0.9913741620, Trunc err: 7.13e-05
Sweep 22, chi=8, cutoff=1e-08
  Direction: left->right
  Direction: right->left
  Energy: -0.9913741620, Trunc err: 7.13e-05
Sweep 23, chi=8, cutoff=1e-08
  Direction: left->right
  Direction: right->left
  Energy: -0.9913741620, Trunc err: 7.13e-05
Sweep 24, chi=8, cutoff=1e-08
  Direction: left->right
  Direction: right->left
  Energy: -0.9913741620, Trunc err: 7.13e-05
Sweep 25, chi=8, cutoff=1e-08
  Direction: left->right
  Direction: right->left
  Energy: -0.9913741620, Trunc err: 7.13e-05
Sweep 26, chi=8, cutoff=1e-08
  Direction: left->right
  Direction: right->left
  Energy: -0.9913741620, Trunc err: 7.13e-05
Sweep 27, chi=8, cutoff=1e-08
  Direction: left->right
  Direction: right->left
  Energy: -0.9913741620, Trunc err: 7.13e-05
Sweep 28, chi=8, cutoff=1e-08
  Direction: left->right
  Direction: right->left
  Energy: -0.9913741620, Trunc err: 7.13e-05
Sweep 29, chi=8, cutoff=1e-08
  Direction: left->right
  Direction: right->left
  Energy: -0.9913741620, Trunc err: 7.13e-05
Sweep 30, chi=8, cutoff=1e-08
  Direction: left->right
  Direction: right->left
  Energy: -0.9913741620, Trunc err: 7.13e-05
Sweep 31, chi=8, cutoff=1e-08
  Direction: left->right
  Direction: right->left
  Energy: -0.9913741620, Trunc err: 7.13e-05
Sweep 32, chi=8, cutoff=1e-08
  Direction: left->right
  Direction: right->left
  Energy: -0.9913741620, Trunc err: 7.13e-05
Sweep 33, chi=8, cutoff=1e-08
  Direction: left->right
  Direction: right->left
  Energy: -0.9913741620, Trunc err: 7.13e-05
Sweep 34, chi=8, cutoff=1e-08
  Direction: left->right
  Direction: right->left
  Energy: -0.9913741620, Trunc err: 7.13e-05
Sweep 35, chi=8, cutoff=1e-08
  Direction: left->right
  Direction: right->left
  Energy: -0.9913741620, Trunc err: 7.13e-05
Sweep 36, chi=8, cutoff=1e-08
  Direction: left->right
  Direction: right->left
  Energy: -0.9913741620, Trunc err: 7.13e-05
Sweep 37, chi=8, cutoff=1e-08
  Direction: left->right
  Direction: right->left
  Energy: -0.9913741620, Trunc err: 7.13e-05
Sweep 38, chi=8, cutoff=1e-08
  Direction: left->right
  Direction: right->left
  Energy: -0.9913741620, Trunc err: 7.13e-05
Sweep 39, chi=8, cutoff=1e-08
  Direction: left->right
  Direction: right->left
  Energy: -0.9913741620, Trunc err: 7.13e-05
Sweep 40, chi=8, cutoff=1e-08
  Direction: left->right
  Direction: right->left
  Energy: -0.9913741620, Trunc err: 7.13e-05
Sweep 41, chi=8, cutoff=1e-08
  Direction: left->right
  Direction: right->left
  Energy: -0.9913741620, Trunc err: 7.13e-05
Sweep 42, chi=8, cutoff=1e-08
  Direction: left->right
  Direction: right->left
  Energy: -0.9913741620, Trunc err: 7.13e-05
Sweep 43, chi=8, cutoff=1e-08
  Direction: left->right
  Direction: right->left
  Energy: -0.9913741620, Trunc err: 7.13e-05
Sweep 44, chi=8, cutoff=1e-08
  Direction: left->right
  Direction: right->left
  Energy: -0.9913741620, Trunc err: 7.13e-05
Sweep 45, chi=8, cutoff=1e-08
  Direction: left->right
  Direction: right->left
  Energy: -0.9913741620, Trunc err: 7.13e-05
Sweep 46, chi=8, cutoff=1e-08
  Direction: left->right
  Direction: right->left
  Energy: -0.9913741620, Trunc err: 7.13e-05
Sweep 47, chi=8, cutoff=1e-08
  Direction: left->right
  Direction: right->left
  Energy: -0.9913741620, Trunc err: 7.13e-05
Sweep 48, chi=8, cutoff=1e-08
  Direction: left->right
  Direction: right->left
  Energy: -0.9913741620, Trunc err: 7.13e-05
Sweep 49, chi=8, cutoff=1e-08
  Direction: left->right
  Direction: right->left
  Energy: -0.9913741620, Trunc err: 7.13e-05
Sweep 50, chi=8, cutoff=1e-08
  Direction: left->right
  Direction: right->left
  Energy: -0.9913741620, Trunc err: 7.13e-05
Sweep 51, chi=8, cutoff=1e-08
  Direction: left->right
  Direction: right->left
  Energy: -0.9913741620, Trunc err: 7.13e-05
Sweep 52, chi=8, cutoff=1e-08
  Direction: left->right
  Direction: right->left
  Energy: -0.9913741620, Trunc err: 7.13e-05
Sweep 53, chi=8, cutoff=1e-08
  Direction: left->right
  Direction: right->left
  Energy: -0.9913741620, Trunc err: 7.13e-05
Sweep 54, chi=8, cutoff=1e-08
  Direction: left->right
  Direction: right->left
  Energy: -0.9913741620, Trunc err: 7.13e-05
Sweep 55, chi=8, cutoff=1e-08
  Direction: left->right
  Direction: right->left
  Energy: -0.9913741620, Trunc err: 7.13e-05
Sweep 56, chi=8, cutoff=1e-08
  Direction: left->right
  Direction: right->left
  Energy: -0.9913741620, Trunc err: 7.13e-05
Sweep 57, chi=8, cutoff=1e-08
  Direction: left->right
  Direction: right->left
  Energy: -0.9913741620, Trunc err: 7.13e-05
Sweep 58, chi=8, cutoff=1e-08
  Direction: left->right
  Direction: right->left
  Energy: -0.9913741620, Trunc err: 7.13e-05
Sweep 59, chi=8, cutoff=1e-08
  Direction: left->right
  Direction: right->left
  Energy: -0.9913741620, Trunc err: 7.13e-05
Sweep 60, chi=16, cutoff=1e-08
  Direction: left->right
  Direction: right->left
  Energy: -0.9913753711, Trunc err: 4.46e-09
Sweep 61, chi=16, cutoff=1e-08
  Direction: left->right
  Direction: right->left
  Energy: -0.9913753711, Trunc err: 5.89e-09
Sweep 62, chi=16, cutoff=1e-08
  Direction: left->right
  Direction: right->left
  Energy: -0.9913753711, Trunc err: 5.90e-09
Sweep 63, chi=16, cutoff=1e-08
  Direction: left->right
  Direction: right->left
  Energy: -0.9913753711, Trunc err: 5.90e-09
Sweep 64, chi=16, cutoff=1e-08
  Direction: left->right
  Direction: right->left
  Energy: -0.9913753711, Trunc err: 5.90e-09
Sweep 65, chi=16, cutoff=1e-08
  Direction: left->right
  Direction: right->left
  Energy: -0.9913753711, Trunc err: 5.90e-09
Sweep 66, chi=16, cutoff=1e-08
  Direction: left->right
  Direction: right->left
  Energy: -0.9913753711, Trunc err: 5.90e-09
Sweep 67, chi=16, cutoff=1e-08
  Direction: left->right
  Direction: right->left
  Energy: -0.9913753711, Trunc err: 5.90e-09
Sweep 68, chi=16, cutoff=1e-08
  Direction: left->right
  Direction: right->left
  Energy: -0.9913753711, Trunc err: 5.90e-09
Sweep 69, chi=16, cutoff=1e-08
  Direction: left->right
  Direction: right->left
  Energy: -0.9913753711, Trunc err: 5.90e-09
Sweep 70, chi=16, cutoff=1e-08
  Direction: left->right
  Direction: right->left
  Energy: -0.9913753711, Trunc err: 5.90e-09
Sweep 71, chi=16, cutoff=1e-08
  Direction: left->right
  Direction: right->left
  Energy: -0.9913753711, Trunc err: 5.90e-09
Sweep 72, chi=16, cutoff=1e-08
  Direction: left->right
  Direction: right->left
  Energy: -0.9913753711, Trunc err: 5.90e-09
Sweep 73, chi=16, cutoff=1e-08
  Direction: left->right
  Direction: right->left
  Energy: -0.9913753711, Trunc err: 5.90e-09
Sweep 74, chi=16, cutoff=1e-08
  Direction: left->right
  Direction: right->left
  Energy: -0.9913753711, Trunc err: 5.90e-09
Sweep 75, chi=16, cutoff=1e-08
  Direction: left->right
  Direction: right->left
  Energy: -0.9913753711, Trunc err: 5.90e-09
Sweep 76, chi=16, cutoff=1e-08
  Direction: left->right
  Direction: right->left
  Energy: -0.9913753711, Trunc err: 5.90e-09
Sweep 77, chi=16, cutoff=1e-08
  Direction: left->right
  Direction: right->left
  Energy: -0.9913753711, Trunc err: 5.90e-09
Sweep 78, chi=16, cutoff=1e-08
  Direction: left->right
  Direction: right->left
  Energy: -0.9913753711, Trunc err: 5.90e-09
Sweep 79, chi=16, cutoff=1e-08
  Direction: left->right
  Direction: right->left
  Energy: -0.9913753711, Trunc err: 5.90e-09
Sweep 80, chi=16, cutoff=1e-08
  Direction: left->right
  Direction: right->left
  Energy: -0.9913753711, Trunc err: 5.90e-09
Sweep 81, chi=16, cutoff=1e-08
  Direction: left->right
  Direction: right->left
  Energy: -0.9913753711, Trunc err: 5.90e-09
Sweep 82, chi=16, cutoff=1e-08
  Direction: left->right
  Direction: right->left
  Energy: -0.9913753711, Trunc err: 5.90e-09
Sweep 83, chi=16, cutoff=1e-08
  Direction: left->right
  Direction: right->left
  Energy: -0.9913753711, Trunc err: 5.90e-09
Sweep 84, chi=16, cutoff=1e-08
  Direction: left->right
  Direction: right->left
  Energy: -0.9913753711, Trunc err: 5.90e-09
Sweep 85, chi=16, cutoff=1e-08
  Direction: left->right
  Direction: right->left
  Energy: -0.9913753711, Trunc err: 5.90e-09
Sweep 86, chi=16, cutoff=1e-08
  Direction: left->right
  Direction: right->left
  Energy: -0.9913753711, Trunc err: 5.90e-09
Sweep 87, chi=16, cutoff=1e-08
  Direction: left->right
  Direction: right->left
  Energy: -0.9913753711, Trunc err: 5.90e-09
Sweep 88, chi=16, cutoff=1e-08
  Direction: left->right
  Direction: right->left
  Energy: -0.9913753711, Trunc err: 5.90e-09
Sweep 89, chi=16, cutoff=1e-08
  Direction: left->right
  Direction: right->left
  Energy: -0.9913753711, Trunc err: 5.90e-09
Sweep 90, chi=16, cutoff=1e-08
  Direction: left->right
  Direction: right->left
  Energy: -0.9913753711, Trunc err: 5.90e-09
Sweep 91, chi=16, cutoff=1e-08
  Direction: left->right
  Direction: right->left
  Energy: -0.9913753711, Trunc err: 5.90e-09
Sweep 92, chi=16, cutoff=1e-08
  Direction: left->right
  Direction: right->left
  Energy: -0.9913753711, Trunc err: 5.90e-09
Sweep 93, chi=16, cutoff=1e-08
  Direction: left->right
  Direction: right->left
  Energy: -0.9913753711, Trunc err: 5.90e-09
Sweep 94, chi=16, cutoff=1e-08
  Direction: left->right
  Direction: right->left
  Energy: -0.9913753711, Trunc err: 5.90e-09
Sweep 95, chi=16, cutoff=1e-08
  Direction: left->right
  Direction: right->left
  Energy: -0.9913753711, Trunc err: 5.90e-09
Sweep 96, chi=16, cutoff=1e-08
  Direction: left->right
  Direction: right->left
  Energy: -0.9913753711, Trunc err: 5.90e-09
Sweep 97, chi=16, cutoff=1e-08
  Direction: left->right
  Direction: right->left
  Energy: -0.9913753711, Trunc err: 5.90e-09
Sweep 98, chi=16, cutoff=1e-08
  Direction: left->right
  Direction: right->left
  Energy: -0.9913753711, Trunc err: 5.90e-09
Sweep 99, chi=16, cutoff=1e-08
  Direction: left->right
  Direction: right->left
  Energy: -0.9913753711, Trunc err: 5.90e-09
Sweep 100, chi=32, cutoff=1e-08
  Direction: left->right
  Direction: right->left
  Energy: -0.9913753711, Trunc err: 4.95e-09
Sweep 101, chi=32, cutoff=1e-08
  Direction: left->right
  Direction: right->left
  Energy: -0.9913753711, Trunc err: 4.96e-09
Sweep 102, chi=32, cutoff=1e-08
  Direction: left->right
  Direction: right->left
  Energy: -0.9913753711, Trunc err: 4.96e-09
Sweep 103, chi=32, cutoff=1e-08
  Direction: left->right
  Direction: right->left
  Energy: -0.9913753711, Trunc err: 4.96e-09
Sweep 104, chi=32, cutoff=1e-08
  Direction: left->right
  Direction: right->left
  Energy: -0.9913753711, Trunc err: 4.96e-09
Sweep 105, chi=32, cutoff=1e-08
  Direction: left->right
  Direction: right->left
  Energy: -0.9913753711, Trunc err: 4.96e-09
Sweep 106, chi=32, cutoff=1e-08
  Direction: left->right
  Direction: right->left
  Energy: -0.9913753711, Trunc err: 4.96e-09
Sweep 107, chi=32, cutoff=1e-08
  Direction: left->right
  Direction: right->left
  Energy: -0.9913753711, Trunc err: 4.96e-09
Sweep 108, chi=32, cutoff=1e-08
  Direction: left->right
  Direction: right->left
  Energy: -0.9913753711, Trunc err: 4.96e-09
Sweep 109, chi=32, cutoff=1e-08
  Direction: left->right
  Direction: right->left
  Energy: -0.9913753711, Trunc err: 4.96e-09
Sweep 110, chi=32, cutoff=1e-08
  Direction: left->right
  Direction: right->left
  Energy: -0.9913753711, Trunc err: 4.96e-09
Sweep 111, chi=32, cutoff=1e-08
  Direction: left->right
  Direction: right->left
  Energy: -0.9913753711, Trunc err: 4.96e-09
Sweep 112, chi=32, cutoff=1e-08
  Direction: left->right
  Direction: right->left
  Energy: -0.9913753711, Trunc err: 4.96e-09
Sweep 113, chi=32, cutoff=1e-08
  Direction: left->right
  Direction: right->left
  Energy: -0.9913753711, Trunc err: 4.96e-09
Sweep 114, chi=32, cutoff=1e-08
  Direction: left->right
  Direction: right->left
  Energy: -0.9913753711, Trunc err: 4.96e-09
Sweep 115, chi=32, cutoff=1e-08
  Direction: left->right
  Direction: right->left
  Energy: -0.9913753711, Trunc err: 4.96e-09
Sweep 116, chi=32, cutoff=1e-08
  Direction: left->right
  Direction: right->left
  Energy: -0.9913753711, Trunc err: 4.96e-09
Sweep 117, chi=32, cutoff=1e-08
  Direction: left->right
  Direction: right->left
  Energy: -0.9913753711, Trunc err: 4.96e-09
Sweep 118, chi=32, cutoff=1e-08
  Direction: left->right
  Direction: right->left
  Energy: -0.9913753711, Trunc err: 4.96e-09
Sweep 119, chi=32, cutoff=1e-08
  Direction: left->right
  Direction: right->left
  Energy: -0.9913753711, Trunc err: 4.96e-09
Sweep 120, chi=32, cutoff=1e-08
  Direction: left->right
  Direction: right->left
  Energy: -0.9913753711, Trunc err: 4.96e-09
Sweep 121, chi=32, cutoff=1e-08
  Direction: left->right
  Direction: right->left
  Energy: -0.9913753711, Trunc err: 4.96e-09
Sweep 122, chi=32, cutoff=1e-08
  Direction: left->right
  Direction: right->left
  Energy: -0.9913753711, Trunc err: 4.96e-09
Sweep 123, chi=32, cutoff=1e-08
  Direction: left->right
  Direction: right->left
  Energy: -0.9913753711, Trunc err: 4.96e-09
Sweep 124, chi=32, cutoff=1e-08
  Direction: left->right
  Direction: right->left
  Energy: -0.9913753711, Trunc err: 4.96e-09
Sweep 125, chi=32, cutoff=1e-08
  Direction: left->right
  Direction: right->left
  Energy: -0.9913753711, Trunc err: 4.96e-09
Sweep 126, chi=32, cutoff=1e-08
  Direction: left->right
  Direction: right->left
  Energy: -0.9913753711, Trunc err: 4.96e-09
Sweep 127, chi=32, cutoff=1e-08
  Direction: left->right
  Direction: right->left
  Energy: -0.9913753711, Trunc err: 4.96e-09
Sweep 128, chi=32, cutoff=1e-08
  Direction: left->right
  Direction: right->left
  Energy: -0.9913753711, Trunc err: 4.96e-09
Sweep 129, chi=32, cutoff=1e-08
  Direction: left->right
  Direction: right->left
  Energy: -0.9913753711, Trunc err: 4.96e-09
Sweep 130, chi=32, cutoff=1e-08
  Direction: left->right
  Direction: right->left
  Energy: -0.9913753711, Trunc err: 4.96e-09
Sweep 131, chi=32, cutoff=1e-08
  Direction: left->right
  Direction: right->left
  Energy: -0.9913753711, Trunc err: 4.96e-09
Sweep 132, chi=32, cutoff=1e-08
  Direction: left->right
  Direction: right->left
  Energy: -0.9913753711, Trunc err: 4.96e-09
Sweep 133, chi=32, cutoff=1e-08
  Direction: left->right
  Direction: right->left
  Energy: -0.9913753711, Trunc err: 4.96e-09
Sweep 134, chi=32, cutoff=1e-08
  Direction: left->right
  Direction: right->left
  Energy: -0.9913753711, Trunc err: 4.96e-09
Sweep 135, chi=32, cutoff=1e-08
  Direction: left->right
  Direction: right->left
  Energy: -0.9913753711, Trunc err: 4.96e-09
Sweep 136, chi=32, cutoff=1e-08
  Direction: left->right
  Direction: right->left
  Energy: -0.9913753711, Trunc err: 4.96e-09
Sweep 137, chi=32, cutoff=1e-08
  Direction: left->right
  Direction: right->left
  Energy: -0.9913753711, Trunc err: 4.96e-09
Sweep 138, chi=32, cutoff=1e-08
  Direction: left->right
  Direction: right->left
  Energy: -0.9913753711, Trunc err: 4.96e-09
Sweep 139, chi=32, cutoff=1e-08
  Direction: left->right
  Direction: right->left
  Energy: -0.9913753711, Trunc err: 4.96e-09
Sweep 0, chi=2, cutoff=1e-08
  Direction: left->right
  Direction: right->left
  Energy: -0.0000023139, Trunc err: 1.92e-03
Sweep 1, chi=2, cutoff=1e-08
  Direction: left->right
  Direction: right->left
  Energy: -0.0000037152, Trunc err: 2.85e-03
Sweep 2, chi=2, cutoff=1e-08
  Direction: left->right
  Direction: right->left
  Energy: -0.0000042530, Trunc err: 2.56e-03
Sweep 3, chi=2, cutoff=1e-08
  Direction: left->right
  Direction: right->left
  Energy: -0.0000161165, Trunc err: 3.78e-03
Sweep 4, chi=2, cutoff=1e-08
  Direction: left->right
  Direction: right->left
  Energy: -0.0000190563, Trunc err: 2.74e-03
Sweep 5, chi=2, cutoff=1e-08
  Direction: left->right
  Direction: right->left
  Energy: -0.0000197434, Trunc err: 2.31e-03
Sweep 6, chi=2, cutoff=1e-08
  Direction: left->right
  Direction: right->left
  Energy: -0.0000201912, Trunc err: 2.38e-03
Sweep 7, chi=2, cutoff=1e-08
  Direction: left->right
  Direction: right->left
  Energy: -0.0000204218, Trunc err: 2.34e-03
Sweep 8, chi=2, cutoff=1e-08
  Direction: left->right
  Direction: right->left
  Energy: -0.0000206328, Trunc err: 2.38e-03
Sweep 9, chi=2, cutoff=1e-08
  Direction: left->right
  Direction: right->left
  Energy: -0.0000208262, Trunc err: 2.35e-03
Sweep 10, chi=4, cutoff=1e-08
  Direction: left->right
  Direction: right->left
  Energy: -0.0000209965, Trunc err: 2.13e-05
Sweep 11, chi=4, cutoff=1e-08
  Direction: left->right
  Direction: right->left
  Energy: -0.0000214724, Trunc err: 2.37e-05
Sweep 12, chi=4, cutoff=1e-08
  Direction: left->right
  Direction: right->left
  Energy: -0.0004540045, Trunc err: 5.54e-04
Sweep 13, chi=4, cutoff=1e-08
  Direction: left->right
  Direction: right->left
  Energy: -0.0007178159, Trunc err: 5.15e-04
Sweep 14, chi=4, cutoff=1e-08
  Direction: left->right
  Direction: right->left
  Energy: -0.0009536566, Trunc err: 5.97e-04
Sweep 15, chi=4, cutoff=1e-08
  Direction: left->right
  Direction: right->left
  Energy: -0.0009605714, Trunc err: 1.77e-05
Sweep 16, chi=4, cutoff=1e-08
  Direction: left->right
  Direction: right->left
  Energy: -0.0009952051, Trunc err: 9.99e-05
Sweep 17, chi=4, cutoff=1e-08
  Direction: left->right
  Direction: right->left
  Energy: -0.0010796812, Trunc err: 3.75e-04
Sweep 18, chi=4, cutoff=1e-08
  Direction: left->right
  Direction: right->left
  Energy: -0.0025036257, Trunc err: 2.20e-03
Sweep 19, chi=4, cutoff=1e-08
  Direction: left->right
  Direction: right->left
  Energy: -0.0030616660, Trunc err: 9.05e-04
Sweep 20, chi=8, cutoff=1e-08
  Direction: left->right
  Direction: right->left
  Energy: -0.0034230585, Trunc err: 5.26e-05
Sweep 21, chi=8, cutoff=1e-08
  Direction: left->right
  Direction: right->left
  Energy: -0.0035044596, Trunc err: 2.93e-05
Sweep 22, chi=8, cutoff=1e-08
  Direction: left->right
  Direction: right->left
  Energy: -0.0035910490, Trunc err: 6.69e-05
Sweep 23, chi=8, cutoff=1e-08
  Direction: left->right
  Direction: right->left
  Energy: -0.0036216856, Trunc err: 2.63e-05
Sweep 24, chi=8, cutoff=1e-08
  Direction: left->right
  Direction: right->left
  Energy: -0.0036330330, Trunc err: 2.38e-05
Sweep 25, chi=8, cutoff=1e-08
  Direction: left->right
  Direction: right->left
  Energy: -0.0036434500, Trunc err: 2.75e-05
Sweep 26, chi=8, cutoff=1e-08
  Direction: left->right
  Direction: right->left
  Energy: -0.0036529516, Trunc err: 2.86e-05
Sweep 27, chi=8, cutoff=1e-08
  Direction: left->right
  Direction: right->left
  Energy: -0.0036600584, Trunc err: 2.37e-05
Sweep 28, chi=8, cutoff=1e-08
  Direction: left->right
  Direction: right->left
  Energy: -0.0036653705, Trunc err: 1.92e-05
Sweep 29, chi=8, cutoff=1e-08
  Direction: left->right
  Direction: right->left
  Energy: -0.0036694012, Trunc err: 1.55e-05
Sweep 30, chi=8, cutoff=1e-08
  Direction: left->right
  Direction: right->left
  Energy: -0.0036725233, Trunc err: 1.27e-05
Sweep 31, chi=8, cutoff=1e-08
  Direction: left->right
  Direction: right->left
  Energy: -0.0036749946, Trunc err: 1.05e-05
Sweep 32, chi=8, cutoff=1e-08
  Direction: left->right
  Direction: right->left
  Energy: -0.0036769919, Trunc err: 8.81e-06
Sweep 33, chi=8, cutoff=1e-08
  Direction: left->right
  Direction: right->left
  Energy: -0.0036786376, Trunc err: 7.50e-06
Sweep 34, chi=8, cutoff=1e-08
  Direction: left->right
  Direction: right->left
  Energy: -0.0036800179, Trunc err: 6.46e-06
Sweep 35, chi=8, cutoff=1e-08
  Direction: left->right
  Direction: right->left
  Energy: -0.0036811949, Trunc err: 5.63e-06
Sweep 36, chi=8, cutoff=1e-08
  Direction: left->right
  Direction: right->left
  Energy: -0.0036822142, Trunc err: 4.97e-06
Sweep 37, chi=8, cutoff=1e-08
  Direction: left->right
  Direction: right->left
  Energy: -0.0036831124, Trunc err: 4.44e-06
Sweep 38, chi=8, cutoff=1e-08
  Direction: left->right
  Direction: right->left
  Energy: -0.0036839335, Trunc err: 4.00e-06
Sweep 39, chi=8, cutoff=1e-08
  Direction: left->right
  Direction: right->left
  Energy: -0.0036848604, Trunc err: 3.65e-06
Sweep 40, chi=8, cutoff=1e-08
  Direction: left->right
  Direction: right->left
  Energy: -0.0036855634, Trunc err: 3.63e-06
Sweep 41, chi=8, cutoff=1e-08
  Direction: left->right
  Direction: right->left
  Energy: -0.0036863150, Trunc err: 3.97e-06
Sweep 42, chi=8, cutoff=1e-08
  Direction: left->right
  Direction: right->left
  Energy: -0.0036871218, Trunc err: 4.36e-06
Sweep 43, chi=8, cutoff=1e-08
  Direction: left->right
  Direction: right->left
  Energy: -0.0036879886, Trunc err: 4.79e-06
Sweep 44, chi=8, cutoff=1e-08
  Direction: left->right
  Direction: right->left
  Energy: -0.0036889221, Trunc err: 5.30e-06
Sweep 45, chi=8, cutoff=1e-08
  Direction: left->right
  Direction: right->left
  Energy: -0.0036899355, Trunc err: 5.91e-06
Sweep 46, chi=8, cutoff=1e-08
  Direction: left->right
  Direction: right->left
  Energy: -0.0036910727, Trunc err: 6.75e-06
Sweep 47, chi=8, cutoff=1e-08
  Direction: left->right
  Direction: right->left
  Energy: -0.0036921146, Trunc err: 6.45e-06
Sweep 48, chi=8, cutoff=1e-08
  Direction: left->right
  Direction: right->left
  Energy: -0.0036929402, Trunc err: 5.27e-06
Sweep 49, chi=8, cutoff=1e-08
  Direction: left->right
  Direction: right->left
  Energy: -0.0036936731, Trunc err: 4.78e-06
Sweep 50, chi=8, cutoff=1e-08
  Direction: left->right
  Direction: right->left
  Energy: -0.0036943403, Trunc err: 4.44e-06
Sweep 51, chi=8, cutoff=1e-08
  Direction: left->right
  Direction: right->left
  Energy: -0.0036949540, Trunc err: 4.16e-06
Sweep 52, chi=8, cutoff=1e-08
  Direction: left->right
  Direction: right->left
  Energy: -0.0036955212, Trunc err: 3.90e-06
Sweep 53, chi=8, cutoff=1e-08
  Direction: left->right
  Direction: right->left
  Energy: -0.0036960470, Trunc err: 3.67e-06
Sweep 54, chi=8, cutoff=1e-08
  Direction: left->right
  Direction: right->left
  Energy: -0.0036965354, Trunc err: 3.46e-06
Sweep 55, chi=8, cutoff=1e-08
  Direction: left->right
  Direction: right->left
  Energy: -0.0036969900, Trunc err: 3.26e-06
Sweep 56, chi=8, cutoff=1e-08
  Direction: left->right
  Direction: right->left
  Energy: -0.0036974138, Trunc err: 3.07e-06
Sweep 57, chi=8, cutoff=1e-08
  Direction: left->right
  Direction: right->left
  Energy: -0.0036978098, Trunc err: 2.89e-06
Sweep 58, chi=8, cutoff=1e-08
  Direction: left->right
  Direction: right->left
  Energy: -0.0036981805, Trunc err: 2.73e-06
Sweep 59, chi=8, cutoff=1e-08
  Direction: left->right
  Direction: right->left
  Energy: -0.0036985283, Trunc err: 2.58e-06
Sweep 60, chi=16, cutoff=1e-08
  Direction: left->right
  Direction: right->left
  Energy: -0.0036990846, Trunc err: 1.07e-07
Sweep 61, chi=16, cutoff=1e-08
  Direction: left->right
  Direction: right->left
  Energy: -0.0036995672, Trunc err: 2.00e-07
Sweep 62, chi=16, cutoff=1e-08
  Direction: left->right
  Direction: right->left
  Energy: -0.0036999259, Trunc err: 1.55e-07
Sweep 63, chi=16, cutoff=1e-08
  Direction: left->right
  Direction: right->left
  Energy: -0.0037003157, Trunc err: 1.72e-07
Sweep 64, chi=16, cutoff=1e-08
  Direction: left->right
  Direction: right->left
  Energy: -0.0037007804, Trunc err: 2.11e-07
Sweep 65, chi=16, cutoff=1e-08
  Direction: left->right
  Direction: right->left
  Energy: -0.0037013323, Trunc err: 2.58e-07
Sweep 66, chi=16, cutoff=1e-08
  Direction: left->right
  Direction: right->left
  Energy: -0.0037019672, Trunc err: 3.07e-07
Sweep 67, chi=16, cutoff=1e-08
  Direction: left->right
  Direction: right->left
  Energy: -0.0037026765, Trunc err: 3.57e-07
Sweep 68, chi=16, cutoff=1e-08
  Direction: left->right
  Direction: right->left
  Energy: -0.0037034463, Trunc err: 4.04e-07
Sweep 69, chi=16, cutoff=1e-08
  Direction: left->right
  Direction: right->left
  Energy: -0.0037042644, Trunc err: 4.50e-07
Sweep 70, chi=16, cutoff=1e-08
  Direction: left->right
  Direction: right->left
  Energy: -0.0037051124, Trunc err: 4.88e-07
Sweep 71, chi=16, cutoff=1e-08
  Direction: left->right
  Direction: right->left
  Energy: -0.0037059515, Trunc err: 5.06e-07
Sweep 72, chi=16, cutoff=1e-08
  Direction: left->right
  Direction: right->left
  Energy: -0.0037067011, Trunc err: 4.72e-07
Sweep 73, chi=16, cutoff=1e-08
  Direction: left->right
  Direction: right->left
  Energy: -0.0037073225, Trunc err: 4.08e-07
Sweep 74, chi=16, cutoff=1e-08
  Direction: left->right
  Direction: right->left
  Energy: -0.0037078389, Trunc err: 3.53e-07
Sweep 75, chi=16, cutoff=1e-08
  Direction: left->right
  Direction: right->left
  Energy: -0.0037082827, Trunc err: 3.15e-07
Sweep 76, chi=16, cutoff=1e-08
  Direction: left->right
  Direction: right->left
  Energy: -0.0037086735, Trunc err: 2.86e-07
Sweep 77, chi=16, cutoff=1e-08
  Direction: left->right
  Direction: right->left
  Energy: -0.0037090225, Trunc err: 2.63e-07
Sweep 78, chi=16, cutoff=1e-08
  Direction: left->right
  Direction: right->left
  Energy: -0.0037093381, Trunc err: 2.44e-07
Sweep 79, chi=16, cutoff=1e-08
  Direction: left->right
  Direction: right->left
  Energy: -0.0037096265, Trunc err: 2.29e-07
Sweep 80, chi=16, cutoff=1e-08
  Direction: left->right
  Direction: right->left
  Energy: -0.0037098925, Trunc err: 2.16e-07
Sweep 81, chi=16, cutoff=1e-08
  Direction: left->right
  Direction: right->left
  Energy: -0.0037101399, Trunc err: 2.05e-07
Sweep 82, chi=16, cutoff=1e-08
  Direction: left->right
  Direction: right->left
  Energy: -0.0037103716, Trunc err: 1.97e-07
Sweep 83, chi=16, cutoff=1e-08
  Direction: left->right
  Direction: right->left
  Energy: -0.0037105902, Trunc err: 1.89e-07
Sweep 84, chi=16, cutoff=1e-08
  Direction: left->right
  Direction: right->left
  Energy: -0.0037107976, Trunc err: 1.83e-07
Sweep 85, chi=16, cutoff=1e-08
  Direction: left->right
  Direction: right->left
  Energy: -0.0037109955, Trunc err: 1.78e-07
Sweep 86, chi=16, cutoff=1e-08
  Direction: left->right
  Direction: right->left
  Energy: -0.0037111852, Trunc err: 1.74e-07
Sweep 87, chi=16, cutoff=1e-08
  Direction: left->right
  Direction: right->left
  Energy: -0.0037113679, Trunc err: 1.71e-07
Sweep 88, chi=16, cutoff=1e-08
  Direction: left->right
  Direction: right->left
  Energy: -0.0037115446, Trunc err: 1.68e-07
Sweep 89, chi=16, cutoff=1e-08
  Direction: left->right
  Direction: right->left
  Energy: -0.0037117161, Trunc err: 1.66e-07
Sweep 90, chi=16, cutoff=1e-08
  Direction: left->right
  Direction: right->left
  Energy: -0.0037118830, Trunc err: 1.64e-07
Sweep 91, chi=16, cutoff=1e-08
  Direction: left->right
  Direction: right->left
  Energy: -0.0037120461, Trunc err: 1.63e-07
Sweep 92, chi=16, cutoff=1e-08
  Direction: left->right
  Direction: right->left
  Energy: -0.0037122058, Trunc err: 1.62e-07
Sweep 93, chi=16, cutoff=1e-08
  Direction: left->right
  Direction: right->left
  Energy: -0.0037123626, Trunc err: 1.62e-07
Sweep 94, chi=16, cutoff=1e-08
  Direction: left->right
  Direction: right->left
  Energy: -0.0037125168, Trunc err: 1.62e-07
Sweep 95, chi=16, cutoff=1e-08
  Direction: left->right
  Direction: right->left
  Energy: -0.0037126687, Trunc err: 1.62e-07
Sweep 96, chi=16, cutoff=1e-08
  Direction: left->right
  Direction: right->left
  Energy: -0.0037128187, Trunc err: 1.62e-07
Sweep 97, chi=16, cutoff=1e-08
  Direction: left->right
  Direction: right->left
  Energy: -0.0037129669, Trunc err: 1.63e-07
Sweep 98, chi=16, cutoff=1e-08
  Direction: left->right
  Direction: right->left
  Energy: -0.0037131136, Trunc err: 1.64e-07
Sweep 99, chi=16, cutoff=1e-08
  Direction: left->right
  Direction: right->left
  Energy: -0.0037132589, Trunc err: 1.65e-07
Sweep 100, chi=32, cutoff=1e-08
  Direction: left->right
  Direction: right->left
  Energy: -0.0037134311, Trunc err: 9.83e-09
Sweep 101, chi=32, cutoff=1e-08
  Direction: left->right
  Direction: right->left
  Energy: -0.0037136090, Trunc err: 2.34e-08
Sweep 102, chi=32, cutoff=1e-08
  Direction: left->right
  Direction: right->left
  Energy: -0.0037137887, Trunc err: 2.90e-08
Sweep 103, chi=32, cutoff=1e-08
  Direction: left->right
  Direction: right->left
  Energy: -0.0037139679, Trunc err: 3.21e-08
Sweep 104, chi=32, cutoff=1e-08
  Direction: left->right
  Direction: right->left
  Energy: -0.0037141469, Trunc err: 3.29e-08
Sweep 105, chi=32, cutoff=1e-08
  Direction: left->right
  Direction: right->left
  Energy: -0.0037143273, Trunc err: 3.36e-08
Sweep 106, chi=32, cutoff=1e-08
  Direction: left->right
  Direction: right->left
  Energy: -0.0037145079, Trunc err: 3.48e-08
Sweep 107, chi=32, cutoff=1e-08
  Direction: left->right
  Direction: right->left
  Energy: -0.0037146883, Trunc err: 3.57e-08
Sweep 108, chi=32, cutoff=1e-08
  Direction: left->right
  Direction: right->left
  Energy: -0.0037148684, Trunc err: 3.67e-08
Sweep 109, chi=32, cutoff=1e-08
  Direction: left->right
  Direction: right->left
  Energy: -0.0037150480, Trunc err: 3.75e-08
Sweep 110, chi=32, cutoff=1e-08
  Direction: left->right
  Direction: right->left
  Energy: -0.0037152266, Trunc err: 3.78e-08
Sweep 111, chi=32, cutoff=1e-08
  Direction: left->right
  Direction: right->left
  Energy: -0.0037154040, Trunc err: 3.87e-08
Sweep 112, chi=32, cutoff=1e-08
  Direction: left->right
  Direction: right->left
  Energy: -0.0037155801, Trunc err: 3.93e-08
Sweep 113, chi=32, cutoff=1e-08
  Direction: left->right
  Direction: right->left
  Energy: -0.0037157548, Trunc err: 3.99e-08
Sweep 114, chi=32, cutoff=1e-08
  Direction: left->right
  Direction: right->left
  Energy: -0.0037159280, Trunc err: 4.02e-08
Sweep 115, chi=32, cutoff=1e-08
  Direction: left->right
  Direction: right->left
  Energy: -0.0037160998, Trunc err: 3.99e-08
Sweep 116, chi=32, cutoff=1e-08
  Direction: left->right
  Direction: right->left
  Energy: -0.0037162700, Trunc err: 4.10e-08
Sweep 117, chi=32, cutoff=1e-08
  Direction: left->right
  Direction: right->left
  Energy: -0.0037164385, Trunc err: 4.15e-08
Sweep 118, chi=32, cutoff=1e-08
  Direction: left->right
  Direction: right->left
  Energy: -0.0037166050, Trunc err: 4.19e-08
Sweep 119, chi=32, cutoff=1e-08
  Direction: left->right
  Direction: right->left
  Energy: -0.0037167697, Trunc err: 4.23e-08
Sweep 120, chi=32, cutoff=1e-08
  Direction: left->right
  Direction: right->left
  Energy: -0.0037169324, Trunc err: 4.26e-08
Sweep 121, chi=32, cutoff=1e-08
  Direction: left->right
  Direction: right->left
  Energy: -0.0037170931, Trunc err: 4.27e-08
Sweep 122, chi=32, cutoff=1e-08
  Direction: left->right
  Direction: right->left
  Energy: -0.0037172519, Trunc err: 4.30e-08
Sweep 123, chi=32, cutoff=1e-08
  Direction: left->right
  Direction: right->left
  Energy: -0.0037174088, Trunc err: 4.31e-08
Sweep 124, chi=32, cutoff=1e-08
  Direction: left->right
  Direction: right->left
  Energy: -0.0037175634, Trunc err: 4.30e-08
Sweep 125, chi=32, cutoff=1e-08
  Direction: left->right
  Direction: right->left
  Energy: -0.0037177158, Trunc err: 4.32e-08
Sweep 126, chi=32, cutoff=1e-08
  Direction: left->right
  Direction: right->left
  Energy: -0.0037178661, Trunc err: 4.35e-08
Sweep 127, chi=32, cutoff=1e-08
  Direction: left->right
  Direction: right->left
  Energy: -0.0037180141, Trunc err: 4.37e-08
Sweep 128, chi=32, cutoff=1e-08
  Direction: left->right
  Direction: right->left
  Energy: -0.0037181599, Trunc err: 4.39e-08
Sweep 129, chi=32, cutoff=1e-08
  Direction: left->right
  Direction: right->left
  Energy: -0.0037183035, Trunc err: 4.41e-08
Sweep 130, chi=32, cutoff=1e-08
  Direction: left->right
  Direction: right->left
  Energy: -0.0037184450, Trunc err: 4.43e-08
Sweep 131, chi=32, cutoff=1e-08
  Direction: left->right
  Direction: right->left
  Energy: -0.0037185843, Trunc err: 4.45e-08
Sweep 132, chi=32, cutoff=1e-08
  Direction: left->right
  Direction: right->left
  Energy: -0.0037187214, Trunc err: 4.45e-08
Sweep 133, chi=32, cutoff=1e-08
  Direction: left->right
  Direction: right->left
  Energy: -0.0037188564, Trunc err: 4.45e-08
Sweep 134, chi=32, cutoff=1e-08
  Direction: left->right
  Direction: right->left
  Energy: -0.0037189897, Trunc err: 4.48e-08
Sweep 135, chi=32, cutoff=1e-08
  Direction: left->right
  Direction: right->left
  Energy: -0.0037191215, Trunc err: 4.55e-08
Sweep 136, chi=32, cutoff=1e-08
  Direction: left->right
  Direction: right->left
  Energy: -0.0037192512, Trunc err: 4.53e-08
Sweep 137, chi=32, cutoff=1e-08
  Direction: left->right
  Direction: right->left
  Energy: -0.0037193789, Trunc err: 4.54e-08
Sweep 138, chi=32, cutoff=1e-08
  Direction: left->right
  Direction: right->left
  Energy: -0.0037195046, Trunc err: 4.55e-08
Sweep 139, chi=32, cutoff=1e-08
  Direction: left->right
  Direction: right->left
  Energy: -0.0037196284, Trunc err: 4.56e-08
