           7.332e+00            1.161e-01            1.583e-02             2.27e-03
           7.332e+00            1.168e-01            1.593e-02             5.74e-03
           7.332e+00            5.894e-02            8.039e-03             8.76e-03
           7.332e+00            2.926e-02            3.991e-03             8.88e-03
           7.332e+00            2.157e-02            2.942e-03             1.36e-02
           7.332e+00            8.004e-03            1.092e-03             1.61e-02
           7.332e+00            6.217e-03            8.479e-04             1.88e-02
           7.332e+00            2.288e-03            3.120e-04             2.37e-02
           7.332e+00            1.246e-03            1.700e-04             2.58e-02
           7.332e+00            8.340e-04            1.137e-04             3.14e-02
           7.332e+00            5.276e-04            7.195e-05             3.59e-02
           7.332e+00            3.310e-04            4.514e-05             4.18e-02
           7.332e+00            2.288e-04            3.121e-05             5.02e-02
           7.332e+00            1.059e-04            1.444e-05             5.97e-02
           7.332e+00            4.891e-05            6.671e-06             6.96e-02
           7.332e+00            2.634e-05            3.593e-06             7.87e-02
           7.332e+00            1.720e-05            2.345e-06             1.03e-01
           7.332e+00            8.764e-06            1.195e-06             1.42e-01
           7.332e+00            5.016e-06            6.841e-07             1.41e-01
           7.332e+00            4.206e-06            5.736e-07             1.23e-01
           7.332e+00            2.190e-06            2.987e-07             2.08e-01
           7.332e+00            1.354e-06            1.846e-07             2.04e-01
           7.332e+00            1.117e-06            1.524e-07             2.37e-01
           7.332e+00            6.388e-07            8.712e-08             2.84e-01
           7.332e+00            5.941e-07            8.102e-08             3.26e-01
           7.332e+00            2.463e-07            3.359e-08             3.13e-01
           7.332e+00            1.686e-07            2.300e-08             3.75e-01
           7.332e+00            9.127e-08            1.245e-08             4.31e-01
           7.332e+00            7.308e-08            9.966e-09             4.79e-01
           7.332e+00            6.283e-02            8.570e-03             1.99e-03
           7.332e+00            7.489e-02            1.021e-02             6.56e-03
           7.332e+00            5.462e-02            7.449e-03             8.81e-03
           7.332e+00            3.029e-02            4.131e-03             9.81e-03
           7.332e+00            2.821e-02            3.848e-03             1.23e-02
           7.332e+00            9.108e-03            1.242e-03             1.57e-02
           7.332e+00            4.857e-03            6.624e-04             2.16e-02
           7.332e+00            2.763e-03            3.768e-04             2.26e-02
           7.332e+00            1.001e-03            1.366e-04             2.75e-02
           7.332e+00            5.515e-04            7.522e-05             3.49e-02
           7.332e+00            5.052e-04            6.890e-05             3.91e-02
           7.332e+00            2.740e-04            3.736e-05             3.74e-02
           7.332e+00            1.941e-04            2.647e-05             5.72e-02
           7.332e+00            8.333e-05            1.136e-05             6.50e-02
           7.332e+00            4.847e-05            6.611e-06             8.22e-02
           7.332e+00            3.816e-05            5.204e-06             1.25e-01
           7.332e+00            1.911e-05            2.607e-06             1.21e-01
           7.332e+00            1.067e-05            1.456e-06             1.16e-01
           7.332e+00            3.765e-06            5.134e-07             1.44e-01
           7.332e+00            3.286e-06            4.482e-07             1.93e-01
           7.332e+00            2.675e-06            3.649e-07             1.97e-01
           7.332e+00            9.211e-07            1.256e-07             2.58e-01
           7.332e+00            8.055e-07            1.099e-07             2.01e-01
           7.332e+00            5.305e-07            7.235e-08             3.11e-01
           7.332e+00            4.727e-07            6.447e-08             3.00e-01
           7.332e+00            2.768e-07            3.775e-08             3.31e-01
           7.332e+00            1.749e-07            2.386e-08             4.35e-01
           7.332e+00            1.212e-07            1.654e-08             4.53e-01
           7.332e+00            7.432e-08            1.014e-08             4.66e-01
           7.332e+00            6.096e-08            8.314e-09             5.05e-01
Terminated
xmax = 10
xshift = -10
dx = 0.15748031496062992
Traceback (most recent call last):
  File "/home/jerrychen/Desktop/mergeHmol/twobody/3dhmol/R3.2/two_particles.py", line 62, in <module>
    inter_MPS  = tci.load_mps(f'fit{6*N}_{0.0}.mps.npy')
                 ^^^^^^^^^^^^^^^^^^^^^^^^^^^^^^^^^^^^^^^
  File "/home/jerrychen/Desktop/mergeHmol/CytnxTools/tci.py", line 250, in load_mps
    tmp = np.load(fname, allow_pickle=True)
          ^^^^^^^^^^^^^^^^^^^^^^^^^^^^^^^^^
  File "/home/jerrychen/anaconda3/envs/cytnx/lib/python3.11/site-packages/numpy/lib/_npyio_impl.py", line 451, in load
    fid = stack.enter_context(open(os.fspath(file), "rb"))
                              ^^^^^^^^^^^^^^^^^^^^^^^^^^^
FileNotFoundError: [Errno 2] No such file or directory: 'fit42_0.0.mps.npy'
           7.332e+00            1.302e-01            1.776e-02             1.88e-03
           7.332e+00            1.116e-01            1.522e-02             5.82e-03
           7.332e+00            6.543e-02            8.924e-03             7.88e-03
           7.332e+00            4.511e-02            6.152e-03             1.12e-02
           7.332e+00            2.595e-02            3.539e-03             1.34e-02
           7.332e+00            1.260e-02            1.719e-03             1.58e-02
           7.332e+00            5.235e-03            7.140e-04             1.92e-02
           7.332e+00            3.389e-03            4.622e-04             2.24e-02
           7.332e+00            1.267e-03            1.728e-04             3.62e-02
           7.332e+00            6.969e-04            9.504e-05             5.36e-02
           7.332e+00            4.297e-04            5.860e-05             3.82e-02
           7.332e+00            2.129e-04            2.903e-05             4.85e-02
           7.332e+00            1.354e-04            1.847e-05             4.99e-02
           7.332e+00            8.851e-05            1.207e-05             5.49e-02
           7.332e+00            5.396e-05            7.360e-06             7.05e-02
           7.332e+00            3.053e-05            4.164e-06             9.98e-02
           7.332e+00            2.023e-05            2.759e-06             1.10e-01
           7.332e+00            9.175e-06            1.251e-06             1.47e-01
           7.332e+00            6.907e-06            9.420e-07             1.28e-01
           7.332e+00            3.981e-06            5.430e-07             1.64e-01
           7.332e+00            3.623e-06            4.941e-07             2.10e-01
           7.332e+00            1.557e-06            2.123e-07             2.01e-01
           7.332e+00            1.187e-06            1.619e-07             2.00e-01
           7.332e+00            6.831e-07            9.317e-08             3.01e-01
           7.332e+00            4.219e-07            5.755e-08             3.05e-01
           7.332e+00            2.764e-07            3.769e-08             3.15e-01
           7.332e+00            2.361e-07            3.220e-08             3.42e-01
           7.332e+00            1.050e-07            1.432e-08             4.39e-01
           7.332e+00            1.088e-07            1.484e-08             4.85e-01
           7.332e+00            4.608e-08            6.284e-09             4.61e-01
           7.332e+00            2.805e-01            3.825e-02             1.74e-03
           7.332e+00            1.359e-01            1.854e-02             6.01e-03
           7.332e+00            4.946e-02            6.745e-03             8.34e-03
           7.332e+00            4.756e-02            6.486e-03             1.03e-02
           7.332e+00            2.597e-02            3.542e-03             1.57e-02
           7.332e+00            1.119e-02            1.525e-03             1.97e-02
           7.332e+00            4.534e-03            6.184e-04             2.49e-02
           7.332e+00            2.396e-03            3.267e-04             2.70e-02
           7.332e+00            1.480e-03            2.018e-04             2.99e-02
           7.332e+00            9.093e-04            1.240e-04             3.67e-02
           7.332e+00            4.928e-04            6.721e-05             3.92e-02
           7.332e+00            2.295e-04            3.130e-05             4.60e-02
           7.332e+00            1.469e-04            2.003e-05             5.22e-02
           7.332e+00            9.808e-05            1.338e-05             5.85e-02
           7.332e+00            4.341e-05            5.921e-06             7.41e-02
           7.332e+00            2.538e-05            3.461e-06             1.04e-01
           7.332e+00            1.815e-05            2.476e-06             1.26e-01
           7.332e+00            7.479e-06            1.020e-06             1.25e-01
           7.332e+00            4.606e-06            6.281e-07             1.18e-01
           7.332e+00            3.563e-06            4.859e-07             1.53e-01
           7.332e+00            2.023e-06            2.759e-07             2.01e-01
           7.332e+00            1.713e-06            2.336e-07             1.96e-01
           7.332e+00            6.674e-07            9.102e-08             2.08e-01
           7.332e+00            5.602e-07            7.640e-08             2.69e-01
           7.332e+00            3.853e-07            5.255e-08             2.80e-01
           7.332e+00            2.195e-07            2.993e-08             3.47e-01
           7.332e+00            1.719e-07            2.345e-08             4.18e-01
           7.332e+00            1.200e-07            1.637e-08             4.61e-01
           7.332e+00            5.889e-08            8.031e-09             4.79e-01
           7.332e+00            3.682e-01            5.021e-02             6.58e-03
           7.332e+00            6.710e-01            9.152e-02             2.46e-02
           7.332e+00            7.347e-01            1.002e-01             3.42e-02
           7.332e+00            6.797e-01            9.269e-02             4.52e-02
           7.332e+00            2.179e-01            2.972e-02             6.91e-02
           7.332e+00            1.954e-01            2.666e-02             7.50e-02
           7.332e+00            1.355e-01            1.847e-02             8.79e-02
           7.332e+00            9.507e-02            1.297e-02             1.08e-01
           7.332e+00            5.251e-02            7.161e-03             1.31e-01
           7.332e+00            5.924e-02            8.079e-03             1.76e-01
           7.332e+00            5.732e-02            7.818e-03             2.56e-01
           7.332e+00            4.039e-02            5.508e-03             2.54e-01
           7.332e+00            3.889e-02            5.305e-03             2.92e-01
           7.332e+00            2.527e-02            3.447e-03             3.14e-01
           7.332e+00            1.344e-02            1.833e-03             4.06e-01
           7.332e+00            8.560e-03            1.167e-03             5.87e-01
           7.332e+00            6.316e-03            8.614e-04             6.61e-01
           7.332e+00            5.005e-03            6.826e-04             8.87e-01
           7.332e+00            4.257e-03            5.805e-04             9.90e-01
           7.332e+00            3.355e-03            4.576e-04             1.03e+00
           7.332e+00            1.984e-03            2.706e-04             1.22e+00
           7.332e+00            1.279e-03            1.744e-04             1.33e+00
           7.332e+00            1.232e-03            1.681e-04             1.56e+00
           7.332e+00            5.122e-04            6.986e-05             1.70e+00
           7.332e+00            4.043e-04            5.514e-05             1.93e+00
           7.332e+00            2.674e-04            3.647e-05             2.30e+00
           7.332e+00            1.859e-04            2.535e-05             2.50e+00
           7.332e+00            1.378e-04            1.879e-05             2.66e+00
           7.332e+00            9.066e-05            1.236e-05             3.00e+00
           7.332e+00            7.653e-05            1.044e-05             3.12e+00
           7.332e+00            5.054e-05            6.893e-06             3.22e+00
           7.332e+00            3.938e-05            5.370e-06             3.50e+00
           7.332e+00            2.450e-05            3.341e-06             3.97e+00
           7.332e+00            2.026e-05            2.763e-06             4.19e+00
           7.332e+00            1.458e-05            1.988e-06             4.56e+00
           7.332e+00            1.198e-05            1.633e-06             4.77e+00
           7.332e+00            9.936e-06            1.355e-06             5.10e+00
           7.332e+00            7.245e-06            9.881e-07             5.45e+00
           7.332e+00            4.420e-06            6.029e-07             5.90e+00
           7.332e+00            3.553e-06            4.846e-07             5.92e+00
xmax = 10
xshift = -10
dx = 0.15748031496062992
len of Hint: 21
len of H: 21
Sweep 0, chi=2, cutoff=1e-08
  Direction: left->right
  Direction: right->left
  Energy: -0.3548891111, Trunc err: 1.01e+00
Sweep 1, chi=2, cutoff=1e-08
  Direction: left->right
  Direction: right->left
  Energy: -0.3766093406, Trunc err: 1.01e+00
Sweep 2, chi=2, cutoff=1e-08
  Direction: left->right
  Direction: right->left
  Energy: -0.3803572222, Trunc err: 1.01e+00
Sweep 3, chi=2, cutoff=1e-08
  Direction: left->right
  Direction: right->left
  Energy: -0.3823846392, Trunc err: 1.01e+00
Sweep 4, chi=2, cutoff=1e-08
  Direction: left->right
  Direction: right->left
  Energy: -0.3827957479, Trunc err: 1.01e+00
Sweep 5, chi=2, cutoff=1e-08
  Direction: left->right
  Direction: right->left
  Energy: -0.3829568922, Trunc err: 1.01e+00
Sweep 6, chi=2, cutoff=1e-08
  Direction: left->right
  Direction: right->left
  Energy: -0.3830014906, Trunc err: 1.01e+00
Sweep 7, chi=2, cutoff=1e-08
  Direction: left->right
  Direction: right->left
  Energy: -0.3830145845, Trunc err: 1.01e+00
Sweep 8, chi=2, cutoff=1e-08
  Direction: left->right
  Direction: right->left
  Energy: -0.3830159649, Trunc err: 1.01e+00
Sweep 9, chi=2, cutoff=1e-08
  Direction: left->right
  Direction: right->left
  Energy: -0.3830166546, Trunc err: 1.01e+00
Sweep 10, chi=4, cutoff=1e-08
  Direction: left->right
  Direction: right->left
  Energy: -0.4069491460, Trunc err: 1.02e+00
Sweep 11, chi=4, cutoff=1e-08
  Direction: left->right
  Direction: right->left
  Energy: -0.4349600178, Trunc err: 1.05e+00
Sweep 12, chi=4, cutoff=1e-08
  Direction: left->right
  Direction: right->left
  Energy: -0.4805417472, Trunc err: 1.09e+00
Sweep 13, chi=4, cutoff=1e-08
  Direction: left->right
  Direction: right->left
  Energy: -0.5955090050, Trunc err: 1.14e+00
Sweep 14, chi=4, cutoff=1e-08
  Direction: left->right
  Direction: right->left
  Energy: -0.6809932186, Trunc err: 1.23e+00
Sweep 15, chi=4, cutoff=1e-08
  Direction: left->right
  Direction: right->left
  Energy: -0.7344188656, Trunc err: 1.25e+00
Sweep 16, chi=4, cutoff=1e-08
  Direction: left->right
  Direction: right->left
  Energy: -0.7769141261, Trunc err: 1.27e+00
Sweep 17, chi=4, cutoff=1e-08
  Direction: left->right
  Direction: right->left
  Energy: -0.8084280524, Trunc err: 1.29e+00
Sweep 18, chi=4, cutoff=1e-08
  Direction: left->right
  Direction: right->left
  Energy: -0.8394278319, Trunc err: 1.30e+00
Sweep 19, chi=4, cutoff=1e-08
  Direction: left->right
  Direction: right->left
  Energy: -0.8789202298, Trunc err: 1.31e+00
Sweep 20, chi=4, cutoff=1e-08
  Direction: left->right
  Direction: right->left
  Energy: -0.9201647490, Trunc err: 1.33e+00
Sweep 21, chi=4, cutoff=1e-08
  Direction: left->right
  Direction: right->left
  Energy: -0.9606217319, Trunc err: 1.34e+00
Sweep 22, chi=4, cutoff=1e-08
  Direction: left->right
  Direction: right->left
  Energy: -1.0005639807, Trunc err: 1.36e+00
Sweep 23, chi=4, cutoff=1e-08
  Direction: left->right
  Direction: right->left
  Energy: -1.0374995189, Trunc err: 1.37e+00
Sweep 24, chi=4, cutoff=1e-08
  Direction: left->right
  Direction: right->left
  Energy: -1.0679070246, Trunc err: 1.38e+00
Sweep 25, chi=4, cutoff=1e-08
  Direction: left->right
  Direction: right->left
  Energy: -1.0917676542, Trunc err: 1.40e+00
Sweep 26, chi=4, cutoff=1e-08
  Direction: left->right
  Direction: right->left
  Energy: -1.1124229489, Trunc err: 1.41e+00
Sweep 27, chi=4, cutoff=1e-08
  Direction: left->right
  Direction: right->left
  Energy: -1.1299467070, Trunc err: 1.41e+00
Sweep 28, chi=4, cutoff=1e-08
  Direction: left->right
  Direction: right->left
  Energy: -1.1430652410, Trunc err: 1.42e+00
Sweep 29, chi=4, cutoff=1e-08
  Direction: left->right
  Direction: right->left
  Energy: -1.1535228138, Trunc err: 1.43e+00
Sweep 30, chi=4, cutoff=1e-08
  Direction: left->right
  Direction: right->left
  Energy: -1.1598777788, Trunc err: 1.43e+00
Sweep 31, chi=4, cutoff=1e-08
  Direction: left->right
  Direction: right->left
  Energy: -1.1643456261, Trunc err: 1.43e+00
Sweep 32, chi=4, cutoff=1e-08
  Direction: left->right
  Direction: right->left
  Energy: -1.1677238462, Trunc err: 1.44e+00
Sweep 33, chi=4, cutoff=1e-08
  Direction: left->right
  Direction: right->left
  Energy: -1.1701755328, Trunc err: 1.44e+00
Sweep 34, chi=4, cutoff=1e-08
  Direction: left->right
  Direction: right->left
  Energy: -1.1718867568, Trunc err: 1.44e+00
Sweep 35, chi=4, cutoff=1e-08
  Direction: left->right
  Direction: right->left
  Energy: -1.1730662766, Trunc err: 1.44e+00
Sweep 36, chi=4, cutoff=1e-08
  Direction: left->right
  Direction: right->left
  Energy: -1.1738944292, Trunc err: 1.44e+00
Sweep 37, chi=4, cutoff=1e-08
  Direction: left->right
  Direction: right->left
  Energy: -1.1744763685, Trunc err: 1.45e+00
Sweep 38, chi=4, cutoff=1e-08
  Direction: left->right
  Direction: right->left
  Energy: -1.1748895948, Trunc err: 1.45e+00
Sweep 39, chi=4, cutoff=1e-08
  Direction: left->right
  Direction: right->left
  Energy: -1.1752010641, Trunc err: 1.45e+00
Sweep 40, chi=4, cutoff=1e-08
  Direction: left->right
  Direction: right->left
  Energy: -1.1754241916, Trunc err: 1.45e+00
Sweep 41, chi=4, cutoff=1e-08
  Direction: left->right
  Direction: right->left
  Energy: -1.1755936275, Trunc err: 1.45e+00
Sweep 42, chi=4, cutoff=1e-08
  Direction: left->right
  Direction: right->left
  Energy: -1.1757217498, Trunc err: 1.45e+00
Sweep 43, chi=4, cutoff=1e-08
  Direction: left->right
  Direction: right->left
  Energy: -1.1758192268, Trunc err: 1.45e+00
Sweep 44, chi=4, cutoff=1e-08
  Direction: left->right
  Direction: right->left
  Energy: -1.1758934624, Trunc err: 1.45e+00
Sweep 45, chi=4, cutoff=1e-08
  Direction: left->right
  Direction: right->left
  Energy: -1.1759506645, Trunc err: 1.45e+00
Sweep 46, chi=4, cutoff=1e-08
  Direction: left->right
  Direction: right->left
  Energy: -1.1759949187, Trunc err: 1.45e+00
Sweep 47, chi=4, cutoff=1e-08
  Direction: left->right
  Direction: right->left
  Energy: -1.1760293433, Trunc err: 1.45e+00
Sweep 48, chi=4, cutoff=1e-08
  Direction: left->right
  Direction: right->left
  Energy: -1.1760562848, Trunc err: 1.45e+00
Sweep 49, chi=4, cutoff=1e-08
  Direction: left->right
  Direction: right->left
  Energy: -1.1760773625, Trunc err: 1.45e+00
Sweep 50, chi=8, cutoff=1e-08
  Direction: left->right
  Direction: right->left
  Energy: -1.2310521824, Trunc err: 1.47e+00
Sweep 51, chi=8, cutoff=1e-08
  Direction: left->right
  Direction: right->left
  Energy: -1.2496522576, Trunc err: 1.49e+00
Sweep 52, chi=8, cutoff=1e-08
  Direction: left->right
  Direction: right->left
  Energy: -1.2565985287, Trunc err: 1.51e+00
Sweep 53, chi=8, cutoff=1e-08
  Direction: left->right
  Direction: right->left
  Energy: -1.2599389973, Trunc err: 1.52e+00
Sweep 54, chi=8, cutoff=1e-08
  Direction: left->right
  Direction: right->left
  Energy: -1.2618153850, Trunc err: 1.52e+00
Sweep 55, chi=8, cutoff=1e-08
  Direction: left->right
  Direction: right->left
  Energy: -1.2629958258, Trunc err: 1.53e+00
Sweep 56, chi=8, cutoff=1e-08
  Direction: left->right
  Direction: right->left
  Energy: -1.2637929015, Trunc err: 1.53e+00
Sweep 57, chi=8, cutoff=1e-08
  Direction: left->right
  Direction: right->left
  Energy: -1.2643542232, Trunc err: 1.53e+00
Sweep 58, chi=8, cutoff=1e-08
  Direction: left->right
  Direction: right->left
  Energy: -1.2647598853, Trunc err: 1.53e+00
Sweep 59, chi=8, cutoff=1e-08
  Direction: left->right
  Direction: right->left
  Energy: -1.2650585076, Trunc err: 1.54e+00
Sweep 60, chi=8, cutoff=1e-08
  Direction: left->right
  Direction: right->left
  Energy: -1.2652815354, Trunc err: 1.54e+00
Sweep 61, chi=8, cutoff=1e-08
  Direction: left->right
  Direction: right->left
  Energy: -1.2654501698, Trunc err: 1.54e+00
Sweep 62, chi=8, cutoff=1e-08
  Direction: left->right
  Direction: right->left
  Energy: -1.2655791531, Trunc err: 1.54e+00
Sweep 63, chi=8, cutoff=1e-08
  Direction: left->right
  Direction: right->left
  Energy: -1.2656776751, Trunc err: 1.54e+00
Sweep 64, chi=8, cutoff=1e-08
  Direction: left->right
  Direction: right->left
  Energy: -1.2657530332, Trunc err: 1.54e+00
Sweep 65, chi=8, cutoff=1e-08
  Direction: left->right
  Direction: right->left
  Energy: -1.2658116276, Trunc err: 1.54e+00
Sweep 66, chi=8, cutoff=1e-08
  Direction: left->right
  Direction: right->left
  Energy: -1.2658561426, Trunc err: 1.54e+00
Sweep 67, chi=8, cutoff=1e-08
  Direction: left->right
  Direction: right->left
  Energy: -1.2658907514, Trunc err: 1.54e+00
Sweep 68, chi=8, cutoff=1e-08
  Direction: left->right
  Direction: right->left
  Energy: -1.2659170995, Trunc err: 1.54e+00
Sweep 69, chi=8, cutoff=1e-08
  Direction: left->right
  Direction: right->left
  Energy: -1.2659337799, Trunc err: 1.54e+00
Sweep 70, chi=8, cutoff=1e-08
  Direction: left->right
  Direction: right->left
  Energy: -1.2659533976, Trunc err: 1.54e+00
Sweep 71, chi=8, cutoff=1e-08
  Direction: left->right
  Direction: right->left
  Energy: -1.2659660945, Trunc err: 1.54e+00
Sweep 72, chi=8, cutoff=1e-08
  Direction: left->right
  Direction: right->left
  Energy: -1.2659769370, Trunc err: 1.54e+00
Sweep 73, chi=8, cutoff=1e-08
  Direction: left->right
  Direction: right->left
  Energy: -1.2659847934, Trunc err: 1.54e+00
Sweep 74, chi=8, cutoff=1e-08
  Direction: left->right
  Direction: right->left
  Energy: -1.2659905331, Trunc err: 1.54e+00
Sweep 75, chi=8, cutoff=1e-08
  Direction: left->right
  Direction: right->left
  Energy: -1.2659949105, Trunc err: 1.54e+00
Sweep 76, chi=8, cutoff=1e-08
  Direction: left->right
  Direction: right->left
  Energy: -1.2659987075, Trunc err: 1.54e+00
Sweep 77, chi=8, cutoff=1e-08
  Direction: left->right
  Direction: right->left
  Energy: -1.2660004553, Trunc err: 1.54e+00
Sweep 78, chi=8, cutoff=1e-08
  Direction: left->right
  Direction: right->left
  Energy: -1.2660018672, Trunc err: 1.54e+00
Sweep 79, chi=8, cutoff=1e-08
  Direction: left->right
  Direction: right->left
  Energy: -1.2660040097, Trunc err: 1.54e+00
Sweep 80, chi=8, cutoff=1e-08
  Direction: left->right
  Direction: right->left
  Energy: -1.2660065258, Trunc err: 1.54e+00
Sweep 81, chi=8, cutoff=1e-08
  Direction: left->right
  Direction: right->left
  Energy: -1.2660083476, Trunc err: 1.54e+00
Sweep 82, chi=8, cutoff=1e-08
  Direction: left->right
  Direction: right->left
  Energy: -1.2660095911, Trunc err: 1.54e+00
Sweep 83, chi=8, cutoff=1e-08
  Direction: left->right
  Direction: right->left
  Energy: -1.2660110795, Trunc err: 1.54e+00
Sweep 84, chi=8, cutoff=1e-08
  Direction: left->right
  Direction: right->left
  Energy: -1.2660115814, Trunc err: 1.54e+00
Sweep 85, chi=8, cutoff=1e-08
  Direction: left->right
  Direction: right->left
  Energy: -1.2660120492, Trunc err: 1.54e+00
Sweep 86, chi=8, cutoff=1e-08
  Direction: left->right
  Direction: right->left
  Energy: -1.2660121305, Trunc err: 1.54e+00
Sweep 87, chi=8, cutoff=1e-08
  Direction: left->right
  Direction: right->left
  Energy: -1.2660114957, Trunc err: 1.54e+00
Sweep 88, chi=8, cutoff=1e-08
  Direction: left->right
  Direction: right->left
  Energy: -1.2660100950, Trunc err: 1.54e+00
Sweep 89, chi=8, cutoff=1e-08
  Direction: left->right
  Direction: right->left
  Energy: -1.2660137506, Trunc err: 1.54e+00
Sweep 90, chi=8, cutoff=1e-08
  Direction: left->right
  Direction: right->left
  Energy: -1.2660131736, Trunc err: 1.54e+00
Sweep 91, chi=8, cutoff=1e-08
  Direction: left->right
  Direction: right->left
  Energy: -1.2660123676, Trunc err: 1.54e+00
Sweep 92, chi=8, cutoff=1e-08
  Direction: left->right
  Direction: right->left
  Energy: -1.2660139137, Trunc err: 1.54e+00
Sweep 93, chi=8, cutoff=1e-08
  Direction: left->right
  Direction: right->left
  Energy: -1.2660142204, Trunc err: 1.54e+00
Sweep 94, chi=8, cutoff=1e-08
  Direction: left->right
  Direction: right->left
  Energy: -1.2660141285, Trunc err: 1.54e+00
Sweep 95, chi=8, cutoff=1e-08
  Direction: left->right
  Direction: right->left
  Energy: -1.2660134972, Trunc err: 1.54e+00
Sweep 96, chi=8, cutoff=1e-08
  Direction: left->right
  Direction: right->left
  Energy: -1.2660122192, Trunc err: 1.54e+00
Sweep 97, chi=8, cutoff=1e-08
  Direction: left->right
  Direction: right->left
  Energy: -1.2660112097, Trunc err: 1.54e+00
Sweep 98, chi=8, cutoff=1e-08
  Direction: left->right
  Direction: right->left
  Energy: -1.2660106969, Trunc err: 1.54e+00
Sweep 99, chi=8, cutoff=1e-08
  Direction: left->right
  Direction: right->left
  Energy: -1.2660104160, Trunc err: 1.54e+00
Sweep 100, chi=16, cutoff=1e-08
  Direction: left->right
  Direction: right->left
  Energy: -1.3248807165, Trunc err: 1.59e+00
Sweep 101, chi=16, cutoff=1e-08
  Direction: left->right
  Direction: right->left
  Energy: -1.3339800779, Trunc err: 1.65e+00
Sweep 102, chi=16, cutoff=1e-08
  Direction: left->right
  Direction: right->left
  Energy: -1.3358743317, Trunc err: 1.67e+00
Sweep 103, chi=16, cutoff=1e-08
  Direction: left->right
  Direction: right->left
  Energy: -1.3365745274, Trunc err: 1.68e+00
Sweep 104, chi=16, cutoff=1e-08
  Direction: left->right
  Direction: right->left
  Energy: -1.3369388485, Trunc err: 1.68e+00
Sweep 105, chi=16, cutoff=1e-08
  Direction: left->right
  Direction: right->left
  Energy: -1.3371941277, Trunc err: 1.68e+00
Sweep 106, chi=16, cutoff=1e-08
  Direction: left->right
  Direction: right->left
  Energy: -1.3373346877, Trunc err: 1.68e+00
Sweep 107, chi=16, cutoff=1e-08
  Direction: left->right
  Direction: right->left
  Energy: -1.3374109737, Trunc err: 1.68e+00
Sweep 108, chi=16, cutoff=1e-08
  Direction: left->right
  Direction: right->left
  Energy: -1.3374563957, Trunc err: 1.68e+00
Sweep 109, chi=16, cutoff=1e-08
  Direction: left->right
  Direction: right->left
  Energy: -1.3374855343, Trunc err: 1.68e+00
Sweep 110, chi=16, cutoff=1e-08
  Direction: left->right
  Direction: right->left
  Energy: -1.3375049597, Trunc err: 1.68e+00
Sweep 111, chi=16, cutoff=1e-08
  Direction: left->right
  Direction: right->left
  Energy: -1.3375183432, Trunc err: 1.68e+00
Sweep 112, chi=16, cutoff=1e-08
  Direction: left->right
  Direction: right->left
  Energy: -1.3375276487, Trunc err: 1.68e+00
Sweep 113, chi=16, cutoff=1e-08
  Direction: left->right
  Direction: right->left
  Energy: -1.3375344055, Trunc err: 1.68e+00
Sweep 114, chi=16, cutoff=1e-08
  Direction: left->right
  Direction: right->left
  Energy: -1.3375392197, Trunc err: 1.68e+00
Sweep 115, chi=16, cutoff=1e-08
  Direction: left->right
  Direction: right->left
  Energy: -1.3375425918, Trunc err: 1.68e+00
Sweep 116, chi=16, cutoff=1e-08
  Direction: left->right
  Direction: right->left
  Energy: -1.3375451802, Trunc err: 1.68e+00
Sweep 117, chi=16, cutoff=1e-08
  Direction: left->right
  Direction: right->left
  Energy: -1.3375471705, Trunc err: 1.68e+00
Sweep 118, chi=16, cutoff=1e-08
  Direction: left->right
  Direction: right->left
  Energy: -1.3375487217, Trunc err: 1.68e+00
Sweep 119, chi=16, cutoff=1e-08
  Direction: left->right
  Direction: right->left
  Energy: -1.3375497861, Trunc err: 1.68e+00
Sweep 120, chi=32, cutoff=1e-08
  Direction: left->right
  Direction: right->left
  Energy: -1.3486547513, Trunc err: 1.70e+00
Sweep 121, chi=32, cutoff=1e-08
  Direction: left->right
  Direction: right->left
  Energy: -1.3502467625, Trunc err: 1.73e+00
Sweep 122, chi=32, cutoff=1e-08
  Direction: left->right
  Direction: right->left
  Energy: -1.3506495141, Trunc err: 1.74e+00
Sweep 123, chi=32, cutoff=1e-08
  Direction: left->right
  Direction: right->left
  Energy: -1.3508024040, Trunc err: 1.74e+00
Sweep 124, chi=32, cutoff=1e-08
  Direction: left->right
  Direction: right->left
  Energy: -1.3508769414, Trunc err: 1.75e+00
Sweep 125, chi=32, cutoff=1e-08
  Direction: left->right
  Direction: right->left
  Energy: -1.3509185095, Trunc err: 1.75e+00
Sweep 126, chi=32, cutoff=1e-08
  Direction: left->right
  Direction: right->left
  Energy: -1.3509446320, Trunc err: 1.75e+00
Sweep 127, chi=32, cutoff=1e-08
  Direction: left->right
  Direction: right->left
  Energy: -1.3509627756, Trunc err: 1.75e+00
Sweep 128, chi=32, cutoff=1e-08
  Direction: left->right
  Direction: right->left
  Energy: -1.3509761726, Trunc err: 1.75e+00
Sweep 129, chi=32, cutoff=1e-08
  Direction: left->right
  Direction: right->left
  Energy: -1.3509859933, Trunc err: 1.75e+00
Sweep 0, chi=2, cutoff=1e-08
  Direction: left->right
  Direction: right->left
  Energy: -0.8573087728, Trunc err: 5.38e-03
Sweep 1, chi=2, cutoff=1e-08
  Direction: left->right
  Direction: right->left
  Energy: -0.8573593564, Trunc err: 1.10e-02
Sweep 2, chi=2, cutoff=1e-08
  Direction: left->right
  Direction: right->left
  Energy: -0.8573593615, Trunc err: 1.10e-02
Sweep 3, chi=2, cutoff=1e-08
  Direction: left->right
  Direction: right->left
  Energy: -0.8573593615, Trunc err: 1.10e-02
Sweep 4, chi=2, cutoff=1e-08
  Direction: left->right
  Direction: right->left
  Energy: -0.8573593615, Trunc err: 1.10e-02
Sweep 5, chi=2, cutoff=1e-08
  Direction: left->right
  Direction: right->left
  Energy: -0.8573593615, Trunc err: 1.10e-02
Sweep 6, chi=2, cutoff=1e-08
  Direction: left->right
  Direction: right->left
  Energy: -0.8573593615, Trunc err: 1.10e-02
Sweep 7, chi=2, cutoff=1e-08
  Direction: left->right
  Direction: right->left
  Energy: -0.8573593615, Trunc err: 1.10e-02
Sweep 8, chi=2, cutoff=1e-08
  Direction: left->right
  Direction: right->left
  Energy: -0.8573593615, Trunc err: 1.10e-02
Sweep 9, chi=2, cutoff=1e-08
  Direction: left->right
  Direction: right->left
  Energy: -0.8573593615, Trunc err: 1.10e-02
Sweep 10, chi=4, cutoff=1e-08
  Direction: left->right
  Direction: right->left
  Energy: -0.8737509688, Trunc err: 1.79e-03
Sweep 11, chi=4, cutoff=1e-08
  Direction: left->right
  Direction: right->left
  Energy: -0.8738338880, Trunc err: 3.96e-03
Sweep 12, chi=4, cutoff=1e-08
  Direction: left->right
  Direction: right->left
  Energy: -0.8738338961, Trunc err: 3.97e-03
Sweep 13, chi=4, cutoff=1e-08
  Direction: left->right
  Direction: right->left
  Energy: -0.8738338961, Trunc err: 3.97e-03
Sweep 14, chi=4, cutoff=1e-08
  Direction: left->right
  Direction: right->left
  Energy: -0.8738338961, Trunc err: 3.97e-03
Sweep 15, chi=4, cutoff=1e-08
  Direction: left->right
  Direction: right->left
  Energy: -0.8738338961, Trunc err: 3.97e-03
Sweep 16, chi=4, cutoff=1e-08
  Direction: left->right
  Direction: right->left
  Energy: -0.8738338961, Trunc err: 3.97e-03
Sweep 17, chi=4, cutoff=1e-08
  Direction: left->right
  Direction: right->left
  Energy: -0.8738338961, Trunc err: 3.97e-03
Sweep 18, chi=4, cutoff=1e-08
  Direction: left->right
  Direction: right->left
  Energy: -0.8738338961, Trunc err: 3.97e-03
Sweep 19, chi=4, cutoff=1e-08
  Direction: left->right
  Direction: right->left
  Energy: -0.8738338961, Trunc err: 3.97e-03
Sweep 20, chi=8, cutoff=1e-08
  Direction: left->right
  Direction: right->left
  Energy: -0.8749439705, Trunc err: 7.89e-05
Sweep 21, chi=8, cutoff=1e-08
  Direction: left->right
  Direction: right->left
  Energy: -0.8749447739, Trunc err: 1.83e-04
Sweep 22, chi=8, cutoff=1e-08
  Direction: left->right
  Direction: right->left
  Energy: -0.8749447752, Trunc err: 1.86e-04
Sweep 23, chi=8, cutoff=1e-08
  Direction: left->right
  Direction: right->left
  Energy: -0.8749447753, Trunc err: 1.86e-04
Sweep 24, chi=8, cutoff=1e-08
  Direction: left->right
  Direction: right->left
  Energy: -0.8749447753, Trunc err: 1.86e-04
Sweep 25, chi=8, cutoff=1e-08
  Direction: left->right
  Direction: right->left
  Energy: -0.8749447753, Trunc err: 1.86e-04
Sweep 26, chi=8, cutoff=1e-08
  Direction: left->right
  Direction: right->left
  Energy: -0.8749447753, Trunc err: 1.86e-04
Sweep 27, chi=8, cutoff=1e-08
  Direction: left->right
  Direction: right->left
  Energy: -0.8749447753, Trunc err: 1.86e-04
Sweep 28, chi=8, cutoff=1e-08
  Direction: left->right
  Direction: right->left
  Energy: -0.8749447753, Trunc err: 1.86e-04
Sweep 29, chi=8, cutoff=1e-08
  Direction: left->right
  Direction: right->left
  Energy: -0.8749447753, Trunc err: 1.86e-04
Sweep 30, chi=8, cutoff=1e-08
  Direction: left->right
  Direction: right->left
  Energy: -0.8749447753, Trunc err: 1.86e-04
Sweep 31, chi=8, cutoff=1e-08
  Direction: left->right
  Direction: right->left
  Energy: -0.8749447753, Trunc err: 1.86e-04
Sweep 32, chi=8, cutoff=1e-08
  Direction: left->right
  Direction: right->left
  Energy: -0.8749447753, Trunc err: 1.86e-04
Sweep 33, chi=8, cutoff=1e-08
  Direction: left->right
  Direction: right->left
  Energy: -0.8749447753, Trunc err: 1.86e-04
Sweep 34, chi=8, cutoff=1e-08
  Direction: left->right
  Direction: right->left
  Energy: -0.8749447753, Trunc err: 1.86e-04
Sweep 35, chi=8, cutoff=1e-08
  Direction: left->right
  Direction: right->left
  Energy: -0.8749447753, Trunc err: 1.86e-04
Sweep 36, chi=8, cutoff=1e-08
  Direction: left->right
  Direction: right->left
  Energy: -0.8749447753, Trunc err: 1.86e-04
Sweep 37, chi=8, cutoff=1e-08
  Direction: left->right
  Direction: right->left
  Energy: -0.8749447753, Trunc err: 1.86e-04
Sweep 38, chi=8, cutoff=1e-08
  Direction: left->right
  Direction: right->left
  Energy: -0.8749447753, Trunc err: 1.86e-04
Sweep 39, chi=8, cutoff=1e-08
  Direction: left->right
  Direction: right->left
  Energy: -0.8749447753, Trunc err: 1.86e-04
Sweep 40, chi=8, cutoff=1e-08
  Direction: left->right
  Direction: right->left
  Energy: -0.8749447753, Trunc err: 1.86e-04
Sweep 41, chi=8, cutoff=1e-08
  Direction: left->right
  Direction: right->left
  Energy: -0.8749447753, Trunc err: 1.86e-04
Sweep 42, chi=8, cutoff=1e-08
  Direction: left->right
  Direction: right->left
  Energy: -0.8749447753, Trunc err: 1.86e-04
Sweep 43, chi=8, cutoff=1e-08
  Direction: left->right
  Direction: right->left
  Energy: -0.8749447753, Trunc err: 1.86e-04
Sweep 44, chi=8, cutoff=1e-08
  Direction: left->right
  Direction: right->left
  Energy: -0.8749447753, Trunc err: 1.86e-04
Sweep 45, chi=8, cutoff=1e-08
  Direction: left->right
  Direction: right->left
  Energy: -0.8749447753, Trunc err: 1.86e-04
Sweep 46, chi=8, cutoff=1e-08
  Direction: left->right
  Direction: right->left
  Energy: -0.8749447753, Trunc err: 1.86e-04
Sweep 47, chi=8, cutoff=1e-08
  Direction: left->right
  Direction: right->left
  Energy: -0.8749447753, Trunc err: 1.86e-04
Sweep 48, chi=8, cutoff=1e-08
  Direction: left->right
  Direction: right->left
  Energy: -0.8749447753, Trunc err: 1.86e-04
Sweep 49, chi=8, cutoff=1e-08
  Direction: left->right
  Direction: right->left
  Energy: -0.8749447753, Trunc err: 1.86e-04
Sweep 50, chi=8, cutoff=1e-08
  Direction: left->right
  Direction: right->left
  Energy: -0.8749447753, Trunc err: 1.86e-04
Sweep 51, chi=8, cutoff=1e-08
  Direction: left->right
  Direction: right->left
  Energy: -0.8749447753, Trunc err: 1.86e-04
Sweep 52, chi=8, cutoff=1e-08
  Direction: left->right
  Direction: right->left
  Energy: -0.8749447753, Trunc err: 1.86e-04
Sweep 53, chi=8, cutoff=1e-08
  Direction: left->right
  Direction: right->left
  Energy: -0.8749447753, Trunc err: 1.86e-04
Sweep 54, chi=8, cutoff=1e-08
  Direction: left->right
  Direction: right->left
  Energy: -0.8749447753, Trunc err: 1.86e-04
Sweep 55, chi=8, cutoff=1e-08
  Direction: left->right
  Direction: right->left
  Energy: -0.8749447753, Trunc err: 1.86e-04
Sweep 56, chi=8, cutoff=1e-08
  Direction: left->right
  Direction: right->left
  Energy: -0.8749447753, Trunc err: 1.86e-04
Sweep 57, chi=8, cutoff=1e-08
  Direction: left->right
  Direction: right->left
  Energy: -0.8749447753, Trunc err: 1.86e-04
Sweep 58, chi=8, cutoff=1e-08
  Direction: left->right
  Direction: right->left
  Energy: -0.8749447753, Trunc err: 1.86e-04
Sweep 59, chi=8, cutoff=1e-08
  Direction: left->right
  Direction: right->left
  Energy: -0.8749447753, Trunc err: 1.86e-04
Sweep 60, chi=16, cutoff=1e-08
  Direction: left->right
  Direction: right->left
  Energy: -0.8749500390, Trunc err: 3.60e-08
Sweep 61, chi=16, cutoff=1e-08
  Direction: left->right
  Direction: right->left
  Energy: -0.8749500390, Trunc err: 9.13e-08
Sweep 62, chi=16, cutoff=1e-08
  Direction: left->right
  Direction: right->left
  Energy: -0.8749500390, Trunc err: 9.49e-08
Sweep 63, chi=16, cutoff=1e-08
  Direction: left->right
  Direction: right->left
  Energy: -0.8749500390, Trunc err: 9.50e-08
Sweep 64, chi=16, cutoff=1e-08
  Direction: left->right
  Direction: right->left
  Energy: -0.8749500390, Trunc err: 9.50e-08
Sweep 65, chi=16, cutoff=1e-08
  Direction: left->right
  Direction: right->left
  Energy: -0.8749500390, Trunc err: 9.50e-08
Sweep 66, chi=16, cutoff=1e-08
  Direction: left->right
  Direction: right->left
  Energy: -0.8749500390, Trunc err: 9.50e-08
Sweep 67, chi=16, cutoff=1e-08
  Direction: left->right
  Direction: right->left
  Energy: -0.8749500390, Trunc err: 9.50e-08
Sweep 68, chi=16, cutoff=1e-08
  Direction: left->right
  Direction: right->left
  Energy: -0.8749500390, Trunc err: 9.50e-08
Sweep 69, chi=16, cutoff=1e-08
  Direction: left->right
  Direction: right->left
  Energy: -0.8749500390, Trunc err: 9.50e-08
Sweep 70, chi=16, cutoff=1e-08
  Direction: left->right
  Direction: right->left
  Energy: -0.8749500390, Trunc err: 9.50e-08
Sweep 71, chi=16, cutoff=1e-08
  Direction: left->right
  Direction: right->left
  Energy: -0.8749500390, Trunc err: 9.50e-08
Sweep 72, chi=16, cutoff=1e-08
  Direction: left->right
  Direction: right->left
  Energy: -0.8749500390, Trunc err: 9.50e-08
Sweep 73, chi=16, cutoff=1e-08
  Direction: left->right
  Direction: right->left
  Energy: -0.8749500390, Trunc err: 9.50e-08
Sweep 74, chi=16, cutoff=1e-08
  Direction: left->right
  Direction: right->left
  Energy: -0.8749500390, Trunc err: 9.50e-08
Sweep 75, chi=16, cutoff=1e-08
  Direction: left->right
  Direction: right->left
  Energy: -0.8749500390, Trunc err: 9.50e-08
Sweep 76, chi=16, cutoff=1e-08
  Direction: left->right
  Direction: right->left
  Energy: -0.8749500390, Trunc err: 9.50e-08
Sweep 77, chi=16, cutoff=1e-08
  Direction: left->right
  Direction: right->left
  Energy: -0.8749500390, Trunc err: 9.50e-08
Sweep 78, chi=16, cutoff=1e-08
  Direction: left->right
  Direction: right->left
  Energy: -0.8749500390, Trunc err: 9.50e-08
Sweep 79, chi=16, cutoff=1e-08
  Direction: left->right
  Direction: right->left
  Energy: -0.8749500390, Trunc err: 9.50e-08
Sweep 80, chi=16, cutoff=1e-08
  Direction: left->right
  Direction: right->left
  Energy: -0.8749500390, Trunc err: 9.50e-08
Sweep 81, chi=16, cutoff=1e-08
  Direction: left->right
  Direction: right->left
  Energy: -0.8749500390, Trunc err: 9.50e-08
Sweep 82, chi=16, cutoff=1e-08
  Direction: left->right
  Direction: right->left
  Energy: -0.8749500390, Trunc err: 9.50e-08
Sweep 83, chi=16, cutoff=1e-08
  Direction: left->right
  Direction: right->left
  Energy: -0.8749500390, Trunc err: 9.50e-08
Sweep 84, chi=16, cutoff=1e-08
  Direction: left->right
  Direction: right->left
  Energy: -0.8749500390, Trunc err: 9.50e-08
Sweep 85, chi=16, cutoff=1e-08
  Direction: left->right
  Direction: right->left
  Energy: -0.8749500390, Trunc err: 9.50e-08
Sweep 86, chi=16, cutoff=1e-08
  Direction: left->right
  Direction: right->left
  Energy: -0.8749500390, Trunc err: 9.50e-08
Sweep 87, chi=16, cutoff=1e-08
  Direction: left->right
  Direction: right->left
  Energy: -0.8749500390, Trunc err: 9.50e-08
Sweep 88, chi=16, cutoff=1e-08
  Direction: left->right
  Direction: right->left
  Energy: -0.8749500390, Trunc err: 9.50e-08
Sweep 89, chi=16, cutoff=1e-08
  Direction: left->right
  Direction: right->left
  Energy: -0.8749500390, Trunc err: 9.50e-08
Sweep 90, chi=16, cutoff=1e-08
  Direction: left->right
  Direction: right->left
  Energy: -0.8749500390, Trunc err: 9.50e-08
Sweep 91, chi=16, cutoff=1e-08
  Direction: left->right
  Direction: right->left
  Energy: -0.8749500390, Trunc err: 9.50e-08
Sweep 92, chi=16, cutoff=1e-08
  Direction: left->right
  Direction: right->left
  Energy: -0.8749500390, Trunc err: 9.50e-08
Sweep 93, chi=16, cutoff=1e-08
  Direction: left->right
  Direction: right->left
  Energy: -0.8749500390, Trunc err: 9.50e-08
Sweep 94, chi=16, cutoff=1e-08
  Direction: left->right
  Direction: right->left
  Energy: -0.8749500390, Trunc err: 9.50e-08
Sweep 95, chi=16, cutoff=1e-08
  Direction: left->right
  Direction: right->left
  Energy: -0.8749500390, Trunc err: 9.50e-08
Sweep 96, chi=16, cutoff=1e-08
  Direction: left->right
  Direction: right->left
  Energy: -0.8749500390, Trunc err: 9.50e-08
Sweep 97, chi=16, cutoff=1e-08
  Direction: left->right
  Direction: right->left
  Energy: -0.8749500390, Trunc err: 9.50e-08
Sweep 98, chi=16, cutoff=1e-08
  Direction: left->right
  Direction: right->left
  Energy: -0.8749500390, Trunc err: 9.50e-08
Sweep 99, chi=16, cutoff=1e-08
  Direction: left->right
  Direction: right->left
  Energy: -0.8749500390, Trunc err: 9.50e-08
Sweep 100, chi=32, cutoff=1e-08
  Direction: left->right
  Direction: right->left
  Energy: -0.8749500390, Trunc err: 1.57e-08
Sweep 101, chi=32, cutoff=1e-08
  Direction: left->right
  Direction: right->left
  Energy: -0.8749500390, Trunc err: 1.66e-08
Sweep 102, chi=32, cutoff=1e-08
  Direction: left->right
  Direction: right->left
  Energy: -0.8749500390, Trunc err: 1.65e-08
Sweep 103, chi=32, cutoff=1e-08
  Direction: left->right
  Direction: right->left
  Energy: -0.8749500390, Trunc err: 1.66e-08
Sweep 104, chi=32, cutoff=1e-08
  Direction: left->right
  Direction: right->left
  Energy: -0.8749500390, Trunc err: 1.66e-08
Sweep 105, chi=32, cutoff=1e-08
  Direction: left->right
  Direction: right->left
  Energy: -0.8749500390, Trunc err: 1.66e-08
Sweep 106, chi=32, cutoff=1e-08
  Direction: left->right
  Direction: right->left
  Energy: -0.8749500390, Trunc err: 1.66e-08
Sweep 107, chi=32, cutoff=1e-08
  Direction: left->right
  Direction: right->left
  Energy: -0.8749500390, Trunc err: 1.66e-08
Sweep 108, chi=32, cutoff=1e-08
  Direction: left->right
  Direction: right->left
  Energy: -0.8749500390, Trunc err: 1.66e-08
Sweep 109, chi=32, cutoff=1e-08
  Direction: left->right
  Direction: right->left
  Energy: -0.8749500390, Trunc err: 1.66e-08
Sweep 110, chi=32, cutoff=1e-08
  Direction: left->right
  Direction: right->left
  Energy: -0.8749500390, Trunc err: 1.66e-08
Sweep 111, chi=32, cutoff=1e-08
  Direction: left->right
  Direction: right->left
  Energy: -0.8749500390, Trunc err: 1.66e-08
Sweep 112, chi=32, cutoff=1e-08
  Direction: left->right
  Direction: right->left
  Energy: -0.8749500390, Trunc err: 1.66e-08
Sweep 113, chi=32, cutoff=1e-08
  Direction: left->right
  Direction: right->left
  Energy: -0.8749500390, Trunc err: 1.66e-08
Sweep 114, chi=32, cutoff=1e-08
  Direction: left->right
  Direction: right->left
  Energy: -0.8749500390, Trunc err: 1.66e-08
Sweep 115, chi=32, cutoff=1e-08
  Direction: left->right
  Direction: right->left
  Energy: -0.8749500390, Trunc err: 1.66e-08
Sweep 116, chi=32, cutoff=1e-08
  Direction: left->right
  Direction: right->left
  Energy: -0.8749500390, Trunc err: 1.66e-08
Sweep 117, chi=32, cutoff=1e-08
  Direction: left->right
  Direction: right->left
  Energy: -0.8749500390, Trunc err: 1.66e-08
Sweep 118, chi=32, cutoff=1e-08
  Direction: left->right
  Direction: right->left
  Energy: -0.8749500390, Trunc err: 1.66e-08
Sweep 119, chi=32, cutoff=1e-08
  Direction: left->right
  Direction: right->left
  Energy: -0.8749500390, Trunc err: 1.66e-08
Sweep 120, chi=32, cutoff=1e-08
  Direction: left->right
  Direction: right->left
  Energy: -0.8749500390, Trunc err: 1.66e-08
Sweep 121, chi=32, cutoff=1e-08
  Direction: left->right
  Direction: right->left
  Energy: -0.8749500390, Trunc err: 1.66e-08
Sweep 122, chi=32, cutoff=1e-08
  Direction: left->right
  Direction: right->left
  Energy: -0.8749500390, Trunc err: 1.66e-08
Sweep 123, chi=32, cutoff=1e-08
  Direction: left->right
  Direction: right->left
  Energy: -0.8749500390, Trunc err: 1.66e-08
Sweep 124, chi=32, cutoff=1e-08
  Direction: left->right
  Direction: right->left
  Energy: -0.8749500390, Trunc err: 1.66e-08
Sweep 125, chi=32, cutoff=1e-08
  Direction: left->right
  Direction: right->left
  Energy: -0.8749500390, Trunc err: 1.66e-08
Sweep 126, chi=32, cutoff=1e-08
  Direction: left->right
  Direction: right->left
  Energy: -0.8749500390, Trunc err: 1.66e-08
Sweep 127, chi=32, cutoff=1e-08
  Direction: left->right
  Direction: right->left
  Energy: -0.8749500390, Trunc err: 1.66e-08
Sweep 128, chi=32, cutoff=1e-08
  Direction: left->right
  Direction: right->left
  Energy: -0.8749500390, Trunc err: 1.66e-08
Sweep 129, chi=32, cutoff=1e-08
  Direction: left->right
  Direction: right->left
  Energy: -0.8749500390, Trunc err: 1.66e-08
Sweep 130, chi=32, cutoff=1e-08
  Direction: left->right
  Direction: right->left
  Energy: -0.8749500390, Trunc err: 1.66e-08
Sweep 131, chi=32, cutoff=1e-08
  Direction: left->right
  Direction: right->left
  Energy: -0.8749500390, Trunc err: 1.66e-08
Sweep 132, chi=32, cutoff=1e-08
  Direction: left->right
  Direction: right->left
  Energy: -0.8749500390, Trunc err: 1.66e-08
Sweep 133, chi=32, cutoff=1e-08
  Direction: left->right
  Direction: right->left
  Energy: -0.8749500390, Trunc err: 1.66e-08
Sweep 134, chi=32, cutoff=1e-08
  Direction: left->right
  Direction: right->left
  Energy: -0.8749500390, Trunc err: 1.66e-08
Sweep 135, chi=32, cutoff=1e-08
  Direction: left->right
  Direction: right->left
  Energy: -0.8749500390, Trunc err: 1.66e-08
Sweep 136, chi=32, cutoff=1e-08
  Direction: left->right
  Direction: right->left
  Energy: -0.8749500390, Trunc err: 1.66e-08
Sweep 137, chi=32, cutoff=1e-08
  Direction: left->right
  Direction: right->left
  Energy: -0.8749500390, Trunc err: 1.66e-08
Sweep 138, chi=32, cutoff=1e-08
  Direction: left->right
  Direction: right->left
  Energy: -0.8749500390, Trunc err: 1.66e-08
Sweep 139, chi=32, cutoff=1e-08
  Direction: left->right
  Direction: right->left
  Energy: -0.8749500390, Trunc err: 1.66e-08
Sweep 0, chi=2, cutoff=1e-08
  Direction: left->right
  Direction: right->left
  Energy: -0.0000036096, Trunc err: 5.11e-03
Sweep 1, chi=2, cutoff=1e-08
  Direction: left->right
  Direction: right->left
  Energy: -0.0000090861, Trunc err: 1.12e-02
Sweep 2, chi=2, cutoff=1e-08
  Direction: left->right
  Direction: right->left
  Energy: -0.0000332140, Trunc err: 8.73e-03
Sweep 3, chi=2, cutoff=1e-08
  Direction: left->right
  Direction: right->left
  Energy: -0.0000461272, Trunc err: 6.66e-03
Sweep 4, chi=2, cutoff=1e-08
  Direction: left->right
  Direction: right->left
  Energy: -0.0000854586, Trunc err: 8.12e-03
Sweep 5, chi=2, cutoff=1e-08
  Direction: left->right
  Direction: right->left
  Energy: -0.0000973794, Trunc err: 8.88e-03
Sweep 6, chi=2, cutoff=1e-08
  Direction: left->right
  Direction: right->left
  Energy: -0.0001199371, Trunc err: 8.76e-03
Sweep 7, chi=2, cutoff=1e-08
  Direction: left->right
  Direction: right->left
  Energy: -0.0001421713, Trunc err: 8.71e-03
Sweep 8, chi=2, cutoff=1e-08
  Direction: left->right
  Direction: right->left
  Energy: -0.0001943351, Trunc err: 8.11e-03
Sweep 9, chi=2, cutoff=1e-08
  Direction: left->right
  Direction: right->left
  Energy: -0.0002103529, Trunc err: 7.82e-03
Sweep 10, chi=4, cutoff=1e-08
  Direction: left->right
  Direction: right->left
  Energy: -0.0003086543, Trunc err: 1.41e-04
Sweep 11, chi=4, cutoff=1e-08
  Direction: left->right
  Direction: right->left
  Energy: -0.0003392855, Trunc err: 2.33e-04
Sweep 12, chi=4, cutoff=1e-08
  Direction: left->right
  Direction: right->left
  Energy: -0.0003462845, Trunc err: 1.72e-04
Sweep 13, chi=4, cutoff=1e-08
  Direction: left->right
  Direction: right->left
  Energy: -0.0003534000, Trunc err: 1.20e-04
Sweep 14, chi=4, cutoff=1e-08
  Direction: left->right
  Direction: right->left
  Energy: -0.0005182792, Trunc err: 4.07e-04
Sweep 15, chi=4, cutoff=1e-08
  Direction: left->right
  Direction: right->left
  Energy: -0.0120591131, Trunc err: 3.32e-03
Sweep 16, chi=4, cutoff=1e-08
  Direction: left->right
  Direction: right->left
  Energy: -0.1194977231, Trunc err: 3.07e-03
Sweep 17, chi=4, cutoff=1e-08
  Direction: left->right
  Direction: right->left
  Energy: -0.1204462223, Trunc err: 4.21e-03
Sweep 18, chi=4, cutoff=1e-08
  Direction: left->right
  Direction: right->left
  Energy: -0.1204477167, Trunc err: 4.08e-03
Sweep 19, chi=4, cutoff=1e-08
  Direction: left->right
  Direction: right->left
  Energy: -0.1204478593, Trunc err: 3.36e-03
Sweep 20, chi=8, cutoff=1e-08
  Direction: left->right
  Direction: right->left
  Energy: -0.1206569049, Trunc err: 9.36e-05
Sweep 21, chi=8, cutoff=1e-08
  Direction: left->right
  Direction: right->left
  Energy: -0.1206834424, Trunc err: 2.07e-04
Sweep 22, chi=8, cutoff=1e-08
  Direction: left->right
  Direction: right->left
  Energy: -0.1207015053, Trunc err: 2.14e-04
Sweep 23, chi=8, cutoff=1e-08
  Direction: left->right
  Direction: right->left
  Energy: -0.1207187092, Trunc err: 2.19e-04
Sweep 24, chi=8, cutoff=1e-08
  Direction: left->right
  Direction: right->left
  Energy: -0.1207197867, Trunc err: 2.25e-04
Sweep 25, chi=8, cutoff=1e-08
  Direction: left->right
  Direction: right->left
  Energy: -0.1207198301, Trunc err: 2.21e-04
Sweep 26, chi=8, cutoff=1e-08
  Direction: left->right
  Direction: right->left
  Energy: -0.1207198612, Trunc err: 2.23e-04
Sweep 27, chi=8, cutoff=1e-08
  Direction: left->right
  Direction: right->left
  Energy: -0.1207199044, Trunc err: 2.27e-04
Sweep 28, chi=8, cutoff=1e-08
  Direction: left->right
  Direction: right->left
  Energy: -0.1207199357, Trunc err: 2.36e-04
Sweep 29, chi=8, cutoff=1e-08
  Direction: left->right
  Direction: right->left
  Energy: -0.1207199362, Trunc err: 2.29e-04
Sweep 30, chi=8, cutoff=1e-08
  Direction: left->right
  Direction: right->left
  Energy: -0.1207199369, Trunc err: 2.41e-04
Sweep 31, chi=8, cutoff=1e-08
  Direction: left->right
  Direction: right->left
  Energy: -0.1207199369, Trunc err: 2.43e-04
Sweep 32, chi=8, cutoff=1e-08
  Direction: left->right
  Direction: right->left
  Energy: -0.1207199369, Trunc err: 2.59e-04
Sweep 33, chi=8, cutoff=1e-08
  Direction: left->right
  Direction: right->left
  Energy: -0.1207199369, Trunc err: 2.59e-04
Sweep 34, chi=8, cutoff=1e-08
  Direction: left->right
  Direction: right->left
  Energy: -0.1207199369, Trunc err: 2.59e-04
Sweep 35, chi=8, cutoff=1e-08
  Direction: left->right
  Direction: right->left
  Energy: -0.1207199369, Trunc err: 2.59e-04
Sweep 36, chi=8, cutoff=1e-08
  Direction: left->right
  Direction: right->left
  Energy: -0.1207199369, Trunc err: 2.59e-04
Sweep 37, chi=8, cutoff=1e-08
  Direction: left->right
  Direction: right->left
  Energy: -0.1207199369, Trunc err: 2.59e-04
Sweep 38, chi=8, cutoff=1e-08
  Direction: left->right
  Direction: right->left
  Energy: -0.1207199369, Trunc err: 2.59e-04
Sweep 39, chi=8, cutoff=1e-08
  Direction: left->right
  Direction: right->left
  Energy: -0.1207199369, Trunc err: 2.59e-04
Sweep 40, chi=8, cutoff=1e-08
  Direction: left->right
  Direction: right->left
  Energy: -0.1207199369, Trunc err: 2.59e-04
Sweep 41, chi=8, cutoff=1e-08
  Direction: left->right
  Direction: right->left
  Energy: -0.1207199369, Trunc err: 2.59e-04
Sweep 42, chi=8, cutoff=1e-08
  Direction: left->right
  Direction: right->left
  Energy: -0.1207199369, Trunc err: 2.59e-04
Sweep 43, chi=8, cutoff=1e-08
  Direction: left->right
  Direction: right->left
  Energy: -0.1207199369, Trunc err: 2.59e-04
Sweep 44, chi=8, cutoff=1e-08
  Direction: left->right
  Direction: right->left
  Energy: -0.1207199369, Trunc err: 2.59e-04
Sweep 45, chi=8, cutoff=1e-08
  Direction: left->right
  Direction: right->left
  Energy: -0.1207199369, Trunc err: 2.59e-04
Sweep 46, chi=8, cutoff=1e-08
  Direction: left->right
  Direction: right->left
  Energy: -0.1207199369, Trunc err: 2.59e-04
Sweep 47, chi=8, cutoff=1e-08
  Direction: left->right
  Direction: right->left
  Energy: -0.1207199369, Trunc err: 2.59e-04
Sweep 48, chi=8, cutoff=1e-08
  Direction: left->right
  Direction: right->left
  Energy: -0.1207199369, Trunc err: 2.59e-04
Sweep 49, chi=8, cutoff=1e-08
  Direction: left->right
  Direction: right->left
  Energy: -0.1207199369, Trunc err: 2.59e-04
Sweep 50, chi=8, cutoff=1e-08
  Direction: left->right
  Direction: right->left
  Energy: -0.1207199369, Trunc err: 2.59e-04
Sweep 51, chi=8, cutoff=1e-08
  Direction: left->right
  Direction: right->left
  Energy: -0.1207199369, Trunc err: 2.59e-04
Sweep 52, chi=8, cutoff=1e-08
  Direction: left->right
  Direction: right->left
  Energy: -0.1207199369, Trunc err: 2.59e-04
Sweep 53, chi=8, cutoff=1e-08
  Direction: left->right
  Direction: right->left
  Energy: -0.1207199369, Trunc err: 2.59e-04
Sweep 54, chi=8, cutoff=1e-08
  Direction: left->right
  Direction: right->left
  Energy: -0.1207199369, Trunc err: 2.59e-04
Sweep 55, chi=8, cutoff=1e-08
  Direction: left->right
  Direction: right->left
  Energy: -0.1207199369, Trunc err: 2.59e-04
Sweep 56, chi=8, cutoff=1e-08
  Direction: left->right
  Direction: right->left
  Energy: -0.1207199369, Trunc err: 2.59e-04
Sweep 57, chi=8, cutoff=1e-08
  Direction: left->right
  Direction: right->left
  Energy: -0.1207199369, Trunc err: 2.59e-04
Sweep 58, chi=8, cutoff=1e-08
  Direction: left->right
  Direction: right->left
  Energy: -0.1207199369, Trunc err: 2.59e-04
Sweep 59, chi=8, cutoff=1e-08
  Direction: left->right
  Direction: right->left
  Energy: -0.1207199369, Trunc err: 2.59e-04
Sweep 60, chi=16, cutoff=1e-08
  Direction: left->right
  Direction: right->left
  Energy: -0.1207206029, Trunc err: 2.17e-07
Sweep 61, chi=16, cutoff=1e-08
  Direction: left->right
  Direction: right->left
  Energy: -0.1207206358, Trunc err: 5.03e-07
Sweep 62, chi=16, cutoff=1e-08
  Direction: left->right
  Direction: right->left
  Energy: -0.1207206404, Trunc err: 5.48e-07
Sweep 63, chi=16, cutoff=1e-08
  Direction: left->right
  Direction: right->left
  Energy: -0.1207206404, Trunc err: 5.42e-07
Sweep 64, chi=16, cutoff=1e-08
  Direction: left->right
  Direction: right->left
  Energy: -0.1207206404, Trunc err: 5.38e-07
Sweep 65, chi=16, cutoff=1e-08
  Direction: left->right
  Direction: right->left
  Energy: -0.1207206404, Trunc err: 5.37e-07
Sweep 66, chi=16, cutoff=1e-08
  Direction: left->right
  Direction: right->left
  Energy: -0.1207206404, Trunc err: 5.37e-07
Sweep 67, chi=16, cutoff=1e-08
  Direction: left->right
  Direction: right->left
  Energy: -0.1207206404, Trunc err: 5.37e-07
Sweep 68, chi=16, cutoff=1e-08
  Direction: left->right
  Direction: right->left
  Energy: -0.1207206404, Trunc err: 5.38e-07
Sweep 69, chi=16, cutoff=1e-08
  Direction: left->right
  Direction: right->left
  Energy: -0.1207206404, Trunc err: 5.38e-07
Sweep 70, chi=16, cutoff=1e-08
  Direction: left->right
  Direction: right->left
  Energy: -0.1207206404, Trunc err: 5.38e-07
Sweep 71, chi=16, cutoff=1e-08
  Direction: left->right
  Direction: right->left
  Energy: -0.1207206404, Trunc err: 5.38e-07
Sweep 72, chi=16, cutoff=1e-08
  Direction: left->right
  Direction: right->left
  Energy: -0.1207206404, Trunc err: 5.38e-07
Sweep 73, chi=16, cutoff=1e-08
  Direction: left->right
  Direction: right->left
  Energy: -0.1207206404, Trunc err: 5.38e-07
Sweep 74, chi=16, cutoff=1e-08
  Direction: left->right
  Direction: right->left
  Energy: -0.1207206404, Trunc err: 5.38e-07
Sweep 75, chi=16, cutoff=1e-08
  Direction: left->right
  Direction: right->left
  Energy: -0.1207206404, Trunc err: 5.38e-07
Sweep 76, chi=16, cutoff=1e-08
  Direction: left->right
  Direction: right->left
  Energy: -0.1207206404, Trunc err: 5.38e-07
Sweep 77, chi=16, cutoff=1e-08
  Direction: left->right
  Direction: right->left
  Energy: -0.1207206404, Trunc err: 5.38e-07
Sweep 78, chi=16, cutoff=1e-08
  Direction: left->right
  Direction: right->left
  Energy: -0.1207206404, Trunc err: 5.38e-07
Sweep 79, chi=16, cutoff=1e-08
  Direction: left->right
  Direction: right->left
  Energy: -0.1207206404, Trunc err: 5.40e-07
Sweep 80, chi=16, cutoff=1e-08
  Direction: left->right
  Direction: right->left
  Energy: -0.1207206404, Trunc err: 5.57e-07
Sweep 81, chi=16, cutoff=1e-08
  Direction: left->right
  Direction: right->left
  Energy: -0.1207206404, Trunc err: 5.49e-07
Sweep 82, chi=16, cutoff=1e-08
  Direction: left->right
  Direction: right->left
  Energy: -0.1207206404, Trunc err: 5.45e-07
Sweep 83, chi=16, cutoff=1e-08
  Direction: left->right
  Direction: right->left
  Energy: -0.1207206404, Trunc err: 5.44e-07
Sweep 84, chi=16, cutoff=1e-08
  Direction: left->right
  Direction: right->left
  Energy: -0.1207206404, Trunc err: 5.44e-07
Sweep 85, chi=16, cutoff=1e-08
  Direction: left->right
  Direction: right->left
  Energy: -0.1207206404, Trunc err: 5.43e-07
Sweep 86, chi=16, cutoff=1e-08
  Direction: left->right
  Direction: right->left
  Energy: -0.1207206404, Trunc err: 5.45e-07
Sweep 87, chi=16, cutoff=1e-08
  Direction: left->right
  Direction: right->left
  Energy: -0.1207206404, Trunc err: 5.47e-07
Sweep 88, chi=16, cutoff=1e-08
  Direction: left->right
  Direction: right->left
  Energy: -0.1207206404, Trunc err: 5.46e-07
Sweep 89, chi=16, cutoff=1e-08
  Direction: left->right
  Direction: right->left
  Energy: -0.1207206404, Trunc err: 5.46e-07
Sweep 90, chi=16, cutoff=1e-08
  Direction: left->right
  Direction: right->left
  Energy: -0.1207206404, Trunc err: 5.47e-07
Sweep 91, chi=16, cutoff=1e-08
  Direction: left->right
  Direction: right->left
  Energy: -0.1207206404, Trunc err: 5.80e-07
Sweep 92, chi=16, cutoff=1e-08
  Direction: left->right
  Direction: right->left
  Energy: -0.1207206404, Trunc err: 5.77e-07
Sweep 93, chi=16, cutoff=1e-08
  Direction: left->right
  Direction: right->left
  Energy: -0.1207206404, Trunc err: 5.78e-07
Sweep 94, chi=16, cutoff=1e-08
  Direction: left->right
  Direction: right->left
  Energy: -0.1207206404, Trunc err: 5.78e-07
Sweep 95, chi=16, cutoff=1e-08
  Direction: left->right
  Direction: right->left
  Energy: -0.1207206404, Trunc err: 5.78e-07
Sweep 96, chi=16, cutoff=1e-08
  Direction: left->right
  Direction: right->left
  Energy: -0.1207206404, Trunc err: 5.78e-07
Sweep 97, chi=16, cutoff=1e-08
  Direction: left->right
  Direction: right->left
  Energy: -0.1207206404, Trunc err: 5.78e-07
Sweep 98, chi=16, cutoff=1e-08
  Direction: left->right
  Direction: right->left
  Energy: -0.1207206404, Trunc err: 5.78e-07
Sweep 99, chi=16, cutoff=1e-08
  Direction: left->right
  Direction: right->left
  Energy: -0.1207206404, Trunc err: 5.78e-07
Sweep 100, chi=32, cutoff=1e-08
  Direction: left->right
  Direction: right->left
  Energy: -0.1207206404, Trunc err: 1.13e-08
Sweep 101, chi=32, cutoff=1e-08
  Direction: left->right
  Direction: right->left
  Energy: -0.1207206404, Trunc err: 1.48e-08
Sweep 102, chi=32, cutoff=1e-08
  Direction: left->right
  Direction: right->left
  Energy: -0.1207206404, Trunc err: 1.60e-08
Sweep 103, chi=32, cutoff=1e-08
  Direction: left->right
  Direction: right->left
  Energy: -0.1207206404, Trunc err: 1.61e-08
Sweep 104, chi=32, cutoff=1e-08
  Direction: left->right
  Direction: right->left
  Energy: -0.1207206404, Trunc err: 1.68e-08
Sweep 105, chi=32, cutoff=1e-08
  Direction: left->right
  Direction: right->left
  Energy: -0.1207206404, Trunc err: 1.74e-08
Sweep 106, chi=32, cutoff=1e-08
  Direction: left->right
  Direction: right->left
  Energy: -0.1207206404, Trunc err: 1.81e-08
Sweep 107, chi=32, cutoff=1e-08
  Direction: left->right
  Direction: right->left
  Energy: -0.1207206404, Trunc err: 1.88e-08
Sweep 108, chi=32, cutoff=1e-08
  Direction: left->right
  Direction: right->left
  Energy: -0.1207206404, Trunc err: 1.94e-08
Sweep 109, chi=32, cutoff=1e-08
  Direction: left->right
  Direction: right->left
  Energy: -0.1207206404, Trunc err: 1.98e-08
Sweep 110, chi=32, cutoff=1e-08
  Direction: left->right
  Direction: right->left
  Energy: -0.1207206404, Trunc err: 1.99e-08
Sweep 111, chi=32, cutoff=1e-08
  Direction: left->right
  Direction: right->left
  Energy: -0.1207206404, Trunc err: 2.00e-08
Sweep 112, chi=32, cutoff=1e-08
  Direction: left->right
  Direction: right->left
  Energy: -0.1207206404, Trunc err: 2.00e-08
Sweep 113, chi=32, cutoff=1e-08
  Direction: left->right
  Direction: right->left
  Energy: -0.1207206404, Trunc err: 2.01e-08
Sweep 114, chi=32, cutoff=1e-08
  Direction: left->right
  Direction: right->left
  Energy: -0.1207206404, Trunc err: 2.01e-08
Sweep 115, chi=32, cutoff=1e-08
  Direction: left->right
  Direction: right->left
  Energy: -0.1207206404, Trunc err: 2.02e-08
Sweep 116, chi=32, cutoff=1e-08
  Direction: left->right
  Direction: right->left
  Energy: -0.1207206404, Trunc err: 2.02e-08
Sweep 117, chi=32, cutoff=1e-08
  Direction: left->right
  Direction: right->left
  Energy: -0.1207206404, Trunc err: 2.03e-08
Sweep 118, chi=32, cutoff=1e-08
  Direction: left->right
  Direction: right->left
  Energy: -0.1207206404, Trunc err: 2.04e-08
Sweep 119, chi=32, cutoff=1e-08
  Direction: left->right
  Direction: right->left
  Energy: -0.1207206404, Trunc err: 2.06e-08
Sweep 120, chi=32, cutoff=1e-08
  Direction: left->right
  Direction: right->left
  Energy: -0.1207206404, Trunc err: 2.03e-08
Sweep 121, chi=32, cutoff=1e-08
  Direction: left->right
  Direction: right->left
  Energy: -0.1207206404, Trunc err: 1.97e-08
Sweep 122, chi=32, cutoff=1e-08
  Direction: left->right
  Direction: right->left
  Energy: -0.1207206404, Trunc err: 2.14e-08
Sweep 123, chi=32, cutoff=1e-08
  Direction: left->right
  Direction: right->left
  Energy: -0.1207206404, Trunc err: 2.17e-08
Sweep 124, chi=32, cutoff=1e-08
  Direction: left->right
  Direction: right->left
  Energy: -0.1207206404, Trunc err: 2.22e-08
Sweep 125, chi=32, cutoff=1e-08
  Direction: left->right
  Direction: right->left
  Energy: -0.1207206404, Trunc err: 2.25e-08
Sweep 126, chi=32, cutoff=1e-08
  Direction: left->right
  Direction: right->left
  Energy: -0.1207206404, Trunc err: 2.27e-08
Sweep 127, chi=32, cutoff=1e-08
  Direction: left->right
  Direction: right->left
  Energy: -0.1207206404, Trunc err: 2.25e-08
Sweep 128, chi=32, cutoff=1e-08
  Direction: left->right
  Direction: right->left
  Energy: -0.1207206404, Trunc err: 2.23e-08
Sweep 129, chi=32, cutoff=1e-08
  Direction: left->right
  Direction: right->left
  Energy: -0.1207206404, Trunc err: 2.22e-08
Sweep 130, chi=32, cutoff=1e-08
  Direction: left->right
  Direction: right->left
  Energy: -0.1207206404, Trunc err: 2.22e-08
Sweep 131, chi=32, cutoff=1e-08
  Direction: left->right
  Direction: right->left
  Energy: -0.1207206404, Trunc err: 2.23e-08
Sweep 132, chi=32, cutoff=1e-08
  Direction: left->right
  Direction: right->left
  Energy: -0.1207206404, Trunc err: 2.23e-08
Sweep 133, chi=32, cutoff=1e-08
  Direction: left->right
  Direction: right->left
  Energy: -0.1207206404, Trunc err: 2.24e-08
Sweep 134, chi=32, cutoff=1e-08
  Direction: left->right
  Direction: right->left
  Energy: -0.1207206404, Trunc err: 2.24e-08
Sweep 135, chi=32, cutoff=1e-08
  Direction: left->right
  Direction: right->left
  Energy: -0.1207206404, Trunc err: 2.24e-08
Sweep 136, chi=32, cutoff=1e-08
  Direction: left->right
  Direction: right->left
  Energy: -0.1207206404, Trunc err: 2.24e-08
Sweep 137, chi=32, cutoff=1e-08
  Direction: left->right
  Direction: right->left
  Energy: -0.1207206404, Trunc err: 2.25e-08
Sweep 138, chi=32, cutoff=1e-08
  Direction: left->right
  Direction: right->left
  Energy: -0.1207206404, Trunc err: 2.25e-08
Sweep 139, chi=32, cutoff=1e-08
  Direction: left->right
  Direction: right->left
  Energy: -0.1207206404, Trunc err: 2.25e-08
