           1.819e+00            6.445e-02            3.544e-02             3.08e-03
           1.819e+00            3.747e-02            2.060e-02             9.07e-03
           1.819e+00            1.749e-02            9.617e-03             1.19e-02
           1.819e+00            1.069e-02            5.880e-03             1.29e-02
           1.819e+00            3.901e-03            2.145e-03             1.52e-02
           1.819e+00            1.563e-03            8.593e-04             1.32e-02
           1.819e+00            1.010e-03            5.554e-04             1.29e-02
           1.819e+00            3.921e-04            2.156e-04             1.35e-02
           1.819e+00            1.550e-04            8.525e-05             1.56e-02
           1.819e+00            1.113e-04            6.119e-05             1.71e-02
           1.819e+00            9.987e-05            5.491e-05             2.11e-02
           1.819e+00            2.734e-05            1.503e-05             2.27e-02
           1.819e+00            1.518e-05            8.344e-06             3.24e-02
           1.819e+00            9.944e-06            5.468e-06             3.56e-02
           1.819e+00            6.015e-06            3.308e-06             3.92e-02
           1.819e+00            1.949e-06            1.072e-06             4.48e-02
           1.819e+00            1.157e-06            6.364e-07             4.69e-02
           1.819e+00            8.090e-07            4.448e-07             5.15e-02
           1.819e+00            5.028e-07            2.764e-07             6.29e-02
           1.819e+00            1.902e-07            1.046e-07             6.78e-02
           1.819e+00            1.184e-07            6.513e-08             7.11e-02
           1.819e+00            8.382e-08            4.609e-08             7.82e-02
           1.819e+00            4.383e-08            2.410e-08             8.74e-02
           1.819e+00            2.662e-08            1.464e-08             9.41e-02
           1.819e+00            1.353e-08            7.441e-09             1.10e-01
           1.819e+00            6.423e-02            3.532e-02             1.40e-03
           1.819e+00            2.383e-02            1.311e-02             4.33e-03
           1.819e+00            1.784e-02            9.811e-03             5.86e-03
           1.819e+00            1.371e-02            7.539e-03             6.35e-03
           1.819e+00            3.785e-03            2.081e-03             8.27e-03
           1.819e+00            1.666e-03            9.159e-04             1.11e-02
           1.819e+00            5.805e-04            3.192e-04             1.27e-02
           1.819e+00            3.411e-04            1.876e-04             1.58e-02
           1.819e+00            2.036e-04            1.120e-04             1.70e-02
           1.819e+00            1.459e-04            8.023e-05             2.14e-02
           1.819e+00            5.931e-05            3.261e-05             2.10e-02
           1.819e+00            4.150e-05            2.282e-05             2.34e-02
           1.819e+00            1.772e-05            9.743e-06             2.85e-02
           1.819e+00            1.207e-05            6.637e-06             3.64e-02
           1.819e+00            5.033e-06            2.767e-06             4.21e-02
           1.819e+00            2.451e-06            1.348e-06             4.94e-02
           1.819e+00            1.229e-06            6.759e-07             5.09e-02
           1.819e+00            6.492e-07            3.570e-07             6.34e-02
           1.819e+00            4.091e-07            2.250e-07             6.09e-02
           1.819e+00            2.766e-07            1.521e-07             6.92e-02
           1.819e+00            1.566e-07            8.613e-08             8.48e-02
           1.819e+00            8.009e-08            4.404e-08             8.00e-02
           1.819e+00            4.967e-08            2.731e-08             9.50e-02
           1.819e+00            2.210e-08            1.215e-08             9.64e-02
           1.819e+00            7.725e-09            4.248e-09             1.06e-01
xmax = 20
xshift = -20
dx = 0.6349206349206349
len of Hint: 18
len of H: 18
Sweep 0, chi=2, cutoff=1e-08
  Direction: left->right
  Direction: right->left
  Energy: -0.2001395585, Trunc err: 1.02e+00
Sweep 1, chi=2, cutoff=1e-08
  Direction: left->right
  Direction: right->left
  Energy: -0.2007945261, Trunc err: 1.03e+00
Sweep 2, chi=2, cutoff=1e-08
  Direction: left->right
  Direction: right->left
  Energy: -0.2022473863, Trunc err: 1.03e+00
Sweep 3, chi=2, cutoff=1e-08
  Direction: left->right
  Direction: right->left
  Energy: -0.2001518084, Trunc err: 1.03e+00
Sweep 4, chi=2, cutoff=1e-08
  Direction: left->right
  Direction: right->left
  Energy: -0.2009693871, Trunc err: 1.03e+00
Sweep 5, chi=2, cutoff=1e-08
  Direction: left->right
  Direction: right->left
  Energy: -0.2009232775, Trunc err: 1.03e+00
Sweep 6, chi=2, cutoff=1e-08
  Direction: left->right
  Direction: right->left
  Energy: -0.2001154631, Trunc err: 1.03e+00
Sweep 7, chi=2, cutoff=1e-08
  Direction: left->right
  Direction: right->left
  Energy: -0.2015229915, Trunc err: 1.03e+00
Sweep 8, chi=2, cutoff=1e-08
  Direction: left->right
  Direction: right->left
  Energy: -0.1991990379, Trunc err: 1.03e+00
Sweep 9, chi=2, cutoff=1e-08
  Direction: left->right
  Direction: right->left
  Energy: -0.2014882264, Trunc err: 1.03e+00
Sweep 10, chi=4, cutoff=1e-08
  Direction: left->right
  Direction: right->left
  Energy: -0.3349707485, Trunc err: 1.15e+00
Sweep 11, chi=4, cutoff=1e-08
  Direction: left->right
  Direction: right->left
  Energy: -0.6232891013, Trunc err: 1.35e+00
Sweep 12, chi=4, cutoff=1e-08
  Direction: left->right
  Direction: right->left
  Energy: -1.3285278959, Trunc err: 1.55e+00
Sweep 13, chi=4, cutoff=1e-08
  Direction: left->right
  Direction: right->left
  Energy: -1.7525834475, Trunc err: 1.68e+00
Sweep 14, chi=4, cutoff=1e-08
  Direction: left->right
  Direction: right->left
  Energy: -1.8439746419, Trunc err: 1.73e+00
Sweep 15, chi=4, cutoff=1e-08
  Direction: left->right
  Direction: right->left
  Energy: -1.8533774776, Trunc err: 1.75e+00
Sweep 16, chi=4, cutoff=1e-08
  Direction: left->right
  Direction: right->left
  Energy: -1.8540726703, Trunc err: 1.75e+00
Sweep 17, chi=4, cutoff=1e-08
  Direction: left->right
  Direction: right->left
  Energy: -1.8541230934, Trunc err: 1.75e+00
Sweep 18, chi=4, cutoff=1e-08
  Direction: left->right
  Direction: right->left
  Energy: -1.8541267143, Trunc err: 1.75e+00
Sweep 19, chi=4, cutoff=1e-08
  Direction: left->right
  Direction: right->left
  Energy: -1.8541270802, Trunc err: 1.75e+00
Sweep 20, chi=4, cutoff=1e-08
  Direction: left->right
  Direction: right->left
  Energy: -1.8541271225, Trunc err: 1.75e+00
Sweep 21, chi=4, cutoff=1e-08
  Direction: left->right
  Direction: right->left
  Energy: -1.8541271276, Trunc err: 1.75e+00
Sweep 22, chi=4, cutoff=1e-08
  Direction: left->right
  Direction: right->left
  Energy: -1.8541271283, Trunc err: 1.75e+00
Sweep 23, chi=4, cutoff=1e-08
  Direction: left->right
  Direction: right->left
  Energy: -1.8541271284, Trunc err: 1.75e+00
Sweep 24, chi=4, cutoff=1e-08
  Direction: left->right
  Direction: right->left
  Energy: -1.8541271284, Trunc err: 1.75e+00
Sweep 25, chi=4, cutoff=1e-08
  Direction: left->right
  Direction: right->left
  Energy: -1.8541271284, Trunc err: 1.75e+00
Sweep 26, chi=4, cutoff=1e-08
  Direction: left->right
  Direction: right->left
  Energy: -1.8541271284, Trunc err: 1.75e+00
Sweep 27, chi=4, cutoff=1e-08
  Direction: left->right
  Direction: right->left
  Energy: -1.8541271284, Trunc err: 1.75e+00
Sweep 28, chi=4, cutoff=1e-08
  Direction: left->right
  Direction: right->left
  Energy: -1.8541271284, Trunc err: 1.75e+00
Sweep 29, chi=4, cutoff=1e-08
  Direction: left->right
  Direction: right->left
  Energy: -1.8541271284, Trunc err: 1.75e+00
Sweep 30, chi=4, cutoff=1e-08
  Direction: left->right
  Direction: right->left
  Energy: -1.8541271284, Trunc err: 1.75e+00
Sweep 31, chi=4, cutoff=1e-08
  Direction: left->right
  Direction: right->left
  Energy: -1.8541271284, Trunc err: 1.75e+00
Sweep 32, chi=4, cutoff=1e-08
  Direction: left->right
  Direction: right->left
  Energy: -1.8541271284, Trunc err: 1.75e+00
Sweep 33, chi=4, cutoff=1e-08
  Direction: left->right
  Direction: right->left
  Energy: -1.8541271284, Trunc err: 1.75e+00
Sweep 34, chi=4, cutoff=1e-08
  Direction: left->right
  Direction: right->left
  Energy: -1.8541271284, Trunc err: 1.75e+00
Sweep 35, chi=4, cutoff=1e-08
  Direction: left->right
  Direction: right->left
  Energy: -1.8541271284, Trunc err: 1.75e+00
Sweep 36, chi=4, cutoff=1e-08
  Direction: left->right
  Direction: right->left
  Energy: -1.8541271284, Trunc err: 1.75e+00
Sweep 37, chi=4, cutoff=1e-08
  Direction: left->right
  Direction: right->left
  Energy: -1.8541271284, Trunc err: 1.75e+00
Sweep 38, chi=4, cutoff=1e-08
  Direction: left->right
  Direction: right->left
  Energy: -1.8541271284, Trunc err: 1.75e+00
Sweep 39, chi=4, cutoff=1e-08
  Direction: left->right
  Direction: right->left
  Energy: -1.8541271284, Trunc err: 1.75e+00
Sweep 40, chi=4, cutoff=1e-08
  Direction: left->right
  Direction: right->left
  Energy: -1.8541271284, Trunc err: 1.75e+00
Sweep 41, chi=4, cutoff=1e-08
  Direction: left->right
  Direction: right->left
  Energy: -1.8541271284, Trunc err: 1.75e+00
Sweep 42, chi=4, cutoff=1e-08
  Direction: left->right
  Direction: right->left
  Energy: -1.8541271284, Trunc err: 1.75e+00
Sweep 43, chi=4, cutoff=1e-08
  Direction: left->right
  Direction: right->left
  Energy: -1.8541271284, Trunc err: 1.75e+00
Sweep 44, chi=4, cutoff=1e-08
  Direction: left->right
  Direction: right->left
  Energy: -1.8541271284, Trunc err: 1.75e+00
Sweep 45, chi=4, cutoff=1e-08
  Direction: left->right
  Direction: right->left
  Energy: -1.8541271284, Trunc err: 1.75e+00
Sweep 46, chi=4, cutoff=1e-08
  Direction: left->right
  Direction: right->left
  Energy: -1.8541271284, Trunc err: 1.75e+00
Sweep 47, chi=4, cutoff=1e-08
  Direction: left->right
  Direction: right->left
  Energy: -1.8541271284, Trunc err: 1.75e+00
Sweep 48, chi=4, cutoff=1e-08
  Direction: left->right
  Direction: right->left
  Energy: -1.8541271284, Trunc err: 1.75e+00
Sweep 49, chi=4, cutoff=1e-08
  Direction: left->right
  Direction: right->left
  Energy: -1.8541271284, Trunc err: 1.75e+00
Sweep 50, chi=8, cutoff=1e-08
  Direction: left->right
  Direction: right->left
  Energy: -1.8848794335, Trunc err: 1.78e+00
Sweep 51, chi=8, cutoff=1e-08
  Direction: left->right
  Direction: right->left
  Energy: -1.8888269882, Trunc err: 1.85e+00
Sweep 52, chi=8, cutoff=1e-08
  Direction: left->right
  Direction: right->left
  Energy: -1.8892547300, Trunc err: 1.86e+00
Sweep 53, chi=8, cutoff=1e-08
  Direction: left->right
  Direction: right->left
  Energy: -1.8893182624, Trunc err: 1.86e+00
Sweep 54, chi=8, cutoff=1e-08
  Direction: left->right
  Direction: right->left
  Energy: -1.8893297138, Trunc err: 1.86e+00
Sweep 55, chi=8, cutoff=1e-08
  Direction: left->right
  Direction: right->left
  Energy: -1.8893319411, Trunc err: 1.87e+00
Sweep 56, chi=8, cutoff=1e-08
  Direction: left->right
  Direction: right->left
  Energy: -1.8893324366, Trunc err: 1.87e+00
Sweep 57, chi=8, cutoff=1e-08
  Direction: left->right
  Direction: right->left
  Energy: -1.8893324228, Trunc err: 1.87e+00
Sweep 58, chi=8, cutoff=1e-08
  Direction: left->right
  Direction: right->left
  Energy: -1.8893323962, Trunc err: 1.87e+00
Sweep 59, chi=8, cutoff=1e-08
  Direction: left->right
  Direction: right->left
  Energy: -1.8893323654, Trunc err: 1.87e+00
Sweep 60, chi=8, cutoff=1e-08
  Direction: left->right
  Direction: right->left
  Energy: -1.8893323418, Trunc err: 1.87e+00
Sweep 61, chi=8, cutoff=1e-08
  Direction: left->right
  Direction: right->left
  Energy: -1.8893323253, Trunc err: 1.87e+00
Sweep 62, chi=8, cutoff=1e-08
  Direction: left->right
  Direction: right->left
  Energy: -1.8893323141, Trunc err: 1.87e+00
Sweep 63, chi=8, cutoff=1e-08
  Direction: left->right
  Direction: right->left
  Energy: -1.8893323066, Trunc err: 1.87e+00
Sweep 64, chi=8, cutoff=1e-08
  Direction: left->right
  Direction: right->left
  Energy: -1.8893323015, Trunc err: 1.87e+00
Sweep 65, chi=8, cutoff=1e-08
  Direction: left->right
  Direction: right->left
  Energy: -1.8893322980, Trunc err: 1.87e+00
Sweep 66, chi=8, cutoff=1e-08
  Direction: left->right
  Direction: right->left
  Energy: -1.8893322956, Trunc err: 1.87e+00
Sweep 67, chi=8, cutoff=1e-08
  Direction: left->right
  Direction: right->left
  Energy: -1.8893322938, Trunc err: 1.87e+00
Sweep 68, chi=8, cutoff=1e-08
  Direction: left->right
  Direction: right->left
  Energy: -1.8893322922, Trunc err: 1.87e+00
Sweep 69, chi=8, cutoff=1e-08
  Direction: left->right
  Direction: right->left
  Energy: -1.8893322904, Trunc err: 1.87e+00
Sweep 70, chi=8, cutoff=1e-08
  Direction: left->right
  Direction: right->left
  Energy: -1.8893322886, Trunc err: 1.87e+00
Sweep 71, chi=8, cutoff=1e-08
  Direction: left->right
  Direction: right->left
  Energy: -1.8893322871, Trunc err: 1.87e+00
Sweep 72, chi=8, cutoff=1e-08
  Direction: left->right
  Direction: right->left
  Energy: -1.8893322858, Trunc err: 1.87e+00
Sweep 73, chi=8, cutoff=1e-08
  Direction: left->right
  Direction: right->left
  Energy: -1.8893322849, Trunc err: 1.87e+00
Sweep 74, chi=8, cutoff=1e-08
  Direction: left->right
  Direction: right->left
  Energy: -1.8893322841, Trunc err: 1.87e+00
Sweep 75, chi=8, cutoff=1e-08
  Direction: left->right
  Direction: right->left
  Energy: -1.8893322835, Trunc err: 1.87e+00
Sweep 76, chi=8, cutoff=1e-08
  Direction: left->right
  Direction: right->left
  Energy: -1.8893322830, Trunc err: 1.87e+00
Sweep 77, chi=8, cutoff=1e-08
  Direction: left->right
  Direction: right->left
  Energy: -1.8893322826, Trunc err: 1.87e+00
Sweep 78, chi=8, cutoff=1e-08
  Direction: left->right
  Direction: right->left
  Energy: -1.8893322823, Trunc err: 1.87e+00
Sweep 79, chi=8, cutoff=1e-08
  Direction: left->right
  Direction: right->left
  Energy: -1.8893322821, Trunc err: 1.87e+00
Sweep 80, chi=8, cutoff=1e-08
  Direction: left->right
  Direction: right->left
  Energy: -1.8893322819, Trunc err: 1.87e+00
Sweep 81, chi=8, cutoff=1e-08
  Direction: left->right
  Direction: right->left
  Energy: -1.8893322818, Trunc err: 1.87e+00
Sweep 82, chi=8, cutoff=1e-08
  Direction: left->right
  Direction: right->left
  Energy: -1.8893322817, Trunc err: 1.87e+00
Sweep 83, chi=8, cutoff=1e-08
  Direction: left->right
  Direction: right->left
  Energy: -1.8893322816, Trunc err: 1.87e+00
Sweep 84, chi=8, cutoff=1e-08
  Direction: left->right
  Direction: right->left
  Energy: -1.8893322815, Trunc err: 1.87e+00
Sweep 85, chi=8, cutoff=1e-08
  Direction: left->right
  Direction: right->left
  Energy: -1.8893322814, Trunc err: 1.87e+00
Sweep 86, chi=8, cutoff=1e-08
  Direction: left->right
  Direction: right->left
  Energy: -1.8893322814, Trunc err: 1.87e+00
Sweep 87, chi=8, cutoff=1e-08
  Direction: left->right
  Direction: right->left
  Energy: -1.8893322813, Trunc err: 1.87e+00
Sweep 88, chi=8, cutoff=1e-08
  Direction: left->right
  Direction: right->left
  Energy: -1.8893322813, Trunc err: 1.87e+00
Sweep 89, chi=8, cutoff=1e-08
  Direction: left->right
  Direction: right->left
  Energy: -1.8893322813, Trunc err: 1.87e+00
Sweep 90, chi=8, cutoff=1e-08
  Direction: left->right
  Direction: right->left
  Energy: -1.8893322813, Trunc err: 1.87e+00
Sweep 91, chi=8, cutoff=1e-08
  Direction: left->right
  Direction: right->left
  Energy: -1.8893322812, Trunc err: 1.87e+00
Sweep 92, chi=8, cutoff=1e-08
  Direction: left->right
  Direction: right->left
  Energy: -1.8893322812, Trunc err: 1.87e+00
Sweep 93, chi=8, cutoff=1e-08
  Direction: left->right
  Direction: right->left
  Energy: -1.8893322812, Trunc err: 1.87e+00
Sweep 94, chi=8, cutoff=1e-08
  Direction: left->right
  Direction: right->left
  Energy: -1.8893322812, Trunc err: 1.87e+00
Sweep 95, chi=8, cutoff=1e-08
  Direction: left->right
  Direction: right->left
  Energy: -1.8893322812, Trunc err: 1.87e+00
Sweep 96, chi=8, cutoff=1e-08
  Direction: left->right
  Direction: right->left
  Energy: -1.8893322812, Trunc err: 1.87e+00
Sweep 97, chi=8, cutoff=1e-08
  Direction: left->right
  Direction: right->left
  Energy: -1.8893322812, Trunc err: 1.87e+00
Sweep 98, chi=8, cutoff=1e-08
  Direction: left->right
  Direction: right->left
  Energy: -1.8893322812, Trunc err: 1.87e+00
Sweep 99, chi=8, cutoff=1e-08
  Direction: left->right
  Direction: right->left
  Energy: -1.8893322812, Trunc err: 1.87e+00
Sweep 100, chi=16, cutoff=1e-08
  Direction: left->right
  Direction: right->left
  Energy: -1.9085240623, Trunc err: 1.90e+00
Sweep 101, chi=16, cutoff=1e-08
  Direction: left->right
  Direction: right->left
  Energy: -1.9095652528, Trunc err: 1.95e+00
Sweep 102, chi=16, cutoff=1e-08
  Direction: left->right
  Direction: right->left
  Energy: -1.9095828298, Trunc err: 1.95e+00
Sweep 103, chi=16, cutoff=1e-08
  Direction: left->right
  Direction: right->left
  Energy: -1.9095841940, Trunc err: 1.95e+00
Sweep 104, chi=16, cutoff=1e-08
  Direction: left->right
  Direction: right->left
  Energy: -1.9095841026, Trunc err: 1.95e+00
Sweep 105, chi=16, cutoff=1e-08
  Direction: left->right
  Direction: right->left
  Energy: -1.9095840275, Trunc err: 1.95e+00
Sweep 106, chi=16, cutoff=1e-08
  Direction: left->right
  Direction: right->left
  Energy: -1.9095839834, Trunc err: 1.95e+00
Sweep 107, chi=16, cutoff=1e-08
  Direction: left->right
  Direction: right->left
  Energy: -1.9095839241, Trunc err: 1.95e+00
Sweep 108, chi=16, cutoff=1e-08
  Direction: left->right
  Direction: right->left
  Energy: -1.9095838350, Trunc err: 1.95e+00
Sweep 109, chi=16, cutoff=1e-08
  Direction: left->right
  Direction: right->left
  Energy: -1.9095837341, Trunc err: 1.95e+00
Sweep 110, chi=16, cutoff=1e-08
  Direction: left->right
  Direction: right->left
  Energy: -1.9095836573, Trunc err: 1.95e+00
Sweep 111, chi=16, cutoff=1e-08
  Direction: left->right
  Direction: right->left
  Energy: -1.9095836265, Trunc err: 1.95e+00
Sweep 112, chi=16, cutoff=1e-08
  Direction: left->right
  Direction: right->left
  Energy: -1.9095836391, Trunc err: 1.95e+00
Sweep 113, chi=16, cutoff=1e-08
  Direction: left->right
  Direction: right->left
  Energy: -1.9095836855, Trunc err: 1.95e+00
Sweep 114, chi=16, cutoff=1e-08
  Direction: left->right
  Direction: right->left
  Energy: -1.9095837591, Trunc err: 1.95e+00
Sweep 115, chi=16, cutoff=1e-08
  Direction: left->right
  Direction: right->left
  Energy: -1.9095838584, Trunc err: 1.95e+00
Sweep 116, chi=16, cutoff=1e-08
  Direction: left->right
  Direction: right->left
  Energy: -1.9095839848, Trunc err: 1.95e+00
Sweep 117, chi=16, cutoff=1e-08
  Direction: left->right
  Direction: right->left
  Energy: -1.9095841422, Trunc err: 1.95e+00
Sweep 118, chi=16, cutoff=1e-08
  Direction: left->right
  Direction: right->left
  Energy: -1.9095843359, Trunc err: 1.95e+00
Sweep 119, chi=16, cutoff=1e-08
  Direction: left->right
  Direction: right->left
  Energy: -1.9095845732, Trunc err: 1.95e+00
Sweep 120, chi=32, cutoff=1e-08
  Direction: left->right
  Direction: right->left
  Energy: -1.9119528767, Trunc err: 1.97e+00
Sweep 121, chi=32, cutoff=1e-08
  Direction: left->right
  Direction: right->left
  Energy: -1.9126847665, Trunc err: 1.99e+00
Sweep 122, chi=32, cutoff=1e-08
  Direction: left->right
  Direction: right->left
  Energy: -1.9127189099, Trunc err: 1.99e+00
Sweep 123, chi=32, cutoff=1e-08
  Direction: left->right
  Direction: right->left
  Energy: -1.9127212823, Trunc err: 2.00e+00
Sweep 124, chi=32, cutoff=1e-08
  Direction: left->right
  Direction: right->left
  Energy: -1.9127215876, Trunc err: 2.00e+00
Sweep 125, chi=32, cutoff=1e-08
  Direction: left->right
  Direction: right->left
  Energy: -1.9127216379, Trunc err: 2.00e+00
Sweep 126, chi=32, cutoff=1e-08
  Direction: left->right
  Direction: right->left
  Energy: -1.9127216482, Trunc err: 2.00e+00
Sweep 127, chi=32, cutoff=1e-08
  Direction: left->right
  Direction: right->left
  Energy: -1.9127216506, Trunc err: 2.00e+00
Sweep 128, chi=32, cutoff=1e-08
  Direction: left->right
  Direction: right->left
  Energy: -1.9127216512, Trunc err: 2.00e+00
Sweep 129, chi=32, cutoff=1e-08
  Direction: left->right
  Direction: right->left
  Energy: -1.9127216512, Trunc err: 2.00e+00
