           1.819e+00            3.585e-02            1.971e-02             1.59e-03
           1.819e+00            3.187e-02            1.753e-02             4.34e-03
           1.819e+00            1.857e-02            1.021e-02             5.69e-03
           1.819e+00            1.264e-02            6.949e-03             6.89e-03
           1.819e+00            3.135e-03            1.724e-03             8.14e-03
           1.819e+00            3.467e-03            1.906e-03             1.11e-02
           1.819e+00            9.729e-04            5.350e-04             1.37e-02
           1.819e+00            6.427e-04            3.534e-04             1.58e-02
           1.819e+00            2.084e-04            1.146e-04             1.51e-02
           1.819e+00            1.394e-04            7.663e-05             1.80e-02
           1.819e+00            5.886e-05            3.236e-05             2.39e-02
           1.819e+00            3.709e-05            2.039e-05             2.35e-02
           1.819e+00            2.101e-05            1.155e-05             2.95e-02
           1.819e+00            9.494e-06            5.221e-06             2.79e-02
           1.819e+00            4.426e-06            2.434e-06             3.49e-02
           1.819e+00            2.282e-06            1.255e-06             5.08e-02
           1.819e+00            1.250e-06            6.872e-07             5.54e-02
           1.819e+00            8.284e-07            4.555e-07             6.18e-02
           1.819e+00            4.245e-07            2.334e-07             5.78e-02
           1.819e+00            2.233e-07            1.228e-07             7.11e-02
           1.819e+00            1.418e-07            7.797e-08             8.33e-02
           1.819e+00            7.578e-08            4.167e-08             8.76e-02
           1.819e+00            4.068e-08            2.237e-08             1.08e-01
           1.819e+00            2.610e-08            1.435e-08             1.10e-01
           1.819e+00            2.196e-08            1.207e-08             1.40e-01
           1.819e+00            9.164e-09            5.039e-09             2.12e-01
           1.819e+00            3.047e-02            1.675e-02             2.35e-03
           1.819e+00            1.954e-02            1.075e-02             5.24e-03
           1.819e+00            1.750e-02            9.620e-03             6.63e-03
           1.819e+00            1.042e-02            5.728e-03             8.80e-03
           1.819e+00            3.234e-03            1.778e-03             1.11e-02
           1.819e+00            3.457e-03            1.901e-03             1.18e-02
           1.819e+00            1.390e-03            7.644e-04             1.49e-02
           1.819e+00            8.771e-04            4.823e-04             1.60e-02
           1.819e+00            2.802e-04            1.541e-04             1.60e-02
           1.819e+00            1.461e-04            8.032e-05             2.05e-02
           1.819e+00            7.873e-05            4.329e-05             2.49e-02
           1.819e+00            2.995e-05            1.647e-05             3.18e-02
           1.819e+00            2.003e-05            1.101e-05             3.31e-02
           1.819e+00            1.520e-05            8.357e-06             3.18e-02
           1.819e+00            4.815e-06            2.648e-06             3.56e-02
           1.819e+00            1.954e-06            1.074e-06             6.24e-02
           1.819e+00            1.029e-06            5.659e-07             5.74e-02
           1.819e+00            6.617e-07            3.638e-07             5.71e-02
           1.819e+00            3.674e-07            2.020e-07             7.01e-02
           1.819e+00            2.470e-07            1.358e-07             6.84e-02
           1.819e+00            1.023e-07            5.624e-08             7.22e-02
           1.819e+00            8.165e-08            4.490e-08             8.78e-02
           1.819e+00            5.615e-08            3.088e-08             8.58e-02
           1.819e+00            3.680e-08            2.023e-08             1.01e-01
           1.819e+00            1.750e-08            9.621e-09             1.52e-01
xmax = 20
xshift = -20
dx = 0.6349206349206349
len of Hint: 18
len of H: 18
Sweep 0, chi=2, cutoff=1e-08
  Direction: left->right
  Direction: right->left
  Energy: -0.1998479043, Trunc err: 1.02e+00
Sweep 1, chi=2, cutoff=1e-08
  Direction: left->right
  Direction: right->left
  Energy: -0.2005246339, Trunc err: 1.03e+00
Sweep 2, chi=2, cutoff=1e-08
  Direction: left->right
  Direction: right->left
  Energy: -0.2019323832, Trunc err: 1.03e+00
Sweep 3, chi=2, cutoff=1e-08
  Direction: left->right
  Direction: right->left
  Energy: -0.1998820267, Trunc err: 1.03e+00
Sweep 4, chi=2, cutoff=1e-08
  Direction: left->right
  Direction: right->left
  Energy: -0.2006565843, Trunc err: 1.03e+00
Sweep 5, chi=2, cutoff=1e-08
  Direction: left->right
  Direction: right->left
  Energy: -0.2006496174, Trunc err: 1.03e+00
Sweep 6, chi=2, cutoff=1e-08
  Direction: left->right
  Direction: right->left
  Energy: -0.1998055391, Trunc err: 1.03e+00
Sweep 7, chi=2, cutoff=1e-08
  Direction: left->right
  Direction: right->left
  Energy: -0.2012496040, Trunc err: 1.03e+00
Sweep 8, chi=2, cutoff=1e-08
  Direction: left->right
  Direction: right->left
  Energy: -0.1989682555, Trunc err: 1.03e+00
Sweep 9, chi=2, cutoff=1e-08
  Direction: left->right
  Direction: right->left
  Energy: -0.2011691974, Trunc err: 1.03e+00
Sweep 10, chi=4, cutoff=1e-08
  Direction: left->right
  Direction: right->left
  Energy: -0.3295186803, Trunc err: 1.15e+00
Sweep 11, chi=4, cutoff=1e-08
  Direction: left->right
  Direction: right->left
  Energy: -0.5708602371, Trunc err: 1.34e+00
Sweep 12, chi=4, cutoff=1e-08
  Direction: left->right
  Direction: right->left
  Energy: -1.0200225302, Trunc err: 1.51e+00
Sweep 13, chi=4, cutoff=1e-08
  Direction: left->right
  Direction: right->left
  Energy: -1.2775321275, Trunc err: 1.62e+00
Sweep 14, chi=4, cutoff=1e-08
  Direction: left->right
  Direction: right->left
  Energy: -1.3291397939, Trunc err: 1.67e+00
Sweep 15, chi=4, cutoff=1e-08
  Direction: left->right
  Direction: right->left
  Energy: -1.3362848816, Trunc err: 1.68e+00
Sweep 16, chi=4, cutoff=1e-08
  Direction: left->right
  Direction: right->left
  Energy: -1.3370510098, Trunc err: 1.69e+00
Sweep 17, chi=4, cutoff=1e-08
  Direction: left->right
  Direction: right->left
  Energy: -1.3371352694, Trunc err: 1.69e+00
Sweep 18, chi=4, cutoff=1e-08
  Direction: left->right
  Direction: right->left
  Energy: -1.3371484086, Trunc err: 1.69e+00
Sweep 19, chi=4, cutoff=1e-08
  Direction: left->right
  Direction: right->left
  Energy: -1.3371511939, Trunc err: 1.69e+00
Sweep 20, chi=4, cutoff=1e-08
  Direction: left->right
  Direction: right->left
  Energy: -1.3371520573, Trunc err: 1.69e+00
Sweep 21, chi=4, cutoff=1e-08
  Direction: left->right
  Direction: right->left
  Energy: -1.3371524568, Trunc err: 1.69e+00
Sweep 22, chi=4, cutoff=1e-08
  Direction: left->right
  Direction: right->left
  Energy: -1.3371526989, Trunc err: 1.69e+00
Sweep 23, chi=4, cutoff=1e-08
  Direction: left->right
  Direction: right->left
  Energy: -1.3371528653, Trunc err: 1.69e+00
Sweep 24, chi=4, cutoff=1e-08
  Direction: left->right
  Direction: right->left
  Energy: -1.3371529855, Trunc err: 1.69e+00
Sweep 25, chi=4, cutoff=1e-08
  Direction: left->right
  Direction: right->left
  Energy: -1.3371530742, Trunc err: 1.69e+00
Sweep 26, chi=4, cutoff=1e-08
  Direction: left->right
  Direction: right->left
  Energy: -1.3371531404, Trunc err: 1.69e+00
Sweep 27, chi=4, cutoff=1e-08
  Direction: left->right
  Direction: right->left
  Energy: -1.3371531903, Trunc err: 1.69e+00
Sweep 28, chi=4, cutoff=1e-08
  Direction: left->right
  Direction: right->left
  Energy: -1.3371532281, Trunc err: 1.69e+00
Sweep 29, chi=4, cutoff=1e-08
  Direction: left->right
  Direction: right->left
  Energy: -1.3371532568, Trunc err: 1.69e+00
Sweep 30, chi=4, cutoff=1e-08
  Direction: left->right
  Direction: right->left
  Energy: -1.3371532787, Trunc err: 1.69e+00
Sweep 31, chi=4, cutoff=1e-08
  Direction: left->right
  Direction: right->left
  Energy: -1.3371532955, Trunc err: 1.69e+00
Sweep 32, chi=4, cutoff=1e-08
  Direction: left->right
  Direction: right->left
  Energy: -1.3371533083, Trunc err: 1.69e+00
Sweep 33, chi=4, cutoff=1e-08
  Direction: left->right
  Direction: right->left
  Energy: -1.3371533182, Trunc err: 1.69e+00
Sweep 34, chi=4, cutoff=1e-08
  Direction: left->right
  Direction: right->left
  Energy: -1.3371533258, Trunc err: 1.69e+00
Sweep 35, chi=4, cutoff=1e-08
  Direction: left->right
  Direction: right->left
  Energy: -1.3371533316, Trunc err: 1.69e+00
Sweep 36, chi=4, cutoff=1e-08
  Direction: left->right
  Direction: right->left
  Energy: -1.3371533361, Trunc err: 1.69e+00
Sweep 37, chi=4, cutoff=1e-08
  Direction: left->right
  Direction: right->left
  Energy: -1.3371533396, Trunc err: 1.69e+00
Sweep 38, chi=4, cutoff=1e-08
  Direction: left->right
  Direction: right->left
  Energy: -1.3371533422, Trunc err: 1.69e+00
Sweep 39, chi=4, cutoff=1e-08
  Direction: left->right
  Direction: right->left
  Energy: -1.3371533443, Trunc err: 1.69e+00
Sweep 40, chi=4, cutoff=1e-08
  Direction: left->right
  Direction: right->left
  Energy: -1.3371533459, Trunc err: 1.69e+00
Sweep 41, chi=4, cutoff=1e-08
  Direction: left->right
  Direction: right->left
  Energy: -1.3371533471, Trunc err: 1.69e+00
Sweep 42, chi=4, cutoff=1e-08
  Direction: left->right
  Direction: right->left
  Energy: -1.3371533480, Trunc err: 1.69e+00
Sweep 43, chi=4, cutoff=1e-08
  Direction: left->right
  Direction: right->left
  Energy: -1.3371533488, Trunc err: 1.69e+00
Sweep 44, chi=4, cutoff=1e-08
  Direction: left->right
  Direction: right->left
  Energy: -1.3371533493, Trunc err: 1.69e+00
Sweep 45, chi=4, cutoff=1e-08
  Direction: left->right
  Direction: right->left
  Energy: -1.3371533497, Trunc err: 1.69e+00
Sweep 46, chi=4, cutoff=1e-08
  Direction: left->right
  Direction: right->left
  Energy: -1.3371533501, Trunc err: 1.69e+00
Sweep 47, chi=4, cutoff=1e-08
  Direction: left->right
  Direction: right->left
  Energy: -1.3371533503, Trunc err: 1.69e+00
Sweep 48, chi=4, cutoff=1e-08
  Direction: left->right
  Direction: right->left
  Energy: -1.3371533505, Trunc err: 1.69e+00
Sweep 49, chi=4, cutoff=1e-08
  Direction: left->right
  Direction: right->left
  Energy: -1.3371533507, Trunc err: 1.69e+00
Sweep 50, chi=8, cutoff=1e-08
  Direction: left->right
  Direction: right->left
  Energy: -1.3677627022, Trunc err: 1.71e+00
Sweep 51, chi=8, cutoff=1e-08
  Direction: left->right
  Direction: right->left
  Energy: -1.3708581616, Trunc err: 1.76e+00
Sweep 52, chi=8, cutoff=1e-08
  Direction: left->right
  Direction: right->left
  Energy: -1.3709889302, Trunc err: 1.76e+00
Sweep 53, chi=8, cutoff=1e-08
  Direction: left->right
  Direction: right->left
  Energy: -1.3710094114, Trunc err: 1.77e+00
Sweep 54, chi=8, cutoff=1e-08
  Direction: left->right
  Direction: right->left
  Energy: -1.3710135695, Trunc err: 1.77e+00
Sweep 55, chi=8, cutoff=1e-08
  Direction: left->right
  Direction: right->left
  Energy: -1.3710144734, Trunc err: 1.77e+00
Sweep 56, chi=8, cutoff=1e-08
  Direction: left->right
  Direction: right->left
  Energy: -1.3710146738, Trunc err: 1.77e+00
Sweep 57, chi=8, cutoff=1e-08
  Direction: left->right
  Direction: right->left
  Energy: -1.3710147187, Trunc err: 1.77e+00
Sweep 58, chi=8, cutoff=1e-08
  Direction: left->right
  Direction: right->left
  Energy: -1.3710147292, Trunc err: 1.77e+00
Sweep 59, chi=8, cutoff=1e-08
  Direction: left->right
  Direction: right->left
  Energy: -1.3710147317, Trunc err: 1.77e+00
Sweep 60, chi=8, cutoff=1e-08
  Direction: left->right
  Direction: right->left
  Energy: -1.3710147324, Trunc err: 1.77e+00
Sweep 61, chi=8, cutoff=1e-08
  Direction: left->right
  Direction: right->left
  Energy: -1.3710147325, Trunc err: 1.77e+00
Sweep 62, chi=8, cutoff=1e-08
  Direction: left->right
  Direction: right->left
  Energy: -1.3710147326, Trunc err: 1.77e+00
Sweep 63, chi=8, cutoff=1e-08
  Direction: left->right
  Direction: right->left
  Energy: -1.3710147326, Trunc err: 1.77e+00
Sweep 64, chi=8, cutoff=1e-08
  Direction: left->right
  Direction: right->left
  Energy: -1.3710147326, Trunc err: 1.77e+00
Sweep 65, chi=8, cutoff=1e-08
  Direction: left->right
  Direction: right->left
  Energy: -1.3710147326, Trunc err: 1.77e+00
Sweep 66, chi=8, cutoff=1e-08
  Direction: left->right
  Direction: right->left
  Energy: -1.3710147326, Trunc err: 1.77e+00
Sweep 67, chi=8, cutoff=1e-08
  Direction: left->right
  Direction: right->left
  Energy: -1.3710147326, Trunc err: 1.77e+00
Sweep 68, chi=8, cutoff=1e-08
  Direction: left->right
  Direction: right->left
  Energy: -1.3710147326, Trunc err: 1.77e+00
Sweep 69, chi=8, cutoff=1e-08
  Direction: left->right
  Direction: right->left
  Energy: -1.3710147326, Trunc err: 1.77e+00
Sweep 70, chi=8, cutoff=1e-08
  Direction: left->right
  Direction: right->left
  Energy: -1.3710147326, Trunc err: 1.77e+00
Sweep 71, chi=8, cutoff=1e-08
  Direction: left->right
  Direction: right->left
  Energy: -1.3710147326, Trunc err: 1.77e+00
Sweep 72, chi=8, cutoff=1e-08
  Direction: left->right
  Direction: right->left
  Energy: -1.3710147326, Trunc err: 1.77e+00
Sweep 73, chi=8, cutoff=1e-08
  Direction: left->right
  Direction: right->left
  Energy: -1.3710147326, Trunc err: 1.77e+00
Sweep 74, chi=8, cutoff=1e-08
  Direction: left->right
  Direction: right->left
  Energy: -1.3710147326, Trunc err: 1.77e+00
Sweep 75, chi=8, cutoff=1e-08
  Direction: left->right
  Direction: right->left
  Energy: -1.3710147326, Trunc err: 1.77e+00
Sweep 76, chi=8, cutoff=1e-08
  Direction: left->right
  Direction: right->left
  Energy: -1.3710147326, Trunc err: 1.77e+00
Sweep 77, chi=8, cutoff=1e-08
  Direction: left->right
  Direction: right->left
  Energy: -1.3710147326, Trunc err: 1.77e+00
Sweep 78, chi=8, cutoff=1e-08
  Direction: left->right
  Direction: right->left
  Energy: -1.3710147326, Trunc err: 1.77e+00
Sweep 79, chi=8, cutoff=1e-08
  Direction: left->right
  Direction: right->left
  Energy: -1.3710147326, Trunc err: 1.77e+00
Sweep 80, chi=8, cutoff=1e-08
  Direction: left->right
  Direction: right->left
  Energy: -1.3710147326, Trunc err: 1.77e+00
Sweep 81, chi=8, cutoff=1e-08
  Direction: left->right
  Direction: right->left
  Energy: -1.3710147326, Trunc err: 1.77e+00
Sweep 82, chi=8, cutoff=1e-08
  Direction: left->right
  Direction: right->left
  Energy: -1.3710147326, Trunc err: 1.77e+00
Sweep 83, chi=8, cutoff=1e-08
  Direction: left->right
  Direction: right->left
  Energy: -1.3710147326, Trunc err: 1.77e+00
Sweep 84, chi=8, cutoff=1e-08
  Direction: left->right
  Direction: right->left
  Energy: -1.3710147326, Trunc err: 1.77e+00
Sweep 85, chi=8, cutoff=1e-08
  Direction: left->right
  Direction: right->left
  Energy: -1.3710147326, Trunc err: 1.77e+00
Sweep 86, chi=8, cutoff=1e-08
  Direction: left->right
  Direction: right->left
  Energy: -1.3710147326, Trunc err: 1.77e+00
Sweep 87, chi=8, cutoff=1e-08
  Direction: left->right
  Direction: right->left
  Energy: -1.3710147326, Trunc err: 1.77e+00
Sweep 88, chi=8, cutoff=1e-08
  Direction: left->right
  Direction: right->left
  Energy: -1.3710147326, Trunc err: 1.77e+00
Sweep 89, chi=8, cutoff=1e-08
  Direction: left->right
  Direction: right->left
  Energy: -1.3710147326, Trunc err: 1.77e+00
Sweep 90, chi=8, cutoff=1e-08
  Direction: left->right
  Direction: right->left
  Energy: -1.3710147326, Trunc err: 1.77e+00
Sweep 91, chi=8, cutoff=1e-08
  Direction: left->right
  Direction: right->left
  Energy: -1.3710147326, Trunc err: 1.77e+00
Sweep 92, chi=8, cutoff=1e-08
  Direction: left->right
  Direction: right->left
  Energy: -1.3710147326, Trunc err: 1.77e+00
Sweep 93, chi=8, cutoff=1e-08
  Direction: left->right
  Direction: right->left
  Energy: -1.3710147326, Trunc err: 1.77e+00
Sweep 94, chi=8, cutoff=1e-08
  Direction: left->right
  Direction: right->left
  Energy: -1.3710147326, Trunc err: 1.77e+00
Sweep 95, chi=8, cutoff=1e-08
  Direction: left->right
  Direction: right->left
  Energy: -1.3710147326, Trunc err: 1.77e+00
Sweep 96, chi=8, cutoff=1e-08
  Direction: left->right
  Direction: right->left
  Energy: -1.3710147326, Trunc err: 1.77e+00
Sweep 97, chi=8, cutoff=1e-08
  Direction: left->right
  Direction: right->left
  Energy: -1.3710147326, Trunc err: 1.77e+00
Sweep 98, chi=8, cutoff=1e-08
  Direction: left->right
  Direction: right->left
  Energy: -1.3710147326, Trunc err: 1.77e+00
Sweep 99, chi=8, cutoff=1e-08
  Direction: left->right
  Direction: right->left
  Energy: -1.3710147326, Trunc err: 1.77e+00
Sweep 100, chi=16, cutoff=1e-08
  Direction: left->right
  Direction: right->left
  Energy: -1.3933118751, Trunc err: 1.82e+00
Sweep 101, chi=16, cutoff=1e-08
  Direction: left->right
  Direction: right->left
  Energy: -1.3942539096, Trunc err: 1.87e+00
Sweep 102, chi=16, cutoff=1e-08
  Direction: left->right
  Direction: right->left
  Energy: -1.3943147400, Trunc err: 1.87e+00
Sweep 103, chi=16, cutoff=1e-08
  Direction: left->right
  Direction: right->left
  Energy: -1.3943223882, Trunc err: 1.87e+00
Sweep 104, chi=16, cutoff=1e-08
  Direction: left->right
  Direction: right->left
  Energy: -1.3943235193, Trunc err: 1.87e+00
Sweep 105, chi=16, cutoff=1e-08
  Direction: left->right
  Direction: right->left
  Energy: -1.3943237000, Trunc err: 1.87e+00
Sweep 106, chi=16, cutoff=1e-08
  Direction: left->right
  Direction: right->left
  Energy: -1.3943237214, Trunc err: 1.87e+00
Sweep 107, chi=16, cutoff=1e-08
  Direction: left->right
  Direction: right->left
  Energy: -1.3943237095, Trunc err: 1.87e+00
Sweep 108, chi=16, cutoff=1e-08
  Direction: left->right
  Direction: right->left
  Energy: -1.3943236882, Trunc err: 1.87e+00
Sweep 109, chi=16, cutoff=1e-08
  Direction: left->right
  Direction: right->left
  Energy: -1.3943236626, Trunc err: 1.87e+00
Sweep 110, chi=16, cutoff=1e-08
  Direction: left->right
  Direction: right->left
  Energy: -1.3943236339, Trunc err: 1.87e+00
Sweep 111, chi=16, cutoff=1e-08
  Direction: left->right
  Direction: right->left
  Energy: -1.3943236025, Trunc err: 1.87e+00
Sweep 112, chi=16, cutoff=1e-08
  Direction: left->right
  Direction: right->left
  Energy: -1.3943235688, Trunc err: 1.87e+00
Sweep 113, chi=16, cutoff=1e-08
  Direction: left->right
  Direction: right->left
  Energy: -1.3943235333, Trunc err: 1.87e+00
Sweep 114, chi=16, cutoff=1e-08
  Direction: left->right
  Direction: right->left
  Energy: -1.3943234965, Trunc err: 1.87e+00
Sweep 115, chi=16, cutoff=1e-08
  Direction: left->right
  Direction: right->left
  Energy: -1.3943234591, Trunc err: 1.87e+00
Sweep 116, chi=16, cutoff=1e-08
  Direction: left->right
  Direction: right->left
  Energy: -1.3943234218, Trunc err: 1.87e+00
Sweep 117, chi=16, cutoff=1e-08
  Direction: left->right
  Direction: right->left
  Energy: -1.3943233851, Trunc err: 1.87e+00
Sweep 118, chi=16, cutoff=1e-08
  Direction: left->right
  Direction: right->left
  Energy: -1.3943233496, Trunc err: 1.87e+00
Sweep 119, chi=16, cutoff=1e-08
  Direction: left->right
  Direction: right->left
  Energy: -1.3943233157, Trunc err: 1.87e+00
Sweep 120, chi=32, cutoff=1e-08
  Direction: left->right
  Direction: right->left
  Energy: -1.3983756425, Trunc err: 1.90e+00
Sweep 121, chi=32, cutoff=1e-08
  Direction: left->right
  Direction: right->left
  Energy: -1.3986354291, Trunc err: 1.93e+00
Sweep 122, chi=32, cutoff=1e-08
  Direction: left->right
  Direction: right->left
  Energy: -1.3986493910, Trunc err: 1.93e+00
Sweep 123, chi=32, cutoff=1e-08
  Direction: left->right
  Direction: right->left
  Energy: -1.3986531454, Trunc err: 1.93e+00
Sweep 124, chi=32, cutoff=1e-08
  Direction: left->right
  Direction: right->left
  Energy: -1.3986561624, Trunc err: 1.93e+00
Sweep 125, chi=32, cutoff=1e-08
  Direction: left->right
  Direction: right->left
  Energy: -1.3986567564, Trunc err: 1.93e+00
Sweep 126, chi=32, cutoff=1e-08
  Direction: left->right
  Direction: right->left
  Energy: -1.3986570767, Trunc err: 1.93e+00
Sweep 127, chi=32, cutoff=1e-08
  Direction: left->right
  Direction: right->left
  Energy: -1.3986572417, Trunc err: 1.93e+00
Sweep 128, chi=32, cutoff=1e-08
  Direction: left->right
  Direction: right->left
  Energy: -1.3986573108, Trunc err: 1.93e+00
Sweep 129, chi=32, cutoff=1e-08
  Direction: left->right
  Direction: right->left
  Energy: -1.3986573384, Trunc err: 1.93e+00
