           1.819e+00            1.009e-01            5.545e-02             3.14e-03
           1.819e+00            4.105e-02            2.257e-02             4.41e-03
           1.819e+00            1.766e-02            9.709e-03             6.64e-03
           1.819e+00            1.186e-02            6.524e-03             7.11e-03
           1.819e+00            6.416e-03            3.528e-03             9.00e-03
           1.819e+00            2.301e-03            1.265e-03             9.64e-03
           1.819e+00            1.445e-03            7.945e-04             1.23e-02
           1.819e+00            4.966e-04            2.730e-04             1.53e-02
           1.819e+00            2.342e-04            1.288e-04             1.69e-02
           1.819e+00            1.176e-04            6.465e-05             2.05e-02
           1.819e+00            7.712e-05            4.240e-05             2.35e-02
           1.819e+00            3.390e-05            1.864e-05             2.57e-02
           1.819e+00            1.819e-05            1.000e-05             2.95e-02
           1.819e+00            7.739e-06            4.255e-06             3.18e-02
           1.819e+00            6.176e-06            3.396e-06             3.60e-02
           1.819e+00            3.336e-06            1.834e-06             5.63e-02
           1.819e+00            1.904e-06            1.047e-06             5.49e-02
           1.819e+00            6.083e-07            3.345e-07             6.16e-02
           1.819e+00            5.843e-07            3.213e-07             7.00e-02
           1.819e+00            3.685e-07            2.026e-07             7.44e-02
           1.819e+00            1.084e-07            5.961e-08             9.18e-02
           1.819e+00            9.319e-08            5.124e-08             9.34e-02
           1.819e+00            6.559e-08            3.606e-08             9.55e-02
           1.819e+00            2.693e-08            1.481e-08             1.08e-01
           1.819e+00            1.791e-08            9.847e-09             1.18e-01
           1.819e+00            8.047e-02            4.425e-02             3.15e-03
           1.819e+00            2.283e-02            1.256e-02             1.36e-02
           1.819e+00            1.496e-02            8.224e-03             1.20e-02
           1.819e+00            9.230e-03            5.075e-03             1.54e-02
           1.819e+00            5.778e-03            3.177e-03             2.41e-02
           1.819e+00            2.122e-03            1.167e-03             2.44e-02
           1.819e+00            9.748e-04            5.360e-04             1.27e-02
           1.819e+00            7.058e-04            3.881e-04             1.40e-02
           1.819e+00            2.281e-04            1.254e-04             1.59e-02
           1.819e+00            1.435e-04            7.892e-05             1.80e-02
           1.819e+00            7.853e-05            4.318e-05             2.13e-02
           1.819e+00            2.974e-05            1.635e-05             2.44e-02
           1.819e+00            1.695e-05            9.322e-06             2.72e-02
           1.819e+00            7.932e-06            4.362e-06             3.02e-02
           1.819e+00            5.978e-06            3.287e-06             3.97e-02
           1.819e+00            2.555e-06            1.405e-06             5.52e-02
           1.819e+00            1.362e-06            7.489e-07             5.15e-02
           1.819e+00            1.041e-06            5.724e-07             6.03e-02
           1.819e+00            4.315e-07            2.373e-07             6.44e-02
           1.819e+00            2.033e-07            1.118e-07             6.55e-02
           1.819e+00            1.072e-07            5.893e-08             7.18e-02
           1.819e+00            9.578e-08            5.267e-08             7.95e-02
           1.819e+00            4.225e-08            2.323e-08             1.00e-01
           1.819e+00            2.509e-08            1.380e-08             1.04e-01
           1.819e+00            1.642e-08            9.030e-09             1.17e-01
xmax = 20
xshift = -20
dx = 0.6349206349206349
len of Hint: 18
len of H: 18
Sweep 0, chi=2, cutoff=1e-08
  Direction: left->right
  Direction: right->left
  Energy: -0.1982102927, Trunc err: 1.02e+00
Sweep 1, chi=2, cutoff=1e-08
  Direction: left->right
  Direction: right->left
  Energy: -0.2007539725, Trunc err: 1.03e+00
Sweep 2, chi=2, cutoff=1e-08
  Direction: left->right
  Direction: right->left
  Energy: -0.2009631414, Trunc err: 1.03e+00
Sweep 3, chi=2, cutoff=1e-08
  Direction: left->right
  Direction: right->left
  Energy: -0.1988195486, Trunc err: 1.03e+00
Sweep 4, chi=2, cutoff=1e-08
  Direction: left->right
  Direction: right->left
  Energy: -0.1989676654, Trunc err: 1.03e+00
Sweep 5, chi=2, cutoff=1e-08
  Direction: left->right
  Direction: right->left
  Energy: -0.2003430500, Trunc err: 1.03e+00
Sweep 6, chi=2, cutoff=1e-08
  Direction: left->right
  Direction: right->left
  Energy: -0.1989625941, Trunc err: 1.03e+00
Sweep 7, chi=2, cutoff=1e-08
  Direction: left->right
  Direction: right->left
  Energy: -0.2003920361, Trunc err: 1.03e+00
Sweep 8, chi=2, cutoff=1e-08
  Direction: left->right
  Direction: right->left
  Energy: -0.1989372229, Trunc err: 1.03e+00
Sweep 9, chi=2, cutoff=1e-08
  Direction: left->right
  Direction: right->left
  Energy: -0.2003078376, Trunc err: 1.03e+00
Sweep 10, chi=4, cutoff=1e-08
  Direction: left->right
  Direction: right->left
  Energy: -0.3134438429, Trunc err: 1.13e+00
Sweep 11, chi=4, cutoff=1e-08
  Direction: left->right
  Direction: right->left
  Energy: -0.4985132205, Trunc err: 1.32e+00
Sweep 12, chi=4, cutoff=1e-08
  Direction: left->right
  Direction: right->left
  Energy: -0.7568147419, Trunc err: 1.45e+00
Sweep 13, chi=4, cutoff=1e-08
  Direction: left->right
  Direction: right->left
  Energy: -0.9393151342, Trunc err: 1.56e+00
Sweep 14, chi=4, cutoff=1e-08
  Direction: left->right
  Direction: right->left
  Energy: -1.0328645863, Trunc err: 1.61e+00
Sweep 15, chi=4, cutoff=1e-08
  Direction: left->right
  Direction: right->left
  Energy: -1.0635533080, Trunc err: 1.63e+00
Sweep 16, chi=4, cutoff=1e-08
  Direction: left->right
  Direction: right->left
  Energy: -1.0714044612, Trunc err: 1.64e+00
Sweep 17, chi=4, cutoff=1e-08
  Direction: left->right
  Direction: right->left
  Energy: -1.0727903203, Trunc err: 1.64e+00
Sweep 18, chi=4, cutoff=1e-08
  Direction: left->right
  Direction: right->left
  Energy: -1.0730220440, Trunc err: 1.64e+00
Sweep 19, chi=4, cutoff=1e-08
  Direction: left->right
  Direction: right->left
  Energy: -1.0730678102, Trunc err: 1.64e+00
Sweep 20, chi=4, cutoff=1e-08
  Direction: left->right
  Direction: right->left
  Energy: -1.0730782393, Trunc err: 1.64e+00
Sweep 21, chi=4, cutoff=1e-08
  Direction: left->right
  Direction: right->left
  Energy: -1.0730808030, Trunc err: 1.64e+00
Sweep 22, chi=4, cutoff=1e-08
  Direction: left->right
  Direction: right->left
  Energy: -1.0730814743, Trunc err: 1.64e+00
Sweep 23, chi=4, cutoff=1e-08
  Direction: left->right
  Direction: right->left
  Energy: -1.0730816624, Trunc err: 1.64e+00
Sweep 24, chi=4, cutoff=1e-08
  Direction: left->right
  Direction: right->left
  Energy: -1.0730817204, Trunc err: 1.64e+00
Sweep 25, chi=4, cutoff=1e-08
  Direction: left->right
  Direction: right->left
  Energy: -1.0730817409, Trunc err: 1.64e+00
Sweep 26, chi=4, cutoff=1e-08
  Direction: left->right
  Direction: right->left
  Energy: -1.0730817491, Trunc err: 1.64e+00
Sweep 27, chi=4, cutoff=1e-08
  Direction: left->right
  Direction: right->left
  Energy: -1.0730817528, Trunc err: 1.64e+00
Sweep 28, chi=4, cutoff=1e-08
  Direction: left->right
  Direction: right->left
  Energy: -1.0730817545, Trunc err: 1.64e+00
Sweep 29, chi=4, cutoff=1e-08
  Direction: left->right
  Direction: right->left
  Energy: -1.0730817554, Trunc err: 1.64e+00
Sweep 30, chi=4, cutoff=1e-08
  Direction: left->right
  Direction: right->left
  Energy: -1.0730817558, Trunc err: 1.64e+00
Sweep 31, chi=4, cutoff=1e-08
  Direction: left->right
  Direction: right->left
  Energy: -1.0730817560, Trunc err: 1.64e+00
Sweep 32, chi=4, cutoff=1e-08
  Direction: left->right
  Direction: right->left
  Energy: -1.0730817561, Trunc err: 1.64e+00
Sweep 33, chi=4, cutoff=1e-08
  Direction: left->right
  Direction: right->left
  Energy: -1.0730817562, Trunc err: 1.64e+00
Sweep 34, chi=4, cutoff=1e-08
  Direction: left->right
  Direction: right->left
  Energy: -1.0730817562, Trunc err: 1.64e+00
Sweep 35, chi=4, cutoff=1e-08
  Direction: left->right
  Direction: right->left
  Energy: -1.0730817562, Trunc err: 1.64e+00
Sweep 36, chi=4, cutoff=1e-08
  Direction: left->right
  Direction: right->left
  Energy: -1.0730817562, Trunc err: 1.64e+00
Sweep 37, chi=4, cutoff=1e-08
  Direction: left->right
  Direction: right->left
  Energy: -1.0730817562, Trunc err: 1.64e+00
Sweep 38, chi=4, cutoff=1e-08
  Direction: left->right
  Direction: right->left
  Energy: -1.0730817562, Trunc err: 1.64e+00
Sweep 39, chi=4, cutoff=1e-08
  Direction: left->right
  Direction: right->left
  Energy: -1.0730817562, Trunc err: 1.64e+00
Sweep 40, chi=4, cutoff=1e-08
  Direction: left->right
  Direction: right->left
  Energy: -1.0730817562, Trunc err: 1.64e+00
Sweep 41, chi=4, cutoff=1e-08
  Direction: left->right
  Direction: right->left
  Energy: -1.0730817563, Trunc err: 1.64e+00
Sweep 42, chi=4, cutoff=1e-08
  Direction: left->right
  Direction: right->left
  Energy: -1.0730817563, Trunc err: 1.64e+00
Sweep 43, chi=4, cutoff=1e-08
  Direction: left->right
  Direction: right->left
  Energy: -1.0730817563, Trunc err: 1.64e+00
Sweep 44, chi=4, cutoff=1e-08
  Direction: left->right
  Direction: right->left
  Energy: -1.0730817563, Trunc err: 1.64e+00
Sweep 45, chi=4, cutoff=1e-08
  Direction: left->right
  Direction: right->left
  Energy: -1.0730817563, Trunc err: 1.64e+00
Sweep 46, chi=4, cutoff=1e-08
  Direction: left->right
  Direction: right->left
  Energy: -1.0730817563, Trunc err: 1.64e+00
Sweep 47, chi=4, cutoff=1e-08
  Direction: left->right
  Direction: right->left
  Energy: -1.0730817563, Trunc err: 1.64e+00
Sweep 48, chi=4, cutoff=1e-08
  Direction: left->right
  Direction: right->left
  Energy: -1.0730817563, Trunc err: 1.64e+00
Sweep 49, chi=4, cutoff=1e-08
  Direction: left->right
  Direction: right->left
  Energy: -1.0730817563, Trunc err: 1.64e+00
Sweep 50, chi=8, cutoff=1e-08
  Direction: left->right
  Direction: right->left
  Energy: -1.0959665113, Trunc err: 1.67e+00
Sweep 51, chi=8, cutoff=1e-08
  Direction: left->right
  Direction: right->left
  Energy: -1.1042368596, Trunc err: 1.72e+00
Sweep 52, chi=8, cutoff=1e-08
  Direction: left->right
  Direction: right->left
  Energy: -1.1045069713, Trunc err: 1.73e+00
Sweep 53, chi=8, cutoff=1e-08
  Direction: left->right
  Direction: right->left
  Energy: -1.1045306156, Trunc err: 1.73e+00
Sweep 54, chi=8, cutoff=1e-08
  Direction: left->right
  Direction: right->left
  Energy: -1.1045352167, Trunc err: 1.73e+00
Sweep 55, chi=8, cutoff=1e-08
  Direction: left->right
  Direction: right->left
  Energy: -1.1045362882, Trunc err: 1.73e+00
Sweep 56, chi=8, cutoff=1e-08
  Direction: left->right
  Direction: right->left
  Energy: -1.1045365410, Trunc err: 1.73e+00
Sweep 57, chi=8, cutoff=1e-08
  Direction: left->right
  Direction: right->left
  Energy: -1.1045366004, Trunc err: 1.73e+00
Sweep 58, chi=8, cutoff=1e-08
  Direction: left->right
  Direction: right->left
  Energy: -1.1045366154, Trunc err: 1.73e+00
Sweep 59, chi=8, cutoff=1e-08
  Direction: left->right
  Direction: right->left
  Energy: -1.1045366193, Trunc err: 1.73e+00
Sweep 60, chi=8, cutoff=1e-08
  Direction: left->right
  Direction: right->left
  Energy: -1.1045366203, Trunc err: 1.73e+00
Sweep 61, chi=8, cutoff=1e-08
  Direction: left->right
  Direction: right->left
  Energy: -1.1045366206, Trunc err: 1.73e+00
Sweep 62, chi=8, cutoff=1e-08
  Direction: left->right
  Direction: right->left
  Energy: -1.1045366207, Trunc err: 1.73e+00
Sweep 63, chi=8, cutoff=1e-08
  Direction: left->right
  Direction: right->left
  Energy: -1.1045366207, Trunc err: 1.73e+00
Sweep 64, chi=8, cutoff=1e-08
  Direction: left->right
  Direction: right->left
  Energy: -1.1045366207, Trunc err: 1.73e+00
Sweep 65, chi=8, cutoff=1e-08
  Direction: left->right
  Direction: right->left
  Energy: -1.1045366207, Trunc err: 1.73e+00
Sweep 66, chi=8, cutoff=1e-08
  Direction: left->right
  Direction: right->left
  Energy: -1.1045366207, Trunc err: 1.73e+00
Sweep 67, chi=8, cutoff=1e-08
  Direction: left->right
  Direction: right->left
  Energy: -1.1045366207, Trunc err: 1.73e+00
Sweep 68, chi=8, cutoff=1e-08
  Direction: left->right
  Direction: right->left
  Energy: -1.1045366207, Trunc err: 1.73e+00
Sweep 69, chi=8, cutoff=1e-08
  Direction: left->right
  Direction: right->left
  Energy: -1.1045366207, Trunc err: 1.73e+00
Sweep 70, chi=8, cutoff=1e-08
  Direction: left->right
  Direction: right->left
  Energy: -1.1045366207, Trunc err: 1.73e+00
Sweep 71, chi=8, cutoff=1e-08
  Direction: left->right
  Direction: right->left
  Energy: -1.1045366207, Trunc err: 1.73e+00
Sweep 72, chi=8, cutoff=1e-08
  Direction: left->right
  Direction: right->left
  Energy: -1.1045366207, Trunc err: 1.73e+00
Sweep 73, chi=8, cutoff=1e-08
  Direction: left->right
  Direction: right->left
  Energy: -1.1045366207, Trunc err: 1.73e+00
Sweep 74, chi=8, cutoff=1e-08
  Direction: left->right
  Direction: right->left
  Energy: -1.1045366207, Trunc err: 1.73e+00
Sweep 75, chi=8, cutoff=1e-08
  Direction: left->right
  Direction: right->left
  Energy: -1.1045366207, Trunc err: 1.73e+00
Sweep 76, chi=8, cutoff=1e-08
  Direction: left->right
  Direction: right->left
  Energy: -1.1045366207, Trunc err: 1.73e+00
Sweep 77, chi=8, cutoff=1e-08
  Direction: left->right
  Direction: right->left
  Energy: -1.1045366207, Trunc err: 1.73e+00
Sweep 78, chi=8, cutoff=1e-08
  Direction: left->right
  Direction: right->left
  Energy: -1.1045366207, Trunc err: 1.73e+00
Sweep 79, chi=8, cutoff=1e-08
  Direction: left->right
  Direction: right->left
  Energy: -1.1045366207, Trunc err: 1.73e+00
Sweep 80, chi=8, cutoff=1e-08
  Direction: left->right
  Direction: right->left
  Energy: -1.1045366207, Trunc err: 1.73e+00
Sweep 81, chi=8, cutoff=1e-08
  Direction: left->right
  Direction: right->left
  Energy: -1.1045366207, Trunc err: 1.73e+00
Sweep 82, chi=8, cutoff=1e-08
  Direction: left->right
  Direction: right->left
  Energy: -1.1045366207, Trunc err: 1.73e+00
Sweep 83, chi=8, cutoff=1e-08
  Direction: left->right
  Direction: right->left
  Energy: -1.1045366207, Trunc err: 1.73e+00
Sweep 84, chi=8, cutoff=1e-08
  Direction: left->right
  Direction: right->left
  Energy: -1.1045366207, Trunc err: 1.73e+00
Sweep 85, chi=8, cutoff=1e-08
  Direction: left->right
  Direction: right->left
  Energy: -1.1045366207, Trunc err: 1.73e+00
Sweep 86, chi=8, cutoff=1e-08
  Direction: left->right
  Direction: right->left
  Energy: -1.1045366207, Trunc err: 1.73e+00
Sweep 87, chi=8, cutoff=1e-08
  Direction: left->right
  Direction: right->left
  Energy: -1.1045366207, Trunc err: 1.73e+00
Sweep 88, chi=8, cutoff=1e-08
  Direction: left->right
  Direction: right->left
  Energy: -1.1045366207, Trunc err: 1.73e+00
Sweep 89, chi=8, cutoff=1e-08
  Direction: left->right
  Direction: right->left
  Energy: -1.1045366207, Trunc err: 1.73e+00
Sweep 90, chi=8, cutoff=1e-08
  Direction: left->right
  Direction: right->left
  Energy: -1.1045366207, Trunc err: 1.73e+00
Sweep 91, chi=8, cutoff=1e-08
  Direction: left->right
  Direction: right->left
  Energy: -1.1045366207, Trunc err: 1.73e+00
Sweep 92, chi=8, cutoff=1e-08
  Direction: left->right
  Direction: right->left
  Energy: -1.1045366207, Trunc err: 1.73e+00
Sweep 93, chi=8, cutoff=1e-08
  Direction: left->right
  Direction: right->left
  Energy: -1.1045366207, Trunc err: 1.73e+00
Sweep 94, chi=8, cutoff=1e-08
  Direction: left->right
  Direction: right->left
  Energy: -1.1045366207, Trunc err: 1.73e+00
Sweep 95, chi=8, cutoff=1e-08
  Direction: left->right
  Direction: right->left
  Energy: -1.1045366207, Trunc err: 1.73e+00
Sweep 96, chi=8, cutoff=1e-08
  Direction: left->right
  Direction: right->left
  Energy: -1.1045366207, Trunc err: 1.73e+00
Sweep 97, chi=8, cutoff=1e-08
  Direction: left->right
  Direction: right->left
  Energy: -1.1045366207, Trunc err: 1.73e+00
Sweep 98, chi=8, cutoff=1e-08
  Direction: left->right
  Direction: right->left
  Energy: -1.1045366207, Trunc err: 1.73e+00
Sweep 99, chi=8, cutoff=1e-08
  Direction: left->right
  Direction: right->left
  Energy: -1.1045366207, Trunc err: 1.73e+00
Sweep 100, chi=16, cutoff=1e-08
  Direction: left->right
  Direction: right->left
  Energy: -1.1286427957, Trunc err: 1.78e+00
Sweep 101, chi=16, cutoff=1e-08
  Direction: left->right
  Direction: right->left
  Energy: -1.1303014240, Trunc err: 1.84e+00
Sweep 102, chi=16, cutoff=1e-08
  Direction: left->right
  Direction: right->left
  Energy: -1.1304571988, Trunc err: 1.85e+00
Sweep 103, chi=16, cutoff=1e-08
  Direction: left->right
  Direction: right->left
  Energy: -1.1304842743, Trunc err: 1.85e+00
Sweep 104, chi=16, cutoff=1e-08
  Direction: left->right
  Direction: right->left
  Energy: -1.1304882575, Trunc err: 1.85e+00
Sweep 105, chi=16, cutoff=1e-08
  Direction: left->right
  Direction: right->left
  Energy: -1.1304879635, Trunc err: 1.85e+00
Sweep 106, chi=16, cutoff=1e-08
  Direction: left->right
  Direction: right->left
  Energy: -1.1304865193, Trunc err: 1.85e+00
Sweep 107, chi=16, cutoff=1e-08
  Direction: left->right
  Direction: right->left
  Energy: -1.1304855478, Trunc err: 1.85e+00
Sweep 108, chi=16, cutoff=1e-08
  Direction: left->right
  Direction: right->left
  Energy: -1.1304851900, Trunc err: 1.85e+00
Sweep 109, chi=16, cutoff=1e-08
  Direction: left->right
  Direction: right->left
  Energy: -1.1304850805, Trunc err: 1.85e+00
Sweep 110, chi=16, cutoff=1e-08
  Direction: left->right
  Direction: right->left
  Energy: -1.1304850466, Trunc err: 1.85e+00
Sweep 111, chi=16, cutoff=1e-08
  Direction: left->right
  Direction: right->left
  Energy: -1.1304850358, Trunc err: 1.85e+00
Sweep 112, chi=16, cutoff=1e-08
  Direction: left->right
  Direction: right->left
  Energy: -1.1304850324, Trunc err: 1.85e+00
Sweep 113, chi=16, cutoff=1e-08
  Direction: left->right
  Direction: right->left
  Energy: -1.1304850315, Trunc err: 1.85e+00
Sweep 114, chi=16, cutoff=1e-08
  Direction: left->right
  Direction: right->left
  Energy: -1.1304850313, Trunc err: 1.85e+00
Sweep 115, chi=16, cutoff=1e-08
  Direction: left->right
  Direction: right->left
  Energy: -1.1304850313, Trunc err: 1.85e+00
Sweep 116, chi=16, cutoff=1e-08
  Direction: left->right
  Direction: right->left
  Energy: -1.1304850310, Trunc err: 1.85e+00
Sweep 117, chi=16, cutoff=1e-08
  Direction: left->right
  Direction: right->left
  Energy: -1.1304850305, Trunc err: 1.85e+00
Sweep 118, chi=16, cutoff=1e-08
  Direction: left->right
  Direction: right->left
  Energy: -1.1304850296, Trunc err: 1.85e+00
Sweep 119, chi=16, cutoff=1e-08
  Direction: left->right
  Direction: right->left
  Energy: -1.1304850282, Trunc err: 1.85e+00
Sweep 120, chi=32, cutoff=1e-08
  Direction: left->right
  Direction: right->left
  Energy: -1.1329061235, Trunc err: 1.87e+00
Sweep 121, chi=32, cutoff=1e-08
  Direction: left->right
  Direction: right->left
  Energy: -1.1330142635, Trunc err: 1.90e+00
Sweep 122, chi=32, cutoff=1e-08
  Direction: left->right
  Direction: right->left
  Energy: -1.1330281938, Trunc err: 1.90e+00
Sweep 123, chi=32, cutoff=1e-08
  Direction: left->right
  Direction: right->left
  Energy: -1.1330641011, Trunc err: 1.90e+00
Sweep 124, chi=32, cutoff=1e-08
  Direction: left->right
  Direction: right->left
  Energy: -1.1330759835, Trunc err: 1.90e+00
Sweep 125, chi=32, cutoff=1e-08
  Direction: left->right
  Direction: right->left
  Energy: -1.1330903432, Trunc err: 1.90e+00
Sweep 126, chi=32, cutoff=1e-08
  Direction: left->right
  Direction: right->left
  Energy: -1.1330944951, Trunc err: 1.90e+00
Sweep 127, chi=32, cutoff=1e-08
  Direction: left->right
  Direction: right->left
  Energy: -1.1331007138, Trunc err: 1.90e+00
Sweep 128, chi=32, cutoff=1e-08
  Direction: left->right
  Direction: right->left
  Energy: -1.1331015103, Trunc err: 1.91e+00
Sweep 129, chi=32, cutoff=1e-08
  Direction: left->right
  Direction: right->left
  Energy: -1.1331016051, Trunc err: 1.91e+00
