           1.819e+00            4.019e-02            2.210e-02             3.26e-03
           1.819e+00            3.199e-02            1.759e-02             4.96e-03
           1.819e+00            1.087e-02            5.978e-03             6.19e-03
           1.819e+00            8.758e-03            4.816e-03             7.78e-03
           1.819e+00            4.422e-03            2.431e-03             8.81e-03
           1.819e+00            2.071e-03            1.139e-03             9.53e-03
           1.819e+00            7.521e-04            4.136e-04             1.25e-02
           1.819e+00            4.433e-04            2.438e-04             1.44e-02
           1.819e+00            1.978e-04            1.088e-04             1.68e-02
           1.819e+00            1.217e-04            6.692e-05             1.96e-02
           1.819e+00            8.321e-05            4.576e-05             2.22e-02
           1.819e+00            4.552e-05            2.503e-05             2.47e-02
           1.819e+00            2.168e-05            1.192e-05             2.73e-02
           1.819e+00            1.022e-05            5.617e-06             2.91e-02
           1.819e+00            6.485e-06            3.566e-06             3.43e-02
           1.819e+00            2.867e-06            1.576e-06             5.20e-02
           1.819e+00            1.536e-06            8.443e-07             6.27e-02
           1.819e+00            1.042e-06            5.730e-07             6.26e-02
           1.819e+00            4.027e-07            2.214e-07             6.01e-02
           1.819e+00            2.441e-07            1.342e-07             6.19e-02
           1.819e+00            1.442e-07            7.927e-08             6.88e-02
           1.819e+00            1.043e-07            5.732e-08             7.76e-02
           1.819e+00            4.705e-08            2.587e-08             9.48e-02
           1.819e+00            1.798e-08            9.889e-09             1.05e-01
           1.819e+00            4.829e-02            2.655e-02             3.50e-03
           1.819e+00            3.437e-02            1.890e-02             7.99e-03
           1.819e+00            1.546e-02            8.500e-03             6.78e-03
           1.819e+00            9.435e-03            5.188e-03             7.59e-03
           1.819e+00            3.876e-03            2.131e-03             9.70e-03
           1.819e+00            1.561e-03            8.585e-04             1.16e-02
           1.819e+00            1.093e-03            6.010e-04             1.35e-02
           1.819e+00            4.571e-04            2.513e-04             1.55e-02
           1.819e+00            2.328e-04            1.280e-04             1.88e-02
           1.819e+00            1.403e-04            7.714e-05             2.19e-02
           1.819e+00            6.942e-05            3.817e-05             2.91e-02
           1.819e+00            3.121e-05            1.716e-05             4.90e-02
           1.819e+00            1.717e-05            9.443e-06             4.36e-02
           1.819e+00            1.251e-05            6.877e-06             4.04e-02
           1.819e+00            8.976e-06            4.935e-06             5.47e-02
           1.819e+00            1.954e-06            1.074e-06             9.71e-02
           1.819e+00            1.023e-06            5.623e-07             5.39e-02
           1.819e+00            6.244e-07            3.433e-07             5.72e-02
           1.819e+00            4.938e-07            2.715e-07             5.89e-02
           1.819e+00            1.817e-07            9.991e-08             6.51e-02
           1.819e+00            1.652e-07            9.084e-08             7.82e-02
           1.819e+00            1.092e-07            6.007e-08             8.32e-02
           1.819e+00            6.245e-08            3.434e-08             8.58e-02
           1.819e+00            3.326e-08            1.829e-08             1.02e-01
           1.819e+00            1.674e-08            9.202e-09             1.07e-01
xmax = 20
xshift = -20
dx = 0.6349206349206349
len of Hint: 18
len of H: 18
Sweep 0, chi=2, cutoff=1e-08
  Direction: left->right
  Direction: right->left
  Energy: -0.1976797452, Trunc err: 1.02e+00
Sweep 1, chi=2, cutoff=1e-08
  Direction: left->right
  Direction: right->left
  Energy: -0.2000926211, Trunc err: 1.03e+00
Sweep 2, chi=2, cutoff=1e-08
  Direction: left->right
  Direction: right->left
  Energy: -0.2003033367, Trunc err: 1.03e+00
Sweep 3, chi=2, cutoff=1e-08
  Direction: left->right
  Direction: right->left
  Energy: -0.1982832272, Trunc err: 1.03e+00
Sweep 4, chi=2, cutoff=1e-08
  Direction: left->right
  Direction: right->left
  Energy: -0.1983172439, Trunc err: 1.03e+00
Sweep 5, chi=2, cutoff=1e-08
  Direction: left->right
  Direction: right->left
  Energy: -0.1997301399, Trunc err: 1.03e+00
Sweep 6, chi=2, cutoff=1e-08
  Direction: left->right
  Direction: right->left
  Energy: -0.1982982380, Trunc err: 1.03e+00
Sweep 7, chi=2, cutoff=1e-08
  Direction: left->right
  Direction: right->left
  Energy: -0.1997742420, Trunc err: 1.03e+00
Sweep 8, chi=2, cutoff=1e-08
  Direction: left->right
  Direction: right->left
  Energy: -0.1976473825, Trunc err: 1.03e+00
Sweep 9, chi=2, cutoff=1e-08
  Direction: left->right
  Direction: right->left
  Energy: -0.1995487813, Trunc err: 1.03e+00
Sweep 10, chi=4, cutoff=1e-08
  Direction: left->right
  Direction: right->left
  Energy: -0.3088753491, Trunc err: 1.14e+00
Sweep 11, chi=4, cutoff=1e-08
  Direction: left->right
  Direction: right->left
  Energy: -0.4715532193, Trunc err: 1.31e+00
Sweep 12, chi=4, cutoff=1e-08
  Direction: left->right
  Direction: right->left
  Energy: -0.6778705320, Trunc err: 1.44e+00
Sweep 13, chi=4, cutoff=1e-08
  Direction: left->right
  Direction: right->left
  Energy: -0.8239167375, Trunc err: 1.53e+00
Sweep 14, chi=4, cutoff=1e-08
  Direction: left->right
  Direction: right->left
  Energy: -0.9087570833, Trunc err: 1.58e+00
Sweep 15, chi=4, cutoff=1e-08
  Direction: left->right
  Direction: right->left
  Energy: -0.9439450095, Trunc err: 1.60e+00
Sweep 16, chi=4, cutoff=1e-08
  Direction: left->right
  Direction: right->left
  Energy: -0.9554001860, Trunc err: 1.61e+00
Sweep 17, chi=4, cutoff=1e-08
  Direction: left->right
  Direction: right->left
  Energy: -0.9578889612, Trunc err: 1.62e+00
Sweep 18, chi=4, cutoff=1e-08
  Direction: left->right
  Direction: right->left
  Energy: -0.9583367555, Trunc err: 1.62e+00
Sweep 19, chi=4, cutoff=1e-08
  Direction: left->right
  Direction: right->left
  Energy: -0.9584199158, Trunc err: 1.62e+00
Sweep 20, chi=4, cutoff=1e-08
  Direction: left->right
  Direction: right->left
  Energy: -0.9584413632, Trunc err: 1.62e+00
Sweep 21, chi=4, cutoff=1e-08
  Direction: left->right
  Direction: right->left
  Energy: -0.9584469390, Trunc err: 1.62e+00
Sweep 22, chi=4, cutoff=1e-08
  Direction: left->right
  Direction: right->left
  Energy: -0.9584484229, Trunc err: 1.62e+00
Sweep 23, chi=4, cutoff=1e-08
  Direction: left->right
  Direction: right->left
  Energy: -0.9584488374, Trunc err: 1.62e+00
Sweep 24, chi=4, cutoff=1e-08
  Direction: left->right
  Direction: right->left
  Energy: -0.9584489606, Trunc err: 1.62e+00
Sweep 25, chi=4, cutoff=1e-08
  Direction: left->right
  Direction: right->left
  Energy: -0.9584490008, Trunc err: 1.62e+00
Sweep 26, chi=4, cutoff=1e-08
  Direction: left->right
  Direction: right->left
  Energy: -0.9584490155, Trunc err: 1.62e+00
Sweep 27, chi=4, cutoff=1e-08
  Direction: left->right
  Direction: right->left
  Energy: -0.9584490215, Trunc err: 1.62e+00
Sweep 28, chi=4, cutoff=1e-08
  Direction: left->right
  Direction: right->left
  Energy: -0.9584490241, Trunc err: 1.62e+00
Sweep 29, chi=4, cutoff=1e-08
  Direction: left->right
  Direction: right->left
  Energy: -0.9584490254, Trunc err: 1.62e+00
Sweep 30, chi=4, cutoff=1e-08
  Direction: left->right
  Direction: right->left
  Energy: -0.9584490260, Trunc err: 1.62e+00
Sweep 31, chi=4, cutoff=1e-08
  Direction: left->right
  Direction: right->left
  Energy: -0.9584490263, Trunc err: 1.62e+00
Sweep 32, chi=4, cutoff=1e-08
  Direction: left->right
  Direction: right->left
  Energy: -0.9584490264, Trunc err: 1.62e+00
Sweep 33, chi=4, cutoff=1e-08
  Direction: left->right
  Direction: right->left
  Energy: -0.9584490265, Trunc err: 1.62e+00
Sweep 34, chi=4, cutoff=1e-08
  Direction: left->right
  Direction: right->left
  Energy: -0.9584490266, Trunc err: 1.62e+00
Sweep 35, chi=4, cutoff=1e-08
  Direction: left->right
  Direction: right->left
  Energy: -0.9584490266, Trunc err: 1.62e+00
Sweep 36, chi=4, cutoff=1e-08
  Direction: left->right
  Direction: right->left
  Energy: -0.9584490266, Trunc err: 1.62e+00
Sweep 37, chi=4, cutoff=1e-08
  Direction: left->right
  Direction: right->left
  Energy: -0.9584490266, Trunc err: 1.62e+00
Sweep 38, chi=4, cutoff=1e-08
  Direction: left->right
  Direction: right->left
  Energy: -0.9584490266, Trunc err: 1.62e+00
Sweep 39, chi=4, cutoff=1e-08
  Direction: left->right
  Direction: right->left
  Energy: -0.9584490266, Trunc err: 1.62e+00
Sweep 40, chi=4, cutoff=1e-08
  Direction: left->right
  Direction: right->left
  Energy: -0.9584490266, Trunc err: 1.62e+00
Sweep 41, chi=4, cutoff=1e-08
  Direction: left->right
  Direction: right->left
  Energy: -0.9584490266, Trunc err: 1.62e+00
Sweep 42, chi=4, cutoff=1e-08
  Direction: left->right
  Direction: right->left
  Energy: -0.9584490266, Trunc err: 1.62e+00
Sweep 43, chi=4, cutoff=1e-08
  Direction: left->right
  Direction: right->left
  Energy: -0.9584490266, Trunc err: 1.62e+00
Sweep 44, chi=4, cutoff=1e-08
  Direction: left->right
  Direction: right->left
  Energy: -0.9584490266, Trunc err: 1.62e+00
Sweep 45, chi=4, cutoff=1e-08
  Direction: left->right
  Direction: right->left
  Energy: -0.9584490266, Trunc err: 1.62e+00
Sweep 46, chi=4, cutoff=1e-08
  Direction: left->right
  Direction: right->left
  Energy: -0.9584490266, Trunc err: 1.62e+00
Sweep 47, chi=4, cutoff=1e-08
  Direction: left->right
  Direction: right->left
  Energy: -0.9584490266, Trunc err: 1.62e+00
Sweep 48, chi=4, cutoff=1e-08
  Direction: left->right
  Direction: right->left
  Energy: -0.9584490266, Trunc err: 1.62e+00
Sweep 49, chi=4, cutoff=1e-08
  Direction: left->right
  Direction: right->left
  Energy: -0.9584490266, Trunc err: 1.62e+00
Sweep 50, chi=8, cutoff=1e-08
  Direction: left->right
  Direction: right->left
  Energy: -1.0126799740, Trunc err: 1.66e+00
Sweep 51, chi=8, cutoff=1e-08
  Direction: left->right
  Direction: right->left
  Energy: -1.0177720328, Trunc err: 1.71e+00
Sweep 52, chi=8, cutoff=1e-08
  Direction: left->right
  Direction: right->left
  Energy: -1.0179526864, Trunc err: 1.72e+00
Sweep 53, chi=8, cutoff=1e-08
  Direction: left->right
  Direction: right->left
  Energy: -1.0179735376, Trunc err: 1.73e+00
Sweep 54, chi=8, cutoff=1e-08
  Direction: left->right
  Direction: right->left
  Energy: -1.0179774508, Trunc err: 1.73e+00
Sweep 55, chi=8, cutoff=1e-08
  Direction: left->right
  Direction: right->left
  Energy: -1.0179783560, Trunc err: 1.73e+00
Sweep 56, chi=8, cutoff=1e-08
  Direction: left->right
  Direction: right->left
  Energy: -1.0179785841, Trunc err: 1.73e+00
Sweep 57, chi=8, cutoff=1e-08
  Direction: left->right
  Direction: right->left
  Energy: -1.0179786433, Trunc err: 1.73e+00
Sweep 58, chi=8, cutoff=1e-08
  Direction: left->right
  Direction: right->left
  Energy: -1.0179786587, Trunc err: 1.73e+00
Sweep 59, chi=8, cutoff=1e-08
  Direction: left->right
  Direction: right->left
  Energy: -1.0179786628, Trunc err: 1.73e+00
Sweep 60, chi=8, cutoff=1e-08
  Direction: left->right
  Direction: right->left
  Energy: -1.0179786639, Trunc err: 1.73e+00
Sweep 61, chi=8, cutoff=1e-08
  Direction: left->right
  Direction: right->left
  Energy: -1.0179786642, Trunc err: 1.73e+00
Sweep 62, chi=8, cutoff=1e-08
  Direction: left->right
  Direction: right->left
  Energy: -1.0179786643, Trunc err: 1.73e+00
Sweep 63, chi=8, cutoff=1e-08
  Direction: left->right
  Direction: right->left
  Energy: -1.0179786643, Trunc err: 1.73e+00
Sweep 64, chi=8, cutoff=1e-08
  Direction: left->right
  Direction: right->left
  Energy: -1.0179786643, Trunc err: 1.73e+00
Sweep 65, chi=8, cutoff=1e-08
  Direction: left->right
  Direction: right->left
  Energy: -1.0179786643, Trunc err: 1.73e+00
Sweep 66, chi=8, cutoff=1e-08
  Direction: left->right
  Direction: right->left
  Energy: -1.0179786643, Trunc err: 1.73e+00
Sweep 67, chi=8, cutoff=1e-08
  Direction: left->right
  Direction: right->left
  Energy: -1.0179786643, Trunc err: 1.73e+00
Sweep 68, chi=8, cutoff=1e-08
  Direction: left->right
  Direction: right->left
  Energy: -1.0179786643, Trunc err: 1.73e+00
Sweep 69, chi=8, cutoff=1e-08
  Direction: left->right
  Direction: right->left
  Energy: -1.0179786643, Trunc err: 1.73e+00
Sweep 70, chi=8, cutoff=1e-08
  Direction: left->right
  Direction: right->left
  Energy: -1.0179786643, Trunc err: 1.73e+00
Sweep 71, chi=8, cutoff=1e-08
  Direction: left->right
  Direction: right->left
  Energy: -1.0179786643, Trunc err: 1.73e+00
Sweep 72, chi=8, cutoff=1e-08
  Direction: left->right
  Direction: right->left
  Energy: -1.0179786643, Trunc err: 1.73e+00
Sweep 73, chi=8, cutoff=1e-08
  Direction: left->right
  Direction: right->left
  Energy: -1.0179786643, Trunc err: 1.73e+00
Sweep 74, chi=8, cutoff=1e-08
  Direction: left->right
  Direction: right->left
  Energy: -1.0179786643, Trunc err: 1.73e+00
Sweep 75, chi=8, cutoff=1e-08
  Direction: left->right
  Direction: right->left
  Energy: -1.0179786643, Trunc err: 1.73e+00
Sweep 76, chi=8, cutoff=1e-08
  Direction: left->right
  Direction: right->left
  Energy: -1.0179786643, Trunc err: 1.73e+00
Sweep 77, chi=8, cutoff=1e-08
  Direction: left->right
  Direction: right->left
  Energy: -1.0179786643, Trunc err: 1.73e+00
Sweep 78, chi=8, cutoff=1e-08
  Direction: left->right
  Direction: right->left
  Energy: -1.0179786643, Trunc err: 1.73e+00
Sweep 79, chi=8, cutoff=1e-08
  Direction: left->right
  Direction: right->left
  Energy: -1.0179786643, Trunc err: 1.73e+00
Sweep 80, chi=8, cutoff=1e-08
  Direction: left->right
  Direction: right->left
  Energy: -1.0179786643, Trunc err: 1.73e+00
Sweep 81, chi=8, cutoff=1e-08
  Direction: left->right
  Direction: right->left
  Energy: -1.0179786643, Trunc err: 1.73e+00
Sweep 82, chi=8, cutoff=1e-08
  Direction: left->right
  Direction: right->left
  Energy: -1.0179786643, Trunc err: 1.73e+00
Sweep 83, chi=8, cutoff=1e-08
  Direction: left->right
  Direction: right->left
  Energy: -1.0179786643, Trunc err: 1.73e+00
Sweep 84, chi=8, cutoff=1e-08
  Direction: left->right
  Direction: right->left
  Energy: -1.0179786643, Trunc err: 1.73e+00
Sweep 85, chi=8, cutoff=1e-08
  Direction: left->right
  Direction: right->left
  Energy: -1.0179786643, Trunc err: 1.73e+00
Sweep 86, chi=8, cutoff=1e-08
  Direction: left->right
  Direction: right->left
  Energy: -1.0179786643, Trunc err: 1.73e+00
Sweep 87, chi=8, cutoff=1e-08
  Direction: left->right
  Direction: right->left
  Energy: -1.0179786643, Trunc err: 1.73e+00
Sweep 88, chi=8, cutoff=1e-08
  Direction: left->right
  Direction: right->left
  Energy: -1.0179786643, Trunc err: 1.73e+00
Sweep 89, chi=8, cutoff=1e-08
  Direction: left->right
  Direction: right->left
  Energy: -1.0179786643, Trunc err: 1.73e+00
Sweep 90, chi=8, cutoff=1e-08
  Direction: left->right
  Direction: right->left
  Energy: -1.0179786643, Trunc err: 1.73e+00
Sweep 91, chi=8, cutoff=1e-08
  Direction: left->right
  Direction: right->left
  Energy: -1.0179786643, Trunc err: 1.73e+00
Sweep 92, chi=8, cutoff=1e-08
  Direction: left->right
  Direction: right->left
  Energy: -1.0179786643, Trunc err: 1.73e+00
Sweep 93, chi=8, cutoff=1e-08
  Direction: left->right
  Direction: right->left
  Energy: -1.0179786643, Trunc err: 1.73e+00
Sweep 94, chi=8, cutoff=1e-08
  Direction: left->right
  Direction: right->left
  Energy: -1.0179786643, Trunc err: 1.73e+00
Sweep 95, chi=8, cutoff=1e-08
  Direction: left->right
  Direction: right->left
  Energy: -1.0179786643, Trunc err: 1.73e+00
Sweep 96, chi=8, cutoff=1e-08
  Direction: left->right
  Direction: right->left
  Energy: -1.0179786643, Trunc err: 1.73e+00
Sweep 97, chi=8, cutoff=1e-08
  Direction: left->right
  Direction: right->left
  Energy: -1.0179786643, Trunc err: 1.73e+00
Sweep 98, chi=8, cutoff=1e-08
  Direction: left->right
  Direction: right->left
  Energy: -1.0179786643, Trunc err: 1.73e+00
Sweep 99, chi=8, cutoff=1e-08
  Direction: left->right
  Direction: right->left
  Energy: -1.0179786643, Trunc err: 1.73e+00
Sweep 100, chi=16, cutoff=1e-08
  Direction: left->right
  Direction: right->left
  Energy: -1.0408158754, Trunc err: 1.77e+00
Sweep 101, chi=16, cutoff=1e-08
  Direction: left->right
  Direction: right->left
  Energy: -1.0425568558, Trunc err: 1.83e+00
Sweep 102, chi=16, cutoff=1e-08
  Direction: left->right
  Direction: right->left
  Energy: -1.0426550587, Trunc err: 1.83e+00
Sweep 103, chi=16, cutoff=1e-08
  Direction: left->right
  Direction: right->left
  Energy: -1.0426621776, Trunc err: 1.84e+00
Sweep 104, chi=16, cutoff=1e-08
  Direction: left->right
  Direction: right->left
  Energy: -1.0426609612, Trunc err: 1.84e+00
Sweep 105, chi=16, cutoff=1e-08
  Direction: left->right
  Direction: right->left
  Energy: -1.0426612843, Trunc err: 1.84e+00
Sweep 106, chi=16, cutoff=1e-08
  Direction: left->right
  Direction: right->left
  Energy: -1.0426614360, Trunc err: 1.84e+00
Sweep 107, chi=16, cutoff=1e-08
  Direction: left->right
  Direction: right->left
  Energy: -1.0426614932, Trunc err: 1.84e+00
Sweep 108, chi=16, cutoff=1e-08
  Direction: left->right
  Direction: right->left
  Energy: -1.0426615160, Trunc err: 1.84e+00
Sweep 109, chi=16, cutoff=1e-08
  Direction: left->right
  Direction: right->left
  Energy: -1.0426615275, Trunc err: 1.84e+00
Sweep 110, chi=16, cutoff=1e-08
  Direction: left->right
  Direction: right->left
  Energy: -1.0426615330, Trunc err: 1.84e+00
Sweep 111, chi=16, cutoff=1e-08
  Direction: left->right
  Direction: right->left
  Energy: -1.0426615368, Trunc err: 1.84e+00
Sweep 112, chi=16, cutoff=1e-08
  Direction: left->right
  Direction: right->left
  Energy: -1.0426615386, Trunc err: 1.84e+00
Sweep 113, chi=16, cutoff=1e-08
  Direction: left->right
  Direction: right->left
  Energy: -1.0426615404, Trunc err: 1.84e+00
Sweep 114, chi=16, cutoff=1e-08
  Direction: left->right
  Direction: right->left
  Energy: -1.0426615409, Trunc err: 1.84e+00
Sweep 115, chi=16, cutoff=1e-08
  Direction: left->right
  Direction: right->left
  Energy: -1.0426615420, Trunc err: 1.84e+00
Sweep 116, chi=16, cutoff=1e-08
  Direction: left->right
  Direction: right->left
  Energy: -1.0426615420, Trunc err: 1.84e+00
Sweep 117, chi=16, cutoff=1e-08
  Direction: left->right
  Direction: right->left
  Energy: -1.0426615427, Trunc err: 1.84e+00
Sweep 118, chi=16, cutoff=1e-08
  Direction: left->right
  Direction: right->left
  Energy: -1.0426615425, Trunc err: 1.84e+00
Sweep 119, chi=16, cutoff=1e-08
  Direction: left->right
  Direction: right->left
  Energy: -1.0426615431, Trunc err: 1.84e+00
Sweep 120, chi=32, cutoff=1e-08
  Direction: left->right
  Direction: right->left
  Energy: -1.0449391264, Trunc err: 1.86e+00
Sweep 121, chi=32, cutoff=1e-08
  Direction: left->right
  Direction: right->left
  Energy: -1.0449960852, Trunc err: 1.88e+00
Sweep 122, chi=32, cutoff=1e-08
  Direction: left->right
  Direction: right->left
  Energy: -1.0450031153, Trunc err: 1.88e+00
Sweep 123, chi=32, cutoff=1e-08
  Direction: left->right
  Direction: right->left
  Energy: -1.0450053485, Trunc err: 1.88e+00
Sweep 124, chi=32, cutoff=1e-08
  Direction: left->right
  Direction: right->left
  Energy: -1.0450064345, Trunc err: 1.88e+00
Sweep 125, chi=32, cutoff=1e-08
  Direction: left->right
  Direction: right->left
  Energy: -1.0450068363, Trunc err: 1.88e+00
Sweep 126, chi=32, cutoff=1e-08
  Direction: left->right
  Direction: right->left
  Energy: -1.0450069500, Trunc err: 1.88e+00
Sweep 127, chi=32, cutoff=1e-08
  Direction: left->right
  Direction: right->left
  Energy: -1.0450069794, Trunc err: 1.88e+00
Sweep 128, chi=32, cutoff=1e-08
  Direction: left->right
  Direction: right->left
  Energy: -1.0450069864, Trunc err: 1.88e+00
Sweep 129, chi=32, cutoff=1e-08
  Direction: left->right
  Direction: right->left
  Energy: -1.0450069876, Trunc err: 1.88e+00
