           1.819e+00            6.974e-02            3.835e-02             1.41e-03
           1.819e+00            2.846e-02            1.565e-02             3.97e-03
           1.819e+00            1.950e-02            1.072e-02             5.57e-03
           1.819e+00            9.063e-03            4.983e-03             6.42e-03
           1.819e+00            4.789e-03            2.633e-03             7.66e-03
           1.819e+00            2.215e-03            1.218e-03             9.28e-03
           1.819e+00            1.217e-03            6.691e-04             1.09e-02
           1.819e+00            5.119e-04            2.815e-04             1.48e-02
           1.819e+00            1.579e-04            8.680e-05             1.62e-02
           1.819e+00            1.121e-04            6.161e-05             1.99e-02
           1.819e+00            5.357e-05            2.946e-05             2.12e-02
           1.819e+00            3.111e-05            1.711e-05             2.51e-02
           1.819e+00            1.938e-05            1.066e-05             3.15e-02
           1.819e+00            6.598e-06            3.628e-06             3.38e-02
           1.819e+00            4.546e-06            2.500e-06             3.72e-02
           1.819e+00            2.427e-06            1.335e-06             4.84e-02
           1.819e+00            1.647e-06            9.057e-07             5.46e-02
           1.819e+00            1.255e-06            6.902e-07             5.83e-02
           1.819e+00            4.721e-07            2.596e-07             5.76e-02
           1.819e+00            1.553e-07            8.539e-08             6.53e-02
           1.819e+00            1.022e-07            5.620e-08             7.13e-02
           1.819e+00            7.247e-08            3.985e-08             8.60e-02
           1.819e+00            3.763e-08            2.069e-08             9.08e-02
           1.819e+00            2.088e-08            1.148e-08             1.11e-01
           1.819e+00            1.496e-08            8.224e-09             1.23e-01
           1.819e+00            1.073e-01            5.899e-02             3.05e-03
           1.819e+00            4.267e-02            2.346e-02             5.14e-03
           1.819e+00            1.206e-02            6.633e-03             4.66e-03
           1.819e+00            6.321e-03            3.476e-03             6.70e-03
           1.819e+00            7.715e-03            4.242e-03             8.95e-03
           1.819e+00            1.885e-03            1.036e-03             1.02e-02
           1.819e+00            9.617e-04            5.288e-04             1.31e-02
           1.819e+00            5.398e-04            2.968e-04             1.37e-02
           1.819e+00            3.006e-04            1.653e-04             1.54e-02
           1.819e+00            1.132e-04            6.226e-05             1.76e-02
           1.819e+00            5.627e-05            3.094e-05             2.12e-02
           1.819e+00            2.986e-05            1.642e-05             2.50e-02
           1.819e+00            1.830e-05            1.006e-05             2.97e-02
           1.819e+00            1.009e-05            5.547e-06             3.99e-02
           1.819e+00            4.600e-06            2.529e-06             3.62e-02
           1.819e+00            2.478e-06            1.362e-06             5.79e-02
           1.819e+00            1.773e-06            9.749e-07             6.14e-02
           1.819e+00            8.618e-07            4.738e-07             7.62e-02
           1.819e+00            3.409e-07            1.874e-07             7.33e-02
           1.819e+00            2.050e-07            1.127e-07             7.43e-02
           1.819e+00            1.116e-07            6.139e-08             8.27e-02
           1.819e+00            6.550e-08            3.602e-08             8.98e-02
           1.819e+00            3.571e-08            1.964e-08             1.17e-01
           1.819e+00            2.251e-08            1.238e-08             1.05e-01
           1.819e+00            1.157e-08            6.364e-09             1.18e-01
xmax = 20
xshift = -20
dx = 0.6349206349206349
len of Hint: 18
len of H: 18
Sweep 0, chi=2, cutoff=1e-08
  Direction: left->right
  Direction: right->left
  Energy: -0.2001053020, Trunc err: 1.02e+00
Sweep 1, chi=2, cutoff=1e-08
  Direction: left->right
  Direction: right->left
  Energy: -0.2007652308, Trunc err: 1.03e+00
Sweep 2, chi=2, cutoff=1e-08
  Direction: left->right
  Direction: right->left
  Energy: -0.2022086717, Trunc err: 1.03e+00
Sweep 3, chi=2, cutoff=1e-08
  Direction: left->right
  Direction: right->left
  Energy: -0.2001208439, Trunc err: 1.03e+00
Sweep 4, chi=2, cutoff=1e-08
  Direction: left->right
  Direction: right->left
  Energy: -0.2009298862, Trunc err: 1.03e+00
Sweep 5, chi=2, cutoff=1e-08
  Direction: left->right
  Direction: right->left
  Energy: -0.2008920546, Trunc err: 1.03e+00
Sweep 6, chi=2, cutoff=1e-08
  Direction: left->right
  Direction: right->left
  Energy: -0.2000765298, Trunc err: 1.03e+00
Sweep 7, chi=2, cutoff=1e-08
  Direction: left->right
  Direction: right->left
  Energy: -0.2014925305, Trunc err: 1.03e+00
Sweep 8, chi=2, cutoff=1e-08
  Direction: left->right
  Direction: right->left
  Energy: -0.2002020609, Trunc err: 1.03e+00
Sweep 9, chi=2, cutoff=1e-08
  Direction: left->right
  Direction: right->left
  Energy: -0.2014970834, Trunc err: 1.03e+00
Sweep 10, chi=4, cutoff=1e-08
  Direction: left->right
  Direction: right->left
  Energy: -0.3203447358, Trunc err: 1.14e+00
Sweep 11, chi=4, cutoff=1e-08
  Direction: left->right
  Direction: right->left
  Energy: -0.5746617133, Trunc err: 1.33e+00
Sweep 12, chi=4, cutoff=1e-08
  Direction: left->right
  Direction: right->left
  Energy: -1.1489667437, Trunc err: 1.51e+00
Sweep 13, chi=4, cutoff=1e-08
  Direction: left->right
  Direction: right->left
  Energy: -1.6259688596, Trunc err: 1.66e+00
Sweep 14, chi=4, cutoff=1e-08
  Direction: left->right
  Direction: right->left
  Energy: -1.7297355925, Trunc err: 1.71e+00
Sweep 15, chi=4, cutoff=1e-08
  Direction: left->right
  Direction: right->left
  Energy: -1.7394436842, Trunc err: 1.73e+00
Sweep 16, chi=4, cutoff=1e-08
  Direction: left->right
  Direction: right->left
  Energy: -1.7399938789, Trunc err: 1.74e+00
Sweep 17, chi=4, cutoff=1e-08
  Direction: left->right
  Direction: right->left
  Energy: -1.7400336918, Trunc err: 1.74e+00
Sweep 18, chi=4, cutoff=1e-08
  Direction: left->right
  Direction: right->left
  Energy: -1.7400373226, Trunc err: 1.74e+00
Sweep 19, chi=4, cutoff=1e-08
  Direction: left->right
  Direction: right->left
  Energy: -1.7400378039, Trunc err: 1.74e+00
Sweep 20, chi=4, cutoff=1e-08
  Direction: left->right
  Direction: right->left
  Energy: -1.7400378811, Trunc err: 1.74e+00
Sweep 21, chi=4, cutoff=1e-08
  Direction: left->right
  Direction: right->left
  Energy: -1.7400378971, Trunc err: 1.74e+00
Sweep 22, chi=4, cutoff=1e-08
  Direction: left->right
  Direction: right->left
  Energy: -1.7400379014, Trunc err: 1.74e+00
Sweep 23, chi=4, cutoff=1e-08
  Direction: left->right
  Direction: right->left
  Energy: -1.7400379026, Trunc err: 1.74e+00
Sweep 24, chi=4, cutoff=1e-08
  Direction: left->right
  Direction: right->left
  Energy: -1.7400379031, Trunc err: 1.74e+00
Sweep 25, chi=4, cutoff=1e-08
  Direction: left->right
  Direction: right->left
  Energy: -1.7400379032, Trunc err: 1.74e+00
Sweep 26, chi=4, cutoff=1e-08
  Direction: left->right
  Direction: right->left
  Energy: -1.7400379033, Trunc err: 1.74e+00
Sweep 27, chi=4, cutoff=1e-08
  Direction: left->right
  Direction: right->left
  Energy: -1.7400379033, Trunc err: 1.74e+00
Sweep 28, chi=4, cutoff=1e-08
  Direction: left->right
  Direction: right->left
  Energy: -1.7400379033, Trunc err: 1.74e+00
Sweep 29, chi=4, cutoff=1e-08
  Direction: left->right
  Direction: right->left
  Energy: -1.7400379033, Trunc err: 1.74e+00
Sweep 30, chi=4, cutoff=1e-08
  Direction: left->right
  Direction: right->left
  Energy: -1.7400379033, Trunc err: 1.74e+00
Sweep 31, chi=4, cutoff=1e-08
  Direction: left->right
  Direction: right->left
  Energy: -1.7400379033, Trunc err: 1.74e+00
Sweep 32, chi=4, cutoff=1e-08
  Direction: left->right
  Direction: right->left
  Energy: -1.7400379033, Trunc err: 1.74e+00
Sweep 33, chi=4, cutoff=1e-08
  Direction: left->right
  Direction: right->left
  Energy: -1.7400379033, Trunc err: 1.74e+00
Sweep 34, chi=4, cutoff=1e-08
  Direction: left->right
  Direction: right->left
  Energy: -1.7400379033, Trunc err: 1.74e+00
Sweep 35, chi=4, cutoff=1e-08
  Direction: left->right
  Direction: right->left
  Energy: -1.7400379033, Trunc err: 1.74e+00
Sweep 36, chi=4, cutoff=1e-08
  Direction: left->right
  Direction: right->left
  Energy: -1.7400379033, Trunc err: 1.74e+00
Sweep 37, chi=4, cutoff=1e-08
  Direction: left->right
  Direction: right->left
  Energy: -1.7400379033, Trunc err: 1.74e+00
Sweep 38, chi=4, cutoff=1e-08
  Direction: left->right
  Direction: right->left
  Energy: -1.7400379033, Trunc err: 1.74e+00
Sweep 39, chi=4, cutoff=1e-08
  Direction: left->right
  Direction: right->left
  Energy: -1.7400379033, Trunc err: 1.74e+00
Sweep 40, chi=4, cutoff=1e-08
  Direction: left->right
  Direction: right->left
  Energy: -1.7400379033, Trunc err: 1.74e+00
Sweep 41, chi=4, cutoff=1e-08
  Direction: left->right
  Direction: right->left
  Energy: -1.7400379033, Trunc err: 1.74e+00
Sweep 42, chi=4, cutoff=1e-08
  Direction: left->right
  Direction: right->left
  Energy: -1.7400379033, Trunc err: 1.74e+00
Sweep 43, chi=4, cutoff=1e-08
  Direction: left->right
  Direction: right->left
  Energy: -1.7400379033, Trunc err: 1.74e+00
Sweep 44, chi=4, cutoff=1e-08
  Direction: left->right
  Direction: right->left
  Energy: -1.7400379033, Trunc err: 1.74e+00
Sweep 45, chi=4, cutoff=1e-08
  Direction: left->right
  Direction: right->left
  Energy: -1.7400379033, Trunc err: 1.74e+00
Sweep 46, chi=4, cutoff=1e-08
  Direction: left->right
  Direction: right->left
  Energy: -1.7400379033, Trunc err: 1.74e+00
Sweep 47, chi=4, cutoff=1e-08
  Direction: left->right
  Direction: right->left
  Energy: -1.7400379033, Trunc err: 1.74e+00
Sweep 48, chi=4, cutoff=1e-08
  Direction: left->right
  Direction: right->left
  Energy: -1.7400379033, Trunc err: 1.74e+00
Sweep 49, chi=4, cutoff=1e-08
  Direction: left->right
  Direction: right->left
  Energy: -1.7400379033, Trunc err: 1.74e+00
Sweep 50, chi=8, cutoff=1e-08
  Direction: left->right
  Direction: right->left
  Energy: -1.7670275698, Trunc err: 1.76e+00
Sweep 51, chi=8, cutoff=1e-08
  Direction: left->right
  Direction: right->left
  Energy: -1.7706052646, Trunc err: 1.83e+00
Sweep 52, chi=8, cutoff=1e-08
  Direction: left->right
  Direction: right->left
  Energy: -1.7709869978, Trunc err: 1.84e+00
Sweep 53, chi=8, cutoff=1e-08
  Direction: left->right
  Direction: right->left
  Energy: -1.7710360777, Trunc err: 1.84e+00
Sweep 54, chi=8, cutoff=1e-08
  Direction: left->right
  Direction: right->left
  Energy: -1.7710452923, Trunc err: 1.84e+00
Sweep 55, chi=8, cutoff=1e-08
  Direction: left->right
  Direction: right->left
  Energy: -1.7710470440, Trunc err: 1.84e+00
Sweep 56, chi=8, cutoff=1e-08
  Direction: left->right
  Direction: right->left
  Energy: -1.7710473488, Trunc err: 1.84e+00
Sweep 57, chi=8, cutoff=1e-08
  Direction: left->right
  Direction: right->left
  Energy: -1.7710473948, Trunc err: 1.84e+00
Sweep 58, chi=8, cutoff=1e-08
  Direction: left->right
  Direction: right->left
  Energy: -1.7710475738, Trunc err: 1.84e+00
Sweep 59, chi=8, cutoff=1e-08
  Direction: left->right
  Direction: right->left
  Energy: -1.7710475275, Trunc err: 1.84e+00
Sweep 60, chi=8, cutoff=1e-08
  Direction: left->right
  Direction: right->left
  Energy: -1.7710475592, Trunc err: 1.84e+00
Sweep 61, chi=8, cutoff=1e-08
  Direction: left->right
  Direction: right->left
  Energy: -1.7710476091, Trunc err: 1.84e+00
Sweep 62, chi=8, cutoff=1e-08
  Direction: left->right
  Direction: right->left
  Energy: -1.7710476703, Trunc err: 1.84e+00
Sweep 63, chi=8, cutoff=1e-08
  Direction: left->right
  Direction: right->left
  Energy: -1.7710477359, Trunc err: 1.84e+00
Sweep 64, chi=8, cutoff=1e-08
  Direction: left->right
  Direction: right->left
  Energy: -1.7710478005, Trunc err: 1.84e+00
Sweep 65, chi=8, cutoff=1e-08
  Direction: left->right
  Direction: right->left
  Energy: -1.7710478604, Trunc err: 1.84e+00
Sweep 66, chi=8, cutoff=1e-08
  Direction: left->right
  Direction: right->left
  Energy: -1.7710479135, Trunc err: 1.84e+00
Sweep 67, chi=8, cutoff=1e-08
  Direction: left->right
  Direction: right->left
  Energy: -1.7710479596, Trunc err: 1.84e+00
Sweep 68, chi=8, cutoff=1e-08
  Direction: left->right
  Direction: right->left
  Energy: -1.7710479988, Trunc err: 1.84e+00
Sweep 69, chi=8, cutoff=1e-08
  Direction: left->right
  Direction: right->left
  Energy: -1.7710480318, Trunc err: 1.84e+00
Sweep 70, chi=8, cutoff=1e-08
  Direction: left->right
  Direction: right->left
  Energy: -1.7710480593, Trunc err: 1.84e+00
Sweep 71, chi=8, cutoff=1e-08
  Direction: left->right
  Direction: right->left
  Energy: -1.7710480819, Trunc err: 1.84e+00
Sweep 72, chi=8, cutoff=1e-08
  Direction: left->right
  Direction: right->left
  Energy: -1.7710481003, Trunc err: 1.84e+00
Sweep 73, chi=8, cutoff=1e-08
  Direction: left->right
  Direction: right->left
  Energy: -1.7710481154, Trunc err: 1.84e+00
Sweep 74, chi=8, cutoff=1e-08
  Direction: left->right
  Direction: right->left
  Energy: -1.7710481276, Trunc err: 1.84e+00
Sweep 75, chi=8, cutoff=1e-08
  Direction: left->right
  Direction: right->left
  Energy: -1.7710481374, Trunc err: 1.84e+00
Sweep 76, chi=8, cutoff=1e-08
  Direction: left->right
  Direction: right->left
  Energy: -1.7710481454, Trunc err: 1.84e+00
Sweep 77, chi=8, cutoff=1e-08
  Direction: left->right
  Direction: right->left
  Energy: -1.7710481518, Trunc err: 1.84e+00
Sweep 78, chi=8, cutoff=1e-08
  Direction: left->right
  Direction: right->left
  Energy: -1.7710481569, Trunc err: 1.84e+00
Sweep 79, chi=8, cutoff=1e-08
  Direction: left->right
  Direction: right->left
  Energy: -1.7710481610, Trunc err: 1.84e+00
Sweep 80, chi=8, cutoff=1e-08
  Direction: left->right
  Direction: right->left
  Energy: -1.7710481643, Trunc err: 1.84e+00
Sweep 81, chi=8, cutoff=1e-08
  Direction: left->right
  Direction: right->left
  Energy: -1.7710481670, Trunc err: 1.84e+00
Sweep 82, chi=8, cutoff=1e-08
  Direction: left->right
  Direction: right->left
  Energy: -1.7710481691, Trunc err: 1.84e+00
Sweep 83, chi=8, cutoff=1e-08
  Direction: left->right
  Direction: right->left
  Energy: -1.7710481708, Trunc err: 1.84e+00
Sweep 84, chi=8, cutoff=1e-08
  Direction: left->right
  Direction: right->left
  Energy: -1.7710481722, Trunc err: 1.84e+00
Sweep 85, chi=8, cutoff=1e-08
  Direction: left->right
  Direction: right->left
  Energy: -1.7710481733, Trunc err: 1.84e+00
Sweep 86, chi=8, cutoff=1e-08
  Direction: left->right
  Direction: right->left
  Energy: -1.7710481742, Trunc err: 1.84e+00
Sweep 87, chi=8, cutoff=1e-08
  Direction: left->right
  Direction: right->left
  Energy: -1.7710481749, Trunc err: 1.84e+00
Sweep 88, chi=8, cutoff=1e-08
  Direction: left->right
  Direction: right->left
  Energy: -1.7710481754, Trunc err: 1.84e+00
Sweep 89, chi=8, cutoff=1e-08
  Direction: left->right
  Direction: right->left
  Energy: -1.7710481759, Trunc err: 1.84e+00
Sweep 90, chi=8, cutoff=1e-08
  Direction: left->right
  Direction: right->left
  Energy: -1.7710481763, Trunc err: 1.84e+00
Sweep 91, chi=8, cutoff=1e-08
  Direction: left->right
  Direction: right->left
  Energy: -1.7710481766, Trunc err: 1.84e+00
Sweep 92, chi=8, cutoff=1e-08
  Direction: left->right
  Direction: right->left
  Energy: -1.7710481768, Trunc err: 1.84e+00
Sweep 93, chi=8, cutoff=1e-08
  Direction: left->right
  Direction: right->left
  Energy: -1.7710481770, Trunc err: 1.84e+00
Sweep 94, chi=8, cutoff=1e-08
  Direction: left->right
  Direction: right->left
  Energy: -1.7710481771, Trunc err: 1.84e+00
Sweep 95, chi=8, cutoff=1e-08
  Direction: left->right
  Direction: right->left
  Energy: -1.7710481773, Trunc err: 1.84e+00
Sweep 96, chi=8, cutoff=1e-08
  Direction: left->right
  Direction: right->left
  Energy: -1.7710481774, Trunc err: 1.84e+00
Sweep 97, chi=8, cutoff=1e-08
  Direction: left->right
  Direction: right->left
  Energy: -1.7710481774, Trunc err: 1.84e+00
Sweep 98, chi=8, cutoff=1e-08
  Direction: left->right
  Direction: right->left
  Energy: -1.7710481775, Trunc err: 1.84e+00
Sweep 99, chi=8, cutoff=1e-08
  Direction: left->right
  Direction: right->left
  Energy: -1.7710481776, Trunc err: 1.84e+00
Sweep 100, chi=16, cutoff=1e-08
  Direction: left->right
  Direction: right->left
  Energy: -1.7884693613, Trunc err: 1.87e+00
Sweep 101, chi=16, cutoff=1e-08
  Direction: left->right
  Direction: right->left
  Energy: -1.7894297863, Trunc err: 1.92e+00
Sweep 102, chi=16, cutoff=1e-08
  Direction: left->right
  Direction: right->left
  Energy: -1.7894655750, Trunc err: 1.93e+00
Sweep 103, chi=16, cutoff=1e-08
  Direction: left->right
  Direction: right->left
  Energy: -1.7895758749, Trunc err: 1.93e+00
Sweep 104, chi=16, cutoff=1e-08
  Direction: left->right
  Direction: right->left
  Energy: -1.7896497848, Trunc err: 1.93e+00
Sweep 105, chi=16, cutoff=1e-08
  Direction: left->right
  Direction: right->left
  Energy: -1.7896568486, Trunc err: 1.93e+00
Sweep 106, chi=16, cutoff=1e-08
  Direction: left->right
  Direction: right->left
  Energy: -1.7896571943, Trunc err: 1.93e+00
Sweep 107, chi=16, cutoff=1e-08
  Direction: left->right
  Direction: right->left
  Energy: -1.7896569848, Trunc err: 1.93e+00
Sweep 108, chi=16, cutoff=1e-08
  Direction: left->right
  Direction: right->left
  Energy: -1.7896567254, Trunc err: 1.93e+00
Sweep 109, chi=16, cutoff=1e-08
  Direction: left->right
  Direction: right->left
  Energy: -1.7896565253, Trunc err: 1.93e+00
Sweep 110, chi=16, cutoff=1e-08
  Direction: left->right
  Direction: right->left
  Energy: -1.7896564107, Trunc err: 1.93e+00
Sweep 111, chi=16, cutoff=1e-08
  Direction: left->right
  Direction: right->left
  Energy: -1.7896563513, Trunc err: 1.93e+00
Sweep 112, chi=16, cutoff=1e-08
  Direction: left->right
  Direction: right->left
  Energy: -1.7896563187, Trunc err: 1.93e+00
Sweep 113, chi=16, cutoff=1e-08
  Direction: left->right
  Direction: right->left
  Energy: -1.7896562984, Trunc err: 1.93e+00
Sweep 114, chi=16, cutoff=1e-08
  Direction: left->right
  Direction: right->left
  Energy: -1.7896562842, Trunc err: 1.93e+00
Sweep 115, chi=16, cutoff=1e-08
  Direction: left->right
  Direction: right->left
  Energy: -1.7896562735, Trunc err: 1.93e+00
Sweep 116, chi=16, cutoff=1e-08
  Direction: left->right
  Direction: right->left
  Energy: -1.7896562651, Trunc err: 1.93e+00
Sweep 117, chi=16, cutoff=1e-08
  Direction: left->right
  Direction: right->left
  Energy: -1.7896562584, Trunc err: 1.93e+00
Sweep 118, chi=16, cutoff=1e-08
  Direction: left->right
  Direction: right->left
  Energy: -1.7896562531, Trunc err: 1.93e+00
Sweep 119, chi=16, cutoff=1e-08
  Direction: left->right
  Direction: right->left
  Energy: -1.7896562488, Trunc err: 1.93e+00
Sweep 120, chi=32, cutoff=1e-08
  Direction: left->right
  Direction: right->left
  Energy: -1.7923757501, Trunc err: 1.95e+00
Sweep 121, chi=32, cutoff=1e-08
  Direction: left->right
  Direction: right->left
  Energy: -1.7929107055, Trunc err: 1.97e+00
Sweep 122, chi=32, cutoff=1e-08
  Direction: left->right
  Direction: right->left
  Energy: -1.7929191506, Trunc err: 1.97e+00
Sweep 123, chi=32, cutoff=1e-08
  Direction: left->right
  Direction: right->left
  Energy: -1.7929200397, Trunc err: 1.97e+00
Sweep 124, chi=32, cutoff=1e-08
  Direction: left->right
  Direction: right->left
  Energy: -1.7929203084, Trunc err: 1.97e+00
Sweep 125, chi=32, cutoff=1e-08
  Direction: left->right
  Direction: right->left
  Energy: -1.7929204844, Trunc err: 1.97e+00
Sweep 126, chi=32, cutoff=1e-08
  Direction: left->right
  Direction: right->left
  Energy: -1.7929207550, Trunc err: 1.97e+00
Sweep 127, chi=32, cutoff=1e-08
  Direction: left->right
  Direction: right->left
  Energy: -1.7929211521, Trunc err: 1.97e+00
Sweep 128, chi=32, cutoff=1e-08
  Direction: left->right
  Direction: right->left
  Energy: -1.7929214467, Trunc err: 1.97e+00
Sweep 129, chi=32, cutoff=1e-08
  Direction: left->right
  Direction: right->left
  Energy: -1.7929215650, Trunc err: 1.97e+00
