           1.819e+00            1.181e-01            6.496e-02             2.32e-03
           1.819e+00            4.133e-02            2.273e-02             4.01e-03
           1.819e+00            1.371e-02            7.537e-03             5.20e-03
           1.819e+00            1.177e-02            6.472e-03             7.32e-03
           1.819e+00            3.816e-03            2.098e-03             7.74e-03
           1.819e+00            1.276e-03            7.014e-04             1.08e-02
           1.819e+00            1.068e-03            5.870e-04             1.29e-02
           1.819e+00            3.974e-04            2.185e-04             1.42e-02
           1.819e+00            1.753e-04            9.641e-05             1.57e-02
           1.819e+00            1.385e-04            7.615e-05             1.90e-02
           1.819e+00            8.491e-05            4.669e-05             2.44e-02
           1.819e+00            5.132e-05            2.822e-05             2.80e-02
           1.819e+00            1.832e-05            1.007e-05             2.88e-02
           1.819e+00            1.452e-05            7.982e-06             2.77e-02
           1.819e+00            4.878e-06            2.682e-06             3.55e-02
           1.819e+00            1.969e-06            1.083e-06             5.64e-02
           1.819e+00            1.327e-06            7.294e-07             5.64e-02
           1.819e+00            7.215e-07            3.967e-07             6.26e-02
           1.819e+00            3.602e-07            1.981e-07             6.12e-02
           1.819e+00            3.748e-07            2.061e-07             6.62e-02
           1.819e+00            1.637e-07            9.000e-08             6.82e-02
           1.819e+00            8.303e-08            4.565e-08             7.71e-02
           1.819e+00            5.973e-08            3.284e-08             8.15e-02
           1.819e+00            2.665e-08            1.465e-08             9.95e-02
           1.819e+00            1.268e-08            6.970e-09             1.12e-01
           1.819e+00            3.317e-02            1.824e-02             3.06e-03
           1.819e+00            3.280e-02            1.803e-02             7.13e-03
           1.819e+00            1.653e-02            9.092e-03             6.60e-03
           1.819e+00            7.740e-03            4.256e-03             6.87e-03
           1.819e+00            4.769e-03            2.622e-03             7.58e-03
           1.819e+00            1.512e-03            8.311e-04             1.01e-02
           1.819e+00            7.783e-04            4.279e-04             1.25e-02
           1.819e+00            2.717e-04            1.494e-04             1.31e-02
           1.819e+00            2.077e-04            1.142e-04             1.37e-02
           1.819e+00            1.165e-04            6.406e-05             1.76e-02
           1.819e+00            7.832e-05            4.307e-05             2.27e-02
           1.819e+00            4.423e-05            2.432e-05             2.44e-02
           1.819e+00            2.101e-05            1.155e-05             2.64e-02
           1.819e+00            9.991e-06            5.494e-06             3.28e-02
           1.819e+00            6.071e-06            3.338e-06             4.05e-02
           1.819e+00            2.451e-06            1.347e-06             4.43e-02
           1.819e+00            1.458e-06            8.018e-07             4.35e-02
           1.819e+00            5.291e-07            2.909e-07             6.08e-02
           1.819e+00            2.616e-07            1.438e-07             5.96e-02
           1.819e+00            2.433e-07            1.338e-07             8.33e-02
           1.819e+00            1.024e-07            5.632e-08             7.71e-02
           1.819e+00            9.495e-08            5.221e-08             7.88e-02
           1.819e+00            6.868e-08            3.776e-08             8.25e-02
           1.819e+00            2.802e-08            1.541e-08             1.04e-01
           1.819e+00            1.102e-08            6.057e-09             1.07e-01
xmax = 20
xshift = -20
dx = 0.6349206349206349
len of Hint: 18
len of H: 18
Sweep 0, chi=2, cutoff=1e-08
  Direction: left->right
  Direction: right->left
  Energy: -0.1995609455, Trunc err: 1.02e+00
Sweep 1, chi=2, cutoff=1e-08
  Direction: left->right
  Direction: right->left
  Energy: -0.2002525203, Trunc err: 1.03e+00
Sweep 2, chi=2, cutoff=1e-08
  Direction: left->right
  Direction: right->left
  Energy: -0.2016283438, Trunc err: 1.03e+00
Sweep 3, chi=2, cutoff=1e-08
  Direction: left->right
  Direction: right->left
  Energy: -0.1993930734, Trunc err: 1.03e+00
Sweep 4, chi=2, cutoff=1e-08
  Direction: left->right
  Direction: right->left
  Energy: -0.1986820217, Trunc err: 1.03e+00
Sweep 5, chi=2, cutoff=1e-08
  Direction: left->right
  Direction: right->left
  Energy: -0.2012378372, Trunc err: 1.03e+00
Sweep 6, chi=2, cutoff=1e-08
  Direction: left->right
  Direction: right->left
  Energy: -0.2002573004, Trunc err: 1.03e+00
Sweep 7, chi=2, cutoff=1e-08
  Direction: left->right
  Direction: right->left
  Energy: -0.2003861182, Trunc err: 1.03e+00
Sweep 8, chi=2, cutoff=1e-08
  Direction: left->right
  Direction: right->left
  Energy: -0.2003137921, Trunc err: 1.03e+00
Sweep 9, chi=2, cutoff=1e-08
  Direction: left->right
  Direction: right->left
  Energy: -0.2003888513, Trunc err: 1.03e+00
Sweep 10, chi=4, cutoff=1e-08
  Direction: left->right
  Direction: right->left
  Energy: -0.3258586280, Trunc err: 1.14e+00
Sweep 11, chi=4, cutoff=1e-08
  Direction: left->right
  Direction: right->left
  Energy: -0.5331741981, Trunc err: 1.33e+00
Sweep 12, chi=4, cutoff=1e-08
  Direction: left->right
  Direction: right->left
  Energy: -0.8721085077, Trunc err: 1.48e+00
Sweep 13, chi=4, cutoff=1e-08
  Direction: left->right
  Direction: right->left
  Energy: -1.0852004302, Trunc err: 1.58e+00
Sweep 14, chi=4, cutoff=1e-08
  Direction: left->right
  Direction: right->left
  Energy: -1.1350817245, Trunc err: 1.63e+00
Sweep 15, chi=4, cutoff=1e-08
  Direction: left->right
  Direction: right->left
  Energy: -1.1426793408, Trunc err: 1.65e+00
Sweep 16, chi=4, cutoff=1e-08
  Direction: left->right
  Direction: right->left
  Energy: -1.1437334668, Trunc err: 1.65e+00
Sweep 17, chi=4, cutoff=1e-08
  Direction: left->right
  Direction: right->left
  Energy: -1.1439395126, Trunc err: 1.66e+00
Sweep 18, chi=4, cutoff=1e-08
  Direction: left->right
  Direction: right->left
  Energy: -1.1439886315, Trunc err: 1.66e+00
Sweep 19, chi=4, cutoff=1e-08
  Direction: left->right
  Direction: right->left
  Energy: -1.1440009808, Trunc err: 1.66e+00
Sweep 20, chi=4, cutoff=1e-08
  Direction: left->right
  Direction: right->left
  Energy: -1.1440043707, Trunc err: 1.66e+00
Sweep 21, chi=4, cutoff=1e-08
  Direction: left->right
  Direction: right->left
  Energy: -1.1440053601, Trunc err: 1.66e+00
Sweep 22, chi=4, cutoff=1e-08
  Direction: left->right
  Direction: right->left
  Energy: -1.1440056806, Trunc err: 1.66e+00
Sweep 23, chi=4, cutoff=1e-08
  Direction: left->right
  Direction: right->left
  Energy: -1.1440058036, Trunc err: 1.66e+00
Sweep 24, chi=4, cutoff=1e-08
  Direction: left->right
  Direction: right->left
  Energy: -1.1440058615, Trunc err: 1.66e+00
Sweep 25, chi=4, cutoff=1e-08
  Direction: left->right
  Direction: right->left
  Energy: -1.1440058938, Trunc err: 1.66e+00
Sweep 26, chi=4, cutoff=1e-08
  Direction: left->right
  Direction: right->left
  Energy: -1.1440059139, Trunc err: 1.66e+00
Sweep 27, chi=4, cutoff=1e-08
  Direction: left->right
  Direction: right->left
  Energy: -1.1440059271, Trunc err: 1.66e+00
Sweep 28, chi=4, cutoff=1e-08
  Direction: left->right
  Direction: right->left
  Energy: -1.1440059360, Trunc err: 1.66e+00
Sweep 29, chi=4, cutoff=1e-08
  Direction: left->right
  Direction: right->left
  Energy: -1.1440059422, Trunc err: 1.66e+00
Sweep 30, chi=4, cutoff=1e-08
  Direction: left->right
  Direction: right->left
  Energy: -1.1440059464, Trunc err: 1.66e+00
Sweep 31, chi=4, cutoff=1e-08
  Direction: left->right
  Direction: right->left
  Energy: -1.1440059493, Trunc err: 1.66e+00
Sweep 32, chi=4, cutoff=1e-08
  Direction: left->right
  Direction: right->left
  Energy: -1.1440059512, Trunc err: 1.66e+00
Sweep 33, chi=4, cutoff=1e-08
  Direction: left->right
  Direction: right->left
  Energy: -1.1440059526, Trunc err: 1.66e+00
Sweep 34, chi=4, cutoff=1e-08
  Direction: left->right
  Direction: right->left
  Energy: -1.1440059535, Trunc err: 1.66e+00
Sweep 35, chi=4, cutoff=1e-08
  Direction: left->right
  Direction: right->left
  Energy: -1.1440059542, Trunc err: 1.66e+00
Sweep 36, chi=4, cutoff=1e-08
  Direction: left->right
  Direction: right->left
  Energy: -1.1440059546, Trunc err: 1.66e+00
Sweep 37, chi=4, cutoff=1e-08
  Direction: left->right
  Direction: right->left
  Energy: -1.1440059549, Trunc err: 1.66e+00
Sweep 38, chi=4, cutoff=1e-08
  Direction: left->right
  Direction: right->left
  Energy: -1.1440059552, Trunc err: 1.66e+00
Sweep 39, chi=4, cutoff=1e-08
  Direction: left->right
  Direction: right->left
  Energy: -1.1440059553, Trunc err: 1.66e+00
Sweep 40, chi=4, cutoff=1e-08
  Direction: left->right
  Direction: right->left
  Energy: -1.1440059554, Trunc err: 1.66e+00
Sweep 41, chi=4, cutoff=1e-08
  Direction: left->right
  Direction: right->left
  Energy: -1.1440059555, Trunc err: 1.66e+00
Sweep 42, chi=4, cutoff=1e-08
  Direction: left->right
  Direction: right->left
  Energy: -1.1440059555, Trunc err: 1.66e+00
Sweep 43, chi=4, cutoff=1e-08
  Direction: left->right
  Direction: right->left
  Energy: -1.1440059556, Trunc err: 1.66e+00
Sweep 44, chi=4, cutoff=1e-08
  Direction: left->right
  Direction: right->left
  Energy: -1.1440059556, Trunc err: 1.66e+00
Sweep 45, chi=4, cutoff=1e-08
  Direction: left->right
  Direction: right->left
  Energy: -1.1440059556, Trunc err: 1.66e+00
Sweep 46, chi=4, cutoff=1e-08
  Direction: left->right
  Direction: right->left
  Energy: -1.1440059556, Trunc err: 1.66e+00
Sweep 47, chi=4, cutoff=1e-08
  Direction: left->right
  Direction: right->left
  Energy: -1.1440059556, Trunc err: 1.66e+00
Sweep 48, chi=4, cutoff=1e-08
  Direction: left->right
  Direction: right->left
  Energy: -1.1440059556, Trunc err: 1.66e+00
Sweep 49, chi=4, cutoff=1e-08
  Direction: left->right
  Direction: right->left
  Energy: -1.1440059556, Trunc err: 1.66e+00
Sweep 50, chi=8, cutoff=1e-08
  Direction: left->right
  Direction: right->left
  Energy: -1.1806598011, Trunc err: 1.69e+00
Sweep 51, chi=8, cutoff=1e-08
  Direction: left->right
  Direction: right->left
  Energy: -1.1855857481, Trunc err: 1.74e+00
Sweep 52, chi=8, cutoff=1e-08
  Direction: left->right
  Direction: right->left
  Energy: -1.1857301921, Trunc err: 1.75e+00
Sweep 53, chi=8, cutoff=1e-08
  Direction: left->right
  Direction: right->left
  Energy: -1.1857446847, Trunc err: 1.75e+00
Sweep 54, chi=8, cutoff=1e-08
  Direction: left->right
  Direction: right->left
  Energy: -1.1857473261, Trunc err: 1.75e+00
Sweep 55, chi=8, cutoff=1e-08
  Direction: left->right
  Direction: right->left
  Energy: -1.1857478762, Trunc err: 1.75e+00
Sweep 56, chi=8, cutoff=1e-08
  Direction: left->right
  Direction: right->left
  Energy: -1.1857479971, Trunc err: 1.75e+00
Sweep 57, chi=8, cutoff=1e-08
  Direction: left->right
  Direction: right->left
  Energy: -1.1857480243, Trunc err: 1.75e+00
Sweep 58, chi=8, cutoff=1e-08
  Direction: left->right
  Direction: right->left
  Energy: -1.1857480305, Trunc err: 1.75e+00
Sweep 59, chi=8, cutoff=1e-08
  Direction: left->right
  Direction: right->left
  Energy: -1.1857480319, Trunc err: 1.75e+00
Sweep 60, chi=8, cutoff=1e-08
  Direction: left->right
  Direction: right->left
  Energy: -1.1857480323, Trunc err: 1.75e+00
Sweep 61, chi=8, cutoff=1e-08
  Direction: left->right
  Direction: right->left
  Energy: -1.1857480324, Trunc err: 1.75e+00
Sweep 62, chi=8, cutoff=1e-08
  Direction: left->right
  Direction: right->left
  Energy: -1.1857480324, Trunc err: 1.75e+00
Sweep 63, chi=8, cutoff=1e-08
  Direction: left->right
  Direction: right->left
  Energy: -1.1857480324, Trunc err: 1.75e+00
Sweep 64, chi=8, cutoff=1e-08
  Direction: left->right
  Direction: right->left
  Energy: -1.1857480324, Trunc err: 1.75e+00
Sweep 65, chi=8, cutoff=1e-08
  Direction: left->right
  Direction: right->left
  Energy: -1.1857480324, Trunc err: 1.75e+00
Sweep 66, chi=8, cutoff=1e-08
  Direction: left->right
  Direction: right->left
  Energy: -1.1857480324, Trunc err: 1.75e+00
Sweep 67, chi=8, cutoff=1e-08
  Direction: left->right
  Direction: right->left
  Energy: -1.1857480324, Trunc err: 1.75e+00
Sweep 68, chi=8, cutoff=1e-08
  Direction: left->right
  Direction: right->left
  Energy: -1.1857480324, Trunc err: 1.75e+00
Sweep 69, chi=8, cutoff=1e-08
  Direction: left->right
  Direction: right->left
  Energy: -1.1857480324, Trunc err: 1.75e+00
Sweep 70, chi=8, cutoff=1e-08
  Direction: left->right
  Direction: right->left
  Energy: -1.1857480324, Trunc err: 1.75e+00
Sweep 71, chi=8, cutoff=1e-08
  Direction: left->right
  Direction: right->left
  Energy: -1.1857480324, Trunc err: 1.75e+00
Sweep 72, chi=8, cutoff=1e-08
  Direction: left->right
  Direction: right->left
  Energy: -1.1857480324, Trunc err: 1.75e+00
Sweep 73, chi=8, cutoff=1e-08
  Direction: left->right
  Direction: right->left
  Energy: -1.1857480324, Trunc err: 1.75e+00
Sweep 74, chi=8, cutoff=1e-08
  Direction: left->right
  Direction: right->left
  Energy: -1.1857480324, Trunc err: 1.75e+00
Sweep 75, chi=8, cutoff=1e-08
  Direction: left->right
  Direction: right->left
  Energy: -1.1857480324, Trunc err: 1.75e+00
Sweep 76, chi=8, cutoff=1e-08
  Direction: left->right
  Direction: right->left
  Energy: -1.1857480324, Trunc err: 1.75e+00
Sweep 77, chi=8, cutoff=1e-08
  Direction: left->right
  Direction: right->left
  Energy: -1.1857480324, Trunc err: 1.75e+00
Sweep 78, chi=8, cutoff=1e-08
  Direction: left->right
  Direction: right->left
  Energy: -1.1857480324, Trunc err: 1.75e+00
Sweep 79, chi=8, cutoff=1e-08
  Direction: left->right
  Direction: right->left
  Energy: -1.1857480324, Trunc err: 1.75e+00
Sweep 80, chi=8, cutoff=1e-08
  Direction: left->right
  Direction: right->left
  Energy: -1.1857480324, Trunc err: 1.75e+00
Sweep 81, chi=8, cutoff=1e-08
  Direction: left->right
  Direction: right->left
  Energy: -1.1857480324, Trunc err: 1.75e+00
Sweep 82, chi=8, cutoff=1e-08
  Direction: left->right
  Direction: right->left
  Energy: -1.1857480324, Trunc err: 1.75e+00
Sweep 83, chi=8, cutoff=1e-08
  Direction: left->right
  Direction: right->left
  Energy: -1.1857480324, Trunc err: 1.75e+00
Sweep 84, chi=8, cutoff=1e-08
  Direction: left->right
  Direction: right->left
  Energy: -1.1857480324, Trunc err: 1.75e+00
Sweep 85, chi=8, cutoff=1e-08
  Direction: left->right
  Direction: right->left
  Energy: -1.1857480324, Trunc err: 1.75e+00
Sweep 86, chi=8, cutoff=1e-08
  Direction: left->right
  Direction: right->left
  Energy: -1.1857480324, Trunc err: 1.75e+00
Sweep 87, chi=8, cutoff=1e-08
  Direction: left->right
  Direction: right->left
  Energy: -1.1857480324, Trunc err: 1.75e+00
Sweep 88, chi=8, cutoff=1e-08
  Direction: left->right
  Direction: right->left
  Energy: -1.1857480324, Trunc err: 1.75e+00
Sweep 89, chi=8, cutoff=1e-08
  Direction: left->right
  Direction: right->left
  Energy: -1.1857480324, Trunc err: 1.75e+00
Sweep 90, chi=8, cutoff=1e-08
  Direction: left->right
  Direction: right->left
  Energy: -1.1857480324, Trunc err: 1.75e+00
Sweep 91, chi=8, cutoff=1e-08
  Direction: left->right
  Direction: right->left
  Energy: -1.1857480324, Trunc err: 1.75e+00
Sweep 92, chi=8, cutoff=1e-08
  Direction: left->right
  Direction: right->left
  Energy: -1.1857480324, Trunc err: 1.75e+00
Sweep 93, chi=8, cutoff=1e-08
  Direction: left->right
  Direction: right->left
  Energy: -1.1857480324, Trunc err: 1.75e+00
Sweep 94, chi=8, cutoff=1e-08
  Direction: left->right
  Direction: right->left
  Energy: -1.1857480324, Trunc err: 1.75e+00
Sweep 95, chi=8, cutoff=1e-08
  Direction: left->right
  Direction: right->left
  Energy: -1.1857480324, Trunc err: 1.75e+00
Sweep 96, chi=8, cutoff=1e-08
  Direction: left->right
  Direction: right->left
  Energy: -1.1857480324, Trunc err: 1.75e+00
Sweep 97, chi=8, cutoff=1e-08
  Direction: left->right
  Direction: right->left
  Energy: -1.1857480324, Trunc err: 1.75e+00
Sweep 98, chi=8, cutoff=1e-08
  Direction: left->right
  Direction: right->left
  Energy: -1.1857480324, Trunc err: 1.75e+00
Sweep 99, chi=8, cutoff=1e-08
  Direction: left->right
  Direction: right->left
  Energy: -1.1857480324, Trunc err: 1.75e+00
Sweep 100, chi=16, cutoff=1e-08
  Direction: left->right
  Direction: right->left
  Energy: -1.2072990660, Trunc err: 1.80e+00
Sweep 101, chi=16, cutoff=1e-08
  Direction: left->right
  Direction: right->left
  Energy: -1.2094645472, Trunc err: 1.85e+00
Sweep 102, chi=16, cutoff=1e-08
  Direction: left->right
  Direction: right->left
  Energy: -1.2096082920, Trunc err: 1.86e+00
Sweep 103, chi=16, cutoff=1e-08
  Direction: left->right
  Direction: right->left
  Energy: -1.2096292265, Trunc err: 1.86e+00
Sweep 104, chi=16, cutoff=1e-08
  Direction: left->right
  Direction: right->left
  Energy: -1.2096326214, Trunc err: 1.86e+00
Sweep 105, chi=16, cutoff=1e-08
  Direction: left->right
  Direction: right->left
  Energy: -1.2096327226, Trunc err: 1.86e+00
Sweep 106, chi=16, cutoff=1e-08
  Direction: left->right
  Direction: right->left
  Energy: -1.2096320299, Trunc err: 1.86e+00
Sweep 107, chi=16, cutoff=1e-08
  Direction: left->right
  Direction: right->left
  Energy: -1.2096314249, Trunc err: 1.86e+00
Sweep 108, chi=16, cutoff=1e-08
  Direction: left->right
  Direction: right->left
  Energy: -1.2096311360, Trunc err: 1.86e+00
Sweep 109, chi=16, cutoff=1e-08
  Direction: left->right
  Direction: right->left
  Energy: -1.2096310321, Trunc err: 1.86e+00
Sweep 110, chi=16, cutoff=1e-08
  Direction: left->right
  Direction: right->left
  Energy: -1.2096309980, Trunc err: 1.86e+00
Sweep 111, chi=16, cutoff=1e-08
  Direction: left->right
  Direction: right->left
  Energy: -1.2096309867, Trunc err: 1.86e+00
Sweep 112, chi=16, cutoff=1e-08
  Direction: left->right
  Direction: right->left
  Energy: -1.2096309826, Trunc err: 1.86e+00
Sweep 113, chi=16, cutoff=1e-08
  Direction: left->right
  Direction: right->left
  Energy: -1.2096309809, Trunc err: 1.86e+00
Sweep 114, chi=16, cutoff=1e-08
  Direction: left->right
  Direction: right->left
  Energy: -1.2096309799, Trunc err: 1.86e+00
Sweep 115, chi=16, cutoff=1e-08
  Direction: left->right
  Direction: right->left
  Energy: -1.2096309792, Trunc err: 1.86e+00
Sweep 116, chi=16, cutoff=1e-08
  Direction: left->right
  Direction: right->left
  Energy: -1.2096309786, Trunc err: 1.86e+00
Sweep 117, chi=16, cutoff=1e-08
  Direction: left->right
  Direction: right->left
  Energy: -1.2096309781, Trunc err: 1.86e+00
Sweep 118, chi=16, cutoff=1e-08
  Direction: left->right
  Direction: right->left
  Energy: -1.2096309776, Trunc err: 1.86e+00
Sweep 119, chi=16, cutoff=1e-08
  Direction: left->right
  Direction: right->left
  Energy: -1.2096309770, Trunc err: 1.86e+00
Sweep 120, chi=32, cutoff=1e-08
  Direction: left->right
  Direction: right->left
  Energy: -1.2127772885, Trunc err: 1.89e+00
Sweep 121, chi=32, cutoff=1e-08
  Direction: left->right
  Direction: right->left
  Energy: -1.2129188323, Trunc err: 1.91e+00
Sweep 122, chi=32, cutoff=1e-08
  Direction: left->right
  Direction: right->left
  Energy: -1.2129419716, Trunc err: 1.92e+00
Sweep 123, chi=32, cutoff=1e-08
  Direction: left->right
  Direction: right->left
  Energy: -1.2129464934, Trunc err: 1.92e+00
Sweep 124, chi=32, cutoff=1e-08
  Direction: left->right
  Direction: right->left
  Energy: -1.2129474358, Trunc err: 1.92e+00
Sweep 125, chi=32, cutoff=1e-08
  Direction: left->right
  Direction: right->left
  Energy: -1.2129477151, Trunc err: 1.92e+00
Sweep 126, chi=32, cutoff=1e-08
  Direction: left->right
  Direction: right->left
  Energy: -1.2129478518, Trunc err: 1.92e+00
Sweep 127, chi=32, cutoff=1e-08
  Direction: left->right
  Direction: right->left
  Energy: -1.2129479585, Trunc err: 1.92e+00
Sweep 128, chi=32, cutoff=1e-08
  Direction: left->right
  Direction: right->left
  Energy: -1.2129480639, Trunc err: 1.92e+00
Sweep 129, chi=32, cutoff=1e-08
  Direction: left->right
  Direction: right->left
  Energy: -1.2129481713, Trunc err: 1.92e+00
