           7.332e+00            1.294e-01            1.765e-02             3.69e-03
           7.332e+00            8.045e-02            1.097e-02             1.16e-02
           7.332e+00            4.824e-02            6.579e-03             7.06e-03
           7.332e+00            3.582e-02            4.886e-03             8.64e-03
           7.332e+00            1.556e-02            2.123e-03             1.04e-02
           7.332e+00            9.244e-03            1.261e-03             1.29e-02
           7.332e+00            3.962e-03            5.403e-04             1.79e-02
           7.332e+00            1.954e-03            2.664e-04             1.89e-02
           7.332e+00            1.046e-03            1.426e-04             2.17e-02
           7.332e+00            6.100e-04            8.319e-05             2.38e-02
           7.332e+00            4.218e-04            5.753e-05             3.07e-02
           7.332e+00            2.734e-04            3.728e-05             3.53e-02
           7.332e+00            2.341e-04            3.192e-05             3.70e-02
           7.332e+00            8.637e-05            1.178e-05             4.68e-02
           7.332e+00            5.832e-05            7.954e-06             5.24e-02
           7.332e+00            3.169e-05            4.322e-06             7.22e-02
           7.332e+00            1.663e-05            2.269e-06             7.21e-02
           7.332e+00            7.626e-06            1.040e-06             8.91e-02
           7.332e+00            5.111e-06            6.970e-07             8.94e-02
           7.332e+00            3.111e-06            4.243e-07             9.54e-02
           7.332e+00            2.269e-06            3.095e-07             1.12e-01
           7.332e+00            1.052e-06            1.435e-07             1.37e-01
           7.332e+00            7.639e-07            1.042e-07             1.32e-01
           7.332e+00            5.480e-07            7.474e-08             1.47e-01
           7.332e+00            5.138e-07            7.007e-08             1.76e-01
           7.332e+00            1.780e-07            2.427e-08             1.82e-01
           7.332e+00            1.623e-07            2.214e-08             2.08e-01
           7.332e+00            8.972e-08            1.224e-08             2.25e-01
           7.332e+00            5.484e-08            7.479e-09             2.37e-01
           7.332e+00            9.173e-02            1.251e-02             3.81e-03
           7.332e+00            2.038e-01            2.780e-02             1.28e-02
           7.332e+00            5.873e-02            8.010e-03             1.54e-02
           7.332e+00            2.562e-02            3.494e-03             1.80e-02
           7.332e+00            2.157e-02            2.942e-03             1.56e-02
           7.332e+00            9.114e-03            1.243e-03             1.36e-02
           7.332e+00            4.606e-03            6.282e-04             1.88e-02
           7.332e+00            2.986e-03            4.073e-04             2.10e-02
           7.332e+00            1.379e-03            1.881e-04             2.41e-02
           7.332e+00            5.112e-04            6.972e-05             2.48e-02
           7.332e+00            4.077e-04            5.560e-05             2.99e-02
           7.332e+00            2.915e-04            3.976e-05             3.64e-02
           7.332e+00            1.759e-04            2.399e-05             3.67e-02
           7.332e+00            7.644e-05            1.043e-05             4.44e-02
           7.332e+00            5.696e-05            7.768e-06             4.72e-02
           7.332e+00            3.950e-05            5.387e-06             6.49e-02
           7.332e+00            1.500e-05            2.045e-06             7.93e-02
           7.332e+00            9.844e-06            1.343e-06             8.58e-02
           7.332e+00            5.751e-06            7.843e-07             9.69e-02
           7.332e+00            2.681e-06            3.656e-07             1.03e-01
           7.332e+00            2.091e-06            2.852e-07             1.06e-01
           7.332e+00            1.650e-06            2.250e-07             1.21e-01
           7.332e+00            7.296e-07            9.950e-08             1.36e-01
           7.332e+00            8.011e-07            1.092e-07             1.42e-01
           7.332e+00            3.737e-07            5.097e-08             1.54e-01
           7.332e+00            2.394e-07            3.265e-08             1.69e-01
           7.332e+00            1.732e-07            2.362e-08             1.93e-01
           7.332e+00            1.279e-07            1.745e-08             2.10e-01
           7.332e+00            6.500e-08            8.865e-09             2.39e-01
           7.332e+00            4.743e-01            6.469e-02             1.02e-02
           7.332e+00            7.153e-01            9.756e-02             2.11e-02
           7.332e+00            9.018e-01            1.230e-01             2.31e-02
           7.332e+00            9.018e-01            1.230e-01             3.03e-02
           7.332e+00            8.823e-01            1.203e-01             4.44e-02
           7.332e+00            8.823e-01            1.203e-01             6.07e-02
           7.332e+00            3.826e-01            5.217e-02             7.31e-02
           7.332e+00            2.364e-01            3.224e-02             9.18e-02
           7.332e+00            2.020e-01            2.754e-02             1.04e-01
           7.332e+00            1.175e-01            1.603e-02             1.25e-01
           7.332e+00            6.933e-02            9.456e-03             1.56e-01
           7.332e+00            6.697e-02            9.133e-03             1.81e-01
           7.332e+00            5.817e-02            7.933e-03             2.22e-01
           7.332e+00            2.895e-02            3.948e-03             2.47e-01
           7.332e+00            1.710e-02            2.332e-03             2.87e-01
           7.332e+00            1.298e-02            1.770e-03             3.78e-01
           7.332e+00            7.307e-03            9.965e-04             4.10e-01
           7.332e+00            4.302e-03            5.868e-04             4.74e-01
           7.332e+00            4.734e-03            6.457e-04             5.30e-01
           7.332e+00            3.405e-03            4.644e-04             5.80e-01
           7.332e+00            1.687e-03            2.300e-04             6.88e-01
           7.332e+00            1.293e-03            1.763e-04             7.79e-01
           7.332e+00            9.061e-04            1.236e-04             8.05e-01
           7.332e+00            7.199e-04            9.818e-05             8.76e-01
           7.332e+00            4.108e-04            5.603e-05             9.34e-01
           7.332e+00            3.121e-04            4.256e-05             1.02e+00
           7.332e+00            2.545e-04            3.470e-05             1.11e+00
           7.332e+00            1.691e-04            2.306e-05             1.22e+00
           7.332e+00            1.294e-04            1.764e-05             1.45e+00
           7.332e+00            7.121e-05            9.712e-06             1.57e+00
           7.332e+00            5.779e-05            7.881e-06             1.58e+00
           7.332e+00            4.922e-05            6.713e-06             1.65e+00
           7.332e+00            3.901e-05            5.321e-06             1.98e+00
           7.332e+00            3.118e-05            4.252e-06             2.42e+00
           7.332e+00            1.962e-05            2.676e-06             2.62e+00
           7.332e+00            9.448e-06            1.289e-06             2.79e+00
           7.332e+00            8.729e-06            1.190e-06             3.20e+00
           7.332e+00            6.646e-06            9.063e-07             3.67e+00
           7.332e+00            4.857e-06            6.624e-07             4.11e+00
           7.332e+00            4.271e-06            5.825e-07             4.46e+00
xmax = 10
xshift = -10
dx = 0.15748031496062992
len of Hint: 21
len of H: 21
Sweep 0, chi=2, cutoff=1e-08
  Direction: left->right
  Direction: right->left
  Energy: -0.3562702031, Trunc err: 1.01e+00
Sweep 1, chi=2, cutoff=1e-08
  Direction: left->right
  Direction: right->left
  Energy: -0.3780216039, Trunc err: 1.01e+00
Sweep 2, chi=2, cutoff=1e-08
  Direction: left->right
  Direction: right->left
  Energy: -0.3818472735, Trunc err: 1.01e+00
Sweep 3, chi=2, cutoff=1e-08
  Direction: left->right
  Direction: right->left
  Energy: -0.3841405103, Trunc err: 1.01e+00
Sweep 4, chi=2, cutoff=1e-08
  Direction: left->right
  Direction: right->left
  Energy: -0.3844291278, Trunc err: 1.01e+00
Sweep 5, chi=2, cutoff=1e-08
  Direction: left->right
  Direction: right->left
  Energy: -0.3845314250, Trunc err: 1.01e+00
Sweep 6, chi=2, cutoff=1e-08
  Direction: left->right
  Direction: right->left
  Energy: -0.3845558222, Trunc err: 1.01e+00
Sweep 7, chi=2, cutoff=1e-08
  Direction: left->right
  Direction: right->left
  Energy: -0.3845826540, Trunc err: 1.01e+00
Sweep 8, chi=2, cutoff=1e-08
  Direction: left->right
  Direction: right->left
  Energy: -0.3845872825, Trunc err: 1.01e+00
Sweep 9, chi=2, cutoff=1e-08
  Direction: left->right
  Direction: right->left
  Energy: -0.3845887398, Trunc err: 1.01e+00
Sweep 10, chi=4, cutoff=1e-08
  Direction: left->right
  Direction: right->left
  Energy: -0.4098840267, Trunc err: 1.02e+00
Sweep 11, chi=4, cutoff=1e-08
  Direction: left->right
  Direction: right->left
  Energy: -0.4412269107, Trunc err: 1.05e+00
Sweep 12, chi=4, cutoff=1e-08
  Direction: left->right
  Direction: right->left
  Energy: -0.5023280605, Trunc err: 1.10e+00
Sweep 13, chi=4, cutoff=1e-08
  Direction: left->right
  Direction: right->left
  Energy: -0.6631170856, Trunc err: 1.17e+00
Sweep 14, chi=4, cutoff=1e-08
  Direction: left->right
  Direction: right->left
  Energy: -0.7681991272, Trunc err: 1.26e+00
Sweep 15, chi=4, cutoff=1e-08
  Direction: left->right
  Direction: right->left
  Energy: -0.8406585618, Trunc err: 1.28e+00
Sweep 16, chi=4, cutoff=1e-08
  Direction: left->right
  Direction: right->left
  Energy: -0.8841072010, Trunc err: 1.30e+00
Sweep 17, chi=4, cutoff=1e-08
  Direction: left->right
  Direction: right->left
  Energy: -0.9305803179, Trunc err: 1.32e+00
Sweep 18, chi=4, cutoff=1e-08
  Direction: left->right
  Direction: right->left
  Energy: -0.9840318161, Trunc err: 1.33e+00
Sweep 19, chi=4, cutoff=1e-08
  Direction: left->right
  Direction: right->left
  Energy: -1.0377008153, Trunc err: 1.35e+00
Sweep 20, chi=4, cutoff=1e-08
  Direction: left->right
  Direction: right->left
  Energy: -1.1239426183, Trunc err: 1.37e+00
Sweep 21, chi=4, cutoff=1e-08
  Direction: left->right
  Direction: right->left
  Energy: -1.2080453918, Trunc err: 1.39e+00
Sweep 22, chi=4, cutoff=1e-08
  Direction: left->right
  Direction: right->left
  Energy: -1.2692405053, Trunc err: 1.41e+00
Sweep 23, chi=4, cutoff=1e-08
  Direction: left->right
  Direction: right->left
  Energy: -1.3199079697, Trunc err: 1.43e+00
Sweep 24, chi=4, cutoff=1e-08
  Direction: left->right
  Direction: right->left
  Energy: -1.3559389841, Trunc err: 1.45e+00
Sweep 25, chi=4, cutoff=1e-08
  Direction: left->right
  Direction: right->left
  Energy: -1.3814085629, Trunc err: 1.46e+00
Sweep 26, chi=4, cutoff=1e-08
  Direction: left->right
  Direction: right->left
  Energy: -1.3968871027, Trunc err: 1.46e+00
Sweep 27, chi=4, cutoff=1e-08
  Direction: left->right
  Direction: right->left
  Energy: -1.4067533821, Trunc err: 1.47e+00
Sweep 28, chi=4, cutoff=1e-08
  Direction: left->right
  Direction: right->left
  Energy: -1.4134386681, Trunc err: 1.47e+00
Sweep 29, chi=4, cutoff=1e-08
  Direction: left->right
  Direction: right->left
  Energy: -1.4175206413, Trunc err: 1.48e+00
Sweep 30, chi=4, cutoff=1e-08
  Direction: left->right
  Direction: right->left
  Energy: -1.4198816982, Trunc err: 1.48e+00
Sweep 31, chi=4, cutoff=1e-08
  Direction: left->right
  Direction: right->left
  Energy: -1.4211709090, Trunc err: 1.48e+00
Sweep 32, chi=4, cutoff=1e-08
  Direction: left->right
  Direction: right->left
  Energy: -1.4219299529, Trunc err: 1.48e+00
Sweep 33, chi=4, cutoff=1e-08
  Direction: left->right
  Direction: right->left
  Energy: -1.4223973000, Trunc err: 1.49e+00
Sweep 34, chi=4, cutoff=1e-08
  Direction: left->right
  Direction: right->left
  Energy: -1.4227021134, Trunc err: 1.49e+00
Sweep 35, chi=4, cutoff=1e-08
  Direction: left->right
  Direction: right->left
  Energy: -1.4229068459, Trunc err: 1.49e+00
Sweep 36, chi=4, cutoff=1e-08
  Direction: left->right
  Direction: right->left
  Energy: -1.4230478861, Trunc err: 1.49e+00
Sweep 37, chi=4, cutoff=1e-08
  Direction: left->right
  Direction: right->left
  Energy: -1.4231464639, Trunc err: 1.49e+00
Sweep 38, chi=4, cutoff=1e-08
  Direction: left->right
  Direction: right->left
  Energy: -1.4232160822, Trunc err: 1.49e+00
Sweep 39, chi=4, cutoff=1e-08
  Direction: left->right
  Direction: right->left
  Energy: -1.4232655789, Trunc err: 1.49e+00
Sweep 40, chi=4, cutoff=1e-08
  Direction: left->right
  Direction: right->left
  Energy: -1.4233012627, Trunc err: 1.49e+00
Sweep 41, chi=4, cutoff=1e-08
  Direction: left->right
  Direction: right->left
  Energy: -1.4233271515, Trunc err: 1.49e+00
Sweep 42, chi=4, cutoff=1e-08
  Direction: left->right
  Direction: right->left
  Energy: -1.4233460498, Trunc err: 1.49e+00
Sweep 43, chi=4, cutoff=1e-08
  Direction: left->right
  Direction: right->left
  Energy: -1.4233596862, Trunc err: 1.49e+00
Sweep 44, chi=4, cutoff=1e-08
  Direction: left->right
  Direction: right->left
  Energy: -1.4233694902, Trunc err: 1.49e+00
Sweep 45, chi=4, cutoff=1e-08
  Direction: left->right
  Direction: right->left
  Energy: -1.4233765747, Trunc err: 1.49e+00
Sweep 46, chi=4, cutoff=1e-08
  Direction: left->right
  Direction: right->left
  Energy: -1.4233815957, Trunc err: 1.49e+00
Sweep 47, chi=4, cutoff=1e-08
  Direction: left->right
  Direction: right->left
  Energy: -1.4233851466, Trunc err: 1.49e+00
Sweep 48, chi=4, cutoff=1e-08
  Direction: left->right
  Direction: right->left
  Energy: -1.4233876666, Trunc err: 1.49e+00
Sweep 49, chi=4, cutoff=1e-08
  Direction: left->right
  Direction: right->left
  Energy: -1.4233894596, Trunc err: 1.49e+00
Sweep 50, chi=8, cutoff=1e-08
  Direction: left->right
  Direction: right->left
  Energy: -1.4742972283, Trunc err: 1.50e+00
Sweep 51, chi=8, cutoff=1e-08
  Direction: left->right
  Direction: right->left
  Energy: -1.4853957745, Trunc err: 1.52e+00
Sweep 52, chi=8, cutoff=1e-08
  Direction: left->right
  Direction: right->left
  Energy: -1.4886587791, Trunc err: 1.53e+00
Sweep 53, chi=8, cutoff=1e-08
  Direction: left->right
  Direction: right->left
  Energy: -1.4899152655, Trunc err: 1.54e+00
Sweep 54, chi=8, cutoff=1e-08
  Direction: left->right
  Direction: right->left
  Energy: -1.4905389198, Trunc err: 1.54e+00
Sweep 55, chi=8, cutoff=1e-08
  Direction: left->right
  Direction: right->left
  Energy: -1.4908906136, Trunc err: 1.54e+00
Sweep 56, chi=8, cutoff=1e-08
  Direction: left->right
  Direction: right->left
  Energy: -1.4911203156, Trunc err: 1.54e+00
Sweep 57, chi=8, cutoff=1e-08
  Direction: left->right
  Direction: right->left
  Energy: -1.4912886374, Trunc err: 1.54e+00
Sweep 58, chi=8, cutoff=1e-08
  Direction: left->right
  Direction: right->left
  Energy: -1.4914155687, Trunc err: 1.54e+00
Sweep 59, chi=8, cutoff=1e-08
  Direction: left->right
  Direction: right->left
  Energy: -1.4915134877, Trunc err: 1.55e+00
Sweep 60, chi=8, cutoff=1e-08
  Direction: left->right
  Direction: right->left
  Energy: -1.4915918690, Trunc err: 1.55e+00
Sweep 61, chi=8, cutoff=1e-08
  Direction: left->right
  Direction: right->left
  Energy: -1.4916561680, Trunc err: 1.55e+00
Sweep 62, chi=8, cutoff=1e-08
  Direction: left->right
  Direction: right->left
  Energy: -1.4917086822, Trunc err: 1.55e+00
Sweep 63, chi=8, cutoff=1e-08
  Direction: left->right
  Direction: right->left
  Energy: -1.4917515675, Trunc err: 1.55e+00
Sweep 64, chi=8, cutoff=1e-08
  Direction: left->right
  Direction: right->left
  Energy: -1.4917869033, Trunc err: 1.55e+00
Sweep 65, chi=8, cutoff=1e-08
  Direction: left->right
  Direction: right->left
  Energy: -1.4918164762, Trunc err: 1.55e+00
Sweep 66, chi=8, cutoff=1e-08
  Direction: left->right
  Direction: right->left
  Energy: -1.4918416402, Trunc err: 1.55e+00
Sweep 67, chi=8, cutoff=1e-08
  Direction: left->right
  Direction: right->left
  Energy: -1.4918633677, Trunc err: 1.55e+00
Sweep 68, chi=8, cutoff=1e-08
  Direction: left->right
  Direction: right->left
  Energy: -1.4918822809, Trunc err: 1.55e+00
Sweep 69, chi=8, cutoff=1e-08
  Direction: left->right
  Direction: right->left
  Energy: -1.4918987892, Trunc err: 1.55e+00
Sweep 70, chi=8, cutoff=1e-08
  Direction: left->right
  Direction: right->left
  Energy: -1.4919131617, Trunc err: 1.55e+00
Sweep 71, chi=8, cutoff=1e-08
  Direction: left->right
  Direction: right->left
  Energy: -1.4919255933, Trunc err: 1.55e+00
Sweep 72, chi=8, cutoff=1e-08
  Direction: left->right
  Direction: right->left
  Energy: -1.4919362635, Trunc err: 1.55e+00
Sweep 73, chi=8, cutoff=1e-08
  Direction: left->right
  Direction: right->left
  Energy: -1.4919453307, Trunc err: 1.55e+00
Sweep 74, chi=8, cutoff=1e-08
  Direction: left->right
  Direction: right->left
  Energy: -1.4919529493, Trunc err: 1.55e+00
Sweep 75, chi=8, cutoff=1e-08
  Direction: left->right
  Direction: right->left
  Energy: -1.4919592772, Trunc err: 1.55e+00
Sweep 76, chi=8, cutoff=1e-08
  Direction: left->right
  Direction: right->left
  Energy: -1.4919644693, Trunc err: 1.55e+00
Sweep 77, chi=8, cutoff=1e-08
  Direction: left->right
  Direction: right->left
  Energy: -1.4919686796, Trunc err: 1.55e+00
Sweep 78, chi=8, cutoff=1e-08
  Direction: left->right
  Direction: right->left
  Energy: -1.4919720559, Trunc err: 1.55e+00
Sweep 79, chi=8, cutoff=1e-08
  Direction: left->right
  Direction: right->left
  Energy: -1.4919747375, Trunc err: 1.55e+00
Sweep 80, chi=8, cutoff=1e-08
  Direction: left->right
  Direction: right->left
  Energy: -1.4919768479, Trunc err: 1.55e+00
Sweep 81, chi=8, cutoff=1e-08
  Direction: left->right
  Direction: right->left
  Energy: -1.4919784957, Trunc err: 1.55e+00
Sweep 82, chi=8, cutoff=1e-08
  Direction: left->right
  Direction: right->left
  Energy: -1.4919797721, Trunc err: 1.55e+00
Sweep 83, chi=8, cutoff=1e-08
  Direction: left->right
  Direction: right->left
  Energy: -1.4919807541, Trunc err: 1.55e+00
Sweep 84, chi=8, cutoff=1e-08
  Direction: left->right
  Direction: right->left
  Energy: -1.4919815045, Trunc err: 1.55e+00
Sweep 85, chi=8, cutoff=1e-08
  Direction: left->right
  Direction: right->left
  Energy: -1.4919820765, Trunc err: 1.55e+00
Sweep 86, chi=8, cutoff=1e-08
  Direction: left->right
  Direction: right->left
  Energy: -1.4919825100, Trunc err: 1.55e+00
Sweep 87, chi=8, cutoff=1e-08
  Direction: left->right
  Direction: right->left
  Energy: -1.4919828375, Trunc err: 1.55e+00
Sweep 88, chi=8, cutoff=1e-08
  Direction: left->right
  Direction: right->left
  Energy: -1.4919830847, Trunc err: 1.55e+00
Sweep 89, chi=8, cutoff=1e-08
  Direction: left->right
  Direction: right->left
  Energy: -1.4919832707, Trunc err: 1.55e+00
Sweep 90, chi=8, cutoff=1e-08
  Direction: left->right
  Direction: right->left
  Energy: -1.4919834093, Trunc err: 1.55e+00
Sweep 91, chi=8, cutoff=1e-08
  Direction: left->right
  Direction: right->left
  Energy: -1.4919835128, Trunc err: 1.55e+00
Sweep 92, chi=8, cutoff=1e-08
  Direction: left->right
  Direction: right->left
  Energy: -1.4919835908, Trunc err: 1.55e+00
Sweep 93, chi=8, cutoff=1e-08
  Direction: left->right
  Direction: right->left
  Energy: -1.4919836501, Trunc err: 1.55e+00
Sweep 94, chi=8, cutoff=1e-08
  Direction: left->right
  Direction: right->left
  Energy: -1.4919836956, Trunc err: 1.55e+00
Sweep 95, chi=8, cutoff=1e-08
  Direction: left->right
  Direction: right->left
  Energy: -1.4919837299, Trunc err: 1.55e+00
Sweep 96, chi=8, cutoff=1e-08
  Direction: left->right
  Direction: right->left
  Energy: -1.4919837554, Trunc err: 1.55e+00
Sweep 97, chi=8, cutoff=1e-08
  Direction: left->right
  Direction: right->left
  Energy: -1.4919837743, Trunc err: 1.55e+00
Sweep 98, chi=8, cutoff=1e-08
  Direction: left->right
  Direction: right->left
  Energy: -1.4919837887, Trunc err: 1.55e+00
Sweep 99, chi=8, cutoff=1e-08
  Direction: left->right
  Direction: right->left
  Energy: -1.4919838000, Trunc err: 1.55e+00
Sweep 100, chi=16, cutoff=1e-08
  Direction: left->right
  Direction: right->left
  Energy: -1.5395168919, Trunc err: 1.59e+00
Sweep 101, chi=16, cutoff=1e-08
  Direction: left->right
  Direction: right->left
  Energy: -1.5474788065, Trunc err: 1.64e+00
Sweep 102, chi=16, cutoff=1e-08
  Direction: left->right
  Direction: right->left
  Energy: -1.5487482080, Trunc err: 1.66e+00
Sweep 103, chi=16, cutoff=1e-08
  Direction: left->right
  Direction: right->left
  Energy: -1.5491567331, Trunc err: 1.66e+00
Sweep 104, chi=16, cutoff=1e-08
  Direction: left->right
  Direction: right->left
  Energy: -1.5493095229, Trunc err: 1.66e+00
Sweep 105, chi=16, cutoff=1e-08
  Direction: left->right
  Direction: right->left
  Energy: -1.5493797981, Trunc err: 1.66e+00
Sweep 106, chi=16, cutoff=1e-08
  Direction: left->right
  Direction: right->left
  Energy: -1.5494319157, Trunc err: 1.66e+00
Sweep 107, chi=16, cutoff=1e-08
  Direction: left->right
  Direction: right->left
  Energy: -1.5494900501, Trunc err: 1.67e+00
Sweep 108, chi=16, cutoff=1e-08
  Direction: left->right
  Direction: right->left
  Energy: -1.5495595972, Trunc err: 1.67e+00
Sweep 109, chi=16, cutoff=1e-08
  Direction: left->right
  Direction: right->left
  Energy: -1.5498134688, Trunc err: 1.67e+00
Sweep 110, chi=16, cutoff=1e-08
  Direction: left->right
  Direction: right->left
  Energy: -1.5503689196, Trunc err: 1.67e+00
Sweep 111, chi=16, cutoff=1e-08
  Direction: left->right
  Direction: right->left
  Energy: -1.5506386626, Trunc err: 1.67e+00
Sweep 112, chi=16, cutoff=1e-08
  Direction: left->right
  Direction: right->left
  Energy: -1.5507197879, Trunc err: 1.67e+00
Sweep 113, chi=16, cutoff=1e-08
  Direction: left->right
  Direction: right->left
  Energy: -1.5507484307, Trunc err: 1.67e+00
Sweep 114, chi=16, cutoff=1e-08
  Direction: left->right
  Direction: right->left
  Energy: -1.5507610371, Trunc err: 1.67e+00
Sweep 115, chi=16, cutoff=1e-08
  Direction: left->right
  Direction: right->left
  Energy: -1.5507675657, Trunc err: 1.67e+00
Sweep 116, chi=16, cutoff=1e-08
  Direction: left->right
  Direction: right->left
  Energy: -1.5507713602, Trunc err: 1.67e+00
Sweep 117, chi=16, cutoff=1e-08
  Direction: left->right
  Direction: right->left
  Energy: -1.5507737533, Trunc err: 1.67e+00
Sweep 118, chi=16, cutoff=1e-08
  Direction: left->right
  Direction: right->left
  Energy: -1.5507753487, Trunc err: 1.67e+00
Sweep 119, chi=16, cutoff=1e-08
  Direction: left->right
  Direction: right->left
  Energy: -1.5507764548, Trunc err: 1.67e+00
Sweep 120, chi=32, cutoff=1e-08
  Direction: left->right
  Direction: right->left
  Energy: -1.5631222043, Trunc err: 1.69e+00
Sweep 121, chi=32, cutoff=1e-08
  Direction: left->right
  Direction: right->left
  Energy: -1.5649634275, Trunc err: 1.72e+00
Sweep 122, chi=32, cutoff=1e-08
  Direction: left->right
  Direction: right->left
  Energy: -1.5655388522, Trunc err: 1.73e+00
Sweep 123, chi=32, cutoff=1e-08
  Direction: left->right
  Direction: right->left
  Energy: -1.5657969826, Trunc err: 1.73e+00
Sweep 124, chi=32, cutoff=1e-08
  Direction: left->right
  Direction: right->left
  Energy: -1.5659413579, Trunc err: 1.74e+00
Sweep 125, chi=32, cutoff=1e-08
  Direction: left->right
  Direction: right->left
  Energy: -1.5660305477, Trunc err: 1.74e+00
Sweep 126, chi=32, cutoff=1e-08
  Direction: left->right
  Direction: right->left
  Energy: -1.5660878888, Trunc err: 1.74e+00
Sweep 127, chi=32, cutoff=1e-08
  Direction: left->right
  Direction: right->left
  Energy: -1.5661268253, Trunc err: 1.74e+00
Sweep 128, chi=32, cutoff=1e-08
  Direction: left->right
  Direction: right->left
  Energy: -1.5661584963, Trunc err: 1.74e+00
Sweep 129, chi=32, cutoff=1e-08
  Direction: left->right
  Direction: right->left
  Energy: -1.5662042494, Trunc err: 1.74e+00
Sweep 0, chi=2, cutoff=1e-08
  Direction: left->right
  Direction: right->left
  Energy: -0.9457927640, Trunc err: 4.22e-03
Sweep 1, chi=2, cutoff=1e-08
  Direction: left->right
  Direction: right->left
  Energy: -0.9458498969, Trunc err: 8.52e-03
Sweep 2, chi=2, cutoff=1e-08
  Direction: left->right
  Direction: right->left
  Energy: -0.9458499015, Trunc err: 8.52e-03
Sweep 3, chi=2, cutoff=1e-08
  Direction: left->right
  Direction: right->left
  Energy: -0.9458499015, Trunc err: 8.52e-03
Sweep 4, chi=2, cutoff=1e-08
  Direction: left->right
  Direction: right->left
  Energy: -0.9458499015, Trunc err: 8.52e-03
Sweep 5, chi=2, cutoff=1e-08
  Direction: left->right
  Direction: right->left
  Energy: -0.9458499015, Trunc err: 8.52e-03
Sweep 6, chi=2, cutoff=1e-08
  Direction: left->right
  Direction: right->left
  Energy: -0.9458499015, Trunc err: 8.52e-03
Sweep 7, chi=2, cutoff=1e-08
  Direction: left->right
  Direction: right->left
  Energy: -0.9458499015, Trunc err: 8.52e-03
Sweep 8, chi=2, cutoff=1e-08
  Direction: left->right
  Direction: right->left
  Energy: -0.9458499015, Trunc err: 8.52e-03
Sweep 9, chi=2, cutoff=1e-08
  Direction: left->right
  Direction: right->left
  Energy: -0.9458499015, Trunc err: 8.52e-03
Sweep 10, chi=4, cutoff=1e-08
  Direction: left->right
  Direction: right->left
  Energy: -0.9579831464, Trunc err: 1.80e-03
Sweep 11, chi=4, cutoff=1e-08
  Direction: left->right
  Direction: right->left
  Energy: -0.9581036110, Trunc err: 4.05e-03
Sweep 12, chi=4, cutoff=1e-08
  Direction: left->right
  Direction: right->left
  Energy: -0.9581036158, Trunc err: 4.05e-03
Sweep 13, chi=4, cutoff=1e-08
  Direction: left->right
  Direction: right->left
  Energy: -0.9581036158, Trunc err: 4.05e-03
Sweep 14, chi=4, cutoff=1e-08
  Direction: left->right
  Direction: right->left
  Energy: -0.9581036158, Trunc err: 4.05e-03
Sweep 15, chi=4, cutoff=1e-08
  Direction: left->right
  Direction: right->left
  Energy: -0.9581036158, Trunc err: 4.05e-03
Sweep 16, chi=4, cutoff=1e-08
  Direction: left->right
  Direction: right->left
  Energy: -0.9581036158, Trunc err: 4.05e-03
Sweep 17, chi=4, cutoff=1e-08
  Direction: left->right
  Direction: right->left
  Energy: -0.9581036158, Trunc err: 4.05e-03
Sweep 18, chi=4, cutoff=1e-08
  Direction: left->right
  Direction: right->left
  Energy: -0.9581036158, Trunc err: 4.05e-03
Sweep 19, chi=4, cutoff=1e-08
  Direction: left->right
  Direction: right->left
  Energy: -0.9581036158, Trunc err: 4.05e-03
Sweep 20, chi=8, cutoff=1e-08
  Direction: left->right
  Direction: right->left
  Energy: -0.9593721224, Trunc err: 2.96e-05
Sweep 21, chi=8, cutoff=1e-08
  Direction: left->right
  Direction: right->left
  Energy: -0.9593721883, Trunc err: 6.69e-05
Sweep 22, chi=8, cutoff=1e-08
  Direction: left->right
  Direction: right->left
  Energy: -0.9593721883, Trunc err: 6.68e-05
Sweep 23, chi=8, cutoff=1e-08
  Direction: left->right
  Direction: right->left
  Energy: -0.9593721883, Trunc err: 6.68e-05
Sweep 24, chi=8, cutoff=1e-08
  Direction: left->right
  Direction: right->left
  Energy: -0.9593721883, Trunc err: 6.68e-05
Sweep 25, chi=8, cutoff=1e-08
  Direction: left->right
  Direction: right->left
  Energy: -0.9593721883, Trunc err: 6.68e-05
Sweep 26, chi=8, cutoff=1e-08
  Direction: left->right
  Direction: right->left
  Energy: -0.9593721883, Trunc err: 6.68e-05
Sweep 27, chi=8, cutoff=1e-08
  Direction: left->right
  Direction: right->left
  Energy: -0.9593721883, Trunc err: 6.68e-05
Sweep 28, chi=8, cutoff=1e-08
  Direction: left->right
  Direction: right->left
  Energy: -0.9593721883, Trunc err: 6.68e-05
Sweep 29, chi=8, cutoff=1e-08
  Direction: left->right
  Direction: right->left
  Energy: -0.9593721883, Trunc err: 6.68e-05
Sweep 30, chi=8, cutoff=1e-08
  Direction: left->right
  Direction: right->left
  Energy: -0.9593721883, Trunc err: 6.68e-05
Sweep 31, chi=8, cutoff=1e-08
  Direction: left->right
  Direction: right->left
  Energy: -0.9593721883, Trunc err: 6.68e-05
Sweep 32, chi=8, cutoff=1e-08
  Direction: left->right
  Direction: right->left
  Energy: -0.9593721883, Trunc err: 6.68e-05
Sweep 33, chi=8, cutoff=1e-08
  Direction: left->right
  Direction: right->left
  Energy: -0.9593721883, Trunc err: 6.68e-05
Sweep 34, chi=8, cutoff=1e-08
  Direction: left->right
  Direction: right->left
  Energy: -0.9593721883, Trunc err: 6.68e-05
Sweep 35, chi=8, cutoff=1e-08
  Direction: left->right
  Direction: right->left
  Energy: -0.9593721883, Trunc err: 6.68e-05
Sweep 36, chi=8, cutoff=1e-08
  Direction: left->right
  Direction: right->left
  Energy: -0.9593721883, Trunc err: 6.68e-05
Sweep 37, chi=8, cutoff=1e-08
  Direction: left->right
  Direction: right->left
  Energy: -0.9593721883, Trunc err: 6.68e-05
Sweep 38, chi=8, cutoff=1e-08
  Direction: left->right
  Direction: right->left
  Energy: -0.9593721883, Trunc err: 6.68e-05
Sweep 39, chi=8, cutoff=1e-08
  Direction: left->right
  Direction: right->left
  Energy: -0.9593721883, Trunc err: 6.68e-05
Sweep 40, chi=8, cutoff=1e-08
  Direction: left->right
  Direction: right->left
  Energy: -0.9593721883, Trunc err: 6.68e-05
Sweep 41, chi=8, cutoff=1e-08
  Direction: left->right
  Direction: right->left
  Energy: -0.9593721883, Trunc err: 6.68e-05
Sweep 42, chi=8, cutoff=1e-08
  Direction: left->right
  Direction: right->left
  Energy: -0.9593721883, Trunc err: 6.68e-05
Sweep 43, chi=8, cutoff=1e-08
  Direction: left->right
  Direction: right->left
  Energy: -0.9593721883, Trunc err: 6.68e-05
Sweep 44, chi=8, cutoff=1e-08
  Direction: left->right
  Direction: right->left
  Energy: -0.9593721883, Trunc err: 6.68e-05
Sweep 45, chi=8, cutoff=1e-08
  Direction: left->right
  Direction: right->left
  Energy: -0.9593721883, Trunc err: 6.68e-05
Sweep 46, chi=8, cutoff=1e-08
  Direction: left->right
  Direction: right->left
  Energy: -0.9593721883, Trunc err: 6.68e-05
Sweep 47, chi=8, cutoff=1e-08
  Direction: left->right
  Direction: right->left
  Energy: -0.9593721883, Trunc err: 6.68e-05
Sweep 48, chi=8, cutoff=1e-08
  Direction: left->right
  Direction: right->left
  Energy: -0.9593721883, Trunc err: 6.68e-05
Sweep 49, chi=8, cutoff=1e-08
  Direction: left->right
  Direction: right->left
  Energy: -0.9593721883, Trunc err: 6.68e-05
Sweep 50, chi=8, cutoff=1e-08
  Direction: left->right
  Direction: right->left
  Energy: -0.9593721883, Trunc err: 6.68e-05
Sweep 51, chi=8, cutoff=1e-08
  Direction: left->right
  Direction: right->left
  Energy: -0.9593721883, Trunc err: 6.68e-05
Sweep 52, chi=8, cutoff=1e-08
  Direction: left->right
  Direction: right->left
  Energy: -0.9593721883, Trunc err: 6.68e-05
Sweep 53, chi=8, cutoff=1e-08
  Direction: left->right
  Direction: right->left
  Energy: -0.9593721883, Trunc err: 6.68e-05
Sweep 54, chi=8, cutoff=1e-08
  Direction: left->right
  Direction: right->left
  Energy: -0.9593721883, Trunc err: 6.68e-05
Sweep 55, chi=8, cutoff=1e-08
  Direction: left->right
  Direction: right->left
  Energy: -0.9593721883, Trunc err: 6.68e-05
Sweep 56, chi=8, cutoff=1e-08
  Direction: left->right
  Direction: right->left
  Energy: -0.9593721883, Trunc err: 6.68e-05
Sweep 57, chi=8, cutoff=1e-08
  Direction: left->right
  Direction: right->left
  Energy: -0.9593721883, Trunc err: 6.68e-05
Sweep 58, chi=8, cutoff=1e-08
  Direction: left->right
  Direction: right->left
  Energy: -0.9593721883, Trunc err: 6.68e-05
Sweep 59, chi=8, cutoff=1e-08
  Direction: left->right
  Direction: right->left
  Energy: -0.9593721883, Trunc err: 6.68e-05
Sweep 60, chi=16, cutoff=1e-08
  Direction: left->right
  Direction: right->left
  Energy: -0.9593728879, Trunc err: 2.27e-08
Sweep 61, chi=16, cutoff=1e-08
  Direction: left->right
  Direction: right->left
  Energy: -0.9593728879, Trunc err: 4.99e-08
Sweep 62, chi=16, cutoff=1e-08
  Direction: left->right
  Direction: right->left
  Energy: -0.9593728879, Trunc err: 5.17e-08
Sweep 63, chi=16, cutoff=1e-08
  Direction: left->right
  Direction: right->left
  Energy: -0.9593728879, Trunc err: 5.18e-08
Sweep 64, chi=16, cutoff=1e-08
  Direction: left->right
  Direction: right->left
  Energy: -0.9593728879, Trunc err: 5.21e-08
Sweep 65, chi=16, cutoff=1e-08
  Direction: left->right
  Direction: right->left
  Energy: -0.9593728879, Trunc err: 5.21e-08
Sweep 66, chi=16, cutoff=1e-08
  Direction: left->right
  Direction: right->left
  Energy: -0.9593728879, Trunc err: 5.21e-08
Sweep 67, chi=16, cutoff=1e-08
  Direction: left->right
  Direction: right->left
  Energy: -0.9593728879, Trunc err: 5.21e-08
Sweep 68, chi=16, cutoff=1e-08
  Direction: left->right
  Direction: right->left
  Energy: -0.9593728879, Trunc err: 5.21e-08
Sweep 69, chi=16, cutoff=1e-08
  Direction: left->right
  Direction: right->left
  Energy: -0.9593728879, Trunc err: 5.21e-08
Sweep 70, chi=16, cutoff=1e-08
  Direction: left->right
  Direction: right->left
  Energy: -0.9593728879, Trunc err: 5.21e-08
Sweep 71, chi=16, cutoff=1e-08
  Direction: left->right
  Direction: right->left
  Energy: -0.9593728879, Trunc err: 5.21e-08
Sweep 72, chi=16, cutoff=1e-08
  Direction: left->right
  Direction: right->left
  Energy: -0.9593728879, Trunc err: 5.21e-08
Sweep 73, chi=16, cutoff=1e-08
  Direction: left->right
  Direction: right->left
  Energy: -0.9593728879, Trunc err: 5.21e-08
Sweep 74, chi=16, cutoff=1e-08
  Direction: left->right
  Direction: right->left
  Energy: -0.9593728879, Trunc err: 5.21e-08
Sweep 75, chi=16, cutoff=1e-08
  Direction: left->right
  Direction: right->left
  Energy: -0.9593728879, Trunc err: 5.21e-08
Sweep 76, chi=16, cutoff=1e-08
  Direction: left->right
  Direction: right->left
  Energy: -0.9593728879, Trunc err: 5.21e-08
Sweep 77, chi=16, cutoff=1e-08
  Direction: left->right
  Direction: right->left
  Energy: -0.9593728879, Trunc err: 5.21e-08
Sweep 78, chi=16, cutoff=1e-08
  Direction: left->right
  Direction: right->left
  Energy: -0.9593728879, Trunc err: 5.21e-08
Sweep 79, chi=16, cutoff=1e-08
  Direction: left->right
  Direction: right->left
  Energy: -0.9593728879, Trunc err: 5.21e-08
Sweep 80, chi=16, cutoff=1e-08
  Direction: left->right
  Direction: right->left
  Energy: -0.9593728879, Trunc err: 5.21e-08
Sweep 81, chi=16, cutoff=1e-08
  Direction: left->right
  Direction: right->left
  Energy: -0.9593728879, Trunc err: 5.21e-08
Sweep 82, chi=16, cutoff=1e-08
  Direction: left->right
  Direction: right->left
  Energy: -0.9593728879, Trunc err: 5.21e-08
Sweep 83, chi=16, cutoff=1e-08
  Direction: left->right
  Direction: right->left
  Energy: -0.9593728879, Trunc err: 5.21e-08
Sweep 84, chi=16, cutoff=1e-08
  Direction: left->right
  Direction: right->left
  Energy: -0.9593728879, Trunc err: 5.21e-08
Sweep 85, chi=16, cutoff=1e-08
  Direction: left->right
  Direction: right->left
  Energy: -0.9593728879, Trunc err: 5.21e-08
Sweep 86, chi=16, cutoff=1e-08
  Direction: left->right
  Direction: right->left
  Energy: -0.9593728879, Trunc err: 5.21e-08
Sweep 87, chi=16, cutoff=1e-08
  Direction: left->right
  Direction: right->left
  Energy: -0.9593728879, Trunc err: 5.21e-08
Sweep 88, chi=16, cutoff=1e-08
  Direction: left->right
  Direction: right->left
  Energy: -0.9593728879, Trunc err: 5.21e-08
Sweep 89, chi=16, cutoff=1e-08
  Direction: left->right
  Direction: right->left
  Energy: -0.9593728879, Trunc err: 5.21e-08
Sweep 90, chi=16, cutoff=1e-08
  Direction: left->right
  Direction: right->left
  Energy: -0.9593728879, Trunc err: 5.21e-08
Sweep 91, chi=16, cutoff=1e-08
  Direction: left->right
  Direction: right->left
  Energy: -0.9593728879, Trunc err: 5.21e-08
Sweep 92, chi=16, cutoff=1e-08
  Direction: left->right
  Direction: right->left
  Energy: -0.9593728879, Trunc err: 5.21e-08
Sweep 93, chi=16, cutoff=1e-08
  Direction: left->right
  Direction: right->left
  Energy: -0.9593728879, Trunc err: 5.21e-08
Sweep 94, chi=16, cutoff=1e-08
  Direction: left->right
  Direction: right->left
  Energy: -0.9593728879, Trunc err: 5.21e-08
Sweep 95, chi=16, cutoff=1e-08
  Direction: left->right
  Direction: right->left
  Energy: -0.9593728879, Trunc err: 5.21e-08
Sweep 96, chi=16, cutoff=1e-08
  Direction: left->right
  Direction: right->left
  Energy: -0.9593728879, Trunc err: 5.21e-08
Sweep 97, chi=16, cutoff=1e-08
  Direction: left->right
  Direction: right->left
  Energy: -0.9593728879, Trunc err: 5.21e-08
Sweep 98, chi=16, cutoff=1e-08
  Direction: left->right
  Direction: right->left
  Energy: -0.9593728879, Trunc err: 5.21e-08
Sweep 99, chi=16, cutoff=1e-08
  Direction: left->right
  Direction: right->left
  Energy: -0.9593728879, Trunc err: 5.21e-08
Sweep 100, chi=32, cutoff=1e-08
  Direction: left->right
  Direction: right->left
  Energy: -0.9593728879, Trunc err: 1.28e-08
Sweep 101, chi=32, cutoff=1e-08
  Direction: left->right
  Direction: right->left
  Energy: -0.9593728879, Trunc err: 1.33e-08
Sweep 102, chi=32, cutoff=1e-08
  Direction: left->right
  Direction: right->left
  Energy: -0.9593728879, Trunc err: 1.37e-08
Sweep 103, chi=32, cutoff=1e-08
  Direction: left->right
  Direction: right->left
  Energy: -0.9593728879, Trunc err: 1.38e-08
Sweep 104, chi=32, cutoff=1e-08
  Direction: left->right
  Direction: right->left
  Energy: -0.9593728879, Trunc err: 1.38e-08
Sweep 105, chi=32, cutoff=1e-08
  Direction: left->right
  Direction: right->left
  Energy: -0.9593728879, Trunc err: 1.38e-08
Sweep 106, chi=32, cutoff=1e-08
  Direction: left->right
  Direction: right->left
  Energy: -0.9593728879, Trunc err: 1.38e-08
Sweep 107, chi=32, cutoff=1e-08
  Direction: left->right
  Direction: right->left
  Energy: -0.9593728879, Trunc err: 1.38e-08
Sweep 108, chi=32, cutoff=1e-08
  Direction: left->right
  Direction: right->left
  Energy: -0.9593728879, Trunc err: 1.38e-08
Sweep 109, chi=32, cutoff=1e-08
  Direction: left->right
  Direction: right->left
  Energy: -0.9593728879, Trunc err: 1.38e-08
Sweep 110, chi=32, cutoff=1e-08
  Direction: left->right
  Direction: right->left
  Energy: -0.9593728879, Trunc err: 1.38e-08
Sweep 111, chi=32, cutoff=1e-08
  Direction: left->right
  Direction: right->left
  Energy: -0.9593728879, Trunc err: 1.38e-08
Sweep 112, chi=32, cutoff=1e-08
  Direction: left->right
  Direction: right->left
  Energy: -0.9593728879, Trunc err: 1.38e-08
Sweep 113, chi=32, cutoff=1e-08
  Direction: left->right
  Direction: right->left
  Energy: -0.9593728879, Trunc err: 1.38e-08
Sweep 114, chi=32, cutoff=1e-08
  Direction: left->right
  Direction: right->left
  Energy: -0.9593728879, Trunc err: 1.38e-08
Sweep 115, chi=32, cutoff=1e-08
  Direction: left->right
  Direction: right->left
  Energy: -0.9593728879, Trunc err: 1.38e-08
Sweep 116, chi=32, cutoff=1e-08
  Direction: left->right
  Direction: right->left
  Energy: -0.9593728879, Trunc err: 1.38e-08
Sweep 117, chi=32, cutoff=1e-08
  Direction: left->right
  Direction: right->left
  Energy: -0.9593728879, Trunc err: 1.38e-08
Sweep 118, chi=32, cutoff=1e-08
  Direction: left->right
  Direction: right->left
  Energy: -0.9593728879, Trunc err: 1.38e-08
Sweep 119, chi=32, cutoff=1e-08
  Direction: left->right
  Direction: right->left
  Energy: -0.9593728879, Trunc err: 1.38e-08
Sweep 120, chi=32, cutoff=1e-08
  Direction: left->right
  Direction: right->left
  Energy: -0.9593728879, Trunc err: 1.38e-08
Sweep 121, chi=32, cutoff=1e-08
  Direction: left->right
  Direction: right->left
  Energy: -0.9593728879, Trunc err: 1.38e-08
Sweep 122, chi=32, cutoff=1e-08
  Direction: left->right
  Direction: right->left
  Energy: -0.9593728879, Trunc err: 1.38e-08
Sweep 123, chi=32, cutoff=1e-08
  Direction: left->right
  Direction: right->left
  Energy: -0.9593728879, Trunc err: 1.38e-08
Sweep 124, chi=32, cutoff=1e-08
  Direction: left->right
  Direction: right->left
  Energy: -0.9593728879, Trunc err: 1.38e-08
Sweep 125, chi=32, cutoff=1e-08
  Direction: left->right
  Direction: right->left
  Energy: -0.9593728879, Trunc err: 1.38e-08
Sweep 126, chi=32, cutoff=1e-08
  Direction: left->right
  Direction: right->left
  Energy: -0.9593728879, Trunc err: 1.38e-08
Sweep 127, chi=32, cutoff=1e-08
  Direction: left->right
  Direction: right->left
  Energy: -0.9593728879, Trunc err: 1.38e-08
Sweep 128, chi=32, cutoff=1e-08
  Direction: left->right
  Direction: right->left
  Energy: -0.9593728879, Trunc err: 1.38e-08
Sweep 129, chi=32, cutoff=1e-08
  Direction: left->right
  Direction: right->left
  Energy: -0.9593728879, Trunc err: 1.38e-08
Sweep 130, chi=32, cutoff=1e-08
  Direction: left->right
  Direction: right->left
  Energy: -0.9593728879, Trunc err: 1.38e-08
Sweep 131, chi=32, cutoff=1e-08
  Direction: left->right
  Direction: right->left
  Energy: -0.9593728879, Trunc err: 1.38e-08
Sweep 132, chi=32, cutoff=1e-08
  Direction: left->right
  Direction: right->left
  Energy: -0.9593728879, Trunc err: 1.38e-08
Sweep 133, chi=32, cutoff=1e-08
  Direction: left->right
  Direction: right->left
  Energy: -0.9593728879, Trunc err: 1.38e-08
Sweep 134, chi=32, cutoff=1e-08
  Direction: left->right
  Direction: right->left
  Energy: -0.9593728879, Trunc err: 1.38e-08
Sweep 135, chi=32, cutoff=1e-08
  Direction: left->right
  Direction: right->left
  Energy: -0.9593728879, Trunc err: 1.38e-08
Sweep 136, chi=32, cutoff=1e-08
  Direction: left->right
  Direction: right->left
  Energy: -0.9593728879, Trunc err: 1.38e-08
Sweep 137, chi=32, cutoff=1e-08
  Direction: left->right
  Direction: right->left
  Energy: -0.9593728879, Trunc err: 1.38e-08
Sweep 138, chi=32, cutoff=1e-08
  Direction: left->right
  Direction: right->left
  Energy: -0.9593728879, Trunc err: 1.38e-08
Sweep 139, chi=32, cutoff=1e-08
  Direction: left->right
  Direction: right->left
  Energy: -0.9593728879, Trunc err: 1.38e-08
Sweep 0, chi=2, cutoff=1e-08
  Direction: left->right
  Direction: right->left
  Energy: -0.0000079467, Trunc err: 5.66e-03
Sweep 1, chi=2, cutoff=1e-08
  Direction: left->right
  Direction: right->left
  Energy: -0.0000190237, Trunc err: 3.98e-03
Sweep 2, chi=2, cutoff=1e-08
  Direction: left->right
  Direction: right->left
  Energy: -0.0000845455, Trunc err: 5.63e-03
Sweep 3, chi=2, cutoff=1e-08
  Direction: left->right
  Direction: right->left
  Energy: -0.0000871019, Trunc err: 5.32e-03
Sweep 4, chi=2, cutoff=1e-08
  Direction: left->right
  Direction: right->left
  Energy: -0.0000894145, Trunc err: 5.36e-03
Sweep 5, chi=2, cutoff=1e-08
  Direction: left->right
  Direction: right->left
  Energy: -0.0000918120, Trunc err: 5.40e-03
Sweep 6, chi=2, cutoff=1e-08
  Direction: left->right
  Direction: right->left
  Energy: -0.0000978506, Trunc err: 5.62e-03
Sweep 7, chi=2, cutoff=1e-08
  Direction: left->right
  Direction: right->left
  Energy: -0.0001013845, Trunc err: 5.47e-03
Sweep 8, chi=2, cutoff=1e-08
  Direction: left->right
  Direction: right->left
  Energy: -0.0001055141, Trunc err: 5.53e-03
Sweep 9, chi=2, cutoff=1e-08
  Direction: left->right
  Direction: right->left
  Energy: -0.0001106802, Trunc err: 5.62e-03
Sweep 10, chi=4, cutoff=1e-08
  Direction: left->right
  Direction: right->left
  Energy: -0.0001129831, Trunc err: 1.72e-04
Sweep 11, chi=4, cutoff=1e-08
  Direction: left->right
  Direction: right->left
  Energy: -0.0001157706, Trunc err: 1.86e-04
Sweep 12, chi=4, cutoff=1e-08
  Direction: left->right
  Direction: right->left
  Energy: -0.0001186359, Trunc err: 1.59e-04
Sweep 13, chi=4, cutoff=1e-08
  Direction: left->right
  Direction: right->left
  Energy: -0.0001224202, Trunc err: 1.57e-04
Sweep 14, chi=4, cutoff=1e-08
  Direction: left->right
  Direction: right->left
  Energy: -0.0001289874, Trunc err: 1.23e-04
Sweep 15, chi=4, cutoff=1e-08
  Direction: left->right
  Direction: right->left
  Energy: -0.0001391374, Trunc err: 1.17e-04
Sweep 16, chi=4, cutoff=1e-08
  Direction: left->right
  Direction: right->left
  Energy: -0.0001526598, Trunc err: 1.12e-04
Sweep 17, chi=4, cutoff=1e-08
  Direction: left->right
  Direction: right->left
  Energy: -0.0001680284, Trunc err: 1.07e-04
Sweep 18, chi=4, cutoff=1e-08
  Direction: left->right
  Direction: right->left
  Energy: -0.0001833649, Trunc err: 1.03e-04
Sweep 19, chi=4, cutoff=1e-08
  Direction: left->right
  Direction: right->left
  Energy: -0.0001981835, Trunc err: 9.92e-05
Sweep 20, chi=8, cutoff=1e-08
  Direction: left->right
  Direction: right->left
  Energy: -0.0002034159, Trunc err: 8.68e-07
Sweep 21, chi=8, cutoff=1e-08
  Direction: left->right
  Direction: right->left
  Energy: -0.0002075904, Trunc err: 2.47e-06
Sweep 22, chi=8, cutoff=1e-08
  Direction: left->right
  Direction: right->left
  Energy: -0.0019640707, Trunc err: 8.15e-05
Sweep 23, chi=8, cutoff=1e-08
  Direction: left->right
  Direction: right->left
  Energy: -0.0019725726, Trunc err: 7.64e-05
Sweep 24, chi=8, cutoff=1e-08
  Direction: left->right
  Direction: right->left
  Energy: -0.0019732905, Trunc err: 2.59e-05
Sweep 25, chi=8, cutoff=1e-08
  Direction: left->right
  Direction: right->left
  Energy: -0.0019739351, Trunc err: 1.82e-05
Sweep 26, chi=8, cutoff=1e-08
  Direction: left->right
  Direction: right->left
  Energy: -0.0019741570, Trunc err: 3.93e-06
Sweep 27, chi=8, cutoff=1e-08
  Direction: left->right
  Direction: right->left
  Energy: -0.0019742031, Trunc err: 2.64e-06
Sweep 28, chi=8, cutoff=1e-08
  Direction: left->right
  Direction: right->left
  Energy: -0.0019742486, Trunc err: 2.65e-06
Sweep 29, chi=8, cutoff=1e-08
  Direction: left->right
  Direction: right->left
  Energy: -0.0019742948, Trunc err: 2.70e-06
Sweep 30, chi=8, cutoff=1e-08
  Direction: left->right
  Direction: right->left
  Energy: -0.0019743422, Trunc err: 2.77e-06
Sweep 31, chi=8, cutoff=1e-08
  Direction: left->right
  Direction: right->left
  Energy: -0.0019743915, Trunc err: 2.87e-06
Sweep 32, chi=8, cutoff=1e-08
  Direction: left->right
  Direction: right->left
  Energy: -0.0019744431, Trunc err: 3.01e-06
Sweep 33, chi=8, cutoff=1e-08
  Direction: left->right
  Direction: right->left
  Energy: -0.0019744978, Trunc err: 3.18e-06
Sweep 34, chi=8, cutoff=1e-08
  Direction: left->right
  Direction: right->left
  Energy: -0.0019745562, Trunc err: 3.40e-06
Sweep 35, chi=8, cutoff=1e-08
  Direction: left->right
  Direction: right->left
  Energy: -0.0019746190, Trunc err: 3.67e-06
Sweep 36, chi=8, cutoff=1e-08
  Direction: left->right
  Direction: right->left
  Energy: -0.0019746875, Trunc err: 4.03e-06
Sweep 37, chi=8, cutoff=1e-08
  Direction: left->right
  Direction: right->left
  Energy: -0.0019747630, Trunc err: 4.49e-06
Sweep 38, chi=8, cutoff=1e-08
  Direction: left->right
  Direction: right->left
  Energy: -0.0019748482, Trunc err: 5.14e-06
Sweep 39, chi=8, cutoff=1e-08
  Direction: left->right
  Direction: right->left
  Energy: -0.0019749476, Trunc err: 6.06e-06
Sweep 40, chi=8, cutoff=1e-08
  Direction: left->right
  Direction: right->left
  Energy: -0.0019750705, Trunc err: 7.50e-06
Sweep 41, chi=8, cutoff=1e-08
  Direction: left->right
  Direction: right->left
  Energy: -0.0019752397, Trunc err: 9.95e-06
Sweep 42, chi=8, cutoff=1e-08
  Direction: left->right
  Direction: right->left
  Energy: -0.0019755400, Trunc err: 1.48e-05
Sweep 43, chi=8, cutoff=1e-08
  Direction: left->right
  Direction: right->left
  Energy: -0.0019769179, Trunc err: 3.08e-05
Sweep 44, chi=8, cutoff=1e-08
  Direction: left->right
  Direction: right->left
  Energy: -0.0331356782, Trunc err: 6.87e-04
Sweep 45, chi=8, cutoff=1e-08
  Direction: left->right
  Direction: right->left
  Energy: -0.0333739803, Trunc err: 1.10e-04
Sweep 46, chi=8, cutoff=1e-08
  Direction: left->right
  Direction: right->left
  Energy: -0.0334923974, Trunc err: 1.29e-04
Sweep 47, chi=8, cutoff=1e-08
  Direction: left->right
  Direction: right->left
  Energy: -0.0335022526, Trunc err: 2.72e-05
Sweep 48, chi=8, cutoff=1e-08
  Direction: left->right
  Direction: right->left
  Energy: -0.0335074696, Trunc err: 1.60e-05
Sweep 49, chi=8, cutoff=1e-08
  Direction: left->right
  Direction: right->left
  Energy: -0.0335136020, Trunc err: 1.97e-05
Sweep 50, chi=8, cutoff=1e-08
  Direction: left->right
  Direction: right->left
  Energy: -0.0335215262, Trunc err: 2.78e-05
Sweep 51, chi=8, cutoff=1e-08
  Direction: left->right
  Direction: right->left
  Energy: -0.0335419321, Trunc err: 9.42e-05
Sweep 52, chi=8, cutoff=1e-08
  Direction: left->right
  Direction: right->left
  Energy: -0.0335423645, Trunc err: 6.60e-05
Sweep 53, chi=8, cutoff=1e-08
  Direction: left->right
  Direction: right->left
  Energy: -0.0335424300, Trunc err: 5.96e-05
Sweep 54, chi=8, cutoff=1e-08
  Direction: left->right
  Direction: right->left
  Energy: -0.0335424599, Trunc err: 5.55e-05
Sweep 55, chi=8, cutoff=1e-08
  Direction: left->right
  Direction: right->left
  Energy: -0.0335424806, Trunc err: 5.45e-05
Sweep 56, chi=8, cutoff=1e-08
  Direction: left->right
  Direction: right->left
  Energy: -0.0335424972, Trunc err: 5.47e-05
Sweep 57, chi=8, cutoff=1e-08
  Direction: left->right
  Direction: right->left
  Energy: -0.0335425115, Trunc err: 5.55e-05
Sweep 58, chi=8, cutoff=1e-08
  Direction: left->right
  Direction: right->left
  Energy: -0.0335425245, Trunc err: 5.65e-05
Sweep 59, chi=8, cutoff=1e-08
  Direction: left->right
  Direction: right->left
  Energy: -0.0335425365, Trunc err: 5.76e-05
Sweep 60, chi=16, cutoff=1e-08
  Direction: left->right
  Direction: right->left
  Energy: -0.0335425873, Trunc err: 1.98e-08
Sweep 61, chi=16, cutoff=1e-08
  Direction: left->right
  Direction: right->left
  Energy: -0.0335426201, Trunc err: 7.17e-08
Sweep 62, chi=16, cutoff=1e-08
  Direction: left->right
  Direction: right->left
  Energy: -0.0335426487, Trunc err: 7.94e-08
Sweep 63, chi=16, cutoff=1e-08
  Direction: left->right
  Direction: right->left
  Energy: -0.0335426698, Trunc err: 8.05e-08
Sweep 64, chi=16, cutoff=1e-08
  Direction: left->right
  Direction: right->left
  Energy: -0.0335426834, Trunc err: 7.82e-08
Sweep 65, chi=16, cutoff=1e-08
  Direction: left->right
  Direction: right->left
  Energy: -0.0335427022, Trunc err: 1.08e-07
Sweep 66, chi=16, cutoff=1e-08
  Direction: left->right
  Direction: right->left
  Energy: -0.0335427254, Trunc err: 1.39e-07
Sweep 67, chi=16, cutoff=1e-08
  Direction: left->right
  Direction: right->left
  Energy: -0.0335427362, Trunc err: 9.81e-08
Sweep 68, chi=16, cutoff=1e-08
  Direction: left->right
  Direction: right->left
  Energy: -0.0335427462, Trunc err: 1.03e-07
Sweep 69, chi=16, cutoff=1e-08
  Direction: left->right
  Direction: right->left
  Energy: -0.0335427556, Trunc err: 1.10e-07
Sweep 70, chi=16, cutoff=1e-08
  Direction: left->right
  Direction: right->left
  Energy: -0.0335427644, Trunc err: 1.15e-07
Sweep 71, chi=16, cutoff=1e-08
  Direction: left->right
  Direction: right->left
  Energy: -0.0335427721, Trunc err: 1.18e-07
Sweep 72, chi=16, cutoff=1e-08
  Direction: left->right
  Direction: right->left
  Energy: -0.0335427785, Trunc err: 1.18e-07
Sweep 73, chi=16, cutoff=1e-08
  Direction: left->right
  Direction: right->left
  Energy: -0.0335427831, Trunc err: 1.09e-07
Sweep 74, chi=16, cutoff=1e-08
  Direction: left->right
  Direction: right->left
  Energy: -0.0335427861, Trunc err: 9.39e-08
Sweep 75, chi=16, cutoff=1e-08
  Direction: left->right
  Direction: right->left
  Energy: -0.0335427883, Trunc err: 8.30e-08
Sweep 76, chi=16, cutoff=1e-08
  Direction: left->right
  Direction: right->left
  Energy: -0.0335427899, Trunc err: 7.46e-08
Sweep 77, chi=16, cutoff=1e-08
  Direction: left->right
  Direction: right->left
  Energy: -0.0335427912, Trunc err: 6.87e-08
Sweep 78, chi=16, cutoff=1e-08
  Direction: left->right
  Direction: right->left
  Energy: -0.0335427924, Trunc err: 6.50e-08
Sweep 79, chi=16, cutoff=1e-08
  Direction: left->right
  Direction: right->left
  Energy: -0.0335427935, Trunc err: 6.33e-08
Sweep 80, chi=16, cutoff=1e-08
  Direction: left->right
  Direction: right->left
  Energy: -0.0335427945, Trunc err: 6.31e-08
Sweep 81, chi=16, cutoff=1e-08
  Direction: left->right
  Direction: right->left
  Energy: -0.0335427955, Trunc err: 6.36e-08
Sweep 82, chi=16, cutoff=1e-08
  Direction: left->right
  Direction: right->left
  Energy: -0.0335427964, Trunc err: 6.46e-08
Sweep 83, chi=16, cutoff=1e-08
  Direction: left->right
  Direction: right->left
  Energy: -0.0335427972, Trunc err: 6.58e-08
Sweep 84, chi=16, cutoff=1e-08
  Direction: left->right
  Direction: right->left
  Energy: -0.0335427979, Trunc err: 6.71e-08
Sweep 85, chi=16, cutoff=1e-08
  Direction: left->right
  Direction: right->left
  Energy: -0.0335427987, Trunc err: 6.84e-08
Sweep 86, chi=16, cutoff=1e-08
  Direction: left->right
  Direction: right->left
  Energy: -0.0335427993, Trunc err: 6.98e-08
Sweep 87, chi=16, cutoff=1e-08
  Direction: left->right
  Direction: right->left
  Energy: -0.0335427999, Trunc err: 7.12e-08
Sweep 88, chi=16, cutoff=1e-08
  Direction: left->right
  Direction: right->left
  Energy: -0.0335428005, Trunc err: 7.27e-08
Sweep 89, chi=16, cutoff=1e-08
  Direction: left->right
  Direction: right->left
  Energy: -0.0335428011, Trunc err: 7.43e-08
Sweep 90, chi=16, cutoff=1e-08
  Direction: left->right
  Direction: right->left
  Energy: -0.0335428016, Trunc err: 7.61e-08
Sweep 91, chi=16, cutoff=1e-08
  Direction: left->right
  Direction: right->left
  Energy: -0.0335428020, Trunc err: 7.79e-08
Sweep 92, chi=16, cutoff=1e-08
  Direction: left->right
  Direction: right->left
  Energy: -0.0335428025, Trunc err: 7.98e-08
Sweep 93, chi=16, cutoff=1e-08
  Direction: left->right
  Direction: right->left
  Energy: -0.0335428029, Trunc err: 8.20e-08
Sweep 94, chi=16, cutoff=1e-08
  Direction: left->right
  Direction: right->left
  Energy: -0.0335428033, Trunc err: 8.47e-08
Sweep 95, chi=16, cutoff=1e-08
  Direction: left->right
  Direction: right->left
  Energy: -0.0335428037, Trunc err: 8.82e-08
Sweep 96, chi=16, cutoff=1e-08
  Direction: left->right
  Direction: right->left
  Energy: -0.0335428040, Trunc err: 9.17e-08
Sweep 97, chi=16, cutoff=1e-08
  Direction: left->right
  Direction: right->left
  Energy: -0.0335428043, Trunc err: 9.48e-08
Sweep 98, chi=16, cutoff=1e-08
  Direction: left->right
  Direction: right->left
  Energy: -0.0335428046, Trunc err: 9.79e-08
Sweep 99, chi=16, cutoff=1e-08
  Direction: left->right
  Direction: right->left
  Energy: -0.0335428049, Trunc err: 1.01e-07
Sweep 100, chi=32, cutoff=1e-08
  Direction: left->right
  Direction: right->left
  Energy: -0.0335428052, Trunc err: 9.81e-09
Sweep 101, chi=32, cutoff=1e-08
  Direction: left->right
  Direction: right->left
  Energy: -0.0335428055, Trunc err: 1.04e-08
Sweep 102, chi=32, cutoff=1e-08
  Direction: left->right
  Direction: right->left
  Energy: -0.0335428058, Trunc err: 1.04e-08
Sweep 103, chi=32, cutoff=1e-08
  Direction: left->right
  Direction: right->left
  Energy: -0.0335428060, Trunc err: 1.06e-08
Sweep 104, chi=32, cutoff=1e-08
  Direction: left->right
  Direction: right->left
  Energy: -0.0335428063, Trunc err: 1.05e-08
Sweep 105, chi=32, cutoff=1e-08
  Direction: left->right
  Direction: right->left
  Energy: -0.0335428065, Trunc err: 1.02e-08
Sweep 106, chi=32, cutoff=1e-08
  Direction: left->right
  Direction: right->left
  Energy: -0.0335428067, Trunc err: 9.91e-09
Sweep 107, chi=32, cutoff=1e-08
  Direction: left->right
  Direction: right->left
  Energy: -0.0335428069, Trunc err: 9.72e-09
Sweep 108, chi=32, cutoff=1e-08
  Direction: left->right
  Direction: right->left
  Energy: -0.0335428071, Trunc err: 9.66e-09
Sweep 109, chi=32, cutoff=1e-08
  Direction: left->right
  Direction: right->left
  Energy: -0.0335428072, Trunc err: 9.65e-09
Sweep 110, chi=32, cutoff=1e-08
  Direction: left->right
  Direction: right->left
  Energy: -0.0335428074, Trunc err: 9.64e-09
Sweep 111, chi=32, cutoff=1e-08
  Direction: left->right
  Direction: right->left
  Energy: -0.0335428075, Trunc err: 9.63e-09
Sweep 112, chi=32, cutoff=1e-08
  Direction: left->right
  Direction: right->left
  Energy: -0.0335428077, Trunc err: 9.61e-09
Sweep 113, chi=32, cutoff=1e-08
  Direction: left->right
  Direction: right->left
  Energy: -0.0335428078, Trunc err: 9.59e-09
Sweep 114, chi=32, cutoff=1e-08
  Direction: left->right
  Direction: right->left
  Energy: -0.0335428079, Trunc err: 9.59e-09
Sweep 115, chi=32, cutoff=1e-08
  Direction: left->right
  Direction: right->left
  Energy: -0.0335428080, Trunc err: 9.60e-09
Sweep 116, chi=32, cutoff=1e-08
  Direction: left->right
  Direction: right->left
  Energy: -0.0335428081, Trunc err: 9.61e-09
Sweep 117, chi=32, cutoff=1e-08
  Direction: left->right
  Direction: right->left
  Energy: -0.0335428083, Trunc err: 9.63e-09
Sweep 118, chi=32, cutoff=1e-08
  Direction: left->right
  Direction: right->left
  Energy: -0.0335428084, Trunc err: 9.65e-09
Sweep 119, chi=32, cutoff=1e-08
  Direction: left->right
  Direction: right->left
  Energy: -0.0335428084, Trunc err: 9.66e-09
Sweep 120, chi=32, cutoff=1e-08
  Direction: left->right
  Direction: right->left
  Energy: -0.0335428085, Trunc err: 9.61e-09
Sweep 121, chi=32, cutoff=1e-08
  Direction: left->right
  Direction: right->left
  Energy: -0.0335428086, Trunc err: 9.50e-09
Sweep 122, chi=32, cutoff=1e-08
  Direction: left->right
  Direction: right->left
  Energy: -0.0335428087, Trunc err: 9.43e-09
Sweep 123, chi=32, cutoff=1e-08
  Direction: left->right
  Direction: right->left
  Energy: -0.0335428087, Trunc err: 9.38e-09
Sweep 124, chi=32, cutoff=1e-08
  Direction: left->right
  Direction: right->left
  Energy: -0.0335428088, Trunc err: 9.36e-09
Sweep 125, chi=32, cutoff=1e-08
  Direction: left->right
  Direction: right->left
  Energy: -0.0335428088, Trunc err: 9.35e-09
Sweep 126, chi=32, cutoff=1e-08
  Direction: left->right
  Direction: right->left
  Energy: -0.0335428089, Trunc err: 9.36e-09
Sweep 127, chi=32, cutoff=1e-08
  Direction: left->right
  Direction: right->left
  Energy: -0.0335428089, Trunc err: 9.38e-09
Sweep 128, chi=32, cutoff=1e-08
  Direction: left->right
  Direction: right->left
  Energy: -0.0335428090, Trunc err: 9.41e-09
Sweep 129, chi=32, cutoff=1e-08
  Direction: left->right
  Direction: right->left
  Energy: -0.0335428090, Trunc err: 9.44e-09
Sweep 130, chi=32, cutoff=1e-08
  Direction: left->right
  Direction: right->left
  Energy: -0.0335428091, Trunc err: 9.48e-09
Sweep 131, chi=32, cutoff=1e-08
  Direction: left->right
  Direction: right->left
  Energy: -0.0335428091, Trunc err: 9.25e-09
Sweep 132, chi=32, cutoff=1e-08
  Direction: left->right
  Direction: right->left
  Energy: -0.0335428091, Trunc err: 9.36e-09
Sweep 133, chi=32, cutoff=1e-08
  Direction: left->right
  Direction: right->left
  Energy: -0.0335428092, Trunc err: 9.34e-09
Sweep 134, chi=32, cutoff=1e-08
  Direction: left->right
  Direction: right->left
  Energy: -0.0335428092, Trunc err: 9.35e-09
Sweep 135, chi=32, cutoff=1e-08
  Direction: left->right
  Direction: right->left
  Energy: -0.0335428092, Trunc err: 9.40e-09
Sweep 136, chi=32, cutoff=1e-08
  Direction: left->right
  Direction: right->left
  Energy: -0.0335428093, Trunc err: 9.23e-09
Sweep 137, chi=32, cutoff=1e-08
  Direction: left->right
  Direction: right->left
  Energy: -0.0335428093, Trunc err: 9.26e-09
Sweep 138, chi=32, cutoff=1e-08
  Direction: left->right
  Direction: right->left
  Energy: -0.0335428093, Trunc err: 9.26e-09
Sweep 139, chi=32, cutoff=1e-08
  Direction: left->right
  Direction: right->left
  Energy: -0.0335428093, Trunc err: 9.33e-09
