           1.819e+00            4.311e-02            2.370e-02             3.21e-03
           1.819e+00            2.793e-02            1.536e-02             9.01e-03
           1.819e+00            1.594e-02            8.764e-03             1.21e-02
           1.819e+00            1.419e-02            7.800e-03             7.28e-03
           1.819e+00            3.780e-03            2.079e-03             8.00e-03
           1.819e+00            1.780e-03            9.789e-04             1.04e-02
           1.819e+00            1.016e-03            5.588e-04             1.17e-02
           1.819e+00            2.866e-04            1.576e-04             1.42e-02
           1.819e+00            1.652e-04            9.085e-05             1.65e-02
           1.819e+00            1.087e-04            5.975e-05             2.15e-02
           1.819e+00            8.331e-05            4.581e-05             2.13e-02
           1.819e+00            3.641e-05            2.002e-05             2.34e-02
           1.819e+00            1.913e-05            1.052e-05             2.58e-02
           1.819e+00            1.344e-05            7.389e-06             3.23e-02
           1.819e+00            5.018e-06            2.759e-06             3.85e-02
           1.819e+00            2.340e-06            1.287e-06             5.58e-02
           1.819e+00            1.047e-06            5.757e-07             5.25e-02
           1.819e+00            6.075e-07            3.340e-07             5.57e-02
           1.819e+00            4.008e-07            2.204e-07             5.98e-02
           1.819e+00            2.876e-07            1.581e-07             6.57e-02
           1.819e+00            1.032e-07            5.676e-08             7.29e-02
           1.819e+00            9.527e-08            5.238e-08             8.07e-02
           1.819e+00            4.042e-08            2.223e-08             8.48e-02
           1.819e+00            2.518e-08            1.384e-08             1.02e-01
           1.819e+00            1.462e-08            8.041e-09             1.14e-01
           1.819e+00            3.284e-02            1.806e-02             3.35e-03
           1.819e+00            3.297e-02            1.813e-02             1.02e-02
           1.819e+00            1.374e-02            7.556e-03             1.27e-02
           1.819e+00            8.496e-03            4.672e-03             7.35e-03
           1.819e+00            5.433e-03            2.987e-03             9.06e-03
           1.819e+00            1.583e-03            8.703e-04             1.04e-02
           1.819e+00            9.554e-04            5.253e-04             1.34e-02
           1.819e+00            1.843e-04            1.013e-04             1.55e-02
           1.819e+00            1.943e-04            1.068e-04             1.74e-02
           1.819e+00            1.196e-04            6.577e-05             1.97e-02
           1.819e+00            5.622e-05            3.092e-05             2.51e-02
           1.819e+00            4.574e-05            2.515e-05             2.68e-02
           1.819e+00            2.236e-05            1.229e-05             2.76e-02
           1.819e+00            1.207e-05            6.639e-06             3.17e-02
           1.819e+00            4.869e-06            2.677e-06             3.78e-02
           1.819e+00            2.658e-06            1.462e-06             5.51e-02
           1.819e+00            1.415e-06            7.782e-07             6.69e-02
           1.819e+00            6.212e-07            3.416e-07             7.07e-02
           1.819e+00            2.850e-07            1.567e-07             7.05e-02
           1.819e+00            2.501e-07            1.375e-07             7.25e-02
           1.819e+00            1.273e-07            6.999e-08             7.33e-02
           1.819e+00            1.233e-07            6.781e-08             8.21e-02
           1.819e+00            4.897e-08            2.692e-08             9.33e-02
           1.819e+00            2.024e-08            1.113e-08             1.10e-01
           1.819e+00            1.378e-08            7.575e-09             1.12e-01
xmax = 20
xshift = -20
dx = 0.6349206349206349
len of Hint: 18
len of H: 18
Sweep 0, chi=2, cutoff=1e-08
  Direction: left->right
  Direction: right->left
  Energy: -0.2001597198, Trunc err: 1.02e+00
Sweep 1, chi=2, cutoff=1e-08
  Direction: left->right
  Direction: right->left
  Energy: -0.2008131787, Trunc err: 1.03e+00
Sweep 2, chi=2, cutoff=1e-08
  Direction: left->right
  Direction: right->left
  Energy: -0.2022692371, Trunc err: 1.03e+00
Sweep 3, chi=2, cutoff=1e-08
  Direction: left->right
  Direction: right->left
  Energy: -0.2001703799, Trunc err: 1.03e+00
Sweep 4, chi=2, cutoff=1e-08
  Direction: left->right
  Direction: right->left
  Energy: -0.2009910278, Trunc err: 1.03e+00
Sweep 5, chi=2, cutoff=1e-08
  Direction: left->right
  Direction: right->left
  Energy: -0.2009421284, Trunc err: 1.03e+00
Sweep 6, chi=2, cutoff=1e-08
  Direction: left->right
  Direction: right->left
  Energy: -0.2001369180, Trunc err: 1.03e+00
Sweep 7, chi=2, cutoff=1e-08
  Direction: left->right
  Direction: right->left
  Energy: -0.2015418577, Trunc err: 1.03e+00
Sweep 8, chi=2, cutoff=1e-08
  Direction: left->right
  Direction: right->left
  Energy: -0.1992152359, Trunc err: 1.03e+00
Sweep 9, chi=2, cutoff=1e-08
  Direction: left->right
  Direction: right->left
  Energy: -0.2015102895, Trunc err: 1.03e+00
Sweep 10, chi=4, cutoff=1e-08
  Direction: left->right
  Direction: right->left
  Energy: -0.3353980252, Trunc err: 1.15e+00
Sweep 11, chi=4, cutoff=1e-08
  Direction: left->right
  Direction: right->left
  Energy: -0.6291521202, Trunc err: 1.35e+00
Sweep 12, chi=4, cutoff=1e-08
  Direction: left->right
  Direction: right->left
  Energy: -1.3710461384, Trunc err: 1.56e+00
Sweep 13, chi=4, cutoff=1e-08
  Direction: left->right
  Direction: right->left
  Energy: -1.8375415884, Trunc err: 1.69e+00
Sweep 14, chi=4, cutoff=1e-08
  Direction: left->right
  Direction: right->left
  Energy: -1.9396561261, Trunc err: 1.74e+00
Sweep 15, chi=4, cutoff=1e-08
  Direction: left->right
  Direction: right->left
  Energy: -1.9512499109, Trunc err: 1.76e+00
Sweep 16, chi=4, cutoff=1e-08
  Direction: left->right
  Direction: right->left
  Energy: -1.9521756024, Trunc err: 1.76e+00
Sweep 17, chi=4, cutoff=1e-08
  Direction: left->right
  Direction: right->left
  Energy: -1.9522341291, Trunc err: 1.76e+00
Sweep 18, chi=4, cutoff=1e-08
  Direction: left->right
  Direction: right->left
  Energy: -1.9522374845, Trunc err: 1.76e+00
Sweep 19, chi=4, cutoff=1e-08
  Direction: left->right
  Direction: right->left
  Energy: -1.9522378182, Trunc err: 1.76e+00
Sweep 20, chi=4, cutoff=1e-08
  Direction: left->right
  Direction: right->left
  Energy: -1.9522378544, Trunc err: 1.76e+00
Sweep 21, chi=4, cutoff=1e-08
  Direction: left->right
  Direction: right->left
  Energy: -1.9522378584, Trunc err: 1.76e+00
Sweep 22, chi=4, cutoff=1e-08
  Direction: left->right
  Direction: right->left
  Energy: -1.9522378588, Trunc err: 1.76e+00
Sweep 23, chi=4, cutoff=1e-08
  Direction: left->right
  Direction: right->left
  Energy: -1.9522378589, Trunc err: 1.76e+00
Sweep 24, chi=4, cutoff=1e-08
  Direction: left->right
  Direction: right->left
  Energy: -1.9522378589, Trunc err: 1.76e+00
Sweep 25, chi=4, cutoff=1e-08
  Direction: left->right
  Direction: right->left
  Energy: -1.9522378589, Trunc err: 1.76e+00
Sweep 26, chi=4, cutoff=1e-08
  Direction: left->right
  Direction: right->left
  Energy: -1.9522378589, Trunc err: 1.76e+00
Sweep 27, chi=4, cutoff=1e-08
  Direction: left->right
  Direction: right->left
  Energy: -1.9522378589, Trunc err: 1.76e+00
Sweep 28, chi=4, cutoff=1e-08
  Direction: left->right
  Direction: right->left
  Energy: -1.9522378589, Trunc err: 1.76e+00
Sweep 29, chi=4, cutoff=1e-08
  Direction: left->right
  Direction: right->left
  Energy: -1.9522378589, Trunc err: 1.76e+00
Sweep 30, chi=4, cutoff=1e-08
  Direction: left->right
  Direction: right->left
  Energy: -1.9522378589, Trunc err: 1.76e+00
Sweep 31, chi=4, cutoff=1e-08
  Direction: left->right
  Direction: right->left
  Energy: -1.9522378589, Trunc err: 1.76e+00
Sweep 32, chi=4, cutoff=1e-08
  Direction: left->right
  Direction: right->left
  Energy: -1.9522378589, Trunc err: 1.76e+00
Sweep 33, chi=4, cutoff=1e-08
  Direction: left->right
  Direction: right->left
  Energy: -1.9522378589, Trunc err: 1.76e+00
Sweep 34, chi=4, cutoff=1e-08
  Direction: left->right
  Direction: right->left
  Energy: -1.9522378589, Trunc err: 1.76e+00
Sweep 35, chi=4, cutoff=1e-08
  Direction: left->right
  Direction: right->left
  Energy: -1.9522378589, Trunc err: 1.76e+00
Sweep 36, chi=4, cutoff=1e-08
  Direction: left->right
  Direction: right->left
  Energy: -1.9522378589, Trunc err: 1.76e+00
Sweep 37, chi=4, cutoff=1e-08
  Direction: left->right
  Direction: right->left
  Energy: -1.9522378589, Trunc err: 1.76e+00
Sweep 38, chi=4, cutoff=1e-08
  Direction: left->right
  Direction: right->left
  Energy: -1.9522378589, Trunc err: 1.76e+00
Sweep 39, chi=4, cutoff=1e-08
  Direction: left->right
  Direction: right->left
  Energy: -1.9522378589, Trunc err: 1.76e+00
Sweep 40, chi=4, cutoff=1e-08
  Direction: left->right
  Direction: right->left
  Energy: -1.9522378589, Trunc err: 1.76e+00
Sweep 41, chi=4, cutoff=1e-08
  Direction: left->right
  Direction: right->left
  Energy: -1.9522378589, Trunc err: 1.76e+00
Sweep 42, chi=4, cutoff=1e-08
  Direction: left->right
  Direction: right->left
  Energy: -1.9522378589, Trunc err: 1.76e+00
Sweep 43, chi=4, cutoff=1e-08
  Direction: left->right
  Direction: right->left
  Energy: -1.9522378589, Trunc err: 1.76e+00
Sweep 44, chi=4, cutoff=1e-08
  Direction: left->right
  Direction: right->left
  Energy: -1.9522378589, Trunc err: 1.76e+00
Sweep 45, chi=4, cutoff=1e-08
  Direction: left->right
  Direction: right->left
  Energy: -1.9522378589, Trunc err: 1.76e+00
Sweep 46, chi=4, cutoff=1e-08
  Direction: left->right
  Direction: right->left
  Energy: -1.9522378589, Trunc err: 1.76e+00
Sweep 47, chi=4, cutoff=1e-08
  Direction: left->right
  Direction: right->left
  Energy: -1.9522378589, Trunc err: 1.76e+00
Sweep 48, chi=4, cutoff=1e-08
  Direction: left->right
  Direction: right->left
  Energy: -1.9522378589, Trunc err: 1.76e+00
Sweep 49, chi=4, cutoff=1e-08
  Direction: left->right
  Direction: right->left
  Energy: -1.9522378589, Trunc err: 1.76e+00
Sweep 50, chi=8, cutoff=1e-08
  Direction: left->right
  Direction: right->left
  Energy: -1.9882951482, Trunc err: 1.79e+00
Sweep 51, chi=8, cutoff=1e-08
  Direction: left->right
  Direction: right->left
  Energy: -1.9923839214, Trunc err: 1.87e+00
Sweep 52, chi=8, cutoff=1e-08
  Direction: left->right
  Direction: right->left
  Energy: -1.9927094721, Trunc err: 1.88e+00
Sweep 53, chi=8, cutoff=1e-08
  Direction: left->right
  Direction: right->left
  Energy: -1.9927618326, Trunc err: 1.88e+00
Sweep 54, chi=8, cutoff=1e-08
  Direction: left->right
  Direction: right->left
  Energy: -1.9927706138, Trunc err: 1.88e+00
Sweep 55, chi=8, cutoff=1e-08
  Direction: left->right
  Direction: right->left
  Energy: -1.9927720895, Trunc err: 1.88e+00
Sweep 56, chi=8, cutoff=1e-08
  Direction: left->right
  Direction: right->left
  Energy: -1.9927721721, Trunc err: 1.88e+00
Sweep 57, chi=8, cutoff=1e-08
  Direction: left->right
  Direction: right->left
  Energy: -1.9927720459, Trunc err: 1.88e+00
Sweep 58, chi=8, cutoff=1e-08
  Direction: left->right
  Direction: right->left
  Energy: -1.9927719047, Trunc err: 1.88e+00
Sweep 59, chi=8, cutoff=1e-08
  Direction: left->right
  Direction: right->left
  Energy: -1.9927717880, Trunc err: 1.88e+00
Sweep 60, chi=8, cutoff=1e-08
  Direction: left->right
  Direction: right->left
  Energy: -1.9927716989, Trunc err: 1.88e+00
Sweep 61, chi=8, cutoff=1e-08
  Direction: left->right
  Direction: right->left
  Energy: -1.9927716308, Trunc err: 1.88e+00
Sweep 62, chi=8, cutoff=1e-08
  Direction: left->right
  Direction: right->left
  Energy: -1.9927715782, Trunc err: 1.88e+00
Sweep 63, chi=8, cutoff=1e-08
  Direction: left->right
  Direction: right->left
  Energy: -1.9927715369, Trunc err: 1.88e+00
Sweep 64, chi=8, cutoff=1e-08
  Direction: left->right
  Direction: right->left
  Energy: -1.9927715038, Trunc err: 1.88e+00
Sweep 65, chi=8, cutoff=1e-08
  Direction: left->right
  Direction: right->left
  Energy: -1.9927714769, Trunc err: 1.88e+00
Sweep 66, chi=8, cutoff=1e-08
  Direction: left->right
  Direction: right->left
  Energy: -1.9927714547, Trunc err: 1.88e+00
Sweep 67, chi=8, cutoff=1e-08
  Direction: left->right
  Direction: right->left
  Energy: -1.9927714362, Trunc err: 1.88e+00
Sweep 68, chi=8, cutoff=1e-08
  Direction: left->right
  Direction: right->left
  Energy: -1.9927714207, Trunc err: 1.88e+00
Sweep 69, chi=8, cutoff=1e-08
  Direction: left->right
  Direction: right->left
  Energy: -1.9927714077, Trunc err: 1.88e+00
Sweep 70, chi=8, cutoff=1e-08
  Direction: left->right
  Direction: right->left
  Energy: -1.9927713966, Trunc err: 1.88e+00
Sweep 71, chi=8, cutoff=1e-08
  Direction: left->right
  Direction: right->left
  Energy: -1.9927713873, Trunc err: 1.88e+00
Sweep 72, chi=8, cutoff=1e-08
  Direction: left->right
  Direction: right->left
  Energy: -1.9927713794, Trunc err: 1.88e+00
Sweep 73, chi=8, cutoff=1e-08
  Direction: left->right
  Direction: right->left
  Energy: -1.9927713727, Trunc err: 1.88e+00
Sweep 74, chi=8, cutoff=1e-08
  Direction: left->right
  Direction: right->left
  Energy: -1.9927713671, Trunc err: 1.88e+00
Sweep 75, chi=8, cutoff=1e-08
  Direction: left->right
  Direction: right->left
  Energy: -1.9927713624, Trunc err: 1.88e+00
Sweep 76, chi=8, cutoff=1e-08
  Direction: left->right
  Direction: right->left
  Energy: -1.9927713584, Trunc err: 1.88e+00
Sweep 77, chi=8, cutoff=1e-08
  Direction: left->right
  Direction: right->left
  Energy: -1.9927713550, Trunc err: 1.88e+00
Sweep 78, chi=8, cutoff=1e-08
  Direction: left->right
  Direction: right->left
  Energy: -1.9927713522, Trunc err: 1.88e+00
Sweep 79, chi=8, cutoff=1e-08
  Direction: left->right
  Direction: right->left
  Energy: -1.9927713498, Trunc err: 1.88e+00
Sweep 80, chi=8, cutoff=1e-08
  Direction: left->right
  Direction: right->left
  Energy: -1.9927713479, Trunc err: 1.88e+00
Sweep 81, chi=8, cutoff=1e-08
  Direction: left->right
  Direction: right->left
  Energy: -1.9927713462, Trunc err: 1.88e+00
Sweep 82, chi=8, cutoff=1e-08
  Direction: left->right
  Direction: right->left
  Energy: -1.9927713448, Trunc err: 1.88e+00
Sweep 83, chi=8, cutoff=1e-08
  Direction: left->right
  Direction: right->left
  Energy: -1.9927713436, Trunc err: 1.88e+00
Sweep 84, chi=8, cutoff=1e-08
  Direction: left->right
  Direction: right->left
  Energy: -1.9927713426, Trunc err: 1.88e+00
Sweep 85, chi=8, cutoff=1e-08
  Direction: left->right
  Direction: right->left
  Energy: -1.9927713416, Trunc err: 1.88e+00
Sweep 86, chi=8, cutoff=1e-08
  Direction: left->right
  Direction: right->left
  Energy: -1.9927713407, Trunc err: 1.88e+00
Sweep 87, chi=8, cutoff=1e-08
  Direction: left->right
  Direction: right->left
  Energy: -1.9927713398, Trunc err: 1.88e+00
Sweep 88, chi=8, cutoff=1e-08
  Direction: left->right
  Direction: right->left
  Energy: -1.9927713389, Trunc err: 1.88e+00
Sweep 89, chi=8, cutoff=1e-08
  Direction: left->right
  Direction: right->left
  Energy: -1.9927713381, Trunc err: 1.88e+00
Sweep 90, chi=8, cutoff=1e-08
  Direction: left->right
  Direction: right->left
  Energy: -1.9927713373, Trunc err: 1.88e+00
Sweep 91, chi=8, cutoff=1e-08
  Direction: left->right
  Direction: right->left
  Energy: -1.9927713367, Trunc err: 1.88e+00
Sweep 92, chi=8, cutoff=1e-08
  Direction: left->right
  Direction: right->left
  Energy: -1.9927713361, Trunc err: 1.88e+00
Sweep 93, chi=8, cutoff=1e-08
  Direction: left->right
  Direction: right->left
  Energy: -1.9927713357, Trunc err: 1.88e+00
Sweep 94, chi=8, cutoff=1e-08
  Direction: left->right
  Direction: right->left
  Energy: -1.9927713353, Trunc err: 1.88e+00
Sweep 95, chi=8, cutoff=1e-08
  Direction: left->right
  Direction: right->left
  Energy: -1.9927713350, Trunc err: 1.88e+00
Sweep 96, chi=8, cutoff=1e-08
  Direction: left->right
  Direction: right->left
  Energy: -1.9927713347, Trunc err: 1.88e+00
Sweep 97, chi=8, cutoff=1e-08
  Direction: left->right
  Direction: right->left
  Energy: -1.9927713345, Trunc err: 1.88e+00
Sweep 98, chi=8, cutoff=1e-08
  Direction: left->right
  Direction: right->left
  Energy: -1.9927713343, Trunc err: 1.88e+00
Sweep 99, chi=8, cutoff=1e-08
  Direction: left->right
  Direction: right->left
  Energy: -1.9927713342, Trunc err: 1.88e+00
Sweep 100, chi=16, cutoff=1e-08
  Direction: left->right
  Direction: right->left
  Energy: -2.0155053474, Trunc err: 1.92e+00
Sweep 101, chi=16, cutoff=1e-08
  Direction: left->right
  Direction: right->left
  Energy: -2.0164365413, Trunc err: 1.97e+00
Sweep 102, chi=16, cutoff=1e-08
  Direction: left->right
  Direction: right->left
  Energy: -2.0164549791, Trunc err: 1.97e+00
Sweep 103, chi=16, cutoff=1e-08
  Direction: left->right
  Direction: right->left
  Energy: -2.0164567429, Trunc err: 1.97e+00
Sweep 104, chi=16, cutoff=1e-08
  Direction: left->right
  Direction: right->left
  Energy: -2.0164568560, Trunc err: 1.97e+00
Sweep 105, chi=16, cutoff=1e-08
  Direction: left->right
  Direction: right->left
  Energy: -2.0164568464, Trunc err: 1.97e+00
Sweep 106, chi=16, cutoff=1e-08
  Direction: left->right
  Direction: right->left
  Energy: -2.0164568360, Trunc err: 1.97e+00
Sweep 107, chi=16, cutoff=1e-08
  Direction: left->right
  Direction: right->left
  Energy: -2.0164568175, Trunc err: 1.97e+00
Sweep 108, chi=16, cutoff=1e-08
  Direction: left->right
  Direction: right->left
  Energy: -2.0164567834, Trunc err: 1.97e+00
Sweep 109, chi=16, cutoff=1e-08
  Direction: left->right
  Direction: right->left
  Energy: -2.0164567254, Trunc err: 1.97e+00
Sweep 110, chi=16, cutoff=1e-08
  Direction: left->right
  Direction: right->left
  Energy: -2.0164566438, Trunc err: 1.97e+00
Sweep 111, chi=16, cutoff=1e-08
  Direction: left->right
  Direction: right->left
  Energy: -2.0164565566, Trunc err: 1.97e+00
Sweep 112, chi=16, cutoff=1e-08
  Direction: left->right
  Direction: right->left
  Energy: -2.0164564884, Trunc err: 1.97e+00
Sweep 113, chi=16, cutoff=1e-08
  Direction: left->right
  Direction: right->left
  Energy: -2.0164564469, Trunc err: 1.97e+00
Sweep 114, chi=16, cutoff=1e-08
  Direction: left->right
  Direction: right->left
  Energy: -2.0164564249, Trunc err: 1.97e+00
Sweep 115, chi=16, cutoff=1e-08
  Direction: left->right
  Direction: right->left
  Energy: -2.0164564138, Trunc err: 1.97e+00
Sweep 116, chi=16, cutoff=1e-08
  Direction: left->right
  Direction: right->left
  Energy: -2.0164564082, Trunc err: 1.97e+00
Sweep 117, chi=16, cutoff=1e-08
  Direction: left->right
  Direction: right->left
  Energy: -2.0164564052, Trunc err: 1.97e+00
Sweep 118, chi=16, cutoff=1e-08
  Direction: left->right
  Direction: right->left
  Energy: -2.0164564036, Trunc err: 1.97e+00
Sweep 119, chi=16, cutoff=1e-08
  Direction: left->right
  Direction: right->left
  Energy: -2.0164564027, Trunc err: 1.97e+00
Sweep 120, chi=32, cutoff=1e-08
  Direction: left->right
  Direction: right->left
  Energy: -2.0188331741, Trunc err: 1.99e+00
Sweep 121, chi=32, cutoff=1e-08
  Direction: left->right
  Direction: right->left
  Energy: -2.0194284433, Trunc err: 2.01e+00
Sweep 122, chi=32, cutoff=1e-08
  Direction: left->right
  Direction: right->left
  Energy: -2.0195290984, Trunc err: 2.01e+00
Sweep 123, chi=32, cutoff=1e-08
  Direction: left->right
  Direction: right->left
  Energy: -2.0195428251, Trunc err: 2.01e+00
Sweep 124, chi=32, cutoff=1e-08
  Direction: left->right
  Direction: right->left
  Energy: -2.0195447706, Trunc err: 2.01e+00
Sweep 125, chi=32, cutoff=1e-08
  Direction: left->right
  Direction: right->left
  Energy: -2.0195450163, Trunc err: 2.01e+00
Sweep 126, chi=32, cutoff=1e-08
  Direction: left->right
  Direction: right->left
  Energy: -2.0195450034, Trunc err: 2.01e+00
Sweep 127, chi=32, cutoff=1e-08
  Direction: left->right
  Direction: right->left
  Energy: -2.0195449823, Trunc err: 2.01e+00
Sweep 128, chi=32, cutoff=1e-08
  Direction: left->right
  Direction: right->left
  Energy: -2.0195449621, Trunc err: 2.01e+00
Sweep 129, chi=32, cutoff=1e-08
  Direction: left->right
  Direction: right->left
  Energy: -2.0195449455, Trunc err: 2.01e+00
