           1.819e+00            2.191e-02            1.205e-02             2.76e-03
           1.819e+00            2.840e-02            1.562e-02             4.35e-03
           1.819e+00            1.453e-02            7.991e-03             5.56e-03
           1.819e+00            8.184e-03            4.500e-03             7.29e-03
           1.819e+00            6.044e-03            3.323e-03             8.94e-03
           1.819e+00            2.402e-03            1.321e-03             1.04e-02
           1.819e+00            1.046e-03            5.750e-04             1.24e-02
           1.819e+00            4.482e-04            2.464e-04             1.52e-02
           1.819e+00            1.949e-04            1.072e-04             1.40e-02
           1.819e+00            1.507e-04            8.284e-05             1.92e-02
           1.819e+00            7.229e-05            3.975e-05             2.83e-02
           1.819e+00            2.862e-05            1.574e-05             3.11e-02
           1.819e+00            1.568e-05            8.620e-06             3.09e-02
           1.819e+00            6.174e-06            3.395e-06             3.24e-02
           1.819e+00            4.621e-06            2.541e-06             3.62e-02
           1.819e+00            2.676e-06            1.471e-06             5.43e-02
           1.819e+00            1.205e-06            6.623e-07             5.69e-02
           1.819e+00            7.629e-07            4.195e-07             6.53e-02
           1.819e+00            3.459e-07            1.902e-07             5.77e-02
           1.819e+00            2.214e-07            1.217e-07             6.78e-02
           1.819e+00            1.231e-07            6.768e-08             7.32e-02
           1.819e+00            8.504e-08            4.676e-08             8.24e-02
           1.819e+00            5.705e-08            3.137e-08             9.42e-02
           1.819e+00            2.587e-08            1.422e-08             9.71e-02
           1.819e+00            1.477e-08            8.122e-09             1.24e-01
           1.819e+00            4.395e-02            2.417e-02             2.92e-03
           1.819e+00            5.216e-02            2.868e-02             5.96e-03
           1.819e+00            1.406e-02            7.733e-03             5.41e-03
           1.819e+00            1.010e-02            5.553e-03             6.88e-03
           1.819e+00            6.970e-03            3.833e-03             8.88e-03
           1.819e+00            2.066e-03            1.136e-03             9.42e-03
           1.819e+00            1.327e-03            7.298e-04             1.13e-02
           1.819e+00            3.435e-04            1.889e-04             1.43e-02
           1.819e+00            1.746e-04            9.599e-05             1.72e-02
           1.819e+00            1.051e-04            5.780e-05             1.86e-02
           1.819e+00            7.842e-05            4.312e-05             2.42e-02
           1.819e+00            2.970e-05            1.633e-05             2.34e-02
           1.819e+00            1.764e-05            9.701e-06             2.94e-02
           1.819e+00            8.400e-06            4.619e-06             3.33e-02
           1.819e+00            5.920e-06            3.255e-06             3.60e-02
           1.819e+00            2.922e-06            1.607e-06             4.69e-02
           1.819e+00            1.178e-06            6.475e-07             5.37e-02
           1.819e+00            6.133e-07            3.372e-07             6.57e-02
           1.819e+00            3.035e-07            1.669e-07             6.53e-02
           1.819e+00            2.291e-07            1.260e-07             6.94e-02
           1.819e+00            1.425e-07            7.836e-08             7.27e-02
           1.819e+00            8.811e-08            4.845e-08             8.33e-02
           1.819e+00            3.323e-08            1.827e-08             9.28e-02
           1.819e+00            1.857e-08            1.021e-08             1.16e-01
           1.819e+00            1.521e-08            8.362e-09             1.14e-01
xmax = 20
xshift = -20
dx = 0.6349206349206349
len of Hint: 18
len of H: 18
Sweep 0, chi=2, cutoff=1e-08
  Direction: left->right
  Direction: right->left
  Energy: -0.2001463601, Trunc err: 1.02e+00
Sweep 1, chi=2, cutoff=1e-08
  Direction: left->right
  Direction: right->left
  Energy: -0.2008035610, Trunc err: 1.03e+00
Sweep 2, chi=2, cutoff=1e-08
  Direction: left->right
  Direction: right->left
  Energy: -0.2022527756, Trunc err: 1.03e+00
Sweep 3, chi=2, cutoff=1e-08
  Direction: left->right
  Direction: right->left
  Energy: -0.2001588308, Trunc err: 1.03e+00
Sweep 4, chi=2, cutoff=1e-08
  Direction: left->right
  Direction: right->left
  Energy: -0.2009735470, Trunc err: 1.03e+00
Sweep 5, chi=2, cutoff=1e-08
  Direction: left->right
  Direction: right->left
  Energy: -0.2009306870, Trunc err: 1.03e+00
Sweep 6, chi=2, cutoff=1e-08
  Direction: left->right
  Direction: right->left
  Energy: -0.2001198477, Trunc err: 1.03e+00
Sweep 7, chi=2, cutoff=1e-08
  Direction: left->right
  Direction: right->left
  Energy: -0.2015312365, Trunc err: 1.03e+00
Sweep 8, chi=2, cutoff=1e-08
  Direction: left->right
  Direction: right->left
  Energy: -0.2002458247, Trunc err: 1.03e+00
Sweep 9, chi=2, cutoff=1e-08
  Direction: left->right
  Direction: right->left
  Energy: -0.2015357965, Trunc err: 1.03e+00
Sweep 10, chi=4, cutoff=1e-08
  Direction: left->right
  Direction: right->left
  Energy: -0.3212147746, Trunc err: 1.14e+00
Sweep 11, chi=4, cutoff=1e-08
  Direction: left->right
  Direction: right->left
  Energy: -0.5806438788, Trunc err: 1.33e+00
Sweep 12, chi=4, cutoff=1e-08
  Direction: left->right
  Direction: right->left
  Energy: -1.1827168292, Trunc err: 1.51e+00
Sweep 13, chi=4, cutoff=1e-08
  Direction: left->right
  Direction: right->left
  Energy: -1.7000480592, Trunc err: 1.66e+00
Sweep 14, chi=4, cutoff=1e-08
  Direction: left->right
  Direction: right->left
  Energy: -1.8213573931, Trunc err: 1.72e+00
Sweep 15, chi=4, cutoff=1e-08
  Direction: left->right
  Direction: right->left
  Energy: -1.8355144785, Trunc err: 1.74e+00
Sweep 16, chi=4, cutoff=1e-08
  Direction: left->right
  Direction: right->left
  Energy: -1.8363492917, Trunc err: 1.75e+00
Sweep 17, chi=4, cutoff=1e-08
  Direction: left->right
  Direction: right->left
  Energy: -1.8363829664, Trunc err: 1.75e+00
Sweep 18, chi=4, cutoff=1e-08
  Direction: left->right
  Direction: right->left
  Energy: -1.8363854399, Trunc err: 1.75e+00
Sweep 19, chi=4, cutoff=1e-08
  Direction: left->right
  Direction: right->left
  Energy: -1.8363857261, Trunc err: 1.75e+00
Sweep 20, chi=4, cutoff=1e-08
  Direction: left->right
  Direction: right->left
  Energy: -1.8363857654, Trunc err: 1.75e+00
Sweep 21, chi=4, cutoff=1e-08
  Direction: left->right
  Direction: right->left
  Energy: -1.8363857721, Trunc err: 1.75e+00
Sweep 22, chi=4, cutoff=1e-08
  Direction: left->right
  Direction: right->left
  Energy: -1.8363857735, Trunc err: 1.75e+00
Sweep 23, chi=4, cutoff=1e-08
  Direction: left->right
  Direction: right->left
  Energy: -1.8363857739, Trunc err: 1.75e+00
Sweep 24, chi=4, cutoff=1e-08
  Direction: left->right
  Direction: right->left
  Energy: -1.8363857740, Trunc err: 1.75e+00
Sweep 25, chi=4, cutoff=1e-08
  Direction: left->right
  Direction: right->left
  Energy: -1.8363857740, Trunc err: 1.75e+00
Sweep 26, chi=4, cutoff=1e-08
  Direction: left->right
  Direction: right->left
  Energy: -1.8363857740, Trunc err: 1.75e+00
Sweep 27, chi=4, cutoff=1e-08
  Direction: left->right
  Direction: right->left
  Energy: -1.8363857740, Trunc err: 1.75e+00
Sweep 28, chi=4, cutoff=1e-08
  Direction: left->right
  Direction: right->left
  Energy: -1.8363857740, Trunc err: 1.75e+00
Sweep 29, chi=4, cutoff=1e-08
  Direction: left->right
  Direction: right->left
  Energy: -1.8363857740, Trunc err: 1.75e+00
Sweep 30, chi=4, cutoff=1e-08
  Direction: left->right
  Direction: right->left
  Energy: -1.8363857740, Trunc err: 1.75e+00
Sweep 31, chi=4, cutoff=1e-08
  Direction: left->right
  Direction: right->left
  Energy: -1.8363857740, Trunc err: 1.75e+00
Sweep 32, chi=4, cutoff=1e-08
  Direction: left->right
  Direction: right->left
  Energy: -1.8363857740, Trunc err: 1.75e+00
Sweep 33, chi=4, cutoff=1e-08
  Direction: left->right
  Direction: right->left
  Energy: -1.8363857740, Trunc err: 1.75e+00
Sweep 34, chi=4, cutoff=1e-08
  Direction: left->right
  Direction: right->left
  Energy: -1.8363857740, Trunc err: 1.75e+00
Sweep 35, chi=4, cutoff=1e-08
  Direction: left->right
  Direction: right->left
  Energy: -1.8363857740, Trunc err: 1.75e+00
Sweep 36, chi=4, cutoff=1e-08
  Direction: left->right
  Direction: right->left
  Energy: -1.8363857740, Trunc err: 1.75e+00
Sweep 37, chi=4, cutoff=1e-08
  Direction: left->right
  Direction: right->left
  Energy: -1.8363857740, Trunc err: 1.75e+00
Sweep 38, chi=4, cutoff=1e-08
  Direction: left->right
  Direction: right->left
  Energy: -1.8363857740, Trunc err: 1.75e+00
Sweep 39, chi=4, cutoff=1e-08
  Direction: left->right
  Direction: right->left
  Energy: -1.8363857740, Trunc err: 1.75e+00
Sweep 40, chi=4, cutoff=1e-08
  Direction: left->right
  Direction: right->left
  Energy: -1.8363857740, Trunc err: 1.75e+00
Sweep 41, chi=4, cutoff=1e-08
  Direction: left->right
  Direction: right->left
  Energy: -1.8363857740, Trunc err: 1.75e+00
Sweep 42, chi=4, cutoff=1e-08
  Direction: left->right
  Direction: right->left
  Energy: -1.8363857740, Trunc err: 1.75e+00
Sweep 43, chi=4, cutoff=1e-08
  Direction: left->right
  Direction: right->left
  Energy: -1.8363857740, Trunc err: 1.75e+00
Sweep 44, chi=4, cutoff=1e-08
  Direction: left->right
  Direction: right->left
  Energy: -1.8363857740, Trunc err: 1.75e+00
Sweep 45, chi=4, cutoff=1e-08
  Direction: left->right
  Direction: right->left
  Energy: -1.8363857740, Trunc err: 1.75e+00
Sweep 46, chi=4, cutoff=1e-08
  Direction: left->right
  Direction: right->left
  Energy: -1.8363857740, Trunc err: 1.75e+00
Sweep 47, chi=4, cutoff=1e-08
  Direction: left->right
  Direction: right->left
  Energy: -1.8363857740, Trunc err: 1.75e+00
Sweep 48, chi=4, cutoff=1e-08
  Direction: left->right
  Direction: right->left
  Energy: -1.8363857740, Trunc err: 1.75e+00
Sweep 49, chi=4, cutoff=1e-08
  Direction: left->right
  Direction: right->left
  Energy: -1.8363857740, Trunc err: 1.75e+00
Sweep 50, chi=8, cutoff=1e-08
  Direction: left->right
  Direction: right->left
  Energy: -1.8634271627, Trunc err: 1.77e+00
Sweep 51, chi=8, cutoff=1e-08
  Direction: left->right
  Direction: right->left
  Energy: -1.8669396857, Trunc err: 1.84e+00
Sweep 52, chi=8, cutoff=1e-08
  Direction: left->right
  Direction: right->left
  Energy: -1.8672931062, Trunc err: 1.85e+00
Sweep 53, chi=8, cutoff=1e-08
  Direction: left->right
  Direction: right->left
  Energy: -1.8673369458, Trunc err: 1.85e+00
Sweep 54, chi=8, cutoff=1e-08
  Direction: left->right
  Direction: right->left
  Energy: -1.8673430915, Trunc err: 1.85e+00
Sweep 55, chi=8, cutoff=1e-08
  Direction: left->right
  Direction: right->left
  Energy: -1.8673431763, Trunc err: 1.85e+00
Sweep 56, chi=8, cutoff=1e-08
  Direction: left->right
  Direction: right->left
  Energy: -1.8673422275, Trunc err: 1.85e+00
Sweep 57, chi=8, cutoff=1e-08
  Direction: left->right
  Direction: right->left
  Energy: -1.8673410009, Trunc err: 1.85e+00
Sweep 58, chi=8, cutoff=1e-08
  Direction: left->right
  Direction: right->left
  Energy: -1.8673400493, Trunc err: 1.85e+00
Sweep 59, chi=8, cutoff=1e-08
  Direction: left->right
  Direction: right->left
  Energy: -1.8673393625, Trunc err: 1.85e+00
Sweep 60, chi=8, cutoff=1e-08
  Direction: left->right
  Direction: right->left
  Energy: -1.8673388896, Trunc err: 1.85e+00
Sweep 61, chi=8, cutoff=1e-08
  Direction: left->right
  Direction: right->left
  Energy: -1.8673385689, Trunc err: 1.85e+00
Sweep 62, chi=8, cutoff=1e-08
  Direction: left->right
  Direction: right->left
  Energy: -1.8673383515, Trunc err: 1.85e+00
Sweep 63, chi=8, cutoff=1e-08
  Direction: left->right
  Direction: right->left
  Energy: -1.8673382031, Trunc err: 1.85e+00
Sweep 64, chi=8, cutoff=1e-08
  Direction: left->right
  Direction: right->left
  Energy: -1.8673381007, Trunc err: 1.85e+00
Sweep 65, chi=8, cutoff=1e-08
  Direction: left->right
  Direction: right->left
  Energy: -1.8673380292, Trunc err: 1.85e+00
Sweep 66, chi=8, cutoff=1e-08
  Direction: left->right
  Direction: right->left
  Energy: -1.8673379787, Trunc err: 1.85e+00
Sweep 67, chi=8, cutoff=1e-08
  Direction: left->right
  Direction: right->left
  Energy: -1.8673379424, Trunc err: 1.85e+00
Sweep 68, chi=8, cutoff=1e-08
  Direction: left->right
  Direction: right->left
  Energy: -1.8673379162, Trunc err: 1.85e+00
Sweep 69, chi=8, cutoff=1e-08
  Direction: left->right
  Direction: right->left
  Energy: -1.8673378974, Trunc err: 1.85e+00
Sweep 70, chi=8, cutoff=1e-08
  Direction: left->right
  Direction: right->left
  Energy: -1.8673378839, Trunc err: 1.85e+00
Sweep 71, chi=8, cutoff=1e-08
  Direction: left->right
  Direction: right->left
  Energy: -1.8673378742, Trunc err: 1.85e+00
Sweep 72, chi=8, cutoff=1e-08
  Direction: left->right
  Direction: right->left
  Energy: -1.8673378672, Trunc err: 1.85e+00
Sweep 73, chi=8, cutoff=1e-08
  Direction: left->right
  Direction: right->left
  Energy: -1.8673378624, Trunc err: 1.85e+00
Sweep 74, chi=8, cutoff=1e-08
  Direction: left->right
  Direction: right->left
  Energy: -1.8673378590, Trunc err: 1.85e+00
Sweep 75, chi=8, cutoff=1e-08
  Direction: left->right
  Direction: right->left
  Energy: -1.8673378567, Trunc err: 1.85e+00
Sweep 76, chi=8, cutoff=1e-08
  Direction: left->right
  Direction: right->left
  Energy: -1.8673378551, Trunc err: 1.85e+00
Sweep 77, chi=8, cutoff=1e-08
  Direction: left->right
  Direction: right->left
  Energy: -1.8673378542, Trunc err: 1.85e+00
Sweep 78, chi=8, cutoff=1e-08
  Direction: left->right
  Direction: right->left
  Energy: -1.8673378537, Trunc err: 1.85e+00
Sweep 79, chi=8, cutoff=1e-08
  Direction: left->right
  Direction: right->left
  Energy: -1.8673378535, Trunc err: 1.85e+00
Sweep 80, chi=8, cutoff=1e-08
  Direction: left->right
  Direction: right->left
  Energy: -1.8673378536, Trunc err: 1.85e+00
Sweep 81, chi=8, cutoff=1e-08
  Direction: left->right
  Direction: right->left
  Energy: -1.8673378537, Trunc err: 1.85e+00
Sweep 82, chi=8, cutoff=1e-08
  Direction: left->right
  Direction: right->left
  Energy: -1.8673378540, Trunc err: 1.85e+00
Sweep 83, chi=8, cutoff=1e-08
  Direction: left->right
  Direction: right->left
  Energy: -1.8673378543, Trunc err: 1.85e+00
Sweep 84, chi=8, cutoff=1e-08
  Direction: left->right
  Direction: right->left
  Energy: -1.8673378547, Trunc err: 1.85e+00
Sweep 85, chi=8, cutoff=1e-08
  Direction: left->right
  Direction: right->left
  Energy: -1.8673378551, Trunc err: 1.85e+00
Sweep 86, chi=8, cutoff=1e-08
  Direction: left->right
  Direction: right->left
  Energy: -1.8673378554, Trunc err: 1.85e+00
Sweep 87, chi=8, cutoff=1e-08
  Direction: left->right
  Direction: right->left
  Energy: -1.8673378558, Trunc err: 1.85e+00
Sweep 88, chi=8, cutoff=1e-08
  Direction: left->right
  Direction: right->left
  Energy: -1.8673378561, Trunc err: 1.85e+00
Sweep 89, chi=8, cutoff=1e-08
  Direction: left->right
  Direction: right->left
  Energy: -1.8673378565, Trunc err: 1.85e+00
Sweep 90, chi=8, cutoff=1e-08
  Direction: left->right
  Direction: right->left
  Energy: -1.8673378568, Trunc err: 1.85e+00
Sweep 91, chi=8, cutoff=1e-08
  Direction: left->right
  Direction: right->left
  Energy: -1.8673378570, Trunc err: 1.85e+00
Sweep 92, chi=8, cutoff=1e-08
  Direction: left->right
  Direction: right->left
  Energy: -1.8673378573, Trunc err: 1.85e+00
Sweep 93, chi=8, cutoff=1e-08
  Direction: left->right
  Direction: right->left
  Energy: -1.8673378575, Trunc err: 1.85e+00
Sweep 94, chi=8, cutoff=1e-08
  Direction: left->right
  Direction: right->left
  Energy: -1.8673378577, Trunc err: 1.85e+00
Sweep 95, chi=8, cutoff=1e-08
  Direction: left->right
  Direction: right->left
  Energy: -1.8673378579, Trunc err: 1.85e+00
Sweep 96, chi=8, cutoff=1e-08
  Direction: left->right
  Direction: right->left
  Energy: -1.8673378581, Trunc err: 1.85e+00
Sweep 97, chi=8, cutoff=1e-08
  Direction: left->right
  Direction: right->left
  Energy: -1.8673378582, Trunc err: 1.85e+00
Sweep 98, chi=8, cutoff=1e-08
  Direction: left->right
  Direction: right->left
  Energy: -1.8673378584, Trunc err: 1.85e+00
Sweep 99, chi=8, cutoff=1e-08
  Direction: left->right
  Direction: right->left
  Energy: -1.8673378585, Trunc err: 1.85e+00
Sweep 100, chi=16, cutoff=1e-08
  Direction: left->right
  Direction: right->left
  Energy: -1.8852060225, Trunc err: 1.88e+00
Sweep 101, chi=16, cutoff=1e-08
  Direction: left->right
  Direction: right->left
  Energy: -1.8860345049, Trunc err: 1.93e+00
Sweep 102, chi=16, cutoff=1e-08
  Direction: left->right
  Direction: right->left
  Energy: -1.8860897522, Trunc err: 1.93e+00
Sweep 103, chi=16, cutoff=1e-08
  Direction: left->right
  Direction: right->left
  Energy: -1.8861981975, Trunc err: 1.93e+00
Sweep 104, chi=16, cutoff=1e-08
  Direction: left->right
  Direction: right->left
  Energy: -1.8862330757, Trunc err: 1.93e+00
Sweep 105, chi=16, cutoff=1e-08
  Direction: left->right
  Direction: right->left
  Energy: -1.8862357326, Trunc err: 1.93e+00
Sweep 106, chi=16, cutoff=1e-08
  Direction: left->right
  Direction: right->left
  Energy: -1.8862358633, Trunc err: 1.93e+00
Sweep 107, chi=16, cutoff=1e-08
  Direction: left->right
  Direction: right->left
  Energy: -1.8862358165, Trunc err: 1.93e+00
Sweep 108, chi=16, cutoff=1e-08
  Direction: left->right
  Direction: right->left
  Energy: -1.8862356930, Trunc err: 1.93e+00
Sweep 109, chi=16, cutoff=1e-08
  Direction: left->right
  Direction: right->left
  Energy: -1.8862354768, Trunc err: 1.93e+00
Sweep 110, chi=16, cutoff=1e-08
  Direction: left->right
  Direction: right->left
  Energy: -1.8862352422, Trunc err: 1.93e+00
Sweep 111, chi=16, cutoff=1e-08
  Direction: left->right
  Direction: right->left
  Energy: -1.8862350948, Trunc err: 1.93e+00
Sweep 112, chi=16, cutoff=1e-08
  Direction: left->right
  Direction: right->left
  Energy: -1.8862350312, Trunc err: 1.93e+00
Sweep 113, chi=16, cutoff=1e-08
  Direction: left->right
  Direction: right->left
  Energy: -1.8862350072, Trunc err: 1.93e+00
Sweep 114, chi=16, cutoff=1e-08
  Direction: left->right
  Direction: right->left
  Energy: -1.8862349983, Trunc err: 1.93e+00
Sweep 115, chi=16, cutoff=1e-08
  Direction: left->right
  Direction: right->left
  Energy: -1.8862349947, Trunc err: 1.93e+00
Sweep 116, chi=16, cutoff=1e-08
  Direction: left->right
  Direction: right->left
  Energy: -1.8862349932, Trunc err: 1.93e+00
Sweep 117, chi=16, cutoff=1e-08
  Direction: left->right
  Direction: right->left
  Energy: -1.8862349924, Trunc err: 1.93e+00
Sweep 118, chi=16, cutoff=1e-08
  Direction: left->right
  Direction: right->left
  Energy: -1.8862349920, Trunc err: 1.93e+00
Sweep 119, chi=16, cutoff=1e-08
  Direction: left->right
  Direction: right->left
  Energy: -1.8862349917, Trunc err: 1.93e+00
Sweep 120, chi=32, cutoff=1e-08
  Direction: left->right
  Direction: right->left
  Energy: -1.8887752654, Trunc err: 1.95e+00
Sweep 121, chi=32, cutoff=1e-08
  Direction: left->right
  Direction: right->left
  Energy: -1.8892877839, Trunc err: 1.97e+00
Sweep 122, chi=32, cutoff=1e-08
  Direction: left->right
  Direction: right->left
  Energy: -1.8892970324, Trunc err: 1.97e+00
Sweep 123, chi=32, cutoff=1e-08
  Direction: left->right
  Direction: right->left
  Energy: -1.8892993995, Trunc err: 1.97e+00
Sweep 124, chi=32, cutoff=1e-08
  Direction: left->right
  Direction: right->left
  Energy: -1.8892998686, Trunc err: 1.98e+00
Sweep 125, chi=32, cutoff=1e-08
  Direction: left->right
  Direction: right->left
  Energy: -1.8892999401, Trunc err: 1.98e+00
Sweep 126, chi=32, cutoff=1e-08
  Direction: left->right
  Direction: right->left
  Energy: -1.8892999591, Trunc err: 1.98e+00
Sweep 127, chi=32, cutoff=1e-08
  Direction: left->right
  Direction: right->left
  Energy: -1.8892999657, Trunc err: 1.98e+00
Sweep 128, chi=32, cutoff=1e-08
  Direction: left->right
  Direction: right->left
  Energy: -1.8892999687, Trunc err: 1.98e+00
Sweep 129, chi=32, cutoff=1e-08
  Direction: left->right
  Direction: right->left
  Energy: -1.8892999703, Trunc err: 1.98e+00
