           1.819e+00            4.646e-02            2.555e-02             2.04e-03
           1.819e+00            2.343e-02            1.288e-02             4.47e-03
           1.819e+00            1.372e-02            7.543e-03             5.80e-03
           1.819e+00            9.644e-03            5.303e-03             7.05e-03
           1.819e+00            3.825e-03            2.103e-03             9.41e-03
           1.819e+00            2.494e-03            1.372e-03             1.08e-02
           1.819e+00            9.727e-04            5.349e-04             1.29e-02
           1.819e+00            3.491e-04            1.919e-04             1.52e-02
           1.819e+00            1.545e-04            8.494e-05             1.47e-02
           1.819e+00            1.297e-04            7.129e-05             2.01e-02
           1.819e+00            8.040e-05            4.421e-05             2.30e-02
           1.819e+00            3.293e-05            1.810e-05             2.63e-02
           1.819e+00            1.759e-05            9.673e-06             2.95e-02
           1.819e+00            1.051e-05            5.779e-06             3.33e-02
           1.819e+00            5.584e-06            3.070e-06             3.70e-02
           1.819e+00            2.834e-06            1.558e-06             4.22e-02
           1.819e+00            2.076e-06            1.142e-06             5.08e-02
           1.819e+00            1.025e-06            5.636e-07             5.38e-02
           1.819e+00            3.482e-07            1.915e-07             5.74e-02
           1.819e+00            2.712e-07            1.491e-07             6.48e-02
           1.819e+00            1.492e-07            8.202e-08             6.82e-02
           1.819e+00            7.712e-08            4.241e-08             8.40e-02
           1.819e+00            5.188e-08            2.853e-08             8.69e-02
           1.819e+00            1.926e-08            1.059e-08             9.79e-02
           1.819e+00            1.632e-08            8.971e-09             1.10e-01
           1.819e+00            4.804e-02            2.642e-02             2.90e-03
           1.819e+00            2.662e-02            1.464e-02             9.09e-03
           1.819e+00            1.520e-02            8.360e-03             8.89e-03
           1.819e+00            7.134e-03            3.923e-03             6.85e-03
           1.819e+00            4.528e-03            2.490e-03             8.49e-03
           1.819e+00            1.850e-03            1.017e-03             1.15e-02
           1.819e+00            9.391e-04            5.164e-04             1.42e-02
           1.819e+00            3.054e-04            1.679e-04             1.83e-02
           1.819e+00            1.702e-04            9.361e-05             1.82e-02
           1.819e+00            1.225e-04            6.734e-05             2.07e-02
           1.819e+00            7.479e-05            4.112e-05             2.12e-02
           1.819e+00            3.736e-05            2.054e-05             2.40e-02
           1.819e+00            1.665e-05            9.156e-06             2.73e-02
           1.819e+00            8.541e-06            4.696e-06             3.43e-02
           1.819e+00            5.573e-06            3.064e-06             3.84e-02
           1.819e+00            3.119e-06            1.715e-06             5.14e-02
           1.819e+00            1.371e-06            7.540e-07             8.02e-02
           1.819e+00            6.995e-07            3.846e-07             6.06e-02
           1.819e+00            4.104e-07            2.257e-07             6.77e-02
           1.819e+00            2.034e-07            1.118e-07             7.11e-02
           1.819e+00            1.102e-07            6.061e-08             8.73e-02
           1.819e+00            5.899e-08            3.244e-08             8.39e-02
           1.819e+00            3.636e-08            1.999e-08             1.08e-01
           1.819e+00            2.819e-08            1.550e-08             1.27e-01
           1.819e+00            1.437e-08            7.904e-09             1.21e-01
xmax = 20
xshift = -20
dx = 0.6349206349206349
len of Hint: 18
len of H: 18
Sweep 0, chi=2, cutoff=1e-08
  Direction: left->right
  Direction: right->left
  Energy: -0.2001188337, Trunc err: 1.02e+00
Sweep 1, chi=2, cutoff=1e-08
  Direction: left->right
  Direction: right->left
  Energy: -0.2007777841, Trunc err: 1.03e+00
Sweep 2, chi=2, cutoff=1e-08
  Direction: left->right
  Direction: right->left
  Energy: -0.2022232607, Trunc err: 1.03e+00
Sweep 3, chi=2, cutoff=1e-08
  Direction: left->right
  Direction: right->left
  Energy: -0.2001333498, Trunc err: 1.03e+00
Sweep 4, chi=2, cutoff=1e-08
  Direction: left->right
  Direction: right->left
  Energy: -0.2009443676, Trunc err: 1.03e+00
Sweep 5, chi=2, cutoff=1e-08
  Direction: left->right
  Direction: right->left
  Energy: -0.2009047648, Trunc err: 1.03e+00
Sweep 6, chi=2, cutoff=1e-08
  Direction: left->right
  Direction: right->left
  Energy: -0.2000908899, Trunc err: 1.03e+00
Sweep 7, chi=2, cutoff=1e-08
  Direction: left->right
  Direction: right->left
  Energy: -0.2015052381, Trunc err: 1.03e+00
Sweep 8, chi=2, cutoff=1e-08
  Direction: left->right
  Direction: right->left
  Energy: -0.2002165811, Trunc err: 1.03e+00
Sweep 9, chi=2, cutoff=1e-08
  Direction: left->right
  Direction: right->left
  Energy: -0.2015097977, Trunc err: 1.03e+00
Sweep 10, chi=4, cutoff=1e-08
  Direction: left->right
  Direction: right->left
  Energy: -0.3206393857, Trunc err: 1.14e+00
Sweep 11, chi=4, cutoff=1e-08
  Direction: left->right
  Direction: right->left
  Energy: -0.5766514482, Trunc err: 1.33e+00
Sweep 12, chi=4, cutoff=1e-08
  Direction: left->right
  Direction: right->left
  Energy: -1.1586077873, Trunc err: 1.51e+00
Sweep 13, chi=4, cutoff=1e-08
  Direction: left->right
  Direction: right->left
  Energy: -1.6494663036, Trunc err: 1.66e+00
Sweep 14, chi=4, cutoff=1e-08
  Direction: left->right
  Direction: right->left
  Energy: -1.7583070318, Trunc err: 1.72e+00
Sweep 15, chi=4, cutoff=1e-08
  Direction: left->right
  Direction: right->left
  Energy: -1.7693406812, Trunc err: 1.74e+00
Sweep 16, chi=4, cutoff=1e-08
  Direction: left->right
  Direction: right->left
  Energy: -1.7699567285, Trunc err: 1.74e+00
Sweep 17, chi=4, cutoff=1e-08
  Direction: left->right
  Direction: right->left
  Energy: -1.7699865024, Trunc err: 1.74e+00
Sweep 18, chi=4, cutoff=1e-08
  Direction: left->right
  Direction: right->left
  Energy: -1.7699891006, Trunc err: 1.74e+00
Sweep 19, chi=4, cutoff=1e-08
  Direction: left->right
  Direction: right->left
  Energy: -1.7699894328, Trunc err: 1.74e+00
Sweep 20, chi=4, cutoff=1e-08
  Direction: left->right
  Direction: right->left
  Energy: -1.7699894849, Trunc err: 1.74e+00
Sweep 21, chi=4, cutoff=1e-08
  Direction: left->right
  Direction: right->left
  Energy: -1.7699894953, Trunc err: 1.74e+00
Sweep 22, chi=4, cutoff=1e-08
  Direction: left->right
  Direction: right->left
  Energy: -1.7699894979, Trunc err: 1.74e+00
Sweep 23, chi=4, cutoff=1e-08
  Direction: left->right
  Direction: right->left
  Energy: -1.7699894987, Trunc err: 1.74e+00
Sweep 24, chi=4, cutoff=1e-08
  Direction: left->right
  Direction: right->left
  Energy: -1.7699894989, Trunc err: 1.74e+00
Sweep 25, chi=4, cutoff=1e-08
  Direction: left->right
  Direction: right->left
  Energy: -1.7699894990, Trunc err: 1.74e+00
Sweep 26, chi=4, cutoff=1e-08
  Direction: left->right
  Direction: right->left
  Energy: -1.7699894990, Trunc err: 1.74e+00
Sweep 27, chi=4, cutoff=1e-08
  Direction: left->right
  Direction: right->left
  Energy: -1.7699894990, Trunc err: 1.74e+00
Sweep 28, chi=4, cutoff=1e-08
  Direction: left->right
  Direction: right->left
  Energy: -1.7699894990, Trunc err: 1.74e+00
Sweep 29, chi=4, cutoff=1e-08
  Direction: left->right
  Direction: right->left
  Energy: -1.7699894990, Trunc err: 1.74e+00
Sweep 30, chi=4, cutoff=1e-08
  Direction: left->right
  Direction: right->left
  Energy: -1.7699894990, Trunc err: 1.74e+00
Sweep 31, chi=4, cutoff=1e-08
  Direction: left->right
  Direction: right->left
  Energy: -1.7699894990, Trunc err: 1.74e+00
Sweep 32, chi=4, cutoff=1e-08
  Direction: left->right
  Direction: right->left
  Energy: -1.7699894990, Trunc err: 1.74e+00
Sweep 33, chi=4, cutoff=1e-08
  Direction: left->right
  Direction: right->left
  Energy: -1.7699894990, Trunc err: 1.74e+00
Sweep 34, chi=4, cutoff=1e-08
  Direction: left->right
  Direction: right->left
  Energy: -1.7699894990, Trunc err: 1.74e+00
Sweep 35, chi=4, cutoff=1e-08
  Direction: left->right
  Direction: right->left
  Energy: -1.7699894990, Trunc err: 1.74e+00
Sweep 36, chi=4, cutoff=1e-08
  Direction: left->right
  Direction: right->left
  Energy: -1.7699894990, Trunc err: 1.74e+00
Sweep 37, chi=4, cutoff=1e-08
  Direction: left->right
  Direction: right->left
  Energy: -1.7699894990, Trunc err: 1.74e+00
Sweep 38, chi=4, cutoff=1e-08
  Direction: left->right
  Direction: right->left
  Energy: -1.7699894990, Trunc err: 1.74e+00
Sweep 39, chi=4, cutoff=1e-08
  Direction: left->right
  Direction: right->left
  Energy: -1.7699894990, Trunc err: 1.74e+00
Sweep 40, chi=4, cutoff=1e-08
  Direction: left->right
  Direction: right->left
  Energy: -1.7699894990, Trunc err: 1.74e+00
Sweep 41, chi=4, cutoff=1e-08
  Direction: left->right
  Direction: right->left
  Energy: -1.7699894990, Trunc err: 1.74e+00
Sweep 42, chi=4, cutoff=1e-08
  Direction: left->right
  Direction: right->left
  Energy: -1.7699894990, Trunc err: 1.74e+00
Sweep 43, chi=4, cutoff=1e-08
  Direction: left->right
  Direction: right->left
  Energy: -1.7699894990, Trunc err: 1.74e+00
Sweep 44, chi=4, cutoff=1e-08
  Direction: left->right
  Direction: right->left
  Energy: -1.7699894990, Trunc err: 1.74e+00
Sweep 45, chi=4, cutoff=1e-08
  Direction: left->right
  Direction: right->left
  Energy: -1.7699894990, Trunc err: 1.74e+00
Sweep 46, chi=4, cutoff=1e-08
  Direction: left->right
  Direction: right->left
  Energy: -1.7699894990, Trunc err: 1.74e+00
Sweep 47, chi=4, cutoff=1e-08
  Direction: left->right
  Direction: right->left
  Energy: -1.7699894990, Trunc err: 1.74e+00
Sweep 48, chi=4, cutoff=1e-08
  Direction: left->right
  Direction: right->left
  Energy: -1.7699894990, Trunc err: 1.74e+00
Sweep 49, chi=4, cutoff=1e-08
  Direction: left->right
  Direction: right->left
  Energy: -1.7699894990, Trunc err: 1.74e+00
Sweep 50, chi=8, cutoff=1e-08
  Direction: left->right
  Direction: right->left
  Energy: -1.7969517824, Trunc err: 1.77e+00
Sweep 51, chi=8, cutoff=1e-08
  Direction: left->right
  Direction: right->left
  Energy: -1.8005055090, Trunc err: 1.83e+00
Sweep 52, chi=8, cutoff=1e-08
  Direction: left->right
  Direction: right->left
  Energy: -1.8008824935, Trunc err: 1.84e+00
Sweep 53, chi=8, cutoff=1e-08
  Direction: left->right
  Direction: right->left
  Energy: -1.8009303066, Trunc err: 1.84e+00
Sweep 54, chi=8, cutoff=1e-08
  Direction: left->right
  Direction: right->left
  Energy: -1.8009389991, Trunc err: 1.85e+00
Sweep 55, chi=8, cutoff=1e-08
  Direction: left->right
  Direction: right->left
  Energy: -1.8009406337, Trunc err: 1.85e+00
Sweep 56, chi=8, cutoff=1e-08
  Direction: left->right
  Direction: right->left
  Energy: -1.8009409138, Trunc err: 1.85e+00
Sweep 57, chi=8, cutoff=1e-08
  Direction: left->right
  Direction: right->left
  Energy: -1.8009409516, Trunc err: 1.85e+00
Sweep 58, chi=8, cutoff=1e-08
  Direction: left->right
  Direction: right->left
  Energy: -1.8009411208, Trunc err: 1.85e+00
Sweep 59, chi=8, cutoff=1e-08
  Direction: left->right
  Direction: right->left
  Energy: -1.8009410745, Trunc err: 1.85e+00
Sweep 60, chi=8, cutoff=1e-08
  Direction: left->right
  Direction: right->left
  Energy: -1.8009411008, Trunc err: 1.85e+00
Sweep 61, chi=8, cutoff=1e-08
  Direction: left->right
  Direction: right->left
  Energy: -1.8009411457, Trunc err: 1.85e+00
Sweep 62, chi=8, cutoff=1e-08
  Direction: left->right
  Direction: right->left
  Energy: -1.8009412025, Trunc err: 1.85e+00
Sweep 63, chi=8, cutoff=1e-08
  Direction: left->right
  Direction: right->left
  Energy: -1.8009412645, Trunc err: 1.85e+00
Sweep 64, chi=8, cutoff=1e-08
  Direction: left->right
  Direction: right->left
  Energy: -1.8009413265, Trunc err: 1.85e+00
Sweep 65, chi=8, cutoff=1e-08
  Direction: left->right
  Direction: right->left
  Energy: -1.8009413851, Trunc err: 1.85e+00
Sweep 66, chi=8, cutoff=1e-08
  Direction: left->right
  Direction: right->left
  Energy: -1.8009414381, Trunc err: 1.85e+00
Sweep 67, chi=8, cutoff=1e-08
  Direction: left->right
  Direction: right->left
  Energy: -1.8009414847, Trunc err: 1.85e+00
Sweep 68, chi=8, cutoff=1e-08
  Direction: left->right
  Direction: right->left
  Energy: -1.8009415247, Trunc err: 1.85e+00
Sweep 69, chi=8, cutoff=1e-08
  Direction: left->right
  Direction: right->left
  Energy: -1.8009415583, Trunc err: 1.85e+00
Sweep 70, chi=8, cutoff=1e-08
  Direction: left->right
  Direction: right->left
  Energy: -1.8009415861, Trunc err: 1.85e+00
Sweep 71, chi=8, cutoff=1e-08
  Direction: left->right
  Direction: right->left
  Energy: -1.8009416088, Trunc err: 1.85e+00
Sweep 72, chi=8, cutoff=1e-08
  Direction: left->right
  Direction: right->left
  Energy: -1.8009416273, Trunc err: 1.85e+00
Sweep 73, chi=8, cutoff=1e-08
  Direction: left->right
  Direction: right->left
  Energy: -1.8009416424, Trunc err: 1.85e+00
Sweep 74, chi=8, cutoff=1e-08
  Direction: left->right
  Direction: right->left
  Energy: -1.8009416547, Trunc err: 1.85e+00
Sweep 75, chi=8, cutoff=1e-08
  Direction: left->right
  Direction: right->left
  Energy: -1.8009416647, Trunc err: 1.85e+00
Sweep 76, chi=8, cutoff=1e-08
  Direction: left->right
  Direction: right->left
  Energy: -1.8009416729, Trunc err: 1.85e+00
Sweep 77, chi=8, cutoff=1e-08
  Direction: left->right
  Direction: right->left
  Energy: -1.8009416794, Trunc err: 1.85e+00
Sweep 78, chi=8, cutoff=1e-08
  Direction: left->right
  Direction: right->left
  Energy: -1.8009416848, Trunc err: 1.85e+00
Sweep 79, chi=8, cutoff=1e-08
  Direction: left->right
  Direction: right->left
  Energy: -1.8009416891, Trunc err: 1.85e+00
Sweep 80, chi=8, cutoff=1e-08
  Direction: left->right
  Direction: right->left
  Energy: -1.8009416926, Trunc err: 1.85e+00
Sweep 81, chi=8, cutoff=1e-08
  Direction: left->right
  Direction: right->left
  Energy: -1.8009416954, Trunc err: 1.85e+00
Sweep 82, chi=8, cutoff=1e-08
  Direction: left->right
  Direction: right->left
  Energy: -1.8009416977, Trunc err: 1.85e+00
Sweep 83, chi=8, cutoff=1e-08
  Direction: left->right
  Direction: right->left
  Energy: -1.8009416995, Trunc err: 1.85e+00
Sweep 84, chi=8, cutoff=1e-08
  Direction: left->right
  Direction: right->left
  Energy: -1.8009417010, Trunc err: 1.85e+00
Sweep 85, chi=8, cutoff=1e-08
  Direction: left->right
  Direction: right->left
  Energy: -1.8009417022, Trunc err: 1.85e+00
Sweep 86, chi=8, cutoff=1e-08
  Direction: left->right
  Direction: right->left
  Energy: -1.8009417032, Trunc err: 1.85e+00
Sweep 87, chi=8, cutoff=1e-08
  Direction: left->right
  Direction: right->left
  Energy: -1.8009417040, Trunc err: 1.85e+00
Sweep 88, chi=8, cutoff=1e-08
  Direction: left->right
  Direction: right->left
  Energy: -1.8009417046, Trunc err: 1.85e+00
Sweep 89, chi=8, cutoff=1e-08
  Direction: left->right
  Direction: right->left
  Energy: -1.8009417051, Trunc err: 1.85e+00
Sweep 90, chi=8, cutoff=1e-08
  Direction: left->right
  Direction: right->left
  Energy: -1.8009417056, Trunc err: 1.85e+00
Sweep 91, chi=8, cutoff=1e-08
  Direction: left->right
  Direction: right->left
  Energy: -1.8009417059, Trunc err: 1.85e+00
Sweep 92, chi=8, cutoff=1e-08
  Direction: left->right
  Direction: right->left
  Energy: -1.8009417062, Trunc err: 1.85e+00
Sweep 93, chi=8, cutoff=1e-08
  Direction: left->right
  Direction: right->left
  Energy: -1.8009417064, Trunc err: 1.85e+00
Sweep 94, chi=8, cutoff=1e-08
  Direction: left->right
  Direction: right->left
  Energy: -1.8009417066, Trunc err: 1.85e+00
Sweep 95, chi=8, cutoff=1e-08
  Direction: left->right
  Direction: right->left
  Energy: -1.8009417067, Trunc err: 1.85e+00
Sweep 96, chi=8, cutoff=1e-08
  Direction: left->right
  Direction: right->left
  Energy: -1.8009417069, Trunc err: 1.85e+00
Sweep 97, chi=8, cutoff=1e-08
  Direction: left->right
  Direction: right->left
  Energy: -1.8009417070, Trunc err: 1.85e+00
Sweep 98, chi=8, cutoff=1e-08
  Direction: left->right
  Direction: right->left
  Energy: -1.8009417070, Trunc err: 1.85e+00
Sweep 99, chi=8, cutoff=1e-08
  Direction: left->right
  Direction: right->left
  Energy: -1.8009417071, Trunc err: 1.85e+00
Sweep 100, chi=16, cutoff=1e-08
  Direction: left->right
  Direction: right->left
  Energy: -1.8185089582, Trunc err: 1.88e+00
Sweep 101, chi=16, cutoff=1e-08
  Direction: left->right
  Direction: right->left
  Energy: -1.8194079482, Trunc err: 1.92e+00
Sweep 102, chi=16, cutoff=1e-08
  Direction: left->right
  Direction: right->left
  Energy: -1.8194517146, Trunc err: 1.93e+00
Sweep 103, chi=16, cutoff=1e-08
  Direction: left->right
  Direction: right->left
  Energy: -1.8195633249, Trunc err: 1.93e+00
Sweep 104, chi=16, cutoff=1e-08
  Direction: left->right
  Direction: right->left
  Energy: -1.8196209085, Trunc err: 1.93e+00
Sweep 105, chi=16, cutoff=1e-08
  Direction: left->right
  Direction: right->left
  Energy: -1.8196261488, Trunc err: 1.93e+00
Sweep 106, chi=16, cutoff=1e-08
  Direction: left->right
  Direction: right->left
  Energy: -1.8196263386, Trunc err: 1.93e+00
Sweep 107, chi=16, cutoff=1e-08
  Direction: left->right
  Direction: right->left
  Energy: -1.8196261636, Trunc err: 1.93e+00
Sweep 108, chi=16, cutoff=1e-08
  Direction: left->right
  Direction: right->left
  Energy: -1.8196259528, Trunc err: 1.93e+00
Sweep 109, chi=16, cutoff=1e-08
  Direction: left->right
  Direction: right->left
  Energy: -1.8196257861, Trunc err: 1.93e+00
Sweep 110, chi=16, cutoff=1e-08
  Direction: left->right
  Direction: right->left
  Energy: -1.8196256819, Trunc err: 1.93e+00
Sweep 111, chi=16, cutoff=1e-08
  Direction: left->right
  Direction: right->left
  Energy: -1.8196256208, Trunc err: 1.93e+00
Sweep 112, chi=16, cutoff=1e-08
  Direction: left->right
  Direction: right->left
  Energy: -1.8196255827, Trunc err: 1.93e+00
Sweep 113, chi=16, cutoff=1e-08
  Direction: left->right
  Direction: right->left
  Energy: -1.8196255563, Trunc err: 1.93e+00
Sweep 114, chi=16, cutoff=1e-08
  Direction: left->right
  Direction: right->left
  Energy: -1.8196255367, Trunc err: 1.93e+00
Sweep 115, chi=16, cutoff=1e-08
  Direction: left->right
  Direction: right->left
  Energy: -1.8196255216, Trunc err: 1.93e+00
Sweep 116, chi=16, cutoff=1e-08
  Direction: left->right
  Direction: right->left
  Energy: -1.8196255096, Trunc err: 1.93e+00
Sweep 117, chi=16, cutoff=1e-08
  Direction: left->right
  Direction: right->left
  Energy: -1.8196255002, Trunc err: 1.93e+00
Sweep 118, chi=16, cutoff=1e-08
  Direction: left->right
  Direction: right->left
  Energy: -1.8196254928, Trunc err: 1.93e+00
Sweep 119, chi=16, cutoff=1e-08
  Direction: left->right
  Direction: right->left
  Energy: -1.8196254870, Trunc err: 1.93e+00
Sweep 120, chi=32, cutoff=1e-08
  Direction: left->right
  Direction: right->left
  Energy: -1.8222844923, Trunc err: 1.95e+00
Sweep 121, chi=32, cutoff=1e-08
  Direction: left->right
  Direction: right->left
  Energy: -1.8228097421, Trunc err: 1.97e+00
Sweep 122, chi=32, cutoff=1e-08
  Direction: left->right
  Direction: right->left
  Energy: -1.8228179899, Trunc err: 1.97e+00
Sweep 123, chi=32, cutoff=1e-08
  Direction: left->right
  Direction: right->left
  Energy: -1.8228188082, Trunc err: 1.97e+00
Sweep 124, chi=32, cutoff=1e-08
  Direction: left->right
  Direction: right->left
  Energy: -1.8228189562, Trunc err: 1.97e+00
Sweep 125, chi=32, cutoff=1e-08
  Direction: left->right
  Direction: right->left
  Energy: -1.8228189911, Trunc err: 1.97e+00
Sweep 126, chi=32, cutoff=1e-08
  Direction: left->right
  Direction: right->left
  Energy: -1.8228190008, Trunc err: 1.97e+00
Sweep 127, chi=32, cutoff=1e-08
  Direction: left->right
  Direction: right->left
  Energy: -1.8228190045, Trunc err: 1.97e+00
Sweep 128, chi=32, cutoff=1e-08
  Direction: left->right
  Direction: right->left
  Energy: -1.8228190065, Trunc err: 1.97e+00
Sweep 129, chi=32, cutoff=1e-08
  Direction: left->right
  Direction: right->left
  Energy: -1.8228190110, Trunc err: 1.97e+00
