           1.819e+00            5.466e-02            3.006e-02             3.24e-03
           1.819e+00            2.510e-02            1.380e-02             5.07e-03
           1.819e+00            1.324e-02            7.281e-03             6.47e-03
           1.819e+00            6.693e-03            3.680e-03             7.44e-03
           1.819e+00            3.822e-03            2.102e-03             1.03e-02
           1.819e+00            2.075e-03            1.141e-03             1.21e-02
           1.819e+00            1.426e-03            7.841e-04             1.29e-02
           1.819e+00            4.669e-04            2.568e-04             1.49e-02
           1.819e+00            2.433e-04            1.338e-04             1.69e-02
           1.819e+00            1.159e-04            6.373e-05             1.89e-02
           1.819e+00            7.740e-05            4.256e-05             2.47e-02
           1.819e+00            2.935e-05            1.614e-05             2.55e-02
           1.819e+00            1.994e-05            1.096e-05             2.80e-02
           1.819e+00            7.947e-06            4.369e-06             3.31e-02
           1.819e+00            3.844e-06            2.114e-06             3.76e-02
           1.819e+00            2.817e-06            1.549e-06             5.03e-02
           1.819e+00            1.328e-06            7.303e-07             5.65e-02
           1.819e+00            8.049e-07            4.426e-07             6.02e-02
           1.819e+00            3.295e-07            1.812e-07             6.54e-02
           1.819e+00            2.096e-07            1.153e-07             7.02e-02
           1.819e+00            1.012e-07            5.564e-08             7.44e-02
           1.819e+00            8.460e-08            4.652e-08             8.89e-02
           1.819e+00            4.477e-08            2.461e-08             1.05e-01
           1.819e+00            3.628e-08            1.995e-08             1.22e-01
           1.819e+00            1.277e-08            7.019e-09             1.45e-01
           1.819e+00            5.463e-02            3.004e-02             3.08e-03
           1.819e+00            3.004e-02            1.652e-02             4.57e-03
           1.819e+00            1.457e-02            8.014e-03             5.77e-03
           1.819e+00            8.816e-03            4.847e-03             7.06e-03
           1.819e+00            4.312e-03            2.371e-03             8.66e-03
           1.819e+00            2.054e-03            1.129e-03             1.04e-02
           1.819e+00            1.086e-03            5.972e-04             1.39e-02
           1.819e+00            4.637e-04            2.550e-04             1.45e-02
           1.819e+00            2.699e-04            1.484e-04             1.67e-02
           1.819e+00            1.424e-04            7.829e-05             2.03e-02
           1.819e+00            9.167e-05            5.041e-05             2.38e-02
           1.819e+00            2.559e-05            1.407e-05             2.58e-02
           1.819e+00            1.829e-05            1.006e-05             2.68e-02
           1.819e+00            7.657e-06            4.210e-06             3.14e-02
           1.819e+00            4.766e-06            2.621e-06             4.17e-02
           1.819e+00            2.574e-06            1.415e-06             5.01e-02
           1.819e+00            1.408e-06            7.743e-07             5.02e-02
           1.819e+00            6.782e-07            3.729e-07             5.29e-02
           1.819e+00            3.294e-07            1.811e-07             6.44e-02
           1.819e+00            2.387e-07            1.313e-07             6.82e-02
           1.819e+00            1.174e-07            6.456e-08             7.57e-02
           1.819e+00            7.121e-08            3.915e-08             8.79e-02
           1.819e+00            3.081e-08            1.694e-08             9.91e-02
           1.819e+00            1.774e-08            9.755e-09             1.13e-01
xmax = 20
xshift = -20
dx = 0.6349206349206349
len of Hint: 18
len of H: 18
Sweep 0, chi=2, cutoff=1e-08
  Direction: left->right
  Direction: right->left
  Energy: -0.2001325152, Trunc err: 1.02e+00
Sweep 1, chi=2, cutoff=1e-08
  Direction: left->right
  Direction: right->left
  Energy: -0.2007905697, Trunc err: 1.03e+00
Sweep 2, chi=2, cutoff=1e-08
  Direction: left->right
  Direction: right->left
  Energy: -0.2022379847, Trunc err: 1.03e+00
Sweep 3, chi=2, cutoff=1e-08
  Direction: left->right
  Direction: right->left
  Energy: -0.2001460329, Trunc err: 1.03e+00
Sweep 4, chi=2, cutoff=1e-08
  Direction: left->right
  Direction: right->left
  Energy: -0.2009589158, Trunc err: 1.03e+00
Sweep 5, chi=2, cutoff=1e-08
  Direction: left->right
  Direction: right->left
  Energy: -0.2009176375, Trunc err: 1.03e+00
Sweep 6, chi=2, cutoff=1e-08
  Direction: left->right
  Direction: right->left
  Energy: -0.2001053267, Trunc err: 1.03e+00
Sweep 7, chi=2, cutoff=1e-08
  Direction: left->right
  Direction: right->left
  Energy: -0.2015181375, Trunc err: 1.03e+00
Sweep 8, chi=2, cutoff=1e-08
  Direction: left->right
  Direction: right->left
  Energy: -0.2002311677, Trunc err: 1.03e+00
Sweep 9, chi=2, cutoff=1e-08
  Direction: left->right
  Direction: right->left
  Energy: -0.2015226990, Trunc err: 1.03e+00
Sweep 10, chi=4, cutoff=1e-08
  Direction: left->right
  Direction: right->left
  Energy: -0.3209279524, Trunc err: 1.14e+00
Sweep 11, chi=4, cutoff=1e-08
  Direction: left->right
  Direction: right->left
  Energy: -0.5786600377, Trunc err: 1.33e+00
Sweep 12, chi=4, cutoff=1e-08
  Direction: left->right
  Direction: right->left
  Energy: -1.1694882189, Trunc err: 1.51e+00
Sweep 13, chi=4, cutoff=1e-08
  Direction: left->right
  Direction: right->left
  Energy: -1.6729571564, Trunc err: 1.66e+00
Sweep 14, chi=4, cutoff=1e-08
  Direction: left->right
  Direction: right->left
  Energy: -1.7880486294, Trunc err: 1.72e+00
Sweep 15, chi=4, cutoff=1e-08
  Direction: left->right
  Direction: right->left
  Energy: -1.8012066447, Trunc err: 1.74e+00
Sweep 16, chi=4, cutoff=1e-08
  Direction: left->right
  Direction: right->left
  Energy: -1.8020138754, Trunc err: 1.74e+00
Sweep 17, chi=4, cutoff=1e-08
  Direction: left->right
  Direction: right->left
  Energy: -1.8020482312, Trunc err: 1.74e+00
Sweep 18, chi=4, cutoff=1e-08
  Direction: left->right
  Direction: right->left
  Energy: -1.8020509277, Trunc err: 1.75e+00
Sweep 19, chi=4, cutoff=1e-08
  Direction: left->right
  Direction: right->left
  Energy: -1.8020512537, Trunc err: 1.75e+00
Sweep 20, chi=4, cutoff=1e-08
  Direction: left->right
  Direction: right->left
  Energy: -1.8020513018, Trunc err: 1.75e+00
Sweep 21, chi=4, cutoff=1e-08
  Direction: left->right
  Direction: right->left
  Energy: -1.8020513108, Trunc err: 1.75e+00
Sweep 22, chi=4, cutoff=1e-08
  Direction: left->right
  Direction: right->left
  Energy: -1.8020513129, Trunc err: 1.75e+00
Sweep 23, chi=4, cutoff=1e-08
  Direction: left->right
  Direction: right->left
  Energy: -1.8020513134, Trunc err: 1.75e+00
Sweep 24, chi=4, cutoff=1e-08
  Direction: left->right
  Direction: right->left
  Energy: -1.8020513136, Trunc err: 1.75e+00
Sweep 25, chi=4, cutoff=1e-08
  Direction: left->right
  Direction: right->left
  Energy: -1.8020513136, Trunc err: 1.75e+00
Sweep 26, chi=4, cutoff=1e-08
  Direction: left->right
  Direction: right->left
  Energy: -1.8020513137, Trunc err: 1.75e+00
Sweep 27, chi=4, cutoff=1e-08
  Direction: left->right
  Direction: right->left
  Energy: -1.8020513137, Trunc err: 1.75e+00
Sweep 28, chi=4, cutoff=1e-08
  Direction: left->right
  Direction: right->left
  Energy: -1.8020513137, Trunc err: 1.75e+00
Sweep 29, chi=4, cutoff=1e-08
  Direction: left->right
  Direction: right->left
  Energy: -1.8020513137, Trunc err: 1.75e+00
Sweep 30, chi=4, cutoff=1e-08
  Direction: left->right
  Direction: right->left
  Energy: -1.8020513137, Trunc err: 1.75e+00
Sweep 31, chi=4, cutoff=1e-08
  Direction: left->right
  Direction: right->left
  Energy: -1.8020513137, Trunc err: 1.75e+00
Sweep 32, chi=4, cutoff=1e-08
  Direction: left->right
  Direction: right->left
  Energy: -1.8020513137, Trunc err: 1.75e+00
Sweep 33, chi=4, cutoff=1e-08
  Direction: left->right
  Direction: right->left
  Energy: -1.8020513137, Trunc err: 1.75e+00
Sweep 34, chi=4, cutoff=1e-08
  Direction: left->right
  Direction: right->left
  Energy: -1.8020513137, Trunc err: 1.75e+00
Sweep 35, chi=4, cutoff=1e-08
  Direction: left->right
  Direction: right->left
  Energy: -1.8020513137, Trunc err: 1.75e+00
Sweep 36, chi=4, cutoff=1e-08
  Direction: left->right
  Direction: right->left
  Energy: -1.8020513137, Trunc err: 1.75e+00
Sweep 37, chi=4, cutoff=1e-08
  Direction: left->right
  Direction: right->left
  Energy: -1.8020513137, Trunc err: 1.75e+00
Sweep 38, chi=4, cutoff=1e-08
  Direction: left->right
  Direction: right->left
  Energy: -1.8020513137, Trunc err: 1.75e+00
Sweep 39, chi=4, cutoff=1e-08
  Direction: left->right
  Direction: right->left
  Energy: -1.8020513137, Trunc err: 1.75e+00
Sweep 40, chi=4, cutoff=1e-08
  Direction: left->right
  Direction: right->left
  Energy: -1.8020513137, Trunc err: 1.75e+00
Sweep 41, chi=4, cutoff=1e-08
  Direction: left->right
  Direction: right->left
  Energy: -1.8020513137, Trunc err: 1.75e+00
Sweep 42, chi=4, cutoff=1e-08
  Direction: left->right
  Direction: right->left
  Energy: -1.8020513137, Trunc err: 1.75e+00
Sweep 43, chi=4, cutoff=1e-08
  Direction: left->right
  Direction: right->left
  Energy: -1.8020513137, Trunc err: 1.75e+00
Sweep 44, chi=4, cutoff=1e-08
  Direction: left->right
  Direction: right->left
  Energy: -1.8020513137, Trunc err: 1.75e+00
Sweep 45, chi=4, cutoff=1e-08
  Direction: left->right
  Direction: right->left
  Energy: -1.8020513137, Trunc err: 1.75e+00
Sweep 46, chi=4, cutoff=1e-08
  Direction: left->right
  Direction: right->left
  Energy: -1.8020513137, Trunc err: 1.75e+00
Sweep 47, chi=4, cutoff=1e-08
  Direction: left->right
  Direction: right->left
  Energy: -1.8020513137, Trunc err: 1.75e+00
Sweep 48, chi=4, cutoff=1e-08
  Direction: left->right
  Direction: right->left
  Energy: -1.8020513137, Trunc err: 1.75e+00
Sweep 49, chi=4, cutoff=1e-08
  Direction: left->right
  Direction: right->left
  Energy: -1.8020513137, Trunc err: 1.75e+00
Sweep 50, chi=8, cutoff=1e-08
  Direction: left->right
  Direction: right->left
  Energy: -1.8290280223, Trunc err: 1.77e+00
Sweep 51, chi=8, cutoff=1e-08
  Direction: left->right
  Direction: right->left
  Energy: -1.8325743821, Trunc err: 1.84e+00
Sweep 52, chi=8, cutoff=1e-08
  Direction: left->right
  Direction: right->left
  Energy: -1.8329359051, Trunc err: 1.85e+00
Sweep 53, chi=8, cutoff=1e-08
  Direction: left->right
  Direction: right->left
  Energy: -1.8329810466, Trunc err: 1.85e+00
Sweep 54, chi=8, cutoff=1e-08
  Direction: left->right
  Direction: right->left
  Energy: -1.8329874585, Trunc err: 1.85e+00
Sweep 55, chi=8, cutoff=1e-08
  Direction: left->right
  Direction: right->left
  Energy: -1.8329875183, Trunc err: 1.85e+00
Sweep 56, chi=8, cutoff=1e-08
  Direction: left->right
  Direction: right->left
  Energy: -1.8329865787, Trunc err: 1.85e+00
Sweep 57, chi=8, cutoff=1e-08
  Direction: left->right
  Direction: right->left
  Energy: -1.8329853915, Trunc err: 1.85e+00
Sweep 58, chi=8, cutoff=1e-08
  Direction: left->right
  Direction: right->left
  Energy: -1.8329845218, Trunc err: 1.85e+00
Sweep 59, chi=8, cutoff=1e-08
  Direction: left->right
  Direction: right->left
  Energy: -1.8329839102, Trunc err: 1.85e+00
Sweep 60, chi=8, cutoff=1e-08
  Direction: left->right
  Direction: right->left
  Energy: -1.8329834951, Trunc err: 1.85e+00
Sweep 61, chi=8, cutoff=1e-08
  Direction: left->right
  Direction: right->left
  Energy: -1.8329832153, Trunc err: 1.85e+00
Sweep 62, chi=8, cutoff=1e-08
  Direction: left->right
  Direction: right->left
  Energy: -1.8329830258, Trunc err: 1.85e+00
Sweep 63, chi=8, cutoff=1e-08
  Direction: left->right
  Direction: right->left
  Energy: -1.8329828961, Trunc err: 1.85e+00
Sweep 64, chi=8, cutoff=1e-08
  Direction: left->right
  Direction: right->left
  Energy: -1.8329828063, Trunc err: 1.85e+00
Sweep 65, chi=8, cutoff=1e-08
  Direction: left->right
  Direction: right->left
  Energy: -1.8329827433, Trunc err: 1.85e+00
Sweep 66, chi=8, cutoff=1e-08
  Direction: left->right
  Direction: right->left
  Energy: -1.8329826986, Trunc err: 1.85e+00
Sweep 67, chi=8, cutoff=1e-08
  Direction: left->right
  Direction: right->left
  Energy: -1.8329826667, Trunc err: 1.85e+00
Sweep 68, chi=8, cutoff=1e-08
  Direction: left->right
  Direction: right->left
  Energy: -1.8329826437, Trunc err: 1.85e+00
Sweep 69, chi=8, cutoff=1e-08
  Direction: left->right
  Direction: right->left
  Energy: -1.8329826269, Trunc err: 1.85e+00
Sweep 70, chi=8, cutoff=1e-08
  Direction: left->right
  Direction: right->left
  Energy: -1.8329826146, Trunc err: 1.85e+00
Sweep 71, chi=8, cutoff=1e-08
  Direction: left->right
  Direction: right->left
  Energy: -1.8329826054, Trunc err: 1.85e+00
Sweep 72, chi=8, cutoff=1e-08
  Direction: left->right
  Direction: right->left
  Energy: -1.8329825984, Trunc err: 1.85e+00
Sweep 73, chi=8, cutoff=1e-08
  Direction: left->right
  Direction: right->left
  Energy: -1.8329825929, Trunc err: 1.85e+00
Sweep 74, chi=8, cutoff=1e-08
  Direction: left->right
  Direction: right->left
  Energy: -1.8329825887, Trunc err: 1.85e+00
Sweep 75, chi=8, cutoff=1e-08
  Direction: left->right
  Direction: right->left
  Energy: -1.8329825856, Trunc err: 1.85e+00
Sweep 76, chi=8, cutoff=1e-08
  Direction: left->right
  Direction: right->left
  Energy: -1.8329825833, Trunc err: 1.85e+00
Sweep 77, chi=8, cutoff=1e-08
  Direction: left->right
  Direction: right->left
  Energy: -1.8329825816, Trunc err: 1.85e+00
Sweep 78, chi=8, cutoff=1e-08
  Direction: left->right
  Direction: right->left
  Energy: -1.8329825804, Trunc err: 1.85e+00
Sweep 79, chi=8, cutoff=1e-08
  Direction: left->right
  Direction: right->left
  Energy: -1.8329825796, Trunc err: 1.85e+00
Sweep 80, chi=8, cutoff=1e-08
  Direction: left->right
  Direction: right->left
  Energy: -1.8329825790, Trunc err: 1.85e+00
Sweep 81, chi=8, cutoff=1e-08
  Direction: left->right
  Direction: right->left
  Energy: -1.8329825786, Trunc err: 1.85e+00
Sweep 82, chi=8, cutoff=1e-08
  Direction: left->right
  Direction: right->left
  Energy: -1.8329825783, Trunc err: 1.85e+00
Sweep 83, chi=8, cutoff=1e-08
  Direction: left->right
  Direction: right->left
  Energy: -1.8329825782, Trunc err: 1.85e+00
Sweep 84, chi=8, cutoff=1e-08
  Direction: left->right
  Direction: right->left
  Energy: -1.8329825781, Trunc err: 1.85e+00
Sweep 85, chi=8, cutoff=1e-08
  Direction: left->right
  Direction: right->left
  Energy: -1.8329825781, Trunc err: 1.85e+00
Sweep 86, chi=8, cutoff=1e-08
  Direction: left->right
  Direction: right->left
  Energy: -1.8329825781, Trunc err: 1.85e+00
Sweep 87, chi=8, cutoff=1e-08
  Direction: left->right
  Direction: right->left
  Energy: -1.8329825782, Trunc err: 1.85e+00
Sweep 88, chi=8, cutoff=1e-08
  Direction: left->right
  Direction: right->left
  Energy: -1.8329825782, Trunc err: 1.85e+00
Sweep 89, chi=8, cutoff=1e-08
  Direction: left->right
  Direction: right->left
  Energy: -1.8329825783, Trunc err: 1.85e+00
Sweep 90, chi=8, cutoff=1e-08
  Direction: left->right
  Direction: right->left
  Energy: -1.8329825784, Trunc err: 1.85e+00
Sweep 91, chi=8, cutoff=1e-08
  Direction: left->right
  Direction: right->left
  Energy: -1.8329825784, Trunc err: 1.85e+00
Sweep 92, chi=8, cutoff=1e-08
  Direction: left->right
  Direction: right->left
  Energy: -1.8329825785, Trunc err: 1.85e+00
Sweep 93, chi=8, cutoff=1e-08
  Direction: left->right
  Direction: right->left
  Energy: -1.8329825786, Trunc err: 1.85e+00
Sweep 94, chi=8, cutoff=1e-08
  Direction: left->right
  Direction: right->left
  Energy: -1.8329825786, Trunc err: 1.85e+00
Sweep 95, chi=8, cutoff=1e-08
  Direction: left->right
  Direction: right->left
  Energy: -1.8329825787, Trunc err: 1.85e+00
Sweep 96, chi=8, cutoff=1e-08
  Direction: left->right
  Direction: right->left
  Energy: -1.8329825788, Trunc err: 1.85e+00
Sweep 97, chi=8, cutoff=1e-08
  Direction: left->right
  Direction: right->left
  Energy: -1.8329825788, Trunc err: 1.85e+00
Sweep 98, chi=8, cutoff=1e-08
  Direction: left->right
  Direction: right->left
  Energy: -1.8329825788, Trunc err: 1.85e+00
Sweep 99, chi=8, cutoff=1e-08
  Direction: left->right
  Direction: right->left
  Energy: -1.8329825789, Trunc err: 1.85e+00
Sweep 100, chi=16, cutoff=1e-08
  Direction: left->right
  Direction: right->left
  Energy: -1.8507110676, Trunc err: 1.88e+00
Sweep 101, chi=16, cutoff=1e-08
  Direction: left->right
  Direction: right->left
  Energy: -1.8515506687, Trunc err: 1.93e+00
Sweep 102, chi=16, cutoff=1e-08
  Direction: left->right
  Direction: right->left
  Energy: -1.8515906541, Trunc err: 1.93e+00
Sweep 103, chi=16, cutoff=1e-08
  Direction: left->right
  Direction: right->left
  Energy: -1.8516938006, Trunc err: 1.93e+00
Sweep 104, chi=16, cutoff=1e-08
  Direction: left->right
  Direction: right->left
  Energy: -1.8517551002, Trunc err: 1.93e+00
Sweep 105, chi=16, cutoff=1e-08
  Direction: left->right
  Direction: right->left
  Energy: -1.8517610745, Trunc err: 1.93e+00
Sweep 106, chi=16, cutoff=1e-08
  Direction: left->right
  Direction: right->left
  Energy: -1.8517613855, Trunc err: 1.93e+00
Sweep 107, chi=16, cutoff=1e-08
  Direction: left->right
  Direction: right->left
  Energy: -1.8517612861, Trunc err: 1.93e+00
Sweep 108, chi=16, cutoff=1e-08
  Direction: left->right
  Direction: right->left
  Energy: -1.8517610914, Trunc err: 1.93e+00
Sweep 109, chi=16, cutoff=1e-08
  Direction: left->right
  Direction: right->left
  Energy: -1.8517608685, Trunc err: 1.93e+00
Sweep 110, chi=16, cutoff=1e-08
  Direction: left->right
  Direction: right->left
  Energy: -1.8517607021, Trunc err: 1.93e+00
Sweep 111, chi=16, cutoff=1e-08
  Direction: left->right
  Direction: right->left
  Energy: -1.8517606106, Trunc err: 1.93e+00
Sweep 112, chi=16, cutoff=1e-08
  Direction: left->right
  Direction: right->left
  Energy: -1.8517605652, Trunc err: 1.93e+00
Sweep 113, chi=16, cutoff=1e-08
  Direction: left->right
  Direction: right->left
  Energy: -1.8517605413, Trunc err: 1.93e+00
Sweep 114, chi=16, cutoff=1e-08
  Direction: left->right
  Direction: right->left
  Energy: -1.8517605273, Trunc err: 1.93e+00
Sweep 115, chi=16, cutoff=1e-08
  Direction: left->right
  Direction: right->left
  Energy: -1.8517605181, Trunc err: 1.93e+00
Sweep 116, chi=16, cutoff=1e-08
  Direction: left->right
  Direction: right->left
  Energy: -1.8517605116, Trunc err: 1.93e+00
Sweep 117, chi=16, cutoff=1e-08
  Direction: left->right
  Direction: right->left
  Energy: -1.8517605068, Trunc err: 1.93e+00
Sweep 118, chi=16, cutoff=1e-08
  Direction: left->right
  Direction: right->left
  Energy: -1.8517605032, Trunc err: 1.93e+00
Sweep 119, chi=16, cutoff=1e-08
  Direction: left->right
  Direction: right->left
  Energy: -1.8517605005, Trunc err: 1.93e+00
Sweep 120, chi=32, cutoff=1e-08
  Direction: left->right
  Direction: right->left
  Energy: -1.8543628521, Trunc err: 1.95e+00
Sweep 121, chi=32, cutoff=1e-08
  Direction: left->right
  Direction: right->left
  Energy: -1.8548781400, Trunc err: 1.97e+00
Sweep 122, chi=32, cutoff=1e-08
  Direction: left->right
  Direction: right->left
  Energy: -1.8548868570, Trunc err: 1.97e+00
Sweep 123, chi=32, cutoff=1e-08
  Direction: left->right
  Direction: right->left
  Energy: -1.8548879664, Trunc err: 1.97e+00
Sweep 124, chi=32, cutoff=1e-08
  Direction: left->right
  Direction: right->left
  Energy: -1.8548882092, Trunc err: 1.97e+00
Sweep 125, chi=32, cutoff=1e-08
  Direction: left->right
  Direction: right->left
  Energy: -1.8548882704, Trunc err: 1.97e+00
Sweep 126, chi=32, cutoff=1e-08
  Direction: left->right
  Direction: right->left
  Energy: -1.8548882883, Trunc err: 1.97e+00
Sweep 127, chi=32, cutoff=1e-08
  Direction: left->right
  Direction: right->left
  Energy: -1.8548882946, Trunc err: 1.97e+00
Sweep 128, chi=32, cutoff=1e-08
  Direction: left->right
  Direction: right->left
  Energy: -1.8548882972, Trunc err: 1.97e+00
Sweep 129, chi=32, cutoff=1e-08
  Direction: left->right
  Direction: right->left
  Energy: -1.8548882985, Trunc err: 1.97e+00
