           1.819e+00            3.919e-02            2.155e-02             1.45e-03
           1.819e+00            3.635e-02            1.999e-02             4.41e-03
           1.819e+00            1.546e-02            8.500e-03             6.18e-03
           1.819e+00            5.397e-03            2.968e-03             7.34e-03
           1.819e+00            4.492e-03            2.470e-03             9.04e-03
           1.819e+00            1.383e-03            7.602e-04             1.03e-02
           1.819e+00            1.318e-03            7.246e-04             1.26e-02
           1.819e+00            2.413e-04            1.327e-04             1.42e-02
           1.819e+00            1.844e-04            1.014e-04             1.55e-02
           1.819e+00            1.175e-04            6.463e-05             1.75e-02
           1.819e+00            8.209e-05            4.514e-05             2.03e-02
           1.819e+00            5.269e-05            2.897e-05             2.61e-02
           1.819e+00            2.413e-05            1.327e-05             3.06e-02
           1.819e+00            1.050e-05            5.776e-06             3.10e-02
           1.819e+00            5.947e-06            3.270e-06             3.20e-02
           1.819e+00            2.592e-06            1.425e-06             5.63e-02
           1.819e+00            1.135e-06            6.241e-07             5.89e-02
           1.819e+00            6.121e-07            3.366e-07             6.44e-02
           1.819e+00            4.492e-07            2.470e-07             5.76e-02
           1.819e+00            2.360e-07            1.297e-07             6.90e-02
           1.819e+00            1.486e-07            8.172e-08             8.60e-02
           1.819e+00            1.003e-07            5.514e-08             8.47e-02
           1.819e+00            4.567e-08            2.511e-08             8.57e-02
           1.819e+00            3.086e-08            1.697e-08             9.88e-02
           1.819e+00            2.111e-08            1.161e-08             1.81e-01
           1.819e+00            9.559e-09            5.256e-09             1.69e-01
           1.819e+00            4.278e-02            2.352e-02             2.76e-03
           1.819e+00            2.626e-02            1.444e-02             4.32e-03
           1.819e+00            1.488e-02            8.181e-03             5.39e-03
           1.819e+00            9.571e-03            5.263e-03             7.24e-03
           1.819e+00            4.165e-03            2.290e-03             8.89e-03
           1.819e+00            1.451e-03            7.976e-04             9.81e-03
           1.819e+00            1.055e-03            5.800e-04             1.15e-02
           1.819e+00            5.676e-04            3.121e-04             1.51e-02
           1.819e+00            2.263e-04            1.245e-04             1.65e-02
           1.819e+00            1.069e-04            5.877e-05             2.04e-02
           1.819e+00            9.393e-05            5.165e-05             2.10e-02
           1.819e+00            3.715e-05            2.043e-05             2.52e-02
           1.819e+00            1.760e-05            9.677e-06             2.74e-02
           1.819e+00            6.495e-06            3.571e-06             2.92e-02
           1.819e+00            4.291e-06            2.360e-06             3.33e-02
           1.819e+00            3.537e-06            1.945e-06             4.09e-02
           1.819e+00            1.232e-06            6.772e-07             4.69e-02
           1.819e+00            9.494e-07            5.220e-07             6.03e-02
           1.819e+00            4.288e-07            2.358e-07             7.09e-02
           1.819e+00            3.386e-07            1.862e-07             7.12e-02
           1.819e+00            1.424e-07            7.830e-08             8.27e-02
           1.819e+00            8.736e-08            4.804e-08             8.66e-02
           1.819e+00            6.639e-08            3.650e-08             9.46e-02
           1.819e+00            3.523e-08            1.937e-08             1.07e-01
           1.819e+00            1.552e-08            8.533e-09             1.37e-01
xmax = 20
xshift = -20
dx = 0.6349206349206349
len of Hint: 18
len of H: 18
Sweep 0, chi=2, cutoff=1e-08
  Direction: left->right
  Direction: right->left
  Energy: -0.1978672799, Trunc err: 1.02e+00
Sweep 1, chi=2, cutoff=1e-08
  Direction: left->right
  Direction: right->left
  Energy: -0.2003269691, Trunc err: 1.03e+00
Sweep 2, chi=2, cutoff=1e-08
  Direction: left->right
  Direction: right->left
  Energy: -0.2005381132, Trunc err: 1.03e+00
Sweep 3, chi=2, cutoff=1e-08
  Direction: left->right
  Direction: right->left
  Energy: -0.1984737414, Trunc err: 1.03e+00
Sweep 4, chi=2, cutoff=1e-08
  Direction: left->right
  Direction: right->left
  Energy: -0.1985491964, Trunc err: 1.03e+00
Sweep 5, chi=2, cutoff=1e-08
  Direction: left->right
  Direction: right->left
  Energy: -0.1999486336, Trunc err: 1.03e+00
Sweep 6, chi=2, cutoff=1e-08
  Direction: left->right
  Direction: right->left
  Energy: -0.1985340773, Trunc err: 1.03e+00
Sweep 7, chi=2, cutoff=1e-08
  Direction: left->right
  Direction: right->left
  Energy: -0.1999945605, Trunc err: 1.03e+00
Sweep 8, chi=2, cutoff=1e-08
  Direction: left->right
  Direction: right->left
  Energy: -0.1978349169, Trunc err: 1.03e+00
Sweep 9, chi=2, cutoff=1e-08
  Direction: left->right
  Direction: right->left
  Energy: -0.1997867421, Trunc err: 1.03e+00
Sweep 10, chi=4, cutoff=1e-08
  Direction: left->right
  Direction: right->left
  Energy: -0.3116200943, Trunc err: 1.14e+00
Sweep 11, chi=4, cutoff=1e-08
  Direction: left->right
  Direction: right->left
  Energy: -0.4812672779, Trunc err: 1.31e+00
Sweep 12, chi=4, cutoff=1e-08
  Direction: left->right
  Direction: right->left
  Energy: -0.7028528076, Trunc err: 1.44e+00
Sweep 13, chi=4, cutoff=1e-08
  Direction: left->right
  Direction: right->left
  Energy: -0.8578430668, Trunc err: 1.54e+00
Sweep 14, chi=4, cutoff=1e-08
  Direction: left->right
  Direction: right->left
  Energy: -0.9436568856, Trunc err: 1.59e+00
Sweep 15, chi=4, cutoff=1e-08
  Direction: left->right
  Direction: right->left
  Energy: -0.9719161310, Trunc err: 1.61e+00
Sweep 16, chi=4, cutoff=1e-08
  Direction: left->right
  Direction: right->left
  Energy: -0.9789871765, Trunc err: 1.62e+00
Sweep 17, chi=4, cutoff=1e-08
  Direction: left->right
  Direction: right->left
  Energy: -0.9808539238, Trunc err: 1.62e+00
Sweep 18, chi=4, cutoff=1e-08
  Direction: left->right
  Direction: right->left
  Energy: -0.9814327103, Trunc err: 1.62e+00
Sweep 19, chi=4, cutoff=1e-08
  Direction: left->right
  Direction: right->left
  Energy: -0.9816180196, Trunc err: 1.62e+00
Sweep 20, chi=4, cutoff=1e-08
  Direction: left->right
  Direction: right->left
  Energy: -0.9816768355, Trunc err: 1.62e+00
Sweep 21, chi=4, cutoff=1e-08
  Direction: left->right
  Direction: right->left
  Energy: -0.9816955650, Trunc err: 1.62e+00
Sweep 22, chi=4, cutoff=1e-08
  Direction: left->right
  Direction: right->left
  Energy: -0.9817015850, Trunc err: 1.62e+00
Sweep 23, chi=4, cutoff=1e-08
  Direction: left->right
  Direction: right->left
  Energy: -0.9817035406, Trunc err: 1.62e+00
Sweep 24, chi=4, cutoff=1e-08
  Direction: left->right
  Direction: right->left
  Energy: -0.9817041899, Trunc err: 1.62e+00
Sweep 25, chi=4, cutoff=1e-08
  Direction: left->right
  Direction: right->left
  Energy: -0.9817044129, Trunc err: 1.62e+00
Sweep 26, chi=4, cutoff=1e-08
  Direction: left->right
  Direction: right->left
  Energy: -0.9817044938, Trunc err: 1.62e+00
Sweep 27, chi=4, cutoff=1e-08
  Direction: left->right
  Direction: right->left
  Energy: -0.9817045253, Trunc err: 1.62e+00
Sweep 28, chi=4, cutoff=1e-08
  Direction: left->right
  Direction: right->left
  Energy: -0.9817045386, Trunc err: 1.62e+00
Sweep 29, chi=4, cutoff=1e-08
  Direction: left->right
  Direction: right->left
  Energy: -0.9817045447, Trunc err: 1.62e+00
Sweep 30, chi=4, cutoff=1e-08
  Direction: left->right
  Direction: right->left
  Energy: -0.9817045477, Trunc err: 1.62e+00
Sweep 31, chi=4, cutoff=1e-08
  Direction: left->right
  Direction: right->left
  Energy: -0.9817045492, Trunc err: 1.62e+00
Sweep 32, chi=4, cutoff=1e-08
  Direction: left->right
  Direction: right->left
  Energy: -0.9817045501, Trunc err: 1.62e+00
Sweep 33, chi=4, cutoff=1e-08
  Direction: left->right
  Direction: right->left
  Energy: -0.9817045505, Trunc err: 1.62e+00
Sweep 34, chi=4, cutoff=1e-08
  Direction: left->right
  Direction: right->left
  Energy: -0.9817045508, Trunc err: 1.62e+00
Sweep 35, chi=4, cutoff=1e-08
  Direction: left->right
  Direction: right->left
  Energy: -0.9817045509, Trunc err: 1.62e+00
Sweep 36, chi=4, cutoff=1e-08
  Direction: left->right
  Direction: right->left
  Energy: -0.9817045510, Trunc err: 1.62e+00
Sweep 37, chi=4, cutoff=1e-08
  Direction: left->right
  Direction: right->left
  Energy: -0.9817045510, Trunc err: 1.62e+00
Sweep 38, chi=4, cutoff=1e-08
  Direction: left->right
  Direction: right->left
  Energy: -0.9817045511, Trunc err: 1.62e+00
Sweep 39, chi=4, cutoff=1e-08
  Direction: left->right
  Direction: right->left
  Energy: -0.9817045511, Trunc err: 1.62e+00
Sweep 40, chi=4, cutoff=1e-08
  Direction: left->right
  Direction: right->left
  Energy: -0.9817045511, Trunc err: 1.62e+00
Sweep 41, chi=4, cutoff=1e-08
  Direction: left->right
  Direction: right->left
  Energy: -0.9817045511, Trunc err: 1.62e+00
Sweep 42, chi=4, cutoff=1e-08
  Direction: left->right
  Direction: right->left
  Energy: -0.9817045511, Trunc err: 1.62e+00
Sweep 43, chi=4, cutoff=1e-08
  Direction: left->right
  Direction: right->left
  Energy: -0.9817045511, Trunc err: 1.62e+00
Sweep 44, chi=4, cutoff=1e-08
  Direction: left->right
  Direction: right->left
  Energy: -0.9817045511, Trunc err: 1.62e+00
Sweep 45, chi=4, cutoff=1e-08
  Direction: left->right
  Direction: right->left
  Energy: -0.9817045511, Trunc err: 1.62e+00
Sweep 46, chi=4, cutoff=1e-08
  Direction: left->right
  Direction: right->left
  Energy: -0.9817045511, Trunc err: 1.62e+00
Sweep 47, chi=4, cutoff=1e-08
  Direction: left->right
  Direction: right->left
  Energy: -0.9817045511, Trunc err: 1.62e+00
Sweep 48, chi=4, cutoff=1e-08
  Direction: left->right
  Direction: right->left
  Energy: -0.9817045511, Trunc err: 1.62e+00
Sweep 49, chi=4, cutoff=1e-08
  Direction: left->right
  Direction: right->left
  Energy: -0.9817045511, Trunc err: 1.62e+00
Sweep 50, chi=8, cutoff=1e-08
  Direction: left->right
  Direction: right->left
  Energy: -1.0191287350, Trunc err: 1.65e+00
Sweep 51, chi=8, cutoff=1e-08
  Direction: left->right
  Direction: right->left
  Energy: -1.0238519393, Trunc err: 1.71e+00
Sweep 52, chi=8, cutoff=1e-08
  Direction: left->right
  Direction: right->left
  Energy: -1.0240051783, Trunc err: 1.72e+00
Sweep 53, chi=8, cutoff=1e-08
  Direction: left->right
  Direction: right->left
  Energy: -1.0240251624, Trunc err: 1.72e+00
Sweep 54, chi=8, cutoff=1e-08
  Direction: left->right
  Direction: right->left
  Energy: -1.0240285824, Trunc err: 1.72e+00
Sweep 55, chi=8, cutoff=1e-08
  Direction: left->right
  Direction: right->left
  Energy: -1.0240292594, Trunc err: 1.72e+00
Sweep 56, chi=8, cutoff=1e-08
  Direction: left->right
  Direction: right->left
  Energy: -1.0240294074, Trunc err: 1.72e+00
Sweep 57, chi=8, cutoff=1e-08
  Direction: left->right
  Direction: right->left
  Energy: -1.0240294441, Trunc err: 1.72e+00
Sweep 58, chi=8, cutoff=1e-08
  Direction: left->right
  Direction: right->left
  Energy: -1.0240294559, Trunc err: 1.72e+00
Sweep 59, chi=8, cutoff=1e-08
  Direction: left->right
  Direction: right->left
  Energy: -1.0240294626, Trunc err: 1.72e+00
Sweep 60, chi=8, cutoff=1e-08
  Direction: left->right
  Direction: right->left
  Energy: -1.0240294689, Trunc err: 1.72e+00
Sweep 61, chi=8, cutoff=1e-08
  Direction: left->right
  Direction: right->left
  Energy: -1.0240294763, Trunc err: 1.72e+00
Sweep 62, chi=8, cutoff=1e-08
  Direction: left->right
  Direction: right->left
  Energy: -1.0240294853, Trunc err: 1.72e+00
Sweep 63, chi=8, cutoff=1e-08
  Direction: left->right
  Direction: right->left
  Energy: -1.0240294965, Trunc err: 1.72e+00
Sweep 64, chi=8, cutoff=1e-08
  Direction: left->right
  Direction: right->left
  Energy: -1.0240295105, Trunc err: 1.72e+00
Sweep 65, chi=8, cutoff=1e-08
  Direction: left->right
  Direction: right->left
  Energy: -1.0240295279, Trunc err: 1.72e+00
Sweep 66, chi=8, cutoff=1e-08
  Direction: left->right
  Direction: right->left
  Energy: -1.0240295495, Trunc err: 1.72e+00
Sweep 67, chi=8, cutoff=1e-08
  Direction: left->right
  Direction: right->left
  Energy: -1.0240295763, Trunc err: 1.72e+00
Sweep 68, chi=8, cutoff=1e-08
  Direction: left->right
  Direction: right->left
  Energy: -1.0240296095, Trunc err: 1.72e+00
Sweep 69, chi=8, cutoff=1e-08
  Direction: left->right
  Direction: right->left
  Energy: -1.0240296505, Trunc err: 1.72e+00
Sweep 70, chi=8, cutoff=1e-08
  Direction: left->right
  Direction: right->left
  Energy: -1.0240297012, Trunc err: 1.72e+00
Sweep 71, chi=8, cutoff=1e-08
  Direction: left->right
  Direction: right->left
  Energy: -1.0240297635, Trunc err: 1.72e+00
Sweep 72, chi=8, cutoff=1e-08
  Direction: left->right
  Direction: right->left
  Energy: -1.0240298400, Trunc err: 1.72e+00
Sweep 73, chi=8, cutoff=1e-08
  Direction: left->right
  Direction: right->left
  Energy: -1.0240299335, Trunc err: 1.72e+00
Sweep 74, chi=8, cutoff=1e-08
  Direction: left->right
  Direction: right->left
  Energy: -1.0240300471, Trunc err: 1.72e+00
Sweep 75, chi=8, cutoff=1e-08
  Direction: left->right
  Direction: right->left
  Energy: -1.0240301843, Trunc err: 1.72e+00
Sweep 76, chi=8, cutoff=1e-08
  Direction: left->right
  Direction: right->left
  Energy: -1.0240303486, Trunc err: 1.72e+00
Sweep 77, chi=8, cutoff=1e-08
  Direction: left->right
  Direction: right->left
  Energy: -1.0240305437, Trunc err: 1.72e+00
Sweep 78, chi=8, cutoff=1e-08
  Direction: left->right
  Direction: right->left
  Energy: -1.0240307725, Trunc err: 1.72e+00
Sweep 79, chi=8, cutoff=1e-08
  Direction: left->right
  Direction: right->left
  Energy: -1.0240310374, Trunc err: 1.72e+00
Sweep 80, chi=8, cutoff=1e-08
  Direction: left->right
  Direction: right->left
  Energy: -1.0240313393, Trunc err: 1.72e+00
Sweep 81, chi=8, cutoff=1e-08
  Direction: left->right
  Direction: right->left
  Energy: -1.0240316768, Trunc err: 1.72e+00
Sweep 82, chi=8, cutoff=1e-08
  Direction: left->right
  Direction: right->left
  Energy: -1.0240320464, Trunc err: 1.72e+00
Sweep 83, chi=8, cutoff=1e-08
  Direction: left->right
  Direction: right->left
  Energy: -1.0240324413, Trunc err: 1.72e+00
Sweep 84, chi=8, cutoff=1e-08
  Direction: left->right
  Direction: right->left
  Energy: -1.0240328525, Trunc err: 1.72e+00
Sweep 85, chi=8, cutoff=1e-08
  Direction: left->right
  Direction: right->left
  Energy: -1.0240332685, Trunc err: 1.72e+00
Sweep 86, chi=8, cutoff=1e-08
  Direction: left->right
  Direction: right->left
  Energy: -1.0240336770, Trunc err: 1.72e+00
Sweep 87, chi=8, cutoff=1e-08
  Direction: left->right
  Direction: right->left
  Energy: -1.0240340659, Trunc err: 1.72e+00
Sweep 88, chi=8, cutoff=1e-08
  Direction: left->right
  Direction: right->left
  Energy: -1.0240344245, Trunc err: 1.72e+00
Sweep 89, chi=8, cutoff=1e-08
  Direction: left->right
  Direction: right->left
  Energy: -1.0240347453, Trunc err: 1.72e+00
Sweep 90, chi=8, cutoff=1e-08
  Direction: left->right
  Direction: right->left
  Energy: -1.0240350239, Trunc err: 1.72e+00
Sweep 91, chi=8, cutoff=1e-08
  Direction: left->right
  Direction: right->left
  Energy: -1.0240352595, Trunc err: 1.72e+00
Sweep 92, chi=8, cutoff=1e-08
  Direction: left->right
  Direction: right->left
  Energy: -1.0240354531, Trunc err: 1.72e+00
Sweep 93, chi=8, cutoff=1e-08
  Direction: left->right
  Direction: right->left
  Energy: -1.0240356086, Trunc err: 1.72e+00
Sweep 94, chi=8, cutoff=1e-08
  Direction: left->right
  Direction: right->left
  Energy: -1.0240357310, Trunc err: 1.72e+00
Sweep 95, chi=8, cutoff=1e-08
  Direction: left->right
  Direction: right->left
  Energy: -1.0240358256, Trunc err: 1.72e+00
Sweep 96, chi=8, cutoff=1e-08
  Direction: left->right
  Direction: right->left
  Energy: -1.0240358975, Trunc err: 1.72e+00
Sweep 97, chi=8, cutoff=1e-08
  Direction: left->right
  Direction: right->left
  Energy: -1.0240359514, Trunc err: 1.72e+00
Sweep 98, chi=8, cutoff=1e-08
  Direction: left->right
  Direction: right->left
  Energy: -1.0240359913, Trunc err: 1.72e+00
Sweep 99, chi=8, cutoff=1e-08
  Direction: left->right
  Direction: right->left
  Energy: -1.0240360206, Trunc err: 1.72e+00
Sweep 100, chi=16, cutoff=1e-08
  Direction: left->right
  Direction: right->left
  Energy: -1.0448983691, Trunc err: 1.76e+00
Sweep 101, chi=16, cutoff=1e-08
  Direction: left->right
  Direction: right->left
  Energy: -1.0467409568, Trunc err: 1.82e+00
Sweep 102, chi=16, cutoff=1e-08
  Direction: left->right
  Direction: right->left
  Energy: -1.0468534068, Trunc err: 1.83e+00
Sweep 103, chi=16, cutoff=1e-08
  Direction: left->right
  Direction: right->left
  Energy: -1.0468691871, Trunc err: 1.83e+00
Sweep 104, chi=16, cutoff=1e-08
  Direction: left->right
  Direction: right->left
  Energy: -1.0468704269, Trunc err: 1.83e+00
Sweep 105, chi=16, cutoff=1e-08
  Direction: left->right
  Direction: right->left
  Energy: -1.0468670881, Trunc err: 1.83e+00
Sweep 106, chi=16, cutoff=1e-08
  Direction: left->right
  Direction: right->left
  Energy: -1.0468654256, Trunc err: 1.83e+00
Sweep 107, chi=16, cutoff=1e-08
  Direction: left->right
  Direction: right->left
  Energy: -1.0468650288, Trunc err: 1.83e+00
Sweep 108, chi=16, cutoff=1e-08
  Direction: left->right
  Direction: right->left
  Energy: -1.0468647839, Trunc err: 1.83e+00
Sweep 109, chi=16, cutoff=1e-08
  Direction: left->right
  Direction: right->left
  Energy: -1.0468646036, Trunc err: 1.83e+00
Sweep 110, chi=16, cutoff=1e-08
  Direction: left->right
  Direction: right->left
  Energy: -1.0468644751, Trunc err: 1.83e+00
Sweep 111, chi=16, cutoff=1e-08
  Direction: left->right
  Direction: right->left
  Energy: -1.0468643867, Trunc err: 1.83e+00
Sweep 112, chi=16, cutoff=1e-08
  Direction: left->right
  Direction: right->left
  Energy: -1.0468643261, Trunc err: 1.83e+00
Sweep 113, chi=16, cutoff=1e-08
  Direction: left->right
  Direction: right->left
  Energy: -1.0468642849, Trunc err: 1.83e+00
Sweep 114, chi=16, cutoff=1e-08
  Direction: left->right
  Direction: right->left
  Energy: -1.0468642566, Trunc err: 1.83e+00
Sweep 115, chi=16, cutoff=1e-08
  Direction: left->right
  Direction: right->left
  Energy: -1.0468642370, Trunc err: 1.83e+00
Sweep 116, chi=16, cutoff=1e-08
  Direction: left->right
  Direction: right->left
  Energy: -1.0468642235, Trunc err: 1.83e+00
Sweep 117, chi=16, cutoff=1e-08
  Direction: left->right
  Direction: right->left
  Energy: -1.0468642144, Trunc err: 1.83e+00
Sweep 118, chi=16, cutoff=1e-08
  Direction: left->right
  Direction: right->left
  Energy: -1.0468642078, Trunc err: 1.83e+00
Sweep 119, chi=16, cutoff=1e-08
  Direction: left->right
  Direction: right->left
  Energy: -1.0468642032, Trunc err: 1.83e+00
Sweep 120, chi=32, cutoff=1e-08
  Direction: left->right
  Direction: right->left
  Energy: -1.0490770393, Trunc err: 1.86e+00
Sweep 121, chi=32, cutoff=1e-08
  Direction: left->right
  Direction: right->left
  Energy: -1.0491372416, Trunc err: 1.87e+00
Sweep 122, chi=32, cutoff=1e-08
  Direction: left->right
  Direction: right->left
  Energy: -1.0491449487, Trunc err: 1.88e+00
Sweep 123, chi=32, cutoff=1e-08
  Direction: left->right
  Direction: right->left
  Energy: -1.0491477421, Trunc err: 1.88e+00
Sweep 124, chi=32, cutoff=1e-08
  Direction: left->right
  Direction: right->left
  Energy: -1.0491490474, Trunc err: 1.88e+00
Sweep 125, chi=32, cutoff=1e-08
  Direction: left->right
  Direction: right->left
  Energy: -1.0491494934, Trunc err: 1.88e+00
Sweep 126, chi=32, cutoff=1e-08
  Direction: left->right
  Direction: right->left
  Energy: -1.0491496539, Trunc err: 1.88e+00
Sweep 127, chi=32, cutoff=1e-08
  Direction: left->right
  Direction: right->left
  Energy: -1.0491497490, Trunc err: 1.88e+00
Sweep 128, chi=32, cutoff=1e-08
  Direction: left->right
  Direction: right->left
  Energy: -1.0491498420, Trunc err: 1.88e+00
Sweep 129, chi=32, cutoff=1e-08
  Direction: left->right
  Direction: right->left
  Energy: -1.0491499690, Trunc err: 1.88e+00
