           1.819e+00            2.857e-02            1.571e-02             3.18e-03
           1.819e+00            1.332e-02            7.326e-03             6.94e-03
           1.819e+00            1.486e-02            8.168e-03             5.81e-03
           1.819e+00            1.386e-02            7.624e-03             6.56e-03
           1.819e+00            3.907e-03            2.149e-03             8.68e-03
           1.819e+00            1.821e-03            1.001e-03             9.61e-03
           1.819e+00            8.158e-04            4.486e-04             1.16e-02
           1.819e+00            2.538e-04            1.396e-04             1.48e-02
           1.819e+00            1.807e-04            9.935e-05             1.76e-02
           1.819e+00            6.958e-05            3.826e-05             2.03e-02
           1.819e+00            6.190e-05            3.403e-05             2.47e-02
           1.819e+00            2.882e-05            1.584e-05             2.38e-02
           1.819e+00            1.798e-05            9.887e-06             3.00e-02
           1.819e+00            1.189e-05            6.540e-06             3.35e-02
           1.819e+00            4.327e-06            2.379e-06             3.59e-02
           1.819e+00            2.608e-06            1.434e-06             5.12e-02
           1.819e+00            1.528e-06            8.400e-07             5.01e-02
           1.819e+00            9.207e-07            5.063e-07             6.13e-02
           1.819e+00            4.466e-07            2.456e-07             5.43e-02
           1.819e+00            1.535e-07            8.439e-08             5.81e-02
           1.819e+00            1.193e-07            6.562e-08             7.04e-02
           1.819e+00            7.816e-08            4.298e-08             7.80e-02
           1.819e+00            4.919e-08            2.705e-08             1.03e-01
           1.819e+00            3.370e-08            1.853e-08             9.70e-02
           1.819e+00            1.298e-08            7.139e-09             1.12e-01
           1.819e+00            1.157e-01            6.363e-02             2.94e-03
           1.819e+00            3.547e-02            1.950e-02             6.82e-03
           1.819e+00            1.670e-02            9.181e-03             5.13e-03
           1.819e+00            1.288e-02            7.082e-03             6.25e-03
           1.819e+00            5.756e-03            3.165e-03             9.12e-03
           1.819e+00            1.577e-03            8.673e-04             1.17e-02
           1.819e+00            1.208e-03            6.642e-04             1.09e-02
           1.819e+00            2.808e-04            1.544e-04             1.29e-02
           1.819e+00            1.601e-04            8.804e-05             1.60e-02
           1.819e+00            1.045e-04            5.748e-05             1.74e-02
           1.819e+00            5.636e-05            3.099e-05             1.98e-02
           1.819e+00            2.313e-05            1.272e-05             2.24e-02
           1.819e+00            1.475e-05            8.109e-06             3.20e-02
           1.819e+00            1.076e-05            5.916e-06             3.42e-02
           1.819e+00            6.245e-06            3.434e-06             3.60e-02
           1.819e+00            2.176e-06            1.196e-06             4.64e-02
           1.819e+00            1.474e-06            8.103e-07             4.77e-02
           1.819e+00            7.360e-07            4.047e-07             5.35e-02
           1.819e+00            4.117e-07            2.264e-07             5.93e-02
           1.819e+00            2.272e-07            1.249e-07             6.23e-02
           1.819e+00            1.699e-07            9.339e-08             6.85e-02
           1.819e+00            5.300e-08            2.914e-08             8.63e-02
           1.819e+00            5.076e-08            2.791e-08             8.97e-02
           1.819e+00            1.841e-08            1.013e-08             9.74e-02
           1.819e+00            1.752e-08            9.632e-09             1.04e-01
xmax = 20
xshift = -20
dx = 0.6349206349206349
len of Hint: 18
len of H: 18
Sweep 0, chi=2, cutoff=1e-08
  Direction: left->right
  Direction: right->left
  Energy: -0.1994429706, Trunc err: 1.02e+00
Sweep 1, chi=2, cutoff=1e-08
  Direction: left->right
  Direction: right->left
  Energy: -0.2001433620, Trunc err: 1.03e+00
Sweep 2, chi=2, cutoff=1e-08
  Direction: left->right
  Direction: right->left
  Energy: -0.2015022461, Trunc err: 1.03e+00
Sweep 3, chi=2, cutoff=1e-08
  Direction: left->right
  Direction: right->left
  Energy: -0.1995036419, Trunc err: 1.03e+00
Sweep 4, chi=2, cutoff=1e-08
  Direction: left->right
  Direction: right->left
  Energy: -0.2002309004, Trunc err: 1.03e+00
Sweep 5, chi=2, cutoff=1e-08
  Direction: left->right
  Direction: right->left
  Energy: -0.2002654517, Trunc err: 1.03e+00
Sweep 6, chi=2, cutoff=1e-08
  Direction: left->right
  Direction: right->left
  Energy: -0.1993836996, Trunc err: 1.03e+00
Sweep 7, chi=2, cutoff=1e-08
  Direction: left->right
  Direction: right->left
  Energy: -0.2008645751, Trunc err: 1.03e+00
Sweep 8, chi=2, cutoff=1e-08
  Direction: left->right
  Direction: right->left
  Energy: -0.1986352256, Trunc err: 1.03e+00
Sweep 9, chi=2, cutoff=1e-08
  Direction: left->right
  Direction: right->left
  Energy: -0.2007355514, Trunc err: 1.03e+00
Sweep 10, chi=4, cutoff=1e-08
  Direction: left->right
  Direction: right->left
  Energy: -0.3235190304, Trunc err: 1.14e+00
Sweep 11, chi=4, cutoff=1e-08
  Direction: left->right
  Direction: right->left
  Energy: -0.5263801193, Trunc err: 1.32e+00
Sweep 12, chi=4, cutoff=1e-08
  Direction: left->right
  Direction: right->left
  Energy: -0.8255149726, Trunc err: 1.47e+00
Sweep 13, chi=4, cutoff=1e-08
  Direction: left->right
  Direction: right->left
  Energy: -1.0395475370, Trunc err: 1.57e+00
Sweep 14, chi=4, cutoff=1e-08
  Direction: left->right
  Direction: right->left
  Energy: -1.1061667163, Trunc err: 1.62e+00
Sweep 15, chi=4, cutoff=1e-08
  Direction: left->right
  Direction: right->left
  Energy: -1.1242373926, Trunc err: 1.65e+00
Sweep 16, chi=4, cutoff=1e-08
  Direction: left->right
  Direction: right->left
  Energy: -1.1291319518, Trunc err: 1.65e+00
Sweep 17, chi=4, cutoff=1e-08
  Direction: left->right
  Direction: right->left
  Energy: -1.1303261824, Trunc err: 1.66e+00
Sweep 18, chi=4, cutoff=1e-08
  Direction: left->right
  Direction: right->left
  Energy: -1.1306096179, Trunc err: 1.66e+00
Sweep 19, chi=4, cutoff=1e-08
  Direction: left->right
  Direction: right->left
  Energy: -1.1306839384, Trunc err: 1.66e+00
Sweep 20, chi=4, cutoff=1e-08
  Direction: left->right
  Direction: right->left
  Energy: -1.1307041282, Trunc err: 1.66e+00
Sweep 21, chi=4, cutoff=1e-08
  Direction: left->right
  Direction: right->left
  Energy: -1.1307096976, Trunc err: 1.66e+00
Sweep 22, chi=4, cutoff=1e-08
  Direction: left->right
  Direction: right->left
  Energy: -1.1307112423, Trunc err: 1.66e+00
Sweep 23, chi=4, cutoff=1e-08
  Direction: left->right
  Direction: right->left
  Energy: -1.1307116529, Trunc err: 1.66e+00
Sweep 24, chi=4, cutoff=1e-08
  Direction: left->right
  Direction: right->left
  Energy: -1.1307117494, Trunc err: 1.66e+00
Sweep 25, chi=4, cutoff=1e-08
  Direction: left->right
  Direction: right->left
  Energy: -1.1307117651, Trunc err: 1.66e+00
Sweep 26, chi=4, cutoff=1e-08
  Direction: left->right
  Direction: right->left
  Energy: -1.1307117637, Trunc err: 1.66e+00
Sweep 27, chi=4, cutoff=1e-08
  Direction: left->right
  Direction: right->left
  Energy: -1.1307117604, Trunc err: 1.66e+00
Sweep 28, chi=4, cutoff=1e-08
  Direction: left->right
  Direction: right->left
  Energy: -1.1307117582, Trunc err: 1.66e+00
Sweep 29, chi=4, cutoff=1e-08
  Direction: left->right
  Direction: right->left
  Energy: -1.1307117570, Trunc err: 1.66e+00
Sweep 30, chi=4, cutoff=1e-08
  Direction: left->right
  Direction: right->left
  Energy: -1.1307117565, Trunc err: 1.66e+00
Sweep 31, chi=4, cutoff=1e-08
  Direction: left->right
  Direction: right->left
  Energy: -1.1307117563, Trunc err: 1.66e+00
Sweep 32, chi=4, cutoff=1e-08
  Direction: left->right
  Direction: right->left
  Energy: -1.1307117563, Trunc err: 1.66e+00
Sweep 33, chi=4, cutoff=1e-08
  Direction: left->right
  Direction: right->left
  Energy: -1.1307117563, Trunc err: 1.66e+00
Sweep 34, chi=4, cutoff=1e-08
  Direction: left->right
  Direction: right->left
  Energy: -1.1307117564, Trunc err: 1.66e+00
Sweep 35, chi=4, cutoff=1e-08
  Direction: left->right
  Direction: right->left
  Energy: -1.1307117564, Trunc err: 1.66e+00
Sweep 36, chi=4, cutoff=1e-08
  Direction: left->right
  Direction: right->left
  Energy: -1.1307117564, Trunc err: 1.66e+00
Sweep 37, chi=4, cutoff=1e-08
  Direction: left->right
  Direction: right->left
  Energy: -1.1307117565, Trunc err: 1.66e+00
Sweep 38, chi=4, cutoff=1e-08
  Direction: left->right
  Direction: right->left
  Energy: -1.1307117565, Trunc err: 1.66e+00
Sweep 39, chi=4, cutoff=1e-08
  Direction: left->right
  Direction: right->left
  Energy: -1.1307117565, Trunc err: 1.66e+00
Sweep 40, chi=4, cutoff=1e-08
  Direction: left->right
  Direction: right->left
  Energy: -1.1307117565, Trunc err: 1.66e+00
Sweep 41, chi=4, cutoff=1e-08
  Direction: left->right
  Direction: right->left
  Energy: -1.1307117565, Trunc err: 1.66e+00
Sweep 42, chi=4, cutoff=1e-08
  Direction: left->right
  Direction: right->left
  Energy: -1.1307117565, Trunc err: 1.66e+00
Sweep 43, chi=4, cutoff=1e-08
  Direction: left->right
  Direction: right->left
  Energy: -1.1307117565, Trunc err: 1.66e+00
Sweep 44, chi=4, cutoff=1e-08
  Direction: left->right
  Direction: right->left
  Energy: -1.1307117565, Trunc err: 1.66e+00
Sweep 45, chi=4, cutoff=1e-08
  Direction: left->right
  Direction: right->left
  Energy: -1.1307117565, Trunc err: 1.66e+00
Sweep 46, chi=4, cutoff=1e-08
  Direction: left->right
  Direction: right->left
  Energy: -1.1307117565, Trunc err: 1.66e+00
Sweep 47, chi=4, cutoff=1e-08
  Direction: left->right
  Direction: right->left
  Energy: -1.1307117565, Trunc err: 1.66e+00
Sweep 48, chi=4, cutoff=1e-08
  Direction: left->right
  Direction: right->left
  Energy: -1.1307117565, Trunc err: 1.66e+00
Sweep 49, chi=4, cutoff=1e-08
  Direction: left->right
  Direction: right->left
  Energy: -1.1307117565, Trunc err: 1.66e+00
Sweep 50, chi=8, cutoff=1e-08
  Direction: left->right
  Direction: right->left
  Energy: -1.1763136839, Trunc err: 1.70e+00
Sweep 51, chi=8, cutoff=1e-08
  Direction: left->right
  Direction: right->left
  Energy: -1.1807733084, Trunc err: 1.76e+00
Sweep 52, chi=8, cutoff=1e-08
  Direction: left->right
  Direction: right->left
  Energy: -1.1808748887, Trunc err: 1.77e+00
Sweep 53, chi=8, cutoff=1e-08
  Direction: left->right
  Direction: right->left
  Energy: -1.1808841671, Trunc err: 1.77e+00
Sweep 54, chi=8, cutoff=1e-08
  Direction: left->right
  Direction: right->left
  Energy: -1.1808854772, Trunc err: 1.77e+00
Sweep 55, chi=8, cutoff=1e-08
  Direction: left->right
  Direction: right->left
  Energy: -1.1808856897, Trunc err: 1.77e+00
Sweep 56, chi=8, cutoff=1e-08
  Direction: left->right
  Direction: right->left
  Energy: -1.1808857290, Trunc err: 1.77e+00
Sweep 57, chi=8, cutoff=1e-08
  Direction: left->right
  Direction: right->left
  Energy: -1.1808857369, Trunc err: 1.77e+00
Sweep 58, chi=8, cutoff=1e-08
  Direction: left->right
  Direction: right->left
  Energy: -1.1808857386, Trunc err: 1.77e+00
Sweep 59, chi=8, cutoff=1e-08
  Direction: left->right
  Direction: right->left
  Energy: -1.1808857390, Trunc err: 1.77e+00
Sweep 60, chi=8, cutoff=1e-08
  Direction: left->right
  Direction: right->left
  Energy: -1.1808857391, Trunc err: 1.77e+00
Sweep 61, chi=8, cutoff=1e-08
  Direction: left->right
  Direction: right->left
  Energy: -1.1808857391, Trunc err: 1.77e+00
Sweep 62, chi=8, cutoff=1e-08
  Direction: left->right
  Direction: right->left
  Energy: -1.1808857391, Trunc err: 1.77e+00
Sweep 63, chi=8, cutoff=1e-08
  Direction: left->right
  Direction: right->left
  Energy: -1.1808857391, Trunc err: 1.77e+00
Sweep 64, chi=8, cutoff=1e-08
  Direction: left->right
  Direction: right->left
  Energy: -1.1808857391, Trunc err: 1.77e+00
Sweep 65, chi=8, cutoff=1e-08
  Direction: left->right
  Direction: right->left
  Energy: -1.1808857391, Trunc err: 1.77e+00
Sweep 66, chi=8, cutoff=1e-08
  Direction: left->right
  Direction: right->left
  Energy: -1.1808857391, Trunc err: 1.77e+00
Sweep 67, chi=8, cutoff=1e-08
  Direction: left->right
  Direction: right->left
  Energy: -1.1808857391, Trunc err: 1.77e+00
Sweep 68, chi=8, cutoff=1e-08
  Direction: left->right
  Direction: right->left
  Energy: -1.1808857391, Trunc err: 1.77e+00
Sweep 69, chi=8, cutoff=1e-08
  Direction: left->right
  Direction: right->left
  Energy: -1.1808857391, Trunc err: 1.77e+00
Sweep 70, chi=8, cutoff=1e-08
  Direction: left->right
  Direction: right->left
  Energy: -1.1808857391, Trunc err: 1.77e+00
Sweep 71, chi=8, cutoff=1e-08
  Direction: left->right
  Direction: right->left
  Energy: -1.1808857391, Trunc err: 1.77e+00
Sweep 72, chi=8, cutoff=1e-08
  Direction: left->right
  Direction: right->left
  Energy: -1.1808857391, Trunc err: 1.77e+00
Sweep 73, chi=8, cutoff=1e-08
  Direction: left->right
  Direction: right->left
  Energy: -1.1808857391, Trunc err: 1.77e+00
Sweep 74, chi=8, cutoff=1e-08
  Direction: left->right
  Direction: right->left
  Energy: -1.1808857391, Trunc err: 1.77e+00
Sweep 75, chi=8, cutoff=1e-08
  Direction: left->right
  Direction: right->left
  Energy: -1.1808857391, Trunc err: 1.77e+00
Sweep 76, chi=8, cutoff=1e-08
  Direction: left->right
  Direction: right->left
  Energy: -1.1808857391, Trunc err: 1.77e+00
Sweep 77, chi=8, cutoff=1e-08
  Direction: left->right
  Direction: right->left
  Energy: -1.1808857391, Trunc err: 1.77e+00
Sweep 78, chi=8, cutoff=1e-08
  Direction: left->right
  Direction: right->left
  Energy: -1.1808857391, Trunc err: 1.77e+00
Sweep 79, chi=8, cutoff=1e-08
  Direction: left->right
  Direction: right->left
  Energy: -1.1808857391, Trunc err: 1.77e+00
Sweep 80, chi=8, cutoff=1e-08
  Direction: left->right
  Direction: right->left
  Energy: -1.1808857391, Trunc err: 1.77e+00
Sweep 81, chi=8, cutoff=1e-08
  Direction: left->right
  Direction: right->left
  Energy: -1.1808857391, Trunc err: 1.77e+00
Sweep 82, chi=8, cutoff=1e-08
  Direction: left->right
  Direction: right->left
  Energy: -1.1808857391, Trunc err: 1.77e+00
Sweep 83, chi=8, cutoff=1e-08
  Direction: left->right
  Direction: right->left
  Energy: -1.1808857391, Trunc err: 1.77e+00
Sweep 84, chi=8, cutoff=1e-08
  Direction: left->right
  Direction: right->left
  Energy: -1.1808857391, Trunc err: 1.77e+00
Sweep 85, chi=8, cutoff=1e-08
  Direction: left->right
  Direction: right->left
  Energy: -1.1808857391, Trunc err: 1.77e+00
Sweep 86, chi=8, cutoff=1e-08
  Direction: left->right
  Direction: right->left
  Energy: -1.1808857391, Trunc err: 1.77e+00
Sweep 87, chi=8, cutoff=1e-08
  Direction: left->right
  Direction: right->left
  Energy: -1.1808857391, Trunc err: 1.77e+00
Sweep 88, chi=8, cutoff=1e-08
  Direction: left->right
  Direction: right->left
  Energy: -1.1808857391, Trunc err: 1.77e+00
Sweep 89, chi=8, cutoff=1e-08
  Direction: left->right
  Direction: right->left
  Energy: -1.1808857391, Trunc err: 1.77e+00
Sweep 90, chi=8, cutoff=1e-08
  Direction: left->right
  Direction: right->left
  Energy: -1.1808857391, Trunc err: 1.77e+00
Sweep 91, chi=8, cutoff=1e-08
  Direction: left->right
  Direction: right->left
  Energy: -1.1808857391, Trunc err: 1.77e+00
Sweep 92, chi=8, cutoff=1e-08
  Direction: left->right
  Direction: right->left
  Energy: -1.1808857391, Trunc err: 1.77e+00
Sweep 93, chi=8, cutoff=1e-08
  Direction: left->right
  Direction: right->left
  Energy: -1.1808857391, Trunc err: 1.77e+00
Sweep 94, chi=8, cutoff=1e-08
  Direction: left->right
  Direction: right->left
  Energy: -1.1808857391, Trunc err: 1.77e+00
Sweep 95, chi=8, cutoff=1e-08
  Direction: left->right
  Direction: right->left
  Energy: -1.1808857391, Trunc err: 1.77e+00
Sweep 96, chi=8, cutoff=1e-08
  Direction: left->right
  Direction: right->left
  Energy: -1.1808857391, Trunc err: 1.77e+00
Sweep 97, chi=8, cutoff=1e-08
  Direction: left->right
  Direction: right->left
  Energy: -1.1808857391, Trunc err: 1.77e+00
Sweep 98, chi=8, cutoff=1e-08
  Direction: left->right
  Direction: right->left
  Energy: -1.1808857391, Trunc err: 1.77e+00
Sweep 99, chi=8, cutoff=1e-08
  Direction: left->right
  Direction: right->left
  Energy: -1.1808857391, Trunc err: 1.77e+00
Sweep 100, chi=16, cutoff=1e-08
  Direction: left->right
  Direction: right->left
  Energy: -1.2063927285, Trunc err: 1.81e+00
Sweep 101, chi=16, cutoff=1e-08
  Direction: left->right
  Direction: right->left
  Energy: -1.2082884196, Trunc err: 1.87e+00
Sweep 102, chi=16, cutoff=1e-08
  Direction: left->right
  Direction: right->left
  Energy: -1.2084034510, Trunc err: 1.88e+00
Sweep 103, chi=16, cutoff=1e-08
  Direction: left->right
  Direction: right->left
  Energy: -1.2084529322, Trunc err: 1.88e+00
Sweep 104, chi=16, cutoff=1e-08
  Direction: left->right
  Direction: right->left
  Energy: -1.2084926194, Trunc err: 1.88e+00
Sweep 105, chi=16, cutoff=1e-08
  Direction: left->right
  Direction: right->left
  Energy: -1.2085313601, Trunc err: 1.88e+00
Sweep 106, chi=16, cutoff=1e-08
  Direction: left->right
  Direction: right->left
  Energy: -1.2085630887, Trunc err: 1.88e+00
Sweep 107, chi=16, cutoff=1e-08
  Direction: left->right
  Direction: right->left
  Energy: -1.2085816862, Trunc err: 1.88e+00
Sweep 108, chi=16, cutoff=1e-08
  Direction: left->right
  Direction: right->left
  Energy: -1.2085895938, Trunc err: 1.88e+00
Sweep 109, chi=16, cutoff=1e-08
  Direction: left->right
  Direction: right->left
  Energy: -1.2085922081, Trunc err: 1.88e+00
Sweep 110, chi=16, cutoff=1e-08
  Direction: left->right
  Direction: right->left
  Energy: -1.2085929317, Trunc err: 1.88e+00
Sweep 111, chi=16, cutoff=1e-08
  Direction: left->right
  Direction: right->left
  Energy: -1.2085931045, Trunc err: 1.88e+00
Sweep 112, chi=16, cutoff=1e-08
  Direction: left->right
  Direction: right->left
  Energy: -1.2085931349, Trunc err: 1.88e+00
Sweep 113, chi=16, cutoff=1e-08
  Direction: left->right
  Direction: right->left
  Energy: -1.2085931330, Trunc err: 1.88e+00
Sweep 114, chi=16, cutoff=1e-08
  Direction: left->right
  Direction: right->left
  Energy: -1.2085931263, Trunc err: 1.88e+00
Sweep 115, chi=16, cutoff=1e-08
  Direction: left->right
  Direction: right->left
  Energy: -1.2085931207, Trunc err: 1.88e+00
Sweep 116, chi=16, cutoff=1e-08
  Direction: left->right
  Direction: right->left
  Energy: -1.2085931172, Trunc err: 1.88e+00
Sweep 117, chi=16, cutoff=1e-08
  Direction: left->right
  Direction: right->left
  Energy: -1.2085931150, Trunc err: 1.88e+00
Sweep 118, chi=16, cutoff=1e-08
  Direction: left->right
  Direction: right->left
  Energy: -1.2085931140, Trunc err: 1.88e+00
Sweep 119, chi=16, cutoff=1e-08
  Direction: left->right
  Direction: right->left
  Energy: -1.2085931134, Trunc err: 1.88e+00
Sweep 120, chi=32, cutoff=1e-08
  Direction: left->right
  Direction: right->left
  Energy: -1.2118679624, Trunc err: 1.91e+00
Sweep 121, chi=32, cutoff=1e-08
  Direction: left->right
  Direction: right->left
  Energy: -1.2119683452, Trunc err: 1.93e+00
Sweep 122, chi=32, cutoff=1e-08
  Direction: left->right
  Direction: right->left
  Energy: -1.2119818527, Trunc err: 1.94e+00
Sweep 123, chi=32, cutoff=1e-08
  Direction: left->right
  Direction: right->left
  Energy: -1.2119922071, Trunc err: 1.94e+00
Sweep 124, chi=32, cutoff=1e-08
  Direction: left->right
  Direction: right->left
  Energy: -1.2119952658, Trunc err: 1.94e+00
Sweep 125, chi=32, cutoff=1e-08
  Direction: left->right
  Direction: right->left
  Energy: -1.2119960943, Trunc err: 1.94e+00
Sweep 126, chi=32, cutoff=1e-08
  Direction: left->right
  Direction: right->left
  Energy: -1.2119963549, Trunc err: 1.94e+00
Sweep 127, chi=32, cutoff=1e-08
  Direction: left->right
  Direction: right->left
  Energy: -1.2119964377, Trunc err: 1.94e+00
Sweep 128, chi=32, cutoff=1e-08
  Direction: left->right
  Direction: right->left
  Energy: -1.2119964646, Trunc err: 1.94e+00
Sweep 129, chi=32, cutoff=1e-08
  Direction: left->right
  Direction: right->left
  Energy: -1.2119965197, Trunc err: 1.94e+00
