           7.332e+00            4.812e-01            6.562e-02             4.31e-03
           7.332e+00            1.249e-01            1.703e-02             3.32e-02
           7.332e+00            6.418e-02            8.752e-03             5.54e-02
           7.332e+00            3.621e-02            4.939e-03             5.93e-02
           7.332e+00            1.326e-02            1.808e-03             9.70e-02
           7.332e+00            7.923e-03            1.081e-03             3.22e-02
           7.332e+00            5.106e-03            6.964e-04             8.42e-02
           7.332e+00            1.673e-03            2.281e-04             1.10e-01
           7.332e+00            1.100e-03            1.501e-04             1.10e-01
           7.332e+00            6.236e-04            8.505e-05             1.96e-01
           7.332e+00            4.287e-04            5.847e-05             2.38e-01
           7.332e+00            2.709e-04            3.695e-05             2.29e-01
           7.332e+00            1.255e-04            1.712e-05             2.22e-01
           7.332e+00            8.725e-05            1.190e-05             3.26e-01
           7.332e+00            5.171e-05            7.053e-06             3.65e-01
           7.332e+00            2.313e-05            3.154e-06             3.20e-01
           7.332e+00            1.781e-05            2.429e-06             4.26e-01
           7.332e+00            1.335e-05            1.820e-06             6.44e-01
           7.332e+00            5.738e-06            7.826e-07             5.86e-01
           7.332e+00            3.741e-06            5.102e-07             4.93e-01
           7.332e+00            2.072e-06            2.826e-07             5.44e-01
           7.332e+00            1.005e-06            1.371e-07             5.85e-01
           7.332e+00            9.237e-07            1.260e-07             7.67e-01
           7.332e+00            5.103e-07            6.960e-08             7.65e-01
           7.332e+00            3.526e-07            4.809e-08             1.04e+00
           7.332e+00            2.434e-07            3.320e-08             1.23e+00
           7.332e+00            1.887e-07            2.574e-08             1.43e+00
           7.332e+00            1.182e-07            1.612e-08             1.82e+00
           7.332e+00            6.331e-08            8.635e-09             2.07e+00
           7.332e+00            5.450e-02            7.433e-03             4.22e-03
           7.332e+00            1.173e-01            1.600e-02             3.86e-02
           7.332e+00            6.007e-02            8.192e-03             6.67e-02
           7.332e+00            3.606e-02            4.918e-03             8.55e-02
           7.332e+00            1.037e-02            1.414e-03             9.91e-02
           7.332e+00            1.190e-02            1.623e-03             1.39e-01
           7.332e+00            4.400e-03            6.001e-04             1.59e-01
           7.332e+00            2.074e-03            2.829e-04             1.73e-01
           7.332e+00            9.186e-04            1.253e-04             2.04e-01
           7.332e+00            6.633e-04            9.047e-05             2.70e-01
           7.332e+00            4.779e-04            6.517e-05             3.11e-01
           7.332e+00            3.309e-04            4.512e-05             3.05e-01
           7.332e+00            1.450e-04            1.977e-05             2.90e-01
           7.332e+00            9.545e-05            1.302e-05             4.18e-01
           7.332e+00            5.604e-05            7.643e-06             5.17e-01
           7.332e+00            2.907e-05            3.965e-06             6.83e-01
           7.332e+00            1.698e-05            2.316e-06             5.28e-01
           7.332e+00            1.108e-05            1.511e-06             4.57e-01
           7.332e+00            5.787e-06            7.892e-07             6.22e-01
           7.332e+00            3.387e-06            4.619e-07             7.13e-01
           7.332e+00            1.636e-06            2.232e-07             9.13e-01
           7.332e+00            1.527e-06            2.083e-07             8.85e-01
           7.332e+00            8.268e-07            1.128e-07             8.69e-01
           7.332e+00            5.098e-07            6.953e-08             9.26e-01
           7.332e+00            3.938e-07            5.370e-08             1.09e+00
           7.332e+00            4.252e-07            5.799e-08             1.39e+00
           7.332e+00            1.513e-07            2.064e-08             2.10e+00
           7.332e+00            1.160e-07            1.581e-08             2.29e+00
           7.332e+00            5.450e-08            7.433e-09             2.59e+00
           7.332e+00            1.800e-01            2.454e-02             3.27e-02
           7.332e+00            7.236e-01            9.869e-02             1.74e-01
           7.332e+00            8.633e-01            1.177e-01             2.28e-01
           7.332e+00            9.823e-01            1.340e-01             3.05e-01
           7.332e+00            8.633e-01            1.177e-01             3.73e-01
           7.332e+00            8.631e-01            1.177e-01             5.97e-01
           7.332e+00            6.995e-01            9.539e-02             7.85e-01
           7.332e+00            2.110e-01            2.878e-02             8.40e-01
           7.332e+00            2.025e-01            2.762e-02             9.49e-01
           7.332e+00            1.301e-01            1.775e-02             1.22e+00
           7.332e+00            7.479e-02            1.020e-02             1.52e+00
           7.332e+00            5.847e-02            7.974e-03             1.61e+00
           7.332e+00            5.523e-02            7.532e-03             1.67e+00
           7.332e+00            1.905e-02            2.599e-03             1.75e+00
           7.332e+00            1.804e-02            2.460e-03             2.66e+00
           7.332e+00            1.163e-02            1.586e-03             2.50e+00
           7.332e+00            8.907e-03            1.215e-03             2.30e+00
           7.332e+00            4.157e-03            5.670e-04             2.73e+00
           7.332e+00            3.711e-03            5.062e-04             2.90e+00
           7.332e+00            3.399e-03            4.636e-04             3.13e+00
           7.332e+00            1.920e-03            2.618e-04             3.57e+00
           7.332e+00            1.529e-03            2.085e-04             3.09e+00
           7.332e+00            1.445e-03            1.971e-04             3.86e+00
           7.332e+00            1.019e-03            1.390e-04             3.20e+00
           7.332e+00            4.708e-04            6.420e-05             4.98e+00
           7.332e+00            2.648e-04            3.611e-05             4.26e+00
           7.332e+00            1.825e-04            2.489e-05             4.38e+00
           7.332e+00            1.476e-04            2.013e-05             4.11e+00
           7.332e+00            9.433e-05            1.287e-05             9.42e+00
           7.332e+00            7.594e-05            1.036e-05             2.76e+00
           7.332e+00            7.561e-05            1.031e-05             8.39e+00
           7.332e+00            5.803e-05            7.915e-06             1.09e+01
           7.332e+00            3.857e-05            5.260e-06             1.04e+01
           7.332e+00            2.668e-05            3.639e-06             1.03e+01
           7.332e+00            1.672e-05            2.281e-06             1.64e+01
           7.332e+00            1.169e-05            1.595e-06             1.84e+01
           7.332e+00            1.012e-05            1.380e-06             1.69e+01
           7.332e+00            7.608e-06            1.038e-06             1.73e+01
           7.332e+00            6.515e-06            8.885e-07             2.90e+01
           7.332e+00            5.730e-06            7.814e-07             2.91e+01
xmax = 10
xshift = -10
dx = 0.15748031496062992
len of Hint: 21
len of H: 21
Sweep 0, chi=2, cutoff=1e-08
  Direction: left->right
  Direction: right->left
  Energy: -0.3566704481, Trunc err: 1.01e+00
Sweep 1, chi=2, cutoff=1e-08
  Direction: left->right
  Direction: right->left
  Energy: -0.3784279665, Trunc err: 1.01e+00
Sweep 2, chi=2, cutoff=1e-08
  Direction: left->right
  Direction: right->left
  Energy: -0.3822781161, Trunc err: 1.01e+00
Sweep 3, chi=2, cutoff=1e-08
  Direction: left->right
  Direction: right->left
  Energy: -0.3845971726, Trunc err: 1.01e+00
Sweep 4, chi=2, cutoff=1e-08
  Direction: left->right
  Direction: right->left
  Energy: -0.3848877090, Trunc err: 1.01e+00
Sweep 5, chi=2, cutoff=1e-08
  Direction: left->right
  Direction: right->left
  Energy: -0.3849907226, Trunc err: 1.01e+00
Sweep 6, chi=2, cutoff=1e-08
  Direction: left->right
  Direction: right->left
  Energy: -0.3850148326, Trunc err: 1.01e+00
Sweep 7, chi=2, cutoff=1e-08
  Direction: left->right
  Direction: right->left
  Energy: -0.3850419572, Trunc err: 1.01e+00
Sweep 8, chi=2, cutoff=1e-08
  Direction: left->right
  Direction: right->left
  Energy: -0.3850467029, Trunc err: 1.01e+00
Sweep 9, chi=2, cutoff=1e-08
  Direction: left->right
  Direction: right->left
  Energy: -0.3850481620, Trunc err: 1.01e+00
Sweep 10, chi=4, cutoff=1e-08
  Direction: left->right
  Direction: right->left
  Energy: -0.4107773900, Trunc err: 1.02e+00
Sweep 11, chi=4, cutoff=1e-08
  Direction: left->right
  Direction: right->left
  Energy: -0.4434117045, Trunc err: 1.05e+00
Sweep 12, chi=4, cutoff=1e-08
  Direction: left->right
  Direction: right->left
  Energy: -0.5124963455, Trunc err: 1.10e+00
Sweep 13, chi=4, cutoff=1e-08
  Direction: left->right
  Direction: right->left
  Energy: -0.6865597122, Trunc err: 1.18e+00
Sweep 14, chi=4, cutoff=1e-08
  Direction: left->right
  Direction: right->left
  Energy: -0.7985301489, Trunc err: 1.26e+00
Sweep 15, chi=4, cutoff=1e-08
  Direction: left->right
  Direction: right->left
  Energy: -0.8682382296, Trunc err: 1.29e+00
Sweep 16, chi=4, cutoff=1e-08
  Direction: left->right
  Direction: right->left
  Energy: -0.9232007798, Trunc err: 1.31e+00
Sweep 17, chi=4, cutoff=1e-08
  Direction: left->right
  Direction: right->left
  Energy: -0.9860075793, Trunc err: 1.33e+00
Sweep 18, chi=4, cutoff=1e-08
  Direction: left->right
  Direction: right->left
  Energy: -1.0520563577, Trunc err: 1.35e+00
Sweep 19, chi=4, cutoff=1e-08
  Direction: left->right
  Direction: right->left
  Energy: -1.1740078151, Trunc err: 1.37e+00
Sweep 20, chi=4, cutoff=1e-08
  Direction: left->right
  Direction: right->left
  Energy: -1.2666135886, Trunc err: 1.40e+00
Sweep 21, chi=4, cutoff=1e-08
  Direction: left->right
  Direction: right->left
  Energy: -1.3483887375, Trunc err: 1.42e+00
Sweep 22, chi=4, cutoff=1e-08
  Direction: left->right
  Direction: right->left
  Energy: -1.4172687130, Trunc err: 1.44e+00
Sweep 23, chi=4, cutoff=1e-08
  Direction: left->right
  Direction: right->left
  Energy: -1.4648936078, Trunc err: 1.46e+00
Sweep 24, chi=4, cutoff=1e-08
  Direction: left->right
  Direction: right->left
  Energy: -1.4981952997, Trunc err: 1.47e+00
Sweep 25, chi=4, cutoff=1e-08
  Direction: left->right
  Direction: right->left
  Energy: -1.5204358493, Trunc err: 1.48e+00
Sweep 26, chi=4, cutoff=1e-08
  Direction: left->right
  Direction: right->left
  Energy: -1.5345615110, Trunc err: 1.49e+00
Sweep 27, chi=4, cutoff=1e-08
  Direction: left->right
  Direction: right->left
  Energy: -1.5419960339, Trunc err: 1.49e+00
Sweep 28, chi=4, cutoff=1e-08
  Direction: left->right
  Direction: right->left
  Energy: -1.5455675770, Trunc err: 1.50e+00
Sweep 29, chi=4, cutoff=1e-08
  Direction: left->right
  Direction: right->left
  Energy: -1.5475000381, Trunc err: 1.50e+00
Sweep 30, chi=4, cutoff=1e-08
  Direction: left->right
  Direction: right->left
  Energy: -1.5485356187, Trunc err: 1.50e+00
Sweep 31, chi=4, cutoff=1e-08
  Direction: left->right
  Direction: right->left
  Energy: -1.5491359428, Trunc err: 1.50e+00
Sweep 32, chi=4, cutoff=1e-08
  Direction: left->right
  Direction: right->left
  Energy: -1.5494931447, Trunc err: 1.50e+00
Sweep 33, chi=4, cutoff=1e-08
  Direction: left->right
  Direction: right->left
  Energy: -1.5497155988, Trunc err: 1.50e+00
Sweep 34, chi=4, cutoff=1e-08
  Direction: left->right
  Direction: right->left
  Energy: -1.5498590415, Trunc err: 1.50e+00
Sweep 35, chi=4, cutoff=1e-08
  Direction: left->right
  Direction: right->left
  Energy: -1.5499523686, Trunc err: 1.50e+00
Sweep 36, chi=4, cutoff=1e-08
  Direction: left->right
  Direction: right->left
  Energy: -1.5500137840, Trunc err: 1.50e+00
Sweep 37, chi=4, cutoff=1e-08
  Direction: left->right
  Direction: right->left
  Energy: -1.5500543639, Trunc err: 1.50e+00
Sweep 38, chi=4, cutoff=1e-08
  Direction: left->right
  Direction: right->left
  Energy: -1.5500818985, Trunc err: 1.50e+00
Sweep 39, chi=4, cutoff=1e-08
  Direction: left->right
  Direction: right->left
  Energy: -1.5501005257, Trunc err: 1.50e+00
Sweep 40, chi=4, cutoff=1e-08
  Direction: left->right
  Direction: right->left
  Energy: -1.5501119393, Trunc err: 1.50e+00
Sweep 41, chi=4, cutoff=1e-08
  Direction: left->right
  Direction: right->left
  Energy: -1.5501195700, Trunc err: 1.51e+00
Sweep 42, chi=4, cutoff=1e-08
  Direction: left->right
  Direction: right->left
  Energy: -1.5501247067, Trunc err: 1.51e+00
Sweep 43, chi=4, cutoff=1e-08
  Direction: left->right
  Direction: right->left
  Energy: -1.5501281847, Trunc err: 1.51e+00
Sweep 44, chi=4, cutoff=1e-08
  Direction: left->right
  Direction: right->left
  Energy: -1.5501305486, Trunc err: 1.51e+00
Sweep 45, chi=4, cutoff=1e-08
  Direction: left->right
  Direction: right->left
  Energy: -1.5501321609, Trunc err: 1.51e+00
Sweep 46, chi=4, cutoff=1e-08
  Direction: left->right
  Direction: right->left
  Energy: -1.5501332647, Trunc err: 1.51e+00
Sweep 47, chi=4, cutoff=1e-08
  Direction: left->right
  Direction: right->left
  Energy: -1.5501340245, Trunc err: 1.51e+00
Sweep 48, chi=4, cutoff=1e-08
  Direction: left->right
  Direction: right->left
  Energy: -1.5501345505, Trunc err: 1.51e+00
Sweep 49, chi=4, cutoff=1e-08
  Direction: left->right
  Direction: right->left
  Energy: -1.5501349167, Trunc err: 1.51e+00
Sweep 50, chi=8, cutoff=1e-08
  Direction: left->right
  Direction: right->left
  Energy: -1.6040612124, Trunc err: 1.52e+00
Sweep 51, chi=8, cutoff=1e-08
  Direction: left->right
  Direction: right->left
  Energy: -1.6138641046, Trunc err: 1.54e+00
Sweep 52, chi=8, cutoff=1e-08
  Direction: left->right
  Direction: right->left
  Energy: -1.6160874670, Trunc err: 1.55e+00
Sweep 53, chi=8, cutoff=1e-08
  Direction: left->right
  Direction: right->left
  Energy: -1.6168994896, Trunc err: 1.55e+00
Sweep 54, chi=8, cutoff=1e-08
  Direction: left->right
  Direction: right->left
  Energy: -1.6172883079, Trunc err: 1.55e+00
Sweep 55, chi=8, cutoff=1e-08
  Direction: left->right
  Direction: right->left
  Energy: -1.6175076340, Trunc err: 1.56e+00
Sweep 56, chi=8, cutoff=1e-08
  Direction: left->right
  Direction: right->left
  Energy: -1.6176471192, Trunc err: 1.56e+00
Sweep 57, chi=8, cutoff=1e-08
  Direction: left->right
  Direction: right->left
  Energy: -1.6177423304, Trunc err: 1.56e+00
Sweep 58, chi=8, cutoff=1e-08
  Direction: left->right
  Direction: right->left
  Energy: -1.6178062703, Trunc err: 1.56e+00
Sweep 59, chi=8, cutoff=1e-08
  Direction: left->right
  Direction: right->left
  Energy: -1.6178462520, Trunc err: 1.56e+00
Sweep 60, chi=8, cutoff=1e-08
  Direction: left->right
  Direction: right->left
  Energy: -1.6178696047, Trunc err: 1.56e+00
Sweep 61, chi=8, cutoff=1e-08
  Direction: left->right
  Direction: right->left
  Energy: -1.6178827980, Trunc err: 1.56e+00
Sweep 62, chi=8, cutoff=1e-08
  Direction: left->right
  Direction: right->left
  Energy: -1.6178902094, Trunc err: 1.56e+00
Sweep 63, chi=8, cutoff=1e-08
  Direction: left->right
  Direction: right->left
  Energy: -1.6178944241, Trunc err: 1.56e+00
Sweep 64, chi=8, cutoff=1e-08
  Direction: left->right
  Direction: right->left
  Energy: -1.6178968701, Trunc err: 1.56e+00
Sweep 65, chi=8, cutoff=1e-08
  Direction: left->right
  Direction: right->left
  Energy: -1.6178983108, Trunc err: 1.56e+00
Sweep 66, chi=8, cutoff=1e-08
  Direction: left->right
  Direction: right->left
  Energy: -1.6178991824, Trunc err: 1.56e+00
Sweep 67, chi=8, cutoff=1e-08
  Direction: left->right
  Direction: right->left
  Energy: -1.6178997252, Trunc err: 1.56e+00
Sweep 68, chi=8, cutoff=1e-08
  Direction: left->right
  Direction: right->left
  Energy: -1.6179000644, Trunc err: 1.56e+00
Sweep 69, chi=8, cutoff=1e-08
  Direction: left->right
  Direction: right->left
  Energy: -1.6179002780, Trunc err: 1.56e+00
Sweep 70, chi=8, cutoff=1e-08
  Direction: left->right
  Direction: right->left
  Energy: -1.6179004165, Trunc err: 1.56e+00
Sweep 71, chi=8, cutoff=1e-08
  Direction: left->right
  Direction: right->left
  Energy: -1.6179005104, Trunc err: 1.56e+00
Sweep 72, chi=8, cutoff=1e-08
  Direction: left->right
  Direction: right->left
  Energy: -1.6179005713, Trunc err: 1.56e+00
Sweep 73, chi=8, cutoff=1e-08
  Direction: left->right
  Direction: right->left
  Energy: -1.6179006108, Trunc err: 1.56e+00
Sweep 74, chi=8, cutoff=1e-08
  Direction: left->right
  Direction: right->left
  Energy: -1.6179006375, Trunc err: 1.56e+00
Sweep 75, chi=8, cutoff=1e-08
  Direction: left->right
  Direction: right->left
  Energy: -1.6179006558, Trunc err: 1.56e+00
Sweep 76, chi=8, cutoff=1e-08
  Direction: left->right
  Direction: right->left
  Energy: -1.6179006686, Trunc err: 1.56e+00
Sweep 77, chi=8, cutoff=1e-08
  Direction: left->right
  Direction: right->left
  Energy: -1.6179006771, Trunc err: 1.56e+00
Sweep 78, chi=8, cutoff=1e-08
  Direction: left->right
  Direction: right->left
  Energy: -1.6179006831, Trunc err: 1.56e+00
Sweep 79, chi=8, cutoff=1e-08
  Direction: left->right
  Direction: right->left
  Energy: -1.6179006873, Trunc err: 1.56e+00
Sweep 80, chi=8, cutoff=1e-08
  Direction: left->right
  Direction: right->left
  Energy: -1.6179006903, Trunc err: 1.56e+00
Sweep 81, chi=8, cutoff=1e-08
  Direction: left->right
  Direction: right->left
  Energy: -1.6179006924, Trunc err: 1.56e+00
Sweep 82, chi=8, cutoff=1e-08
  Direction: left->right
  Direction: right->left
  Energy: -1.6179006938, Trunc err: 1.56e+00
Sweep 83, chi=8, cutoff=1e-08
  Direction: left->right
  Direction: right->left
  Energy: -1.6179006949, Trunc err: 1.56e+00
Sweep 84, chi=8, cutoff=1e-08
  Direction: left->right
  Direction: right->left
  Energy: -1.6179006956, Trunc err: 1.56e+00
Sweep 85, chi=8, cutoff=1e-08
  Direction: left->right
  Direction: right->left
  Energy: -1.6179006961, Trunc err: 1.56e+00
Sweep 86, chi=8, cutoff=1e-08
  Direction: left->right
  Direction: right->left
  Energy: -1.6179006965, Trunc err: 1.56e+00
Sweep 87, chi=8, cutoff=1e-08
  Direction: left->right
  Direction: right->left
  Energy: -1.6179006968, Trunc err: 1.56e+00
Sweep 88, chi=8, cutoff=1e-08
  Direction: left->right
  Direction: right->left
  Energy: -1.6179006970, Trunc err: 1.56e+00
Sweep 89, chi=8, cutoff=1e-08
  Direction: left->right
  Direction: right->left
  Energy: -1.6179006971, Trunc err: 1.56e+00
Sweep 90, chi=8, cutoff=1e-08
  Direction: left->right
  Direction: right->left
  Energy: -1.6179006972, Trunc err: 1.56e+00
Sweep 91, chi=8, cutoff=1e-08
  Direction: left->right
  Direction: right->left
  Energy: -1.6179006973, Trunc err: 1.56e+00
Sweep 92, chi=8, cutoff=1e-08
  Direction: left->right
  Direction: right->left
  Energy: -1.6179006973, Trunc err: 1.56e+00
Sweep 93, chi=8, cutoff=1e-08
  Direction: left->right
  Direction: right->left
  Energy: -1.6179006974, Trunc err: 1.56e+00
Sweep 94, chi=8, cutoff=1e-08
  Direction: left->right
  Direction: right->left
  Energy: -1.6179006974, Trunc err: 1.56e+00
Sweep 95, chi=8, cutoff=1e-08
  Direction: left->right
  Direction: right->left
  Energy: -1.6179006974, Trunc err: 1.56e+00
Sweep 96, chi=8, cutoff=1e-08
  Direction: left->right
  Direction: right->left
  Energy: -1.6179006974, Trunc err: 1.56e+00
Sweep 97, chi=8, cutoff=1e-08
  Direction: left->right
  Direction: right->left
  Energy: -1.6179006974, Trunc err: 1.56e+00
Sweep 98, chi=8, cutoff=1e-08
  Direction: left->right
  Direction: right->left
  Energy: -1.6179006974, Trunc err: 1.56e+00
Sweep 99, chi=8, cutoff=1e-08
  Direction: left->right
  Direction: right->left
  Energy: -1.6179006974, Trunc err: 1.56e+00
Sweep 100, chi=16, cutoff=1e-08
  Direction: left->right
  Direction: right->left
  Energy: -1.6655963534, Trunc err: 1.59e+00
Sweep 101, chi=16, cutoff=1e-08
  Direction: left->right
  Direction: right->left
  Energy: -1.6739955305, Trunc err: 1.65e+00
Sweep 102, chi=16, cutoff=1e-08
  Direction: left->right
  Direction: right->left
  Energy: -1.6756415597, Trunc err: 1.66e+00
Sweep 103, chi=16, cutoff=1e-08
  Direction: left->right
  Direction: right->left
  Energy: -1.6763443520, Trunc err: 1.67e+00
Sweep 104, chi=16, cutoff=1e-08
  Direction: left->right
  Direction: right->left
  Energy: -1.6767210108, Trunc err: 1.67e+00
Sweep 105, chi=16, cutoff=1e-08
  Direction: left->right
  Direction: right->left
  Energy: -1.6769189281, Trunc err: 1.67e+00
Sweep 106, chi=16, cutoff=1e-08
  Direction: left->right
  Direction: right->left
  Energy: -1.6770270309, Trunc err: 1.67e+00
Sweep 107, chi=16, cutoff=1e-08
  Direction: left->right
  Direction: right->left
  Energy: -1.6770896287, Trunc err: 1.68e+00
Sweep 108, chi=16, cutoff=1e-08
  Direction: left->right
  Direction: right->left
  Energy: -1.6771286061, Trunc err: 1.68e+00
Sweep 109, chi=16, cutoff=1e-08
  Direction: left->right
  Direction: right->left
  Energy: -1.6771560789, Trunc err: 1.68e+00
Sweep 110, chi=16, cutoff=1e-08
  Direction: left->right
  Direction: right->left
  Energy: -1.6771873914, Trunc err: 1.68e+00
Sweep 111, chi=16, cutoff=1e-08
  Direction: left->right
  Direction: right->left
  Energy: -1.6772237037, Trunc err: 1.68e+00
Sweep 112, chi=16, cutoff=1e-08
  Direction: left->right
  Direction: right->left
  Energy: -1.6772533560, Trunc err: 1.68e+00
Sweep 113, chi=16, cutoff=1e-08
  Direction: left->right
  Direction: right->left
  Energy: -1.6772741060, Trunc err: 1.68e+00
Sweep 114, chi=16, cutoff=1e-08
  Direction: left->right
  Direction: right->left
  Energy: -1.6772880610, Trunc err: 1.68e+00
Sweep 115, chi=16, cutoff=1e-08
  Direction: left->right
  Direction: right->left
  Energy: -1.6772972858, Trunc err: 1.68e+00
Sweep 116, chi=16, cutoff=1e-08
  Direction: left->right
  Direction: right->left
  Energy: -1.6773040206, Trunc err: 1.68e+00
Sweep 117, chi=16, cutoff=1e-08
  Direction: left->right
  Direction: right->left
  Energy: -1.6773082102, Trunc err: 1.68e+00
Sweep 118, chi=16, cutoff=1e-08
  Direction: left->right
  Direction: right->left
  Energy: -1.6773110943, Trunc err: 1.68e+00
Sweep 119, chi=16, cutoff=1e-08
  Direction: left->right
  Direction: right->left
  Energy: -1.6773131384, Trunc err: 1.68e+00
Sweep 120, chi=32, cutoff=1e-08
  Direction: left->right
  Direction: right->left
  Energy: -1.6896156358, Trunc err: 1.70e+00
Sweep 121, chi=32, cutoff=1e-08
  Direction: left->right
  Direction: right->left
  Energy: -1.6915520245, Trunc err: 1.72e+00
Sweep 122, chi=32, cutoff=1e-08
  Direction: left->right
  Direction: right->left
  Energy: -1.6921037745, Trunc err: 1.73e+00
Sweep 123, chi=32, cutoff=1e-08
  Direction: left->right
  Direction: right->left
  Energy: -1.6923263512, Trunc err: 1.74e+00
Sweep 124, chi=32, cutoff=1e-08
  Direction: left->right
  Direction: right->left
  Energy: -1.6924400445, Trunc err: 1.74e+00
Sweep 125, chi=32, cutoff=1e-08
  Direction: left->right
  Direction: right->left
  Energy: -1.6925072315, Trunc err: 1.75e+00
Sweep 126, chi=32, cutoff=1e-08
  Direction: left->right
  Direction: right->left
  Energy: -1.6925495175, Trunc err: 1.75e+00
Sweep 127, chi=32, cutoff=1e-08
  Direction: left->right
  Direction: right->left
  Energy: -1.6925773570, Trunc err: 1.75e+00
Sweep 128, chi=32, cutoff=1e-08
  Direction: left->right
  Direction: right->left
  Energy: -1.6925987324, Trunc err: 1.75e+00
Sweep 129, chi=32, cutoff=1e-08
  Direction: left->right
  Direction: right->left
  Energy: -1.6926127258, Trunc err: 1.75e+00
Sweep 0, chi=2, cutoff=1e-08
  Direction: left->right
  Direction: right->left
  Energy: -0.9607347378, Trunc err: 4.17e-03
Sweep 1, chi=2, cutoff=1e-08
  Direction: left->right
  Direction: right->left
  Energy: -0.9608063232, Trunc err: 8.44e-03
Sweep 2, chi=2, cutoff=1e-08
  Direction: left->right
  Direction: right->left
  Energy: -0.9608063291, Trunc err: 8.44e-03
Sweep 3, chi=2, cutoff=1e-08
  Direction: left->right
  Direction: right->left
  Energy: -0.9608063291, Trunc err: 8.44e-03
Sweep 4, chi=2, cutoff=1e-08
  Direction: left->right
  Direction: right->left
  Energy: -0.9608063291, Trunc err: 8.44e-03
Sweep 5, chi=2, cutoff=1e-08
  Direction: left->right
  Direction: right->left
  Energy: -0.9608063291, Trunc err: 8.44e-03
Sweep 6, chi=2, cutoff=1e-08
  Direction: left->right
  Direction: right->left
  Energy: -0.9608063291, Trunc err: 8.44e-03
Sweep 7, chi=2, cutoff=1e-08
  Direction: left->right
  Direction: right->left
  Energy: -0.9608063291, Trunc err: 8.44e-03
Sweep 8, chi=2, cutoff=1e-08
  Direction: left->right
  Direction: right->left
  Energy: -0.9608063291, Trunc err: 8.44e-03
Sweep 9, chi=2, cutoff=1e-08
  Direction: left->right
  Direction: right->left
  Energy: -0.9608063291, Trunc err: 8.44e-03
Sweep 10, chi=4, cutoff=1e-08
  Direction: left->right
  Direction: right->left
  Energy: -0.9727729665, Trunc err: 1.68e-03
Sweep 11, chi=4, cutoff=1e-08
  Direction: left->right
  Direction: right->left
  Energy: -0.9728900692, Trunc err: 3.69e-03
Sweep 12, chi=4, cutoff=1e-08
  Direction: left->right
  Direction: right->left
  Energy: -0.9728900827, Trunc err: 3.69e-03
Sweep 13, chi=4, cutoff=1e-08
  Direction: left->right
  Direction: right->left
  Energy: -0.9728900827, Trunc err: 3.69e-03
Sweep 14, chi=4, cutoff=1e-08
  Direction: left->right
  Direction: right->left
  Energy: -0.9728900827, Trunc err: 3.69e-03
Sweep 15, chi=4, cutoff=1e-08
  Direction: left->right
  Direction: right->left
  Energy: -0.9728900827, Trunc err: 3.69e-03
Sweep 16, chi=4, cutoff=1e-08
  Direction: left->right
  Direction: right->left
  Energy: -0.9728900827, Trunc err: 3.69e-03
Sweep 17, chi=4, cutoff=1e-08
  Direction: left->right
  Direction: right->left
  Energy: -0.9728900827, Trunc err: 3.69e-03
Sweep 18, chi=4, cutoff=1e-08
  Direction: left->right
  Direction: right->left
  Energy: -0.9728900827, Trunc err: 3.69e-03
Sweep 19, chi=4, cutoff=1e-08
  Direction: left->right
  Direction: right->left
  Energy: -0.9728900827, Trunc err: 3.69e-03
Sweep 20, chi=8, cutoff=1e-08
  Direction: left->right
  Direction: right->left
  Energy: -0.9741099161, Trunc err: 2.20e-05
Sweep 21, chi=8, cutoff=1e-08
  Direction: left->right
  Direction: right->left
  Energy: -0.9741099448, Trunc err: 5.43e-05
Sweep 22, chi=8, cutoff=1e-08
  Direction: left->right
  Direction: right->left
  Energy: -0.9741099448, Trunc err: 5.43e-05
Sweep 23, chi=8, cutoff=1e-08
  Direction: left->right
  Direction: right->left
  Energy: -0.9741099448, Trunc err: 5.43e-05
Sweep 24, chi=8, cutoff=1e-08
  Direction: left->right
  Direction: right->left
  Energy: -0.9741099448, Trunc err: 5.43e-05
Sweep 25, chi=8, cutoff=1e-08
  Direction: left->right
  Direction: right->left
  Energy: -0.9741099448, Trunc err: 5.43e-05
Sweep 26, chi=8, cutoff=1e-08
  Direction: left->right
  Direction: right->left
  Energy: -0.9741099448, Trunc err: 5.43e-05
Sweep 27, chi=8, cutoff=1e-08
  Direction: left->right
  Direction: right->left
  Energy: -0.9741099448, Trunc err: 5.43e-05
Sweep 28, chi=8, cutoff=1e-08
  Direction: left->right
  Direction: right->left
  Energy: -0.9741099448, Trunc err: 5.43e-05
Sweep 29, chi=8, cutoff=1e-08
  Direction: left->right
  Direction: right->left
  Energy: -0.9741099448, Trunc err: 5.43e-05
Sweep 30, chi=8, cutoff=1e-08
  Direction: left->right
  Direction: right->left
  Energy: -0.9741099448, Trunc err: 5.43e-05
Sweep 31, chi=8, cutoff=1e-08
  Direction: left->right
  Direction: right->left
  Energy: -0.9741099448, Trunc err: 5.43e-05
Sweep 32, chi=8, cutoff=1e-08
  Direction: left->right
  Direction: right->left
  Energy: -0.9741099448, Trunc err: 5.43e-05
Sweep 33, chi=8, cutoff=1e-08
  Direction: left->right
  Direction: right->left
  Energy: -0.9741099448, Trunc err: 5.43e-05
Sweep 34, chi=8, cutoff=1e-08
  Direction: left->right
  Direction: right->left
  Energy: -0.9741099448, Trunc err: 5.43e-05
Sweep 35, chi=8, cutoff=1e-08
  Direction: left->right
  Direction: right->left
  Energy: -0.9741099448, Trunc err: 5.43e-05
Sweep 36, chi=8, cutoff=1e-08
  Direction: left->right
  Direction: right->left
  Energy: -0.9741099448, Trunc err: 5.43e-05
Sweep 37, chi=8, cutoff=1e-08
  Direction: left->right
  Direction: right->left
  Energy: -0.9741099448, Trunc err: 5.43e-05
Sweep 38, chi=8, cutoff=1e-08
  Direction: left->right
  Direction: right->left
  Energy: -0.9741099448, Trunc err: 5.43e-05
Sweep 39, chi=8, cutoff=1e-08
  Direction: left->right
  Direction: right->left
  Energy: -0.9741099448, Trunc err: 5.43e-05
Sweep 40, chi=8, cutoff=1e-08
  Direction: left->right
  Direction: right->left
  Energy: -0.9741099448, Trunc err: 5.43e-05
Sweep 41, chi=8, cutoff=1e-08
  Direction: left->right
  Direction: right->left
  Energy: -0.9741099448, Trunc err: 5.43e-05
Sweep 42, chi=8, cutoff=1e-08
  Direction: left->right
  Direction: right->left
  Energy: -0.9741099448, Trunc err: 5.43e-05
Sweep 43, chi=8, cutoff=1e-08
  Direction: left->right
  Direction: right->left
  Energy: -0.9741099448, Trunc err: 5.43e-05
Sweep 44, chi=8, cutoff=1e-08
  Direction: left->right
  Direction: right->left
  Energy: -0.9741099448, Trunc err: 5.43e-05
Sweep 45, chi=8, cutoff=1e-08
  Direction: left->right
  Direction: right->left
  Energy: -0.9741099448, Trunc err: 5.43e-05
Sweep 46, chi=8, cutoff=1e-08
  Direction: left->right
  Direction: right->left
  Energy: -0.9741099448, Trunc err: 5.43e-05
Sweep 47, chi=8, cutoff=1e-08
  Direction: left->right
  Direction: right->left
  Energy: -0.9741099448, Trunc err: 5.43e-05
Sweep 48, chi=8, cutoff=1e-08
  Direction: left->right
  Direction: right->left
  Energy: -0.9741099448, Trunc err: 5.43e-05
Sweep 49, chi=8, cutoff=1e-08
  Direction: left->right
  Direction: right->left
  Energy: -0.9741099448, Trunc err: 5.43e-05
Sweep 50, chi=8, cutoff=1e-08
  Direction: left->right
  Direction: right->left
  Energy: -0.9741099448, Trunc err: 5.43e-05
Sweep 51, chi=8, cutoff=1e-08
  Direction: left->right
  Direction: right->left
  Energy: -0.9741099448, Trunc err: 5.43e-05
Sweep 52, chi=8, cutoff=1e-08
  Direction: left->right
  Direction: right->left
  Energy: -0.9741099448, Trunc err: 5.43e-05
Sweep 53, chi=8, cutoff=1e-08
  Direction: left->right
  Direction: right->left
  Energy: -0.9741099448, Trunc err: 5.43e-05
Sweep 54, chi=8, cutoff=1e-08
  Direction: left->right
  Direction: right->left
  Energy: -0.9741099448, Trunc err: 5.43e-05
Sweep 55, chi=8, cutoff=1e-08
  Direction: left->right
  Direction: right->left
  Energy: -0.9741099448, Trunc err: 5.43e-05
Sweep 56, chi=8, cutoff=1e-08
  Direction: left->right
  Direction: right->left
  Energy: -0.9741099448, Trunc err: 5.43e-05
Sweep 57, chi=8, cutoff=1e-08
  Direction: left->right
  Direction: right->left
  Energy: -0.9741099448, Trunc err: 5.43e-05
Sweep 58, chi=8, cutoff=1e-08
  Direction: left->right
  Direction: right->left
  Energy: -0.9741099448, Trunc err: 5.43e-05
Sweep 59, chi=8, cutoff=1e-08
  Direction: left->right
  Direction: right->left
  Energy: -0.9741099448, Trunc err: 5.43e-05
Sweep 60, chi=16, cutoff=1e-08
  Direction: left->right
  Direction: right->left
  Energy: -0.9741104703, Trunc err: 1.11e-08
Sweep 61, chi=16, cutoff=1e-08
  Direction: left->right
  Direction: right->left
  Energy: -0.9741104703, Trunc err: 1.92e-08
Sweep 62, chi=16, cutoff=1e-08
  Direction: left->right
  Direction: right->left
  Energy: -0.9741104703, Trunc err: 1.99e-08
Sweep 63, chi=16, cutoff=1e-08
  Direction: left->right
  Direction: right->left
  Energy: -0.9741104703, Trunc err: 2.22e-08
Sweep 64, chi=16, cutoff=1e-08
  Direction: left->right
  Direction: right->left
  Energy: -0.9741104703, Trunc err: 2.37e-08
Sweep 65, chi=16, cutoff=1e-08
  Direction: left->right
  Direction: right->left
  Energy: -0.9741104703, Trunc err: 2.39e-08
Sweep 66, chi=16, cutoff=1e-08
  Direction: left->right
  Direction: right->left
  Energy: -0.9741104703, Trunc err: 2.40e-08
Sweep 67, chi=16, cutoff=1e-08
  Direction: left->right
  Direction: right->left
  Energy: -0.9741104703, Trunc err: 2.40e-08
Sweep 68, chi=16, cutoff=1e-08
  Direction: left->right
  Direction: right->left
  Energy: -0.9741104703, Trunc err: 2.40e-08
Sweep 69, chi=16, cutoff=1e-08
  Direction: left->right
  Direction: right->left
  Energy: -0.9741104703, Trunc err: 2.40e-08
Sweep 70, chi=16, cutoff=1e-08
  Direction: left->right
  Direction: right->left
  Energy: -0.9741104703, Trunc err: 2.40e-08
Sweep 71, chi=16, cutoff=1e-08
  Direction: left->right
  Direction: right->left
  Energy: -0.9741104703, Trunc err: 2.40e-08
Sweep 72, chi=16, cutoff=1e-08
  Direction: left->right
  Direction: right->left
  Energy: -0.9741104703, Trunc err: 2.40e-08
Sweep 73, chi=16, cutoff=1e-08
  Direction: left->right
  Direction: right->left
  Energy: -0.9741104703, Trunc err: 2.40e-08
Sweep 74, chi=16, cutoff=1e-08
  Direction: left->right
  Direction: right->left
  Energy: -0.9741104703, Trunc err: 2.40e-08
Sweep 75, chi=16, cutoff=1e-08
  Direction: left->right
  Direction: right->left
  Energy: -0.9741104703, Trunc err: 2.40e-08
Sweep 76, chi=16, cutoff=1e-08
  Direction: left->right
  Direction: right->left
  Energy: -0.9741104703, Trunc err: 2.40e-08
Sweep 77, chi=16, cutoff=1e-08
  Direction: left->right
  Direction: right->left
  Energy: -0.9741104703, Trunc err: 2.40e-08
Sweep 78, chi=16, cutoff=1e-08
  Direction: left->right
  Direction: right->left
  Energy: -0.9741104703, Trunc err: 2.40e-08
Sweep 79, chi=16, cutoff=1e-08
  Direction: left->right
  Direction: right->left
  Energy: -0.9741104703, Trunc err: 2.40e-08
Sweep 80, chi=16, cutoff=1e-08
  Direction: left->right
  Direction: right->left
  Energy: -0.9741104703, Trunc err: 2.40e-08
Sweep 81, chi=16, cutoff=1e-08
  Direction: left->right
  Direction: right->left
  Energy: -0.9741104703, Trunc err: 2.40e-08
Sweep 82, chi=16, cutoff=1e-08
  Direction: left->right
  Direction: right->left
  Energy: -0.9741104703, Trunc err: 2.40e-08
Sweep 83, chi=16, cutoff=1e-08
  Direction: left->right
  Direction: right->left
  Energy: -0.9741104703, Trunc err: 2.40e-08
Sweep 84, chi=16, cutoff=1e-08
  Direction: left->right
  Direction: right->left
  Energy: -0.9741104703, Trunc err: 2.40e-08
Sweep 85, chi=16, cutoff=1e-08
  Direction: left->right
  Direction: right->left
  Energy: -0.9741104703, Trunc err: 2.40e-08
Sweep 86, chi=16, cutoff=1e-08
  Direction: left->right
  Direction: right->left
  Energy: -0.9741104703, Trunc err: 2.40e-08
Sweep 87, chi=16, cutoff=1e-08
  Direction: left->right
  Direction: right->left
  Energy: -0.9741104703, Trunc err: 2.40e-08
Sweep 88, chi=16, cutoff=1e-08
  Direction: left->right
  Direction: right->left
  Energy: -0.9741104703, Trunc err: 2.40e-08
Sweep 89, chi=16, cutoff=1e-08
  Direction: left->right
  Direction: right->left
  Energy: -0.9741104703, Trunc err: 2.40e-08
Sweep 90, chi=16, cutoff=1e-08
  Direction: left->right
  Direction: right->left
  Energy: -0.9741104703, Trunc err: 2.40e-08
Sweep 91, chi=16, cutoff=1e-08
  Direction: left->right
  Direction: right->left
  Energy: -0.9741104703, Trunc err: 2.40e-08
Sweep 92, chi=16, cutoff=1e-08
  Direction: left->right
  Direction: right->left
  Energy: -0.9741104703, Trunc err: 2.40e-08
Sweep 93, chi=16, cutoff=1e-08
  Direction: left->right
  Direction: right->left
  Energy: -0.9741104703, Trunc err: 2.40e-08
Sweep 94, chi=16, cutoff=1e-08
  Direction: left->right
  Direction: right->left
  Energy: -0.9741104703, Trunc err: 2.40e-08
Sweep 95, chi=16, cutoff=1e-08
  Direction: left->right
  Direction: right->left
  Energy: -0.9741104703, Trunc err: 2.40e-08
Sweep 96, chi=16, cutoff=1e-08
  Direction: left->right
  Direction: right->left
  Energy: -0.9741104703, Trunc err: 2.40e-08
Sweep 97, chi=16, cutoff=1e-08
  Direction: left->right
  Direction: right->left
  Energy: -0.9741104703, Trunc err: 2.40e-08
Sweep 98, chi=16, cutoff=1e-08
  Direction: left->right
  Direction: right->left
  Energy: -0.9741104703, Trunc err: 2.40e-08
Sweep 99, chi=16, cutoff=1e-08
  Direction: left->right
  Direction: right->left
  Energy: -0.9741104703, Trunc err: 2.40e-08
Sweep 100, chi=32, cutoff=1e-08
  Direction: left->right
  Direction: right->left
  Energy: -0.9741104703, Trunc err: 9.74e-09
Sweep 101, chi=32, cutoff=1e-08
  Direction: left->right
  Direction: right->left
  Energy: -0.9741104703, Trunc err: 9.71e-09
Sweep 102, chi=32, cutoff=1e-08
  Direction: left->right
  Direction: right->left
  Energy: -0.9741104703, Trunc err: 9.54e-09
Sweep 103, chi=32, cutoff=1e-08
  Direction: left->right
  Direction: right->left
  Energy: -0.9741104703, Trunc err: 9.55e-09
Sweep 104, chi=32, cutoff=1e-08
  Direction: left->right
  Direction: right->left
  Energy: -0.9741104703, Trunc err: 9.55e-09
Sweep 105, chi=32, cutoff=1e-08
  Direction: left->right
  Direction: right->left
  Energy: -0.9741104703, Trunc err: 9.55e-09
Sweep 106, chi=32, cutoff=1e-08
  Direction: left->right
  Direction: right->left
  Energy: -0.9741104703, Trunc err: 9.55e-09
Sweep 107, chi=32, cutoff=1e-08
  Direction: left->right
  Direction: right->left
  Energy: -0.9741104703, Trunc err: 9.55e-09
Sweep 108, chi=32, cutoff=1e-08
  Direction: left->right
  Direction: right->left
  Energy: -0.9741104703, Trunc err: 9.55e-09
Sweep 109, chi=32, cutoff=1e-08
  Direction: left->right
  Direction: right->left
  Energy: -0.9741104703, Trunc err: 9.55e-09
Sweep 110, chi=32, cutoff=1e-08
  Direction: left->right
  Direction: right->left
  Energy: -0.9741104703, Trunc err: 9.55e-09
Sweep 111, chi=32, cutoff=1e-08
  Direction: left->right
  Direction: right->left
  Energy: -0.9741104703, Trunc err: 9.55e-09
Sweep 112, chi=32, cutoff=1e-08
  Direction: left->right
  Direction: right->left
  Energy: -0.9741104703, Trunc err: 9.55e-09
Sweep 113, chi=32, cutoff=1e-08
  Direction: left->right
  Direction: right->left
  Energy: -0.9741104703, Trunc err: 9.55e-09
Sweep 114, chi=32, cutoff=1e-08
  Direction: left->right
  Direction: right->left
  Energy: -0.9741104703, Trunc err: 9.55e-09
Sweep 115, chi=32, cutoff=1e-08
  Direction: left->right
  Direction: right->left
  Energy: -0.9741104703, Trunc err: 9.55e-09
Sweep 116, chi=32, cutoff=1e-08
  Direction: left->right
  Direction: right->left
  Energy: -0.9741104703, Trunc err: 9.55e-09
Sweep 117, chi=32, cutoff=1e-08
  Direction: left->right
  Direction: right->left
  Energy: -0.9741104703, Trunc err: 9.55e-09
Sweep 118, chi=32, cutoff=1e-08
  Direction: left->right
  Direction: right->left
  Energy: -0.9741104703, Trunc err: 9.55e-09
Sweep 119, chi=32, cutoff=1e-08
  Direction: left->right
  Direction: right->left
  Energy: -0.9741104703, Trunc err: 9.55e-09
Sweep 120, chi=32, cutoff=1e-08
  Direction: left->right
  Direction: right->left
  Energy: -0.9741104703, Trunc err: 9.55e-09
Sweep 121, chi=32, cutoff=1e-08
  Direction: left->right
  Direction: right->left
  Energy: -0.9741104703, Trunc err: 9.55e-09
Sweep 122, chi=32, cutoff=1e-08
  Direction: left->right
  Direction: right->left
  Energy: -0.9741104703, Trunc err: 9.55e-09
Sweep 123, chi=32, cutoff=1e-08
  Direction: left->right
  Direction: right->left
  Energy: -0.9741104703, Trunc err: 9.55e-09
Sweep 124, chi=32, cutoff=1e-08
  Direction: left->right
  Direction: right->left
  Energy: -0.9741104703, Trunc err: 9.55e-09
Sweep 125, chi=32, cutoff=1e-08
  Direction: left->right
  Direction: right->left
  Energy: -0.9741104703, Trunc err: 9.55e-09
Sweep 126, chi=32, cutoff=1e-08
  Direction: left->right
  Direction: right->left
  Energy: -0.9741104703, Trunc err: 9.55e-09
Sweep 127, chi=32, cutoff=1e-08
  Direction: left->right
  Direction: right->left
  Energy: -0.9741104703, Trunc err: 9.55e-09
Sweep 128, chi=32, cutoff=1e-08
  Direction: left->right
  Direction: right->left
  Energy: -0.9741104703, Trunc err: 9.55e-09
Sweep 129, chi=32, cutoff=1e-08
  Direction: left->right
  Direction: right->left
  Energy: -0.9741104703, Trunc err: 9.55e-09
Sweep 130, chi=32, cutoff=1e-08
  Direction: left->right
  Direction: right->left
  Energy: -0.9741104703, Trunc err: 9.55e-09
Sweep 131, chi=32, cutoff=1e-08
  Direction: left->right
  Direction: right->left
  Energy: -0.9741104703, Trunc err: 9.55e-09
Sweep 132, chi=32, cutoff=1e-08
  Direction: left->right
  Direction: right->left
  Energy: -0.9741104703, Trunc err: 9.55e-09
Sweep 133, chi=32, cutoff=1e-08
  Direction: left->right
  Direction: right->left
  Energy: -0.9741104703, Trunc err: 9.55e-09
Sweep 134, chi=32, cutoff=1e-08
  Direction: left->right
  Direction: right->left
  Energy: -0.9741104703, Trunc err: 9.55e-09
Sweep 135, chi=32, cutoff=1e-08
  Direction: left->right
  Direction: right->left
  Energy: -0.9741104703, Trunc err: 9.55e-09
Sweep 136, chi=32, cutoff=1e-08
  Direction: left->right
  Direction: right->left
  Energy: -0.9741104703, Trunc err: 9.55e-09
Sweep 137, chi=32, cutoff=1e-08
  Direction: left->right
  Direction: right->left
  Energy: -0.9741104703, Trunc err: 9.55e-09
Sweep 138, chi=32, cutoff=1e-08
  Direction: left->right
  Direction: right->left
  Energy: -0.9741104703, Trunc err: 9.55e-09
Sweep 139, chi=32, cutoff=1e-08
  Direction: left->right
  Direction: right->left
  Energy: -0.9741104703, Trunc err: 9.55e-09
Sweep 0, chi=2, cutoff=1e-08
  Direction: left->right
  Direction: right->left
  Energy: -0.0000183646, Trunc err: 7.31e-03
Sweep 1, chi=2, cutoff=1e-08
  Direction: left->right
  Direction: right->left
  Energy: -0.0000376868, Trunc err: 6.63e-03
Sweep 2, chi=2, cutoff=1e-08
  Direction: left->right
  Direction: right->left
  Energy: -0.0000758617, Trunc err: 7.24e-03
Sweep 3, chi=2, cutoff=1e-08
  Direction: left->right
  Direction: right->left
  Energy: -0.0001020687, Trunc err: 5.81e-03
Sweep 4, chi=2, cutoff=1e-08
  Direction: left->right
  Direction: right->left
  Energy: -0.0002337245, Trunc err: 6.95e-03
Sweep 5, chi=2, cutoff=1e-08
  Direction: left->right
  Direction: right->left
  Energy: -0.0008636910, Trunc err: 6.92e-03
Sweep 6, chi=2, cutoff=1e-08
  Direction: left->right
  Direction: right->left
  Energy: -0.0008659303, Trunc err: 6.42e-03
Sweep 7, chi=2, cutoff=1e-08
  Direction: left->right
  Direction: right->left
  Energy: -0.0008672745, Trunc err: 6.43e-03
Sweep 8, chi=2, cutoff=1e-08
  Direction: left->right
  Direction: right->left
  Energy: -0.0008685887, Trunc err: 6.43e-03
Sweep 9, chi=2, cutoff=1e-08
  Direction: left->right
  Direction: right->left
  Energy: -0.0008699119, Trunc err: 6.43e-03
Sweep 10, chi=4, cutoff=1e-08
  Direction: left->right
  Direction: right->left
  Energy: -0.0008756592, Trunc err: 1.28e-04
Sweep 11, chi=4, cutoff=1e-08
  Direction: left->right
  Direction: right->left
  Energy: -0.0008786817, Trunc err: 5.78e-04
Sweep 12, chi=4, cutoff=1e-08
  Direction: left->right
  Direction: right->left
  Energy: -0.0008812902, Trunc err: 3.08e-04
Sweep 13, chi=4, cutoff=1e-08
  Direction: left->right
  Direction: right->left
  Energy: -0.0008839101, Trunc err: 2.35e-04
Sweep 14, chi=4, cutoff=1e-08
  Direction: left->right
  Direction: right->left
  Energy: -0.0008864676, Trunc err: 2.10e-04
Sweep 15, chi=4, cutoff=1e-08
  Direction: left->right
  Direction: right->left
  Energy: -0.0008890087, Trunc err: 2.10e-04
Sweep 16, chi=4, cutoff=1e-08
  Direction: left->right
  Direction: right->left
  Energy: -0.0008915336, Trunc err: 2.40e-04
Sweep 17, chi=4, cutoff=1e-08
  Direction: left->right
  Direction: right->left
  Energy: -0.0008986257, Trunc err: 2.79e-04
Sweep 18, chi=4, cutoff=1e-08
  Direction: left->right
  Direction: right->left
  Energy: -0.0009342078, Trunc err: 1.76e-04
Sweep 19, chi=4, cutoff=1e-08
  Direction: left->right
  Direction: right->left
  Energy: -0.0009585068, Trunc err: 4.65e-04
Sweep 20, chi=8, cutoff=1e-08
  Direction: left->right
  Direction: right->left
  Energy: -0.0009775262, Trunc err: 1.33e-06
Sweep 21, chi=8, cutoff=1e-08
  Direction: left->right
  Direction: right->left
  Energy: -0.0009844217, Trunc err: 2.88e-06
Sweep 22, chi=8, cutoff=1e-08
  Direction: left->right
  Direction: right->left
  Energy: -0.0009924787, Trunc err: 5.05e-06
Sweep 23, chi=8, cutoff=1e-08
  Direction: left->right
  Direction: right->left
  Energy: -0.0010269975, Trunc err: 1.96e-05
Sweep 24, chi=8, cutoff=1e-08
  Direction: left->right
  Direction: right->left
  Energy: -0.0011341922, Trunc err: 3.13e-05
Sweep 25, chi=8, cutoff=1e-08
  Direction: left->right
  Direction: right->left
  Energy: -0.0012974556, Trunc err: 1.66e-05
Sweep 26, chi=8, cutoff=1e-08
  Direction: left->right
  Direction: right->left
  Energy: -0.0018367544, Trunc err: 9.44e-05
Sweep 27, chi=8, cutoff=1e-08
  Direction: left->right
  Direction: right->left
  Energy: -0.0020408342, Trunc err: 4.24e-05
Sweep 28, chi=8, cutoff=1e-08
  Direction: left->right
  Direction: right->left
  Energy: -0.0020427309, Trunc err: 8.54e-06
Sweep 29, chi=8, cutoff=1e-08
  Direction: left->right
  Direction: right->left
  Energy: -0.0020441072, Trunc err: 5.85e-06
Sweep 30, chi=8, cutoff=1e-08
  Direction: left->right
  Direction: right->left
  Energy: -0.0020454534, Trunc err: 5.02e-06
Sweep 31, chi=8, cutoff=1e-08
  Direction: left->right
  Direction: right->left
  Energy: -0.0020471990, Trunc err: 5.85e-06
Sweep 32, chi=8, cutoff=1e-08
  Direction: left->right
  Direction: right->left
  Energy: -0.0020536482, Trunc err: 9.80e-06
Sweep 33, chi=8, cutoff=1e-08
  Direction: left->right
  Direction: right->left
  Energy: -0.0020594381, Trunc err: 6.55e-06
Sweep 34, chi=8, cutoff=1e-08
  Direction: left->right
  Direction: right->left
  Energy: -0.0020605435, Trunc err: 4.96e-06
Sweep 35, chi=8, cutoff=1e-08
  Direction: left->right
  Direction: right->left
  Energy: -0.0020615009, Trunc err: 3.26e-06
Sweep 36, chi=8, cutoff=1e-08
  Direction: left->right
  Direction: right->left
  Energy: -0.0020625119, Trunc err: 2.99e-06
Sweep 37, chi=8, cutoff=1e-08
  Direction: left->right
  Direction: right->left
  Energy: -0.0020635856, Trunc err: 2.89e-06
Sweep 38, chi=8, cutoff=1e-08
  Direction: left->right
  Direction: right->left
  Energy: -0.0020647220, Trunc err: 2.84e-06
Sweep 39, chi=8, cutoff=1e-08
  Direction: left->right
  Direction: right->left
  Energy: -0.0020659213, Trunc err: 2.82e-06
Sweep 40, chi=8, cutoff=1e-08
  Direction: left->right
  Direction: right->left
  Energy: -0.0020671758, Trunc err: 2.82e-06
Sweep 41, chi=8, cutoff=1e-08
  Direction: left->right
  Direction: right->left
  Energy: -0.0020684245, Trunc err: 2.77e-06
Sweep 42, chi=8, cutoff=1e-08
  Direction: left->right
  Direction: right->left
  Energy: -0.0020696630, Trunc err: 2.69e-06
Sweep 43, chi=8, cutoff=1e-08
  Direction: left->right
  Direction: right->left
  Energy: -0.0020708944, Trunc err: 2.65e-06
Sweep 44, chi=8, cutoff=1e-08
  Direction: left->right
  Direction: right->left
  Energy: -0.0020721148, Trunc err: 2.60e-06
Sweep 45, chi=8, cutoff=1e-08
  Direction: left->right
  Direction: right->left
  Energy: -0.0020733722, Trunc err: 2.62e-06
Sweep 46, chi=8, cutoff=1e-08
  Direction: left->right
  Direction: right->left
  Energy: -0.0020745452, Trunc err: 2.55e-06
Sweep 47, chi=8, cutoff=1e-08
  Direction: left->right
  Direction: right->left
  Energy: -0.0020756270, Trunc err: 2.42e-06
Sweep 48, chi=8, cutoff=1e-08
  Direction: left->right
  Direction: right->left
  Energy: -0.0020767278, Trunc err: 2.43e-06
Sweep 49, chi=8, cutoff=1e-08
  Direction: left->right
  Direction: right->left
  Energy: -0.0020778999, Trunc err: 2.55e-06
Sweep 50, chi=8, cutoff=1e-08
  Direction: left->right
  Direction: right->left
  Energy: -0.0020908979, Trunc err: 6.46e-05
Sweep 51, chi=8, cutoff=1e-08
  Direction: left->right
  Direction: right->left
  Energy: -0.0021011442, Trunc err: 4.59e-05
Sweep 52, chi=8, cutoff=1e-08
  Direction: left->right
  Direction: right->left
  Energy: -0.0021056694, Trunc err: 5.82e-06
Sweep 53, chi=8, cutoff=1e-08
  Direction: left->right
  Direction: right->left
  Energy: -0.0021225307, Trunc err: 2.24e-05
Sweep 54, chi=8, cutoff=1e-08
  Direction: left->right
  Direction: right->left
  Energy: -0.0021466129, Trunc err: 2.89e-05
Sweep 55, chi=8, cutoff=1e-08
  Direction: left->right
  Direction: right->left
  Energy: -0.0021521460, Trunc err: 8.97e-05
Sweep 56, chi=8, cutoff=1e-08
  Direction: left->right
  Direction: right->left
  Energy: -0.0021522051, Trunc err: 1.43e-06
Sweep 57, chi=8, cutoff=1e-08
  Direction: left->right
  Direction: right->left
  Energy: -0.0021522278, Trunc err: 8.69e-07
Sweep 58, chi=8, cutoff=1e-08
  Direction: left->right
  Direction: right->left
  Energy: -0.0160500216, Trunc err: 7.76e-04
Sweep 59, chi=8, cutoff=1e-08
  Direction: left->right
  Direction: right->left
  Energy: -0.0175901561, Trunc err: 2.20e-04
Sweep 60, chi=16, cutoff=1e-08
  Direction: left->right
  Direction: right->left
  Energy: -0.0176360677, Trunc err: 2.00e-07
Sweep 61, chi=16, cutoff=1e-08
  Direction: left->right
  Direction: right->left
  Energy: -0.0176722611, Trunc err: 1.94e-06
Sweep 62, chi=16, cutoff=1e-08
  Direction: left->right
  Direction: right->left
  Energy: -0.0177097737, Trunc err: 1.89e-06
Sweep 63, chi=16, cutoff=1e-08
  Direction: left->right
  Direction: right->left
  Energy: -0.0177480634, Trunc err: 1.89e-06
Sweep 64, chi=16, cutoff=1e-08
  Direction: left->right
  Direction: right->left
  Energy: -0.0177828743, Trunc err: 1.68e-06
Sweep 65, chi=16, cutoff=1e-08
  Direction: left->right
  Direction: right->left
  Energy: -0.0178112817, Trunc err: 1.32e-06
Sweep 66, chi=16, cutoff=1e-08
  Direction: left->right
  Direction: right->left
  Energy: -0.0180641734, Trunc err: 1.41e-05
Sweep 67, chi=16, cutoff=1e-08
  Direction: left->right
  Direction: right->left
  Energy: -0.0180643959, Trunc err: 4.41e-07
Sweep 68, chi=16, cutoff=1e-08
  Direction: left->right
  Direction: right->left
  Energy: -0.0180644119, Trunc err: 5.82e-08
Sweep 69, chi=16, cutoff=1e-08
  Direction: left->right
  Direction: right->left
  Energy: -0.0180644333, Trunc err: 1.10e-07
Sweep 70, chi=16, cutoff=1e-08
  Direction: left->right
  Direction: right->left
  Energy: -0.0180644400, Trunc err: 5.27e-08
Sweep 71, chi=16, cutoff=1e-08
  Direction: left->right
  Direction: right->left
  Energy: -0.0180644434, Trunc err: 1.59e-08
Sweep 72, chi=16, cutoff=1e-08
  Direction: left->right
  Direction: right->left
  Energy: -0.0180644821, Trunc err: 2.32e-07
Sweep 73, chi=16, cutoff=1e-08
  Direction: left->right
  Direction: right->left
  Energy: -0.0180644823, Trunc err: 5.47e-08
Sweep 74, chi=16, cutoff=1e-08
  Direction: left->right
  Direction: right->left
  Energy: -0.0180644825, Trunc err: 6.90e-08
Sweep 75, chi=16, cutoff=1e-08
  Direction: left->right
  Direction: right->left
  Energy: -0.0180644827, Trunc err: 6.74e-08
Sweep 76, chi=16, cutoff=1e-08
  Direction: left->right
  Direction: right->left
  Energy: -0.0180644828, Trunc err: 1.09e-07
Sweep 77, chi=16, cutoff=1e-08
  Direction: left->right
  Direction: right->left
  Energy: -0.0180644830, Trunc err: 7.16e-08
Sweep 78, chi=16, cutoff=1e-08
  Direction: left->right
  Direction: right->left
  Energy: -0.0180644832, Trunc err: 1.15e-07
Sweep 79, chi=16, cutoff=1e-08
  Direction: left->right
  Direction: right->left
  Energy: -0.0180644834, Trunc err: 1.38e-07
Sweep 80, chi=16, cutoff=1e-08
  Direction: left->right
  Direction: right->left
  Energy: -0.0180644836, Trunc err: 1.04e-07
Sweep 81, chi=16, cutoff=1e-08
  Direction: left->right
  Direction: right->left
  Energy: -0.0180644838, Trunc err: 1.04e-07
Sweep 82, chi=16, cutoff=1e-08
  Direction: left->right
  Direction: right->left
  Energy: -0.0180644840, Trunc err: 1.02e-07
Sweep 83, chi=16, cutoff=1e-08
  Direction: left->right
  Direction: right->left
  Energy: -0.0180644841, Trunc err: 1.01e-07
Sweep 84, chi=16, cutoff=1e-08
  Direction: left->right
  Direction: right->left
  Energy: -0.0180644842, Trunc err: 1.01e-07
Sweep 85, chi=16, cutoff=1e-08
  Direction: left->right
  Direction: right->left
  Energy: -0.0180644843, Trunc err: 1.01e-07
Sweep 86, chi=16, cutoff=1e-08
  Direction: left->right
  Direction: right->left
  Energy: -0.0180644845, Trunc err: 1.01e-07
Sweep 87, chi=16, cutoff=1e-08
  Direction: left->right
  Direction: right->left
  Energy: -0.0180644846, Trunc err: 1.01e-07
Sweep 88, chi=16, cutoff=1e-08
  Direction: left->right
  Direction: right->left
  Energy: -0.0180644846, Trunc err: 1.01e-07
Sweep 89, chi=16, cutoff=1e-08
  Direction: left->right
  Direction: right->left
  Energy: -0.0180644847, Trunc err: 1.01e-07
Sweep 90, chi=16, cutoff=1e-08
  Direction: left->right
  Direction: right->left
  Energy: -0.0180644848, Trunc err: 1.01e-07
Sweep 91, chi=16, cutoff=1e-08
  Direction: left->right
  Direction: right->left
  Energy: -0.0180644849, Trunc err: 1.01e-07
Sweep 92, chi=16, cutoff=1e-08
  Direction: left->right
  Direction: right->left
  Energy: -0.0180644850, Trunc err: 1.01e-07
Sweep 93, chi=16, cutoff=1e-08
  Direction: left->right
  Direction: right->left
  Energy: -0.0180644850, Trunc err: 1.02e-07
Sweep 94, chi=16, cutoff=1e-08
  Direction: left->right
  Direction: right->left
  Energy: -0.0180644851, Trunc err: 1.02e-07
Sweep 95, chi=16, cutoff=1e-08
  Direction: left->right
  Direction: right->left
  Energy: -0.0180644851, Trunc err: 1.02e-07
Sweep 96, chi=16, cutoff=1e-08
  Direction: left->right
  Direction: right->left
  Energy: -0.0180644852, Trunc err: 1.02e-07
Sweep 97, chi=16, cutoff=1e-08
  Direction: left->right
  Direction: right->left
  Energy: -0.0180644852, Trunc err: 1.02e-07
Sweep 98, chi=16, cutoff=1e-08
  Direction: left->right
  Direction: right->left
  Energy: -0.0180644853, Trunc err: 1.02e-07
Sweep 99, chi=16, cutoff=1e-08
  Direction: left->right
  Direction: right->left
  Energy: -0.0180644853, Trunc err: 1.02e-07
Sweep 100, chi=32, cutoff=1e-08
  Direction: left->right
  Direction: right->left
  Energy: -0.0180644854, Trunc err: 6.07e-09
Sweep 101, chi=32, cutoff=1e-08
  Direction: left->right
  Direction: right->left
  Energy: -0.0180644854, Trunc err: 6.29e-09
Sweep 102, chi=32, cutoff=1e-08
  Direction: left->right
  Direction: right->left
  Energy: -0.0180644855, Trunc err: 6.10e-09
Sweep 103, chi=32, cutoff=1e-08
  Direction: left->right
  Direction: right->left
  Energy: -0.0180644855, Trunc err: 5.69e-09
Sweep 104, chi=32, cutoff=1e-08
  Direction: left->right
  Direction: right->left
  Energy: -0.0180644856, Trunc err: 5.79e-09
Sweep 105, chi=32, cutoff=1e-08
  Direction: left->right
  Direction: right->left
  Energy: -0.0180644856, Trunc err: 5.90e-09
Sweep 106, chi=32, cutoff=1e-08
  Direction: left->right
  Direction: right->left
  Energy: -0.0180644857, Trunc err: 5.64e-09
Sweep 107, chi=32, cutoff=1e-08
  Direction: left->right
  Direction: right->left
  Energy: -0.0180644857, Trunc err: 5.28e-09
Sweep 108, chi=32, cutoff=1e-08
  Direction: left->right
  Direction: right->left
  Energy: -0.0180644857, Trunc err: 5.20e-09
Sweep 109, chi=32, cutoff=1e-08
  Direction: left->right
  Direction: right->left
  Energy: -0.0180644858, Trunc err: 5.08e-09
Sweep 110, chi=32, cutoff=1e-08
  Direction: left->right
  Direction: right->left
  Energy: -0.0180644858, Trunc err: 4.89e-09
Sweep 111, chi=32, cutoff=1e-08
  Direction: left->right
  Direction: right->left
  Energy: -0.0180644858, Trunc err: 4.67e-09
Sweep 112, chi=32, cutoff=1e-08
  Direction: left->right
  Direction: right->left
  Energy: -0.0180644858, Trunc err: 4.51e-09
Sweep 113, chi=32, cutoff=1e-08
  Direction: left->right
  Direction: right->left
  Energy: -0.0180644859, Trunc err: 4.51e-09
Sweep 114, chi=32, cutoff=1e-08
  Direction: left->right
  Direction: right->left
  Energy: -0.0180644859, Trunc err: 4.43e-09
Sweep 115, chi=32, cutoff=1e-08
  Direction: left->right
  Direction: right->left
  Energy: -0.0180644859, Trunc err: 4.17e-09
Sweep 116, chi=32, cutoff=1e-08
  Direction: left->right
  Direction: right->left
  Energy: -0.0180644859, Trunc err: 4.40e-09
Sweep 117, chi=32, cutoff=1e-08
  Direction: left->right
  Direction: right->left
  Energy: -0.0180644859, Trunc err: 3.88e-09
Sweep 118, chi=32, cutoff=1e-08
  Direction: left->right
  Direction: right->left
  Energy: -0.0180644859, Trunc err: 3.79e-09
Sweep 119, chi=32, cutoff=1e-08
  Direction: left->right
  Direction: right->left
  Energy: -0.0180644859, Trunc err: 3.78e-09
Sweep 120, chi=32, cutoff=1e-08
  Direction: left->right
  Direction: right->left
  Energy: -0.0180644859, Trunc err: 3.81e-09
Sweep 121, chi=32, cutoff=1e-08
  Direction: left->right
  Direction: right->left
  Energy: -0.0180644859, Trunc err: 3.85e-09
Sweep 122, chi=32, cutoff=1e-08
  Direction: left->right
  Direction: right->left
  Energy: -0.0180644860, Trunc err: 3.90e-09
Sweep 123, chi=32, cutoff=1e-08
  Direction: left->right
  Direction: right->left
  Energy: -0.0180644860, Trunc err: 3.97e-09
Sweep 124, chi=32, cutoff=1e-08
  Direction: left->right
  Direction: right->left
  Energy: -0.0180644860, Trunc err: 4.05e-09
Sweep 125, chi=32, cutoff=1e-08
  Direction: left->right
  Direction: right->left
  Energy: -0.0180644860, Trunc err: 3.42e-09
Sweep 126, chi=32, cutoff=1e-08
  Direction: left->right
  Direction: right->left
  Energy: -0.0180644860, Trunc err: 3.56e-09
Sweep 127, chi=32, cutoff=1e-08
  Direction: left->right
  Direction: right->left
  Energy: -0.0180644860, Trunc err: 3.77e-09
Sweep 128, chi=32, cutoff=1e-08
  Direction: left->right
  Direction: right->left
  Energy: -0.0180644860, Trunc err: 3.37e-09
Sweep 129, chi=32, cutoff=1e-08
  Direction: left->right
  Direction: right->left
  Energy: -0.0180644861, Trunc err: 4.13e-09
Sweep 130, chi=32, cutoff=1e-08
  Direction: left->right
  Direction: right->left
  Energy: -0.0180644861, Trunc err: 4.65e-09
Sweep 131, chi=32, cutoff=1e-08
  Direction: left->right
  Direction: right->left
  Energy: -0.0180644861, Trunc err: 3.25e-09
Sweep 132, chi=32, cutoff=1e-08
  Direction: left->right
  Direction: right->left
  Energy: -0.0180644861, Trunc err: 2.93e-09
Sweep 133, chi=32, cutoff=1e-08
  Direction: left->right
  Direction: right->left
  Energy: -0.0180644861, Trunc err: 2.98e-09
Sweep 134, chi=32, cutoff=1e-08
  Direction: left->right
  Direction: right->left
  Energy: -0.0180644861, Trunc err: 3.34e-09
Sweep 135, chi=32, cutoff=1e-08
  Direction: left->right
  Direction: right->left
  Energy: -0.0180644861, Trunc err: 3.47e-09
Sweep 136, chi=32, cutoff=1e-08
  Direction: left->right
  Direction: right->left
  Energy: -0.0180644861, Trunc err: 3.05e-09
Sweep 137, chi=32, cutoff=1e-08
  Direction: left->right
  Direction: right->left
  Energy: -0.0180644861, Trunc err: 2.44e-09
Sweep 138, chi=32, cutoff=1e-08
  Direction: left->right
  Direction: right->left
  Energy: -0.0180644861, Trunc err: 2.00e-09
Sweep 139, chi=32, cutoff=1e-08
  Direction: left->right
  Direction: right->left
  Energy: -0.0180644861, Trunc err: 2.44e-09
