           7.332e+00            1.636e-01            2.231e-02             4.18e-03
           7.332e+00            1.384e-01            1.887e-02             3.62e-02
           7.332e+00            5.009e-02            6.831e-03             6.29e-02
           7.332e+00            3.411e-02            4.652e-03             7.20e-02
           7.332e+00            1.371e-02            1.870e-03             9.61e-02
           7.332e+00            8.944e-03            1.220e-03             1.28e-01
           7.332e+00            3.819e-03            5.208e-04             1.99e-01
           7.332e+00            1.678e-03            2.288e-04             1.68e-01
           7.332e+00            7.491e-04            1.022e-04             2.03e-01
           7.332e+00            5.563e-04            7.587e-05             2.15e-01
           7.332e+00            5.021e-04            6.847e-05             1.99e-01
           7.332e+00            2.734e-04            3.729e-05             2.71e-01
           7.332e+00            1.857e-04            2.533e-05             3.12e-01
           7.332e+00            8.881e-05            1.211e-05             3.67e-01
           7.332e+00            4.640e-05            6.328e-06             3.71e-01
           7.332e+00            3.133e-05            4.272e-06             4.24e-01
           7.332e+00            1.954e-05            2.665e-06             2.96e-01
           7.332e+00            1.142e-05            1.558e-06             5.62e-01
           7.332e+00            4.619e-06            6.299e-07             6.35e-01
           7.332e+00            2.559e-06            3.490e-07             7.18e-01
           7.332e+00            2.511e-06            3.425e-07             5.98e-01
           7.332e+00            1.399e-06            1.908e-07             6.86e-01
           7.332e+00            9.078e-07            1.238e-07             7.69e-01
           7.332e+00            6.679e-07            9.110e-08             7.94e-01
           7.332e+00            4.550e-07            6.206e-08             8.17e-01
           7.332e+00            3.104e-07            4.233e-08             1.64e+00
           7.332e+00            2.260e-07            3.083e-08             1.05e+00
           7.332e+00            1.121e-07            1.529e-08             8.22e-01
           7.332e+00            7.850e-08            1.071e-08             1.81e+00
           7.332e+00            3.765e-08            5.135e-09             2.82e+00
xmax = 10
xshift = -10
dx = 0.15748031496062992
Traceback (most recent call last):
  File "/home/jerrychen/Desktop/mergeHmol/twobody/3dhmol/R2.0/two_particles.py", line 39, in <module>
    V1 = tci.load_mps(f'fit{3*N}_{-Rad}.mps.npy')
         ^^^^^^^^^^^^^^^^^^^^^^^^^^^^^^^^^^^^^^^^
  File "/home/jerrychen/Desktop/mergeHmol/CytnxTools/tci.py", line 250, in load_mps
    tmp = np.load(fname, allow_pickle=True)
          ^^^^^^^^^^^^^^^^^^^^^^^^^^^^^^^^^
  File "/home/jerrychen/anaconda3/envs/cytnx/lib/python3.11/site-packages/numpy/lib/_npyio_impl.py", line 451, in load
    fid = stack.enter_context(open(os.fspath(file), "rb"))
                              ^^^^^^^^^^^^^^^^^^^^^^^^^^^
FileNotFoundError: [Errno 2] No such file or directory: 'fit21_-2.mps.npy'
           7.332e+00            2.435e-01            3.320e-02             4.28e-03
           7.332e+00            1.273e-01            1.737e-02             1.07e-01
           7.332e+00            6.703e-02            9.141e-03             1.57e-01
           7.332e+00            3.596e-02            4.904e-03             2.58e-01
           7.332e+00            1.584e-02            2.160e-03             2.72e-01
           7.332e+00            1.025e-02            1.398e-03             4.00e-01
           7.332e+00            4.033e-03            5.500e-04             4.64e-01
           7.332e+00            2.453e-03            3.345e-04             4.25e-01
           7.332e+00            1.047e-03            1.428e-04             5.86e-01
           7.332e+00            8.175e-04            1.115e-04             6.85e-01
           7.332e+00            5.052e-04            6.891e-05             7.91e-01
           7.332e+00            3.012e-04            4.108e-05             7.69e-01
           7.332e+00            1.691e-04            2.306e-05             1.02e+00
           7.332e+00            7.664e-05            1.045e-05             9.47e-01
           7.332e+00            4.859e-05            6.627e-06             1.02e+00
           7.332e+00            3.054e-05            4.166e-06             3.26e-01
           7.332e+00            2.760e-05            3.765e-06             2.38e-01
           7.332e+00            8.733e-06            1.191e-06             2.25e-01
           7.332e+00            7.486e-06            1.021e-06             1.63e-01
           7.332e+00            3.113e-06            4.245e-07             2.05e-01
           7.332e+00            2.375e-06            3.238e-07             4.13e-01
           7.332e+00            1.292e-06            1.763e-07             2.82e-01
           7.332e+00            8.391e-07            1.144e-07             2.50e-01
           7.332e+00            5.164e-07            7.043e-08             2.83e-01
           7.332e+00            4.141e-07            5.647e-08             5.64e-01
           7.332e+00            3.351e-07            4.570e-08             3.43e-01
           7.332e+00            2.110e-07            2.877e-08             4.24e-01
           7.332e+00            1.006e-07            1.372e-08             4.18e-01
           7.332e+00            1.057e-07            1.442e-08             4.17e-01
           7.332e+00            6.105e-08            8.327e-09             4.89e-01
           7.332e+00            6.844e-02            9.334e-03             4.21e-03
           7.332e+00            1.176e-01            1.603e-02             1.00e-01
           7.332e+00            3.882e-02            5.294e-03             1.58e-01
           7.332e+00            4.010e-02            5.469e-03             1.83e-01
           7.332e+00            1.430e-02            1.951e-03             2.40e-01
           7.332e+00            9.240e-03            1.260e-03             2.60e-01
           7.332e+00            3.133e-03            4.273e-04             3.90e-01
           7.332e+00            1.970e-03            2.687e-04             3.64e-01
           7.332e+00            9.273e-04            1.265e-04             4.22e-01
           7.332e+00            7.867e-04            1.073e-04             6.57e-01
           7.332e+00            4.843e-04            6.605e-05             6.85e-01
           7.332e+00            2.215e-04            3.021e-05             7.21e-01
           7.332e+00            1.202e-04            1.639e-05             7.09e-01
           7.332e+00            8.462e-05            1.154e-05             9.64e-01
           7.332e+00            5.307e-05            7.238e-06             8.90e-01
           7.332e+00            3.924e-05            5.351e-06             3.85e-01
           7.332e+00            1.716e-05            2.341e-06             2.87e-01
           7.332e+00            9.919e-06            1.353e-06             4.96e-01
           7.332e+00            4.390e-06            5.987e-07             7.33e-01
           7.332e+00            2.965e-06            4.044e-07             2.09e-01
           7.332e+00            2.075e-06            2.830e-07             1.93e-01
           7.332e+00            1.145e-06            1.562e-07             3.24e-01
           7.332e+00            6.829e-07            9.314e-08             5.51e-01
           7.332e+00            3.865e-07            5.271e-08             7.83e-01
           7.332e+00            4.075e-07            5.557e-08             2.39e+00
           7.332e+00            2.829e-07            3.858e-08             2.20e+00
           7.332e+00            2.074e-07            2.829e-08             2.26e+00
           7.332e+00            1.142e-07            1.557e-08             3.08e+00
           7.332e+00            9.226e-08            1.258e-08             3.01e+00
           7.332e+00            6.523e-08            8.896e-09             3.83e+00
           7.332e+00            9.823e-01            1.340e-01             4.94e-02
           7.332e+00            8.624e-01            1.176e-01             3.76e-01
           7.332e+00            9.018e-01            1.230e-01             5.05e-01
           7.332e+00            8.195e-01            1.118e-01             5.55e-01
           7.332e+00            2.428e-01            3.311e-02             7.34e-01
           7.332e+00            1.954e-01            2.664e-02             9.55e-01
           7.332e+00            1.368e-01            1.865e-02             9.98e-01
           7.332e+00            6.954e-02            9.484e-03             7.84e-01
           7.332e+00            6.718e-02            9.161e-03             7.18e-01
           7.332e+00            6.444e-02            8.789e-03             3.78e-01
           7.332e+00            6.430e-02            8.769e-03             3.40e-01
           7.332e+00            6.008e-02            8.194e-03             3.50e-01
           7.332e+00            6.056e-02            8.259e-03             3.88e-01
           7.332e+00            3.550e-02            4.841e-03             4.16e-01
           7.332e+00            1.976e-02            2.695e-03             5.16e-01
           7.332e+00            1.221e-02            1.665e-03             9.65e-01
           7.332e+00            7.029e-03            9.586e-04             9.33e-01
           7.332e+00            3.490e-03            4.759e-04             1.97e+00
           7.332e+00            3.306e-03            4.509e-04             1.78e+00
           7.332e+00            2.543e-03            3.468e-04             2.16e+00
           7.332e+00            2.424e-03            3.306e-04             2.68e+00
           7.332e+00            1.033e-03            1.409e-04             2.93e+00
           7.332e+00            9.164e-04            1.250e-04             3.03e+00
           7.332e+00            8.043e-04            1.097e-04             1.82e+00
           7.332e+00            4.254e-04            5.801e-05             1.84e+00
           7.332e+00            3.015e-04            4.112e-05             5.86e+00
           7.332e+00            1.765e-04            2.407e-05             8.99e+00
           7.332e+00            1.614e-04            2.201e-05             6.57e+00
           7.332e+00            1.402e-04            1.912e-05             3.78e+00
           7.332e+00            1.034e-04            1.410e-05             2.41e+00
           7.332e+00            8.331e-05            1.136e-05             2.77e+00
           7.332e+00            4.316e-05            5.886e-06             1.01e+01
           7.332e+00            3.741e-05            5.102e-06             7.45e+00
           7.332e+00            1.841e-05            2.511e-06             2.36e+01
           7.332e+00            1.797e-05            2.451e-06             6.34e+00
           7.332e+00            1.174e-05            1.601e-06             4.69e+00
           7.332e+00            9.421e-06            1.285e-06             5.03e+00
           7.332e+00            8.039e-06            1.096e-06             5.55e+00
           7.332e+00            5.625e-06            7.671e-07             7.03e+00
           7.332e+00            4.574e-06            6.238e-07             6.69e+00
xmax = 10
xshift = -10
dx = 0.15748031496062992
len of Hint: 21
len of H: 21
Sweep 0, chi=2, cutoff=1e-08
  Direction: left->right
  Direction: right->left
  Energy: -0.3564749905, Trunc err: 1.01e+00
Sweep 1, chi=2, cutoff=1e-08
  Direction: left->right
  Direction: right->left
  Energy: -0.3782306106, Trunc err: 1.01e+00
Sweep 2, chi=2, cutoff=1e-08
  Direction: left->right
  Direction: right->left
  Energy: -0.3820686811, Trunc err: 1.01e+00
Sweep 3, chi=2, cutoff=1e-08
  Direction: left->right
  Direction: right->left
  Energy: -0.3843744780, Trunc err: 1.01e+00
Sweep 4, chi=2, cutoff=1e-08
  Direction: left->right
  Direction: right->left
  Energy: -0.3846639845, Trunc err: 1.01e+00
Sweep 5, chi=2, cutoff=1e-08
  Direction: left->right
  Direction: right->left
  Energy: -0.3847665745, Trunc err: 1.01e+00
Sweep 6, chi=2, cutoff=1e-08
  Direction: left->right
  Direction: right->left
  Energy: -0.3847908266, Trunc err: 1.01e+00
Sweep 7, chi=2, cutoff=1e-08
  Direction: left->right
  Direction: right->left
  Energy: -0.3848178748, Trunc err: 1.01e+00
Sweep 8, chi=2, cutoff=1e-08
  Direction: left->right
  Direction: right->left
  Energy: -0.3848225446, Trunc err: 1.01e+00
Sweep 9, chi=2, cutoff=1e-08
  Direction: left->right
  Direction: right->left
  Energy: -0.3848240164, Trunc err: 1.01e+00
Sweep 10, chi=4, cutoff=1e-08
  Direction: left->right
  Direction: right->left
  Energy: -0.4103387245, Trunc err: 1.02e+00
Sweep 11, chi=4, cutoff=1e-08
  Direction: left->right
  Direction: right->left
  Energy: -0.4423052419, Trunc err: 1.05e+00
Sweep 12, chi=4, cutoff=1e-08
  Direction: left->right
  Direction: right->left
  Energy: -0.5069254717, Trunc err: 1.10e+00
Sweep 13, chi=4, cutoff=1e-08
  Direction: left->right
  Direction: right->left
  Energy: -0.6729557961, Trunc err: 1.18e+00
Sweep 14, chi=4, cutoff=1e-08
  Direction: left->right
  Direction: right->left
  Energy: -0.7818755866, Trunc err: 1.26e+00
Sweep 15, chi=4, cutoff=1e-08
  Direction: left->right
  Direction: right->left
  Energy: -0.8576836803, Trunc err: 1.29e+00
Sweep 16, chi=4, cutoff=1e-08
  Direction: left->right
  Direction: right->left
  Energy: -0.9030603776, Trunc err: 1.31e+00
Sweep 17, chi=4, cutoff=1e-08
  Direction: left->right
  Direction: right->left
  Energy: -0.9548663084, Trunc err: 1.32e+00
Sweep 18, chi=4, cutoff=1e-08
  Direction: left->right
  Direction: right->left
  Energy: -1.0083667792, Trunc err: 1.34e+00
Sweep 19, chi=4, cutoff=1e-08
  Direction: left->right
  Direction: right->left
  Energy: -1.1169536845, Trunc err: 1.36e+00
Sweep 20, chi=4, cutoff=1e-08
  Direction: left->right
  Direction: right->left
  Energy: -1.2044568145, Trunc err: 1.39e+00
Sweep 21, chi=4, cutoff=1e-08
  Direction: left->right
  Direction: right->left
  Energy: -1.2759392961, Trunc err: 1.41e+00
Sweep 22, chi=4, cutoff=1e-08
  Direction: left->right
  Direction: right->left
  Energy: -1.3399954110, Trunc err: 1.43e+00
Sweep 23, chi=4, cutoff=1e-08
  Direction: left->right
  Direction: right->left
  Energy: -1.3878578453, Trunc err: 1.44e+00
Sweep 24, chi=4, cutoff=1e-08
  Direction: left->right
  Direction: right->left
  Energy: -1.4204061384, Trunc err: 1.46e+00
Sweep 25, chi=4, cutoff=1e-08
  Direction: left->right
  Direction: right->left
  Energy: -1.4438166636, Trunc err: 1.47e+00
Sweep 26, chi=4, cutoff=1e-08
  Direction: left->right
  Direction: right->left
  Energy: -1.4576443288, Trunc err: 1.47e+00
Sweep 27, chi=4, cutoff=1e-08
  Direction: left->right
  Direction: right->left
  Energy: -1.4665813138, Trunc err: 1.48e+00
Sweep 28, chi=4, cutoff=1e-08
  Direction: left->right
  Direction: right->left
  Energy: -1.4722189361, Trunc err: 1.48e+00
Sweep 29, chi=4, cutoff=1e-08
  Direction: left->right
  Direction: right->left
  Energy: -1.4759478796, Trunc err: 1.49e+00
Sweep 30, chi=4, cutoff=1e-08
  Direction: left->right
  Direction: right->left
  Energy: -1.4781877235, Trunc err: 1.49e+00
Sweep 31, chi=4, cutoff=1e-08
  Direction: left->right
  Direction: right->left
  Energy: -1.4793981410, Trunc err: 1.49e+00
Sweep 32, chi=4, cutoff=1e-08
  Direction: left->right
  Direction: right->left
  Energy: -1.4800518233, Trunc err: 1.49e+00
Sweep 33, chi=4, cutoff=1e-08
  Direction: left->right
  Direction: right->left
  Energy: -1.4804205780, Trunc err: 1.49e+00
Sweep 34, chi=4, cutoff=1e-08
  Direction: left->right
  Direction: right->left
  Energy: -1.4806552009, Trunc err: 1.49e+00
Sweep 35, chi=4, cutoff=1e-08
  Direction: left->right
  Direction: right->left
  Energy: -1.4808085970, Trunc err: 1.49e+00
Sweep 36, chi=4, cutoff=1e-08
  Direction: left->right
  Direction: right->left
  Energy: -1.4809109816, Trunc err: 1.50e+00
Sweep 37, chi=4, cutoff=1e-08
  Direction: left->right
  Direction: right->left
  Energy: -1.4809805710, Trunc err: 1.50e+00
Sweep 38, chi=4, cutoff=1e-08
  Direction: left->right
  Direction: right->left
  Energy: -1.4810279391, Trunc err: 1.50e+00
Sweep 39, chi=4, cutoff=1e-08
  Direction: left->right
  Direction: right->left
  Energy: -1.4810603439, Trunc err: 1.50e+00
Sweep 40, chi=4, cutoff=1e-08
  Direction: left->right
  Direction: right->left
  Energy: -1.4810827714, Trunc err: 1.50e+00
Sweep 41, chi=4, cutoff=1e-08
  Direction: left->right
  Direction: right->left
  Energy: -1.4810994995, Trunc err: 1.50e+00
Sweep 42, chi=4, cutoff=1e-08
  Direction: left->right
  Direction: right->left
  Energy: -1.4811105222, Trunc err: 1.50e+00
Sweep 43, chi=4, cutoff=1e-08
  Direction: left->right
  Direction: right->left
  Energy: -1.4811173962, Trunc err: 1.50e+00
Sweep 44, chi=4, cutoff=1e-08
  Direction: left->right
  Direction: right->left
  Energy: -1.4811221313, Trunc err: 1.50e+00
Sweep 45, chi=4, cutoff=1e-08
  Direction: left->right
  Direction: right->left
  Energy: -1.4811254103, Trunc err: 1.50e+00
Sweep 46, chi=4, cutoff=1e-08
  Direction: left->right
  Direction: right->left
  Energy: -1.4811276924, Trunc err: 1.50e+00
Sweep 47, chi=4, cutoff=1e-08
  Direction: left->right
  Direction: right->left
  Energy: -1.4811292860, Trunc err: 1.50e+00
Sweep 48, chi=4, cutoff=1e-08
  Direction: left->right
  Direction: right->left
  Energy: -1.4811304028, Trunc err: 1.50e+00
Sweep 49, chi=4, cutoff=1e-08
  Direction: left->right
  Direction: right->left
  Energy: -1.4811311885, Trunc err: 1.50e+00
Sweep 50, chi=8, cutoff=1e-08
  Direction: left->right
  Direction: right->left
  Energy: -1.5330058967, Trunc err: 1.51e+00
Sweep 51, chi=8, cutoff=1e-08
  Direction: left->right
  Direction: right->left
  Energy: -1.5429980802, Trunc err: 1.53e+00
Sweep 52, chi=8, cutoff=1e-08
  Direction: left->right
  Direction: right->left
  Energy: -1.5456017105, Trunc err: 1.54e+00
Sweep 53, chi=8, cutoff=1e-08
  Direction: left->right
  Direction: right->left
  Energy: -1.5466120062, Trunc err: 1.54e+00
Sweep 54, chi=8, cutoff=1e-08
  Direction: left->right
  Direction: right->left
  Energy: -1.5470929395, Trunc err: 1.55e+00
Sweep 55, chi=8, cutoff=1e-08
  Direction: left->right
  Direction: right->left
  Energy: -1.5473543759, Trunc err: 1.55e+00
Sweep 56, chi=8, cutoff=1e-08
  Direction: left->right
  Direction: right->left
  Energy: -1.5475069559, Trunc err: 1.55e+00
Sweep 57, chi=8, cutoff=1e-08
  Direction: left->right
  Direction: right->left
  Energy: -1.5476004017, Trunc err: 1.55e+00
Sweep 58, chi=8, cutoff=1e-08
  Direction: left->right
  Direction: right->left
  Energy: -1.5476582738, Trunc err: 1.55e+00
Sweep 59, chi=8, cutoff=1e-08
  Direction: left->right
  Direction: right->left
  Energy: -1.5476945239, Trunc err: 1.55e+00
Sweep 60, chi=8, cutoff=1e-08
  Direction: left->right
  Direction: right->left
  Energy: -1.5477176037, Trunc err: 1.55e+00
Sweep 61, chi=8, cutoff=1e-08
  Direction: left->right
  Direction: right->left
  Energy: -1.5477328081, Trunc err: 1.55e+00
Sweep 62, chi=8, cutoff=1e-08
  Direction: left->right
  Direction: right->left
  Energy: -1.5477431647, Trunc err: 1.55e+00
Sweep 63, chi=8, cutoff=1e-08
  Direction: left->right
  Direction: right->left
  Energy: -1.5477504567, Trunc err: 1.55e+00
Sweep 64, chi=8, cutoff=1e-08
  Direction: left->right
  Direction: right->left
  Energy: -1.5477557742, Trunc err: 1.55e+00
Sweep 65, chi=8, cutoff=1e-08
  Direction: left->right
  Direction: right->left
  Energy: -1.5477597912, Trunc err: 1.55e+00
Sweep 66, chi=8, cutoff=1e-08
  Direction: left->right
  Direction: right->left
  Energy: -1.5477629237, Trunc err: 1.55e+00
Sweep 67, chi=8, cutoff=1e-08
  Direction: left->right
  Direction: right->left
  Energy: -1.5477654379, Trunc err: 1.55e+00
Sweep 68, chi=8, cutoff=1e-08
  Direction: left->right
  Direction: right->left
  Energy: -1.5477675075, Trunc err: 1.55e+00
Sweep 69, chi=8, cutoff=1e-08
  Direction: left->right
  Direction: right->left
  Energy: -1.5477692455, Trunc err: 1.55e+00
Sweep 70, chi=8, cutoff=1e-08
  Direction: left->right
  Direction: right->left
  Energy: -1.5477707287, Trunc err: 1.55e+00
Sweep 71, chi=8, cutoff=1e-08
  Direction: left->right
  Direction: right->left
  Energy: -1.5477720098, Trunc err: 1.55e+00
Sweep 72, chi=8, cutoff=1e-08
  Direction: left->right
  Direction: right->left
  Energy: -1.5477731246, Trunc err: 1.55e+00
Sweep 73, chi=8, cutoff=1e-08
  Direction: left->right
  Direction: right->left
  Energy: -1.5477741025, Trunc err: 1.55e+00
Sweep 74, chi=8, cutoff=1e-08
  Direction: left->right
  Direction: right->left
  Energy: -1.5477749626, Trunc err: 1.55e+00
Sweep 75, chi=8, cutoff=1e-08
  Direction: left->right
  Direction: right->left
  Energy: -1.5477757211, Trunc err: 1.55e+00
Sweep 76, chi=8, cutoff=1e-08
  Direction: left->right
  Direction: right->left
  Energy: -1.5477763905, Trunc err: 1.55e+00
Sweep 77, chi=8, cutoff=1e-08
  Direction: left->right
  Direction: right->left
  Energy: -1.5477769812, Trunc err: 1.55e+00
Sweep 78, chi=8, cutoff=1e-08
  Direction: left->right
  Direction: right->left
  Energy: -1.5477775056, Trunc err: 1.55e+00
Sweep 79, chi=8, cutoff=1e-08
  Direction: left->right
  Direction: right->left
  Energy: -1.5477779625, Trunc err: 1.55e+00
Sweep 80, chi=8, cutoff=1e-08
  Direction: left->right
  Direction: right->left
  Energy: -1.5477783655, Trunc err: 1.55e+00
Sweep 81, chi=8, cutoff=1e-08
  Direction: left->right
  Direction: right->left
  Energy: -1.5477787186, Trunc err: 1.55e+00
Sweep 82, chi=8, cutoff=1e-08
  Direction: left->right
  Direction: right->left
  Energy: -1.5477790292, Trunc err: 1.55e+00
Sweep 83, chi=8, cutoff=1e-08
  Direction: left->right
  Direction: right->left
  Energy: -1.5477793004, Trunc err: 1.55e+00
Sweep 84, chi=8, cutoff=1e-08
  Direction: left->right
  Direction: right->left
  Energy: -1.5477795416, Trunc err: 1.55e+00
Sweep 85, chi=8, cutoff=1e-08
  Direction: left->right
  Direction: right->left
  Energy: -1.5477797509, Trunc err: 1.55e+00
Sweep 86, chi=8, cutoff=1e-08
  Direction: left->right
  Direction: right->left
  Energy: -1.5477799288, Trunc err: 1.55e+00
Sweep 87, chi=8, cutoff=1e-08
  Direction: left->right
  Direction: right->left
  Energy: -1.5477800856, Trunc err: 1.55e+00
Sweep 88, chi=8, cutoff=1e-08
  Direction: left->right
  Direction: right->left
  Energy: -1.5477802195, Trunc err: 1.55e+00
Sweep 89, chi=8, cutoff=1e-08
  Direction: left->right
  Direction: right->left
  Energy: -1.5477803382, Trunc err: 1.55e+00
Sweep 90, chi=8, cutoff=1e-08
  Direction: left->right
  Direction: right->left
  Energy: -1.5477804375, Trunc err: 1.55e+00
Sweep 91, chi=8, cutoff=1e-08
  Direction: left->right
  Direction: right->left
  Energy: -1.5477805310, Trunc err: 1.55e+00
Sweep 92, chi=8, cutoff=1e-08
  Direction: left->right
  Direction: right->left
  Energy: -1.5477806041, Trunc err: 1.55e+00
Sweep 93, chi=8, cutoff=1e-08
  Direction: left->right
  Direction: right->left
  Energy: -1.5477806718, Trunc err: 1.55e+00
Sweep 94, chi=8, cutoff=1e-08
  Direction: left->right
  Direction: right->left
  Energy: -1.5477807263, Trunc err: 1.55e+00
Sweep 95, chi=8, cutoff=1e-08
  Direction: left->right
  Direction: right->left
  Energy: -1.5477807789, Trunc err: 1.55e+00
Sweep 96, chi=8, cutoff=1e-08
  Direction: left->right
  Direction: right->left
  Energy: -1.5477808189, Trunc err: 1.55e+00
Sweep 97, chi=8, cutoff=1e-08
  Direction: left->right
  Direction: right->left
  Energy: -1.5477808569, Trunc err: 1.55e+00
Sweep 98, chi=8, cutoff=1e-08
  Direction: left->right
  Direction: right->left
  Energy: -1.5477808874, Trunc err: 1.55e+00
Sweep 99, chi=8, cutoff=1e-08
  Direction: left->right
  Direction: right->left
  Energy: -1.5477809169, Trunc err: 1.55e+00
Sweep 100, chi=16, cutoff=1e-08
  Direction: left->right
  Direction: right->left
  Energy: -1.5941174932, Trunc err: 1.59e+00
Sweep 101, chi=16, cutoff=1e-08
  Direction: left->right
  Direction: right->left
  Energy: -1.6018203820, Trunc err: 1.64e+00
Sweep 102, chi=16, cutoff=1e-08
  Direction: left->right
  Direction: right->left
  Energy: -1.6032344016, Trunc err: 1.65e+00
Sweep 103, chi=16, cutoff=1e-08
  Direction: left->right
  Direction: right->left
  Energy: -1.6037787067, Trunc err: 1.66e+00
Sweep 104, chi=16, cutoff=1e-08
  Direction: left->right
  Direction: right->left
  Energy: -1.6040255719, Trunc err: 1.66e+00
Sweep 105, chi=16, cutoff=1e-08
  Direction: left->right
  Direction: right->left
  Energy: -1.6041346997, Trunc err: 1.66e+00
Sweep 106, chi=16, cutoff=1e-08
  Direction: left->right
  Direction: right->left
  Energy: -1.6042091713, Trunc err: 1.66e+00
Sweep 107, chi=16, cutoff=1e-08
  Direction: left->right
  Direction: right->left
  Energy: -1.6042666049, Trunc err: 1.67e+00
Sweep 108, chi=16, cutoff=1e-08
  Direction: left->right
  Direction: right->left
  Energy: -1.6043044529, Trunc err: 1.67e+00
Sweep 109, chi=16, cutoff=1e-08
  Direction: left->right
  Direction: right->left
  Energy: -1.6043390205, Trunc err: 1.67e+00
Sweep 110, chi=16, cutoff=1e-08
  Direction: left->right
  Direction: right->left
  Energy: -1.6044493449, Trunc err: 1.67e+00
Sweep 111, chi=16, cutoff=1e-08
  Direction: left->right
  Direction: right->left
  Energy: -1.6049020494, Trunc err: 1.67e+00
Sweep 112, chi=16, cutoff=1e-08
  Direction: left->right
  Direction: right->left
  Energy: -1.6053282535, Trunc err: 1.67e+00
Sweep 113, chi=16, cutoff=1e-08
  Direction: left->right
  Direction: right->left
  Energy: -1.6054807479, Trunc err: 1.67e+00
Sweep 114, chi=16, cutoff=1e-08
  Direction: left->right
  Direction: right->left
  Energy: -1.6055351542, Trunc err: 1.67e+00
Sweep 115, chi=16, cutoff=1e-08
  Direction: left->right
  Direction: right->left
  Energy: -1.6055584579, Trunc err: 1.67e+00
Sweep 116, chi=16, cutoff=1e-08
  Direction: left->right
  Direction: right->left
  Energy: -1.6055700770, Trunc err: 1.67e+00
Sweep 117, chi=16, cutoff=1e-08
  Direction: left->right
  Direction: right->left
  Energy: -1.6055764977, Trunc err: 1.67e+00
Sweep 118, chi=16, cutoff=1e-08
  Direction: left->right
  Direction: right->left
  Energy: -1.6055803359, Trunc err: 1.67e+00
Sweep 119, chi=16, cutoff=1e-08
  Direction: left->right
  Direction: right->left
  Energy: -1.6055827743, Trunc err: 1.67e+00
Sweep 120, chi=32, cutoff=1e-08
  Direction: left->right
  Direction: right->left
  Energy: -1.6173519258, Trunc err: 1.69e+00
Sweep 121, chi=32, cutoff=1e-08
  Direction: left->right
  Direction: right->left
  Energy: -1.6192902921, Trunc err: 1.72e+00
Sweep 122, chi=32, cutoff=1e-08
  Direction: left->right
  Direction: right->left
  Energy: -1.6198754505, Trunc err: 1.73e+00
Sweep 123, chi=32, cutoff=1e-08
  Direction: left->right
  Direction: right->left
  Energy: -1.6201300155, Trunc err: 1.73e+00
Sweep 124, chi=32, cutoff=1e-08
  Direction: left->right
  Direction: right->left
  Energy: -1.6202686486, Trunc err: 1.74e+00
Sweep 125, chi=32, cutoff=1e-08
  Direction: left->right
  Direction: right->left
  Energy: -1.6203505310, Trunc err: 1.74e+00
Sweep 126, chi=32, cutoff=1e-08
  Direction: left->right
  Direction: right->left
  Energy: -1.6204019368, Trunc err: 1.74e+00
Sweep 127, chi=32, cutoff=1e-08
  Direction: left->right
  Direction: right->left
  Energy: -1.6204365663, Trunc err: 1.74e+00
Sweep 128, chi=32, cutoff=1e-08
  Direction: left->right
  Direction: right->left
  Energy: -1.6204605064, Trunc err: 1.74e+00
Sweep 129, chi=32, cutoff=1e-08
  Direction: left->right
  Direction: right->left
  Energy: -1.6204773195, Trunc err: 1.74e+00
Sweep 0, chi=2, cutoff=1e-08
  Direction: left->right
  Direction: right->left
  Energy: -0.9547556429, Trunc err: 4.20e-03
Sweep 1, chi=2, cutoff=1e-08
  Direction: left->right
  Direction: right->left
  Energy: -0.9548189184, Trunc err: 8.50e-03
Sweep 2, chi=2, cutoff=1e-08
  Direction: left->right
  Direction: right->left
  Energy: -0.9548189234, Trunc err: 8.49e-03
Sweep 3, chi=2, cutoff=1e-08
  Direction: left->right
  Direction: right->left
  Energy: -0.9548189234, Trunc err: 8.49e-03
Sweep 4, chi=2, cutoff=1e-08
  Direction: left->right
  Direction: right->left
  Energy: -0.9548189234, Trunc err: 8.49e-03
Sweep 5, chi=2, cutoff=1e-08
  Direction: left->right
  Direction: right->left
  Energy: -0.9548189234, Trunc err: 8.49e-03
Sweep 6, chi=2, cutoff=1e-08
  Direction: left->right
  Direction: right->left
  Energy: -0.9548189234, Trunc err: 8.49e-03
Sweep 7, chi=2, cutoff=1e-08
  Direction: left->right
  Direction: right->left
  Energy: -0.9548189234, Trunc err: 8.49e-03
Sweep 8, chi=2, cutoff=1e-08
  Direction: left->right
  Direction: right->left
  Energy: -0.9548189234, Trunc err: 8.49e-03
Sweep 9, chi=2, cutoff=1e-08
  Direction: left->right
  Direction: right->left
  Energy: -0.9548189234, Trunc err: 8.49e-03
Sweep 10, chi=4, cutoff=1e-08
  Direction: left->right
  Direction: right->left
  Energy: -0.9666858168, Trunc err: 1.75e-03
Sweep 11, chi=4, cutoff=1e-08
  Direction: left->right
  Direction: right->left
  Energy: -0.9668003353, Trunc err: 3.88e-03
Sweep 12, chi=4, cutoff=1e-08
  Direction: left->right
  Direction: right->left
  Energy: -0.9668003421, Trunc err: 3.88e-03
Sweep 13, chi=4, cutoff=1e-08
  Direction: left->right
  Direction: right->left
  Energy: -0.9668003421, Trunc err: 3.88e-03
Sweep 14, chi=4, cutoff=1e-08
  Direction: left->right
  Direction: right->left
  Energy: -0.9668003421, Trunc err: 3.88e-03
Sweep 15, chi=4, cutoff=1e-08
  Direction: left->right
  Direction: right->left
  Energy: -0.9668003421, Trunc err: 3.88e-03
Sweep 16, chi=4, cutoff=1e-08
  Direction: left->right
  Direction: right->left
  Energy: -0.9668003421, Trunc err: 3.88e-03
Sweep 17, chi=4, cutoff=1e-08
  Direction: left->right
  Direction: right->left
  Energy: -0.9668003421, Trunc err: 3.88e-03
Sweep 18, chi=4, cutoff=1e-08
  Direction: left->right
  Direction: right->left
  Energy: -0.9668003421, Trunc err: 3.88e-03
Sweep 19, chi=4, cutoff=1e-08
  Direction: left->right
  Direction: right->left
  Energy: -0.9668003421, Trunc err: 3.88e-03
Sweep 20, chi=8, cutoff=1e-08
  Direction: left->right
  Direction: right->left
  Energy: -0.9680484498, Trunc err: 2.44e-05
Sweep 21, chi=8, cutoff=1e-08
  Direction: left->right
  Direction: right->left
  Energy: -0.9680484584, Trunc err: 5.34e-05
Sweep 22, chi=8, cutoff=1e-08
  Direction: left->right
  Direction: right->left
  Energy: -0.9680484584, Trunc err: 5.34e-05
Sweep 23, chi=8, cutoff=1e-08
  Direction: left->right
  Direction: right->left
  Energy: -0.9680484584, Trunc err: 5.34e-05
Sweep 24, chi=8, cutoff=1e-08
  Direction: left->right
  Direction: right->left
  Energy: -0.9680484584, Trunc err: 5.34e-05
Sweep 25, chi=8, cutoff=1e-08
  Direction: left->right
  Direction: right->left
  Energy: -0.9680484584, Trunc err: 5.34e-05
Sweep 26, chi=8, cutoff=1e-08
  Direction: left->right
  Direction: right->left
  Energy: -0.9680484584, Trunc err: 5.34e-05
Sweep 27, chi=8, cutoff=1e-08
  Direction: left->right
  Direction: right->left
  Energy: -0.9680484584, Trunc err: 5.34e-05
Sweep 28, chi=8, cutoff=1e-08
  Direction: left->right
  Direction: right->left
  Energy: -0.9680484584, Trunc err: 5.34e-05
Sweep 29, chi=8, cutoff=1e-08
  Direction: left->right
  Direction: right->left
  Energy: -0.9680484584, Trunc err: 5.34e-05
Sweep 30, chi=8, cutoff=1e-08
  Direction: left->right
  Direction: right->left
  Energy: -0.9680484584, Trunc err: 5.34e-05
Sweep 31, chi=8, cutoff=1e-08
  Direction: left->right
  Direction: right->left
  Energy: -0.9680484584, Trunc err: 5.34e-05
Sweep 32, chi=8, cutoff=1e-08
  Direction: left->right
  Direction: right->left
  Energy: -0.9680484584, Trunc err: 5.34e-05
Sweep 33, chi=8, cutoff=1e-08
  Direction: left->right
  Direction: right->left
  Energy: -0.9680484584, Trunc err: 5.34e-05
Sweep 34, chi=8, cutoff=1e-08
  Direction: left->right
  Direction: right->left
  Energy: -0.9680484584, Trunc err: 5.34e-05
Sweep 35, chi=8, cutoff=1e-08
  Direction: left->right
  Direction: right->left
  Energy: -0.9680484584, Trunc err: 5.34e-05
Sweep 36, chi=8, cutoff=1e-08
  Direction: left->right
  Direction: right->left
  Energy: -0.9680484584, Trunc err: 5.34e-05
Sweep 37, chi=8, cutoff=1e-08
  Direction: left->right
  Direction: right->left
  Energy: -0.9680484584, Trunc err: 5.34e-05
Sweep 38, chi=8, cutoff=1e-08
  Direction: left->right
  Direction: right->left
  Energy: -0.9680484584, Trunc err: 5.34e-05
Sweep 39, chi=8, cutoff=1e-08
  Direction: left->right
  Direction: right->left
  Energy: -0.9680484584, Trunc err: 5.34e-05
Sweep 40, chi=8, cutoff=1e-08
  Direction: left->right
  Direction: right->left
  Energy: -0.9680484584, Trunc err: 5.34e-05
Sweep 41, chi=8, cutoff=1e-08
  Direction: left->right
  Direction: right->left
  Energy: -0.9680484584, Trunc err: 5.34e-05
Sweep 42, chi=8, cutoff=1e-08
  Direction: left->right
  Direction: right->left
  Energy: -0.9680484584, Trunc err: 5.34e-05
Sweep 43, chi=8, cutoff=1e-08
  Direction: left->right
  Direction: right->left
  Energy: -0.9680484584, Trunc err: 5.34e-05
Sweep 44, chi=8, cutoff=1e-08
  Direction: left->right
  Direction: right->left
  Energy: -0.9680484584, Trunc err: 5.34e-05
Sweep 45, chi=8, cutoff=1e-08
  Direction: left->right
  Direction: right->left
  Energy: -0.9680484584, Trunc err: 5.34e-05
Sweep 46, chi=8, cutoff=1e-08
  Direction: left->right
  Direction: right->left
  Energy: -0.9680484584, Trunc err: 5.34e-05
Sweep 47, chi=8, cutoff=1e-08
  Direction: left->right
  Direction: right->left
  Energy: -0.9680484584, Trunc err: 5.34e-05
Sweep 48, chi=8, cutoff=1e-08
  Direction: left->right
  Direction: right->left
  Energy: -0.9680484584, Trunc err: 5.34e-05
Sweep 49, chi=8, cutoff=1e-08
  Direction: left->right
  Direction: right->left
  Energy: -0.9680484584, Trunc err: 5.34e-05
Sweep 50, chi=8, cutoff=1e-08
  Direction: left->right
  Direction: right->left
  Energy: -0.9680484584, Trunc err: 5.34e-05
Sweep 51, chi=8, cutoff=1e-08
  Direction: left->right
  Direction: right->left
  Energy: -0.9680484584, Trunc err: 5.34e-05
Sweep 52, chi=8, cutoff=1e-08
  Direction: left->right
  Direction: right->left
  Energy: -0.9680484584, Trunc err: 5.34e-05
Sweep 53, chi=8, cutoff=1e-08
  Direction: left->right
  Direction: right->left
  Energy: -0.9680484584, Trunc err: 5.34e-05
Sweep 54, chi=8, cutoff=1e-08
  Direction: left->right
  Direction: right->left
  Energy: -0.9680484584, Trunc err: 5.34e-05
Sweep 55, chi=8, cutoff=1e-08
  Direction: left->right
  Direction: right->left
  Energy: -0.9680484584, Trunc err: 5.34e-05
Sweep 56, chi=8, cutoff=1e-08
  Direction: left->right
  Direction: right->left
  Energy: -0.9680484584, Trunc err: 5.34e-05
Sweep 57, chi=8, cutoff=1e-08
  Direction: left->right
  Direction: right->left
  Energy: -0.9680484584, Trunc err: 5.34e-05
Sweep 58, chi=8, cutoff=1e-08
  Direction: left->right
  Direction: right->left
  Energy: -0.9680484584, Trunc err: 5.34e-05
Sweep 59, chi=8, cutoff=1e-08
  Direction: left->right
  Direction: right->left
  Energy: -0.9680484584, Trunc err: 5.34e-05
Sweep 60, chi=16, cutoff=1e-08
  Direction: left->right
  Direction: right->left
  Energy: -0.9680489626, Trunc err: 1.25e-08
Sweep 61, chi=16, cutoff=1e-08
  Direction: left->right
  Direction: right->left
  Energy: -0.9680489626, Trunc err: 2.41e-08
Sweep 62, chi=16, cutoff=1e-08
  Direction: left->right
  Direction: right->left
  Energy: -0.9680489626, Trunc err: 2.90e-08
Sweep 63, chi=16, cutoff=1e-08
  Direction: left->right
  Direction: right->left
  Energy: -0.9680489626, Trunc err: 3.23e-08
Sweep 64, chi=16, cutoff=1e-08
  Direction: left->right
  Direction: right->left
  Energy: -0.9680489626, Trunc err: 3.25e-08
Sweep 65, chi=16, cutoff=1e-08
  Direction: left->right
  Direction: right->left
  Energy: -0.9680489626, Trunc err: 3.25e-08
Sweep 66, chi=16, cutoff=1e-08
  Direction: left->right
  Direction: right->left
  Energy: -0.9680489626, Trunc err: 3.25e-08
Sweep 67, chi=16, cutoff=1e-08
  Direction: left->right
  Direction: right->left
  Energy: -0.9680489626, Trunc err: 3.25e-08
Sweep 68, chi=16, cutoff=1e-08
  Direction: left->right
  Direction: right->left
  Energy: -0.9680489626, Trunc err: 3.25e-08
Sweep 69, chi=16, cutoff=1e-08
  Direction: left->right
  Direction: right->left
  Energy: -0.9680489626, Trunc err: 3.25e-08
Sweep 70, chi=16, cutoff=1e-08
  Direction: left->right
  Direction: right->left
  Energy: -0.9680489626, Trunc err: 3.25e-08
Sweep 71, chi=16, cutoff=1e-08
  Direction: left->right
  Direction: right->left
  Energy: -0.9680489626, Trunc err: 3.25e-08
Sweep 72, chi=16, cutoff=1e-08
  Direction: left->right
  Direction: right->left
  Energy: -0.9680489626, Trunc err: 3.25e-08
Sweep 73, chi=16, cutoff=1e-08
  Direction: left->right
  Direction: right->left
  Energy: -0.9680489626, Trunc err: 3.25e-08
Sweep 74, chi=16, cutoff=1e-08
  Direction: left->right
  Direction: right->left
  Energy: -0.9680489626, Trunc err: 3.25e-08
Sweep 75, chi=16, cutoff=1e-08
  Direction: left->right
  Direction: right->left
  Energy: -0.9680489626, Trunc err: 3.25e-08
Sweep 76, chi=16, cutoff=1e-08
  Direction: left->right
  Direction: right->left
  Energy: -0.9680489626, Trunc err: 3.25e-08
Sweep 77, chi=16, cutoff=1e-08
  Direction: left->right
  Direction: right->left
  Energy: -0.9680489626, Trunc err: 3.25e-08
Sweep 78, chi=16, cutoff=1e-08
  Direction: left->right
  Direction: right->left
  Energy: -0.9680489626, Trunc err: 3.25e-08
Sweep 79, chi=16, cutoff=1e-08
  Direction: left->right
  Direction: right->left
  Energy: -0.9680489626, Trunc err: 3.25e-08
Sweep 80, chi=16, cutoff=1e-08
  Direction: left->right
  Direction: right->left
  Energy: -0.9680489626, Trunc err: 3.25e-08
Sweep 81, chi=16, cutoff=1e-08
  Direction: left->right
  Direction: right->left
  Energy: -0.9680489626, Trunc err: 3.25e-08
Sweep 82, chi=16, cutoff=1e-08
  Direction: left->right
  Direction: right->left
  Energy: -0.9680489626, Trunc err: 3.25e-08
Sweep 83, chi=16, cutoff=1e-08
  Direction: left->right
  Direction: right->left
  Energy: -0.9680489626, Trunc err: 3.25e-08
Sweep 84, chi=16, cutoff=1e-08
  Direction: left->right
  Direction: right->left
  Energy: -0.9680489626, Trunc err: 3.25e-08
Sweep 85, chi=16, cutoff=1e-08
  Direction: left->right
  Direction: right->left
  Energy: -0.9680489626, Trunc err: 3.25e-08
Sweep 86, chi=16, cutoff=1e-08
  Direction: left->right
  Direction: right->left
  Energy: -0.9680489626, Trunc err: 3.25e-08
Sweep 87, chi=16, cutoff=1e-08
  Direction: left->right
  Direction: right->left
  Energy: -0.9680489626, Trunc err: 3.25e-08
Sweep 88, chi=16, cutoff=1e-08
  Direction: left->right
  Direction: right->left
  Energy: -0.9680489626, Trunc err: 3.25e-08
Sweep 89, chi=16, cutoff=1e-08
  Direction: left->right
  Direction: right->left
  Energy: -0.9680489626, Trunc err: 3.25e-08
Sweep 90, chi=16, cutoff=1e-08
  Direction: left->right
  Direction: right->left
  Energy: -0.9680489626, Trunc err: 3.25e-08
Sweep 91, chi=16, cutoff=1e-08
  Direction: left->right
  Direction: right->left
  Energy: -0.9680489626, Trunc err: 3.25e-08
Sweep 92, chi=16, cutoff=1e-08
  Direction: left->right
  Direction: right->left
  Energy: -0.9680489626, Trunc err: 3.25e-08
Sweep 93, chi=16, cutoff=1e-08
  Direction: left->right
  Direction: right->left
  Energy: -0.9680489626, Trunc err: 3.25e-08
Sweep 94, chi=16, cutoff=1e-08
  Direction: left->right
  Direction: right->left
  Energy: -0.9680489626, Trunc err: 3.25e-08
Sweep 95, chi=16, cutoff=1e-08
  Direction: left->right
  Direction: right->left
  Energy: -0.9680489626, Trunc err: 3.25e-08
Sweep 96, chi=16, cutoff=1e-08
  Direction: left->right
  Direction: right->left
  Energy: -0.9680489626, Trunc err: 3.25e-08
Sweep 97, chi=16, cutoff=1e-08
  Direction: left->right
  Direction: right->left
  Energy: -0.9680489626, Trunc err: 3.25e-08
Sweep 98, chi=16, cutoff=1e-08
  Direction: left->right
  Direction: right->left
  Energy: -0.9680489626, Trunc err: 3.25e-08
Sweep 99, chi=16, cutoff=1e-08
  Direction: left->right
  Direction: right->left
  Energy: -0.9680489626, Trunc err: 3.25e-08
Sweep 100, chi=32, cutoff=1e-08
  Direction: left->right
  Direction: right->left
  Energy: -0.9680489626, Trunc err: 1.03e-08
Sweep 101, chi=32, cutoff=1e-08
  Direction: left->right
  Direction: right->left
  Energy: -0.9680489626, Trunc err: 1.10e-08
Sweep 102, chi=32, cutoff=1e-08
  Direction: left->right
  Direction: right->left
  Energy: -0.9680489626, Trunc err: 1.14e-08
Sweep 103, chi=32, cutoff=1e-08
  Direction: left->right
  Direction: right->left
  Energy: -0.9680489626, Trunc err: 1.14e-08
Sweep 104, chi=32, cutoff=1e-08
  Direction: left->right
  Direction: right->left
  Energy: -0.9680489626, Trunc err: 1.14e-08
Sweep 105, chi=32, cutoff=1e-08
  Direction: left->right
  Direction: right->left
  Energy: -0.9680489626, Trunc err: 1.14e-08
Sweep 106, chi=32, cutoff=1e-08
  Direction: left->right
  Direction: right->left
  Energy: -0.9680489626, Trunc err: 1.14e-08
Sweep 107, chi=32, cutoff=1e-08
  Direction: left->right
  Direction: right->left
  Energy: -0.9680489626, Trunc err: 1.14e-08
Sweep 108, chi=32, cutoff=1e-08
  Direction: left->right
  Direction: right->left
  Energy: -0.9680489626, Trunc err: 1.14e-08
Sweep 109, chi=32, cutoff=1e-08
  Direction: left->right
  Direction: right->left
  Energy: -0.9680489626, Trunc err: 1.14e-08
Sweep 110, chi=32, cutoff=1e-08
  Direction: left->right
  Direction: right->left
  Energy: -0.9680489626, Trunc err: 1.14e-08
Sweep 111, chi=32, cutoff=1e-08
  Direction: left->right
  Direction: right->left
  Energy: -0.9680489626, Trunc err: 1.14e-08
Sweep 112, chi=32, cutoff=1e-08
  Direction: left->right
  Direction: right->left
  Energy: -0.9680489626, Trunc err: 1.14e-08
Sweep 113, chi=32, cutoff=1e-08
  Direction: left->right
  Direction: right->left
  Energy: -0.9680489626, Trunc err: 1.14e-08
Sweep 114, chi=32, cutoff=1e-08
  Direction: left->right
  Direction: right->left
  Energy: -0.9680489626, Trunc err: 1.14e-08
Sweep 115, chi=32, cutoff=1e-08
  Direction: left->right
  Direction: right->left
  Energy: -0.9680489626, Trunc err: 1.14e-08
Sweep 116, chi=32, cutoff=1e-08
  Direction: left->right
  Direction: right->left
  Energy: -0.9680489626, Trunc err: 1.14e-08
Sweep 117, chi=32, cutoff=1e-08
  Direction: left->right
  Direction: right->left
  Energy: -0.9680489626, Trunc err: 1.14e-08
Sweep 118, chi=32, cutoff=1e-08
  Direction: left->right
  Direction: right->left
  Energy: -0.9680489626, Trunc err: 1.14e-08
Sweep 119, chi=32, cutoff=1e-08
  Direction: left->right
  Direction: right->left
  Energy: -0.9680489626, Trunc err: 1.14e-08
Sweep 120, chi=32, cutoff=1e-08
  Direction: left->right
  Direction: right->left
  Energy: -0.9680489626, Trunc err: 1.14e-08
Sweep 121, chi=32, cutoff=1e-08
  Direction: left->right
  Direction: right->left
  Energy: -0.9680489626, Trunc err: 1.14e-08
Sweep 122, chi=32, cutoff=1e-08
  Direction: left->right
  Direction: right->left
  Energy: -0.9680489626, Trunc err: 1.14e-08
Sweep 123, chi=32, cutoff=1e-08
  Direction: left->right
  Direction: right->left
  Energy: -0.9680489626, Trunc err: 1.14e-08
Sweep 124, chi=32, cutoff=1e-08
  Direction: left->right
  Direction: right->left
  Energy: -0.9680489626, Trunc err: 1.14e-08
Sweep 125, chi=32, cutoff=1e-08
  Direction: left->right
  Direction: right->left
  Energy: -0.9680489626, Trunc err: 1.14e-08
Sweep 126, chi=32, cutoff=1e-08
  Direction: left->right
  Direction: right->left
  Energy: -0.9680489626, Trunc err: 1.14e-08
Sweep 127, chi=32, cutoff=1e-08
  Direction: left->right
  Direction: right->left
  Energy: -0.9680489626, Trunc err: 1.14e-08
Sweep 128, chi=32, cutoff=1e-08
  Direction: left->right
  Direction: right->left
  Energy: -0.9680489626, Trunc err: 1.14e-08
Sweep 129, chi=32, cutoff=1e-08
  Direction: left->right
  Direction: right->left
  Energy: -0.9680489626, Trunc err: 1.14e-08
Sweep 130, chi=32, cutoff=1e-08
  Direction: left->right
  Direction: right->left
  Energy: -0.9680489626, Trunc err: 1.14e-08
Sweep 131, chi=32, cutoff=1e-08
  Direction: left->right
  Direction: right->left
  Energy: -0.9680489626, Trunc err: 1.14e-08
Sweep 132, chi=32, cutoff=1e-08
  Direction: left->right
  Direction: right->left
  Energy: -0.9680489626, Trunc err: 1.14e-08
Sweep 133, chi=32, cutoff=1e-08
  Direction: left->right
  Direction: right->left
  Energy: -0.9680489626, Trunc err: 1.14e-08
Sweep 134, chi=32, cutoff=1e-08
  Direction: left->right
  Direction: right->left
  Energy: -0.9680489626, Trunc err: 1.14e-08
Sweep 135, chi=32, cutoff=1e-08
  Direction: left->right
  Direction: right->left
  Energy: -0.9680489626, Trunc err: 1.14e-08
Sweep 136, chi=32, cutoff=1e-08
  Direction: left->right
  Direction: right->left
  Energy: -0.9680489626, Trunc err: 1.14e-08
Sweep 137, chi=32, cutoff=1e-08
  Direction: left->right
  Direction: right->left
  Energy: -0.9680489626, Trunc err: 1.14e-08
Sweep 138, chi=32, cutoff=1e-08
  Direction: left->right
  Direction: right->left
  Energy: -0.9680489626, Trunc err: 1.14e-08
Sweep 139, chi=32, cutoff=1e-08
  Direction: left->right
  Direction: right->left
  Energy: -0.9680489626, Trunc err: 1.14e-08
Sweep 0, chi=2, cutoff=1e-08
  Direction: left->right
  Direction: right->left
  Energy: -0.0000060123, Trunc err: 7.67e-03
Sweep 1, chi=2, cutoff=1e-08
  Direction: left->right
  Direction: right->left
  Energy: -0.0000141429, Trunc err: 5.98e-03
Sweep 2, chi=2, cutoff=1e-08
  Direction: left->right
  Direction: right->left
  Energy: -0.0000578470, Trunc err: 6.78e-03
Sweep 3, chi=2, cutoff=1e-08
  Direction: left->right
  Direction: right->left
  Energy: -0.0007817144, Trunc err: 5.72e-03
Sweep 4, chi=2, cutoff=1e-08
  Direction: left->right
  Direction: right->left
  Energy: -0.0007913931, Trunc err: 5.27e-03
Sweep 5, chi=2, cutoff=1e-08
  Direction: left->right
  Direction: right->left
  Energy: -0.0007934905, Trunc err: 5.22e-03
Sweep 6, chi=2, cutoff=1e-08
  Direction: left->right
  Direction: right->left
  Energy: -0.0008056360, Trunc err: 5.24e-03
Sweep 7, chi=2, cutoff=1e-08
  Direction: left->right
  Direction: right->left
  Energy: -0.0008214176, Trunc err: 5.22e-03
Sweep 8, chi=2, cutoff=1e-08
  Direction: left->right
  Direction: right->left
  Energy: -0.0008421245, Trunc err: 5.23e-03
Sweep 9, chi=2, cutoff=1e-08
  Direction: left->right
  Direction: right->left
  Energy: -0.0008971412, Trunc err: 5.29e-03
Sweep 10, chi=4, cutoff=1e-08
  Direction: left->right
  Direction: right->left
  Energy: -0.0009565572, Trunc err: 4.91e-04
Sweep 11, chi=4, cutoff=1e-08
  Direction: left->right
  Direction: right->left
  Energy: -0.0009636503, Trunc err: 8.21e-04
Sweep 12, chi=4, cutoff=1e-08
  Direction: left->right
  Direction: right->left
  Energy: -0.0009734330, Trunc err: 8.67e-04
Sweep 13, chi=4, cutoff=1e-08
  Direction: left->right
  Direction: right->left
  Energy: -0.0009791666, Trunc err: 5.42e-04
Sweep 14, chi=4, cutoff=1e-08
  Direction: left->right
  Direction: right->left
  Energy: -0.0009819232, Trunc err: 3.67e-04
Sweep 15, chi=4, cutoff=1e-08
  Direction: left->right
  Direction: right->left
  Energy: -0.0009853629, Trunc err: 6.30e-04
Sweep 16, chi=4, cutoff=1e-08
  Direction: left->right
  Direction: right->left
  Energy: -0.0009919763, Trunc err: 6.95e-04
Sweep 17, chi=4, cutoff=1e-08
  Direction: left->right
  Direction: right->left
  Energy: -0.0010544069, Trunc err: 9.60e-04
Sweep 18, chi=4, cutoff=1e-08
  Direction: left->right
  Direction: right->left
  Energy: -0.0011771440, Trunc err: 1.37e-03
Sweep 19, chi=4, cutoff=1e-08
  Direction: left->right
  Direction: right->left
  Energy: -0.0012076937, Trunc err: 1.43e-03
Sweep 20, chi=8, cutoff=1e-08
  Direction: left->right
  Direction: right->left
  Energy: -0.0012590131, Trunc err: 3.78e-06
Sweep 21, chi=8, cutoff=1e-08
  Direction: left->right
  Direction: right->left
  Energy: -0.0012847843, Trunc err: 6.48e-06
Sweep 22, chi=8, cutoff=1e-08
  Direction: left->right
  Direction: right->left
  Energy: -0.0013259303, Trunc err: 1.09e-05
Sweep 23, chi=8, cutoff=1e-08
  Direction: left->right
  Direction: right->left
  Energy: -0.0013761580, Trunc err: 3.06e-05
Sweep 24, chi=8, cutoff=1e-08
  Direction: left->right
  Direction: right->left
  Energy: -0.0014160388, Trunc err: 1.79e-05
Sweep 25, chi=8, cutoff=1e-08
  Direction: left->right
  Direction: right->left
  Energy: -0.0014449173, Trunc err: 2.58e-05
Sweep 26, chi=8, cutoff=1e-08
  Direction: left->right
  Direction: right->left
  Energy: -0.0014627191, Trunc err: 3.51e-05
Sweep 27, chi=8, cutoff=1e-08
  Direction: left->right
  Direction: right->left
  Energy: -0.0014846912, Trunc err: 2.89e-05
Sweep 28, chi=8, cutoff=1e-08
  Direction: left->right
  Direction: right->left
  Energy: -0.0015027798, Trunc err: 6.90e-06
Sweep 29, chi=8, cutoff=1e-08
  Direction: left->right
  Direction: right->left
  Energy: -0.0020047635, Trunc err: 2.02e-04
Sweep 30, chi=8, cutoff=1e-08
  Direction: left->right
  Direction: right->left
  Energy: -0.0020504251, Trunc err: 5.05e-05
Sweep 31, chi=8, cutoff=1e-08
  Direction: left->right
  Direction: right->left
  Energy: -0.0020597946, Trunc err: 1.50e-05
Sweep 32, chi=8, cutoff=1e-08
  Direction: left->right
  Direction: right->left
  Energy: -0.0020603235, Trunc err: 2.20e-06
Sweep 33, chi=8, cutoff=1e-08
  Direction: left->right
  Direction: right->left
  Energy: -0.0021124109, Trunc err: 6.11e-05
Sweep 34, chi=8, cutoff=1e-08
  Direction: left->right
  Direction: right->left
  Energy: -0.0021157374, Trunc err: 5.68e-05
Sweep 35, chi=8, cutoff=1e-08
  Direction: left->right
  Direction: right->left
  Energy: -0.0021160685, Trunc err: 3.36e-05
Sweep 36, chi=8, cutoff=1e-08
  Direction: left->right
  Direction: right->left
  Energy: -0.0021160774, Trunc err: 7.55e-07
Sweep 37, chi=8, cutoff=1e-08
  Direction: left->right
  Direction: right->left
  Energy: -0.0021160851, Trunc err: 6.57e-07
Sweep 38, chi=8, cutoff=1e-08
  Direction: left->right
  Direction: right->left
  Energy: -0.0021160923, Trunc err: 6.15e-07
Sweep 39, chi=8, cutoff=1e-08
  Direction: left->right
  Direction: right->left
  Energy: -0.0021160990, Trunc err: 5.82e-07
Sweep 40, chi=8, cutoff=1e-08
  Direction: left->right
  Direction: right->left
  Energy: -0.0021161054, Trunc err: 5.57e-07
Sweep 41, chi=8, cutoff=1e-08
  Direction: left->right
  Direction: right->left
  Energy: -0.0021161114, Trunc err: 5.39e-07
Sweep 42, chi=8, cutoff=1e-08
  Direction: left->right
  Direction: right->left
  Energy: -0.0021161173, Trunc err: 5.27e-07
Sweep 43, chi=8, cutoff=1e-08
  Direction: left->right
  Direction: right->left
  Energy: -0.0021161230, Trunc err: 5.23e-07
Sweep 44, chi=8, cutoff=1e-08
  Direction: left->right
  Direction: right->left
  Energy: -0.0021161286, Trunc err: 5.26e-07
Sweep 45, chi=8, cutoff=1e-08
  Direction: left->right
  Direction: right->left
  Energy: -0.0021161343, Trunc err: 5.39e-07
Sweep 46, chi=8, cutoff=1e-08
  Direction: left->right
  Direction: right->left
  Energy: -0.0021161400, Trunc err: 5.65e-07
Sweep 47, chi=8, cutoff=1e-08
  Direction: left->right
  Direction: right->left
  Energy: -0.0021161460, Trunc err: 6.12e-07
Sweep 48, chi=8, cutoff=1e-08
  Direction: left->right
  Direction: right->left
  Energy: -0.0021161525, Trunc err: 6.99e-07
Sweep 49, chi=8, cutoff=1e-08
  Direction: left->right
  Direction: right->left
  Energy: -0.0021161602, Trunc err: 8.87e-07
Sweep 50, chi=8, cutoff=1e-08
  Direction: left->right
  Direction: right->left
  Energy: -0.0021161718, Trunc err: 1.58e-06
Sweep 51, chi=8, cutoff=1e-08
  Direction: left->right
  Direction: right->left
  Energy: -0.0021163001, Trunc err: 1.78e-05
Sweep 52, chi=8, cutoff=1e-08
  Direction: left->right
  Direction: right->left
  Energy: -0.0233653775, Trunc err: 1.05e-03
Sweep 53, chi=8, cutoff=1e-08
  Direction: left->right
  Direction: right->left
  Energy: -0.0238210399, Trunc err: 1.98e-04
Sweep 54, chi=8, cutoff=1e-08
  Direction: left->right
  Direction: right->left
  Energy: -0.0238868680, Trunc err: 5.87e-05
Sweep 55, chi=8, cutoff=1e-08
  Direction: left->right
  Direction: right->left
  Energy: -0.0239470467, Trunc err: 3.52e-05
Sweep 56, chi=8, cutoff=1e-08
  Direction: left->right
  Direction: right->left
  Energy: -0.0240983668, Trunc err: 7.02e-05
Sweep 57, chi=8, cutoff=1e-08
  Direction: left->right
  Direction: right->left
  Energy: -0.0241450736, Trunc err: 2.73e-05
Sweep 58, chi=8, cutoff=1e-08
  Direction: left->right
  Direction: right->left
  Energy: -0.0241955365, Trunc err: 3.73e-05
Sweep 59, chi=8, cutoff=1e-08
  Direction: left->right
  Direction: right->left
  Energy: -0.0242511280, Trunc err: 4.44e-05
Sweep 60, chi=16, cutoff=1e-08
  Direction: left->right
  Direction: right->left
  Energy: -0.0242880195, Trunc err: 1.50e-07
Sweep 61, chi=16, cutoff=1e-08
  Direction: left->right
  Direction: right->left
  Energy: -0.0242995968, Trunc err: 8.62e-07
Sweep 62, chi=16, cutoff=1e-08
  Direction: left->right
  Direction: right->left
  Energy: -0.0243098821, Trunc err: 1.50e-06
Sweep 63, chi=16, cutoff=1e-08
  Direction: left->right
  Direction: right->left
  Energy: -0.0243163386, Trunc err: 9.87e-07
Sweep 64, chi=16, cutoff=1e-08
  Direction: left->right
  Direction: right->left
  Energy: -0.0243200724, Trunc err: 6.01e-07
Sweep 65, chi=16, cutoff=1e-08
  Direction: left->right
  Direction: right->left
  Energy: -0.0243282578, Trunc err: 6.81e-07
Sweep 66, chi=16, cutoff=1e-08
  Direction: left->right
  Direction: right->left
  Energy: -0.0243329757, Trunc err: 1.06e-06
Sweep 67, chi=16, cutoff=1e-08
  Direction: left->right
  Direction: right->left
  Energy: -0.0243468341, Trunc err: 3.66e-06
Sweep 68, chi=16, cutoff=1e-08
  Direction: left->right
  Direction: right->left
  Energy: -0.0243494889, Trunc err: 1.11e-06
Sweep 69, chi=16, cutoff=1e-08
  Direction: left->right
  Direction: right->left
  Energy: -0.0243500251, Trunc err: 2.35e-07
Sweep 70, chi=16, cutoff=1e-08
  Direction: left->right
  Direction: right->left
  Energy: -0.0243505620, Trunc err: 2.66e-07
Sweep 71, chi=16, cutoff=1e-08
  Direction: left->right
  Direction: right->left
  Energy: -0.0243510106, Trunc err: 2.22e-07
Sweep 72, chi=16, cutoff=1e-08
  Direction: left->right
  Direction: right->left
  Energy: -0.0243514699, Trunc err: 2.60e-07
Sweep 73, chi=16, cutoff=1e-08
  Direction: left->right
  Direction: right->left
  Energy: -0.0243519671, Trunc err: 3.15e-07
Sweep 74, chi=16, cutoff=1e-08
  Direction: left->right
  Direction: right->left
  Energy: -0.0243525269, Trunc err: 3.97e-07
Sweep 75, chi=16, cutoff=1e-08
  Direction: left->right
  Direction: right->left
  Energy: -0.0243531875, Trunc err: 5.36e-07
Sweep 76, chi=16, cutoff=1e-08
  Direction: left->right
  Direction: right->left
  Energy: -0.0243538785, Trunc err: 6.70e-07
Sweep 77, chi=16, cutoff=1e-08
  Direction: left->right
  Direction: right->left
  Energy: -0.0243544000, Trunc err: 6.45e-07
Sweep 78, chi=16, cutoff=1e-08
  Direction: left->right
  Direction: right->left
  Energy: -0.0243546890, Trunc err: 4.72e-07
Sweep 79, chi=16, cutoff=1e-08
  Direction: left->right
  Direction: right->left
  Energy: -0.0243548561, Trunc err: 3.49e-07
Sweep 80, chi=16, cutoff=1e-08
  Direction: left->right
  Direction: right->left
  Energy: -0.0243549654, Trunc err: 2.77e-07
Sweep 81, chi=16, cutoff=1e-08
  Direction: left->right
  Direction: right->left
  Energy: -0.0243550321, Trunc err: 1.88e-07
Sweep 82, chi=16, cutoff=1e-08
  Direction: left->right
  Direction: right->left
  Energy: -0.0243550977, Trunc err: 1.47e-07
Sweep 83, chi=16, cutoff=1e-08
  Direction: left->right
  Direction: right->left
  Energy: -0.0243551655, Trunc err: 2.14e-07
Sweep 84, chi=16, cutoff=1e-08
  Direction: left->right
  Direction: right->left
  Energy: -0.0243551954, Trunc err: 1.12e-07
Sweep 85, chi=16, cutoff=1e-08
  Direction: left->right
  Direction: right->left
  Energy: -0.0243552455, Trunc err: 2.08e-07
Sweep 86, chi=16, cutoff=1e-08
  Direction: left->right
  Direction: right->left
  Energy: -0.0243552665, Trunc err: 1.06e-07
Sweep 87, chi=16, cutoff=1e-08
  Direction: left->right
  Direction: right->left
  Energy: -0.0243553250, Trunc err: 2.85e-07
Sweep 88, chi=16, cutoff=1e-08
  Direction: left->right
  Direction: right->left
  Energy: -0.0243553298, Trunc err: 5.65e-08
Sweep 89, chi=16, cutoff=1e-08
  Direction: left->right
  Direction: right->left
  Energy: -0.0243553366, Trunc err: 6.29e-08
Sweep 90, chi=16, cutoff=1e-08
  Direction: left->right
  Direction: right->left
  Energy: -0.0243553975, Trunc err: 3.37e-07
Sweep 91, chi=16, cutoff=1e-08
  Direction: left->right
  Direction: right->left
  Energy: -0.0243553983, Trunc err: 4.01e-08
Sweep 92, chi=16, cutoff=1e-08
  Direction: left->right
  Direction: right->left
  Energy: -0.0243553988, Trunc err: 3.53e-08
Sweep 93, chi=16, cutoff=1e-08
  Direction: left->right
  Direction: right->left
  Energy: -0.0243553994, Trunc err: 3.86e-08
Sweep 94, chi=16, cutoff=1e-08
  Direction: left->right
  Direction: right->left
  Energy: -0.0243553999, Trunc err: 3.40e-08
Sweep 95, chi=16, cutoff=1e-08
  Direction: left->right
  Direction: right->left
  Energy: -0.0243554003, Trunc err: 3.14e-08
Sweep 96, chi=16, cutoff=1e-08
  Direction: left->right
  Direction: right->left
  Energy: -0.0243554009, Trunc err: 3.84e-08
Sweep 97, chi=16, cutoff=1e-08
  Direction: left->right
  Direction: right->left
  Energy: -0.0243554021, Trunc err: 6.35e-08
Sweep 98, chi=16, cutoff=1e-08
  Direction: left->right
  Direction: right->left
  Energy: -0.0243554036, Trunc err: 9.24e-08
Sweep 99, chi=16, cutoff=1e-08
  Direction: left->right
  Direction: right->left
  Energy: -0.0243554054, Trunc err: 1.61e-07
Sweep 100, chi=32, cutoff=1e-08
  Direction: left->right
  Direction: right->left
  Energy: -0.0243554058, Trunc err: 8.72e-09
Sweep 101, chi=32, cutoff=1e-08
  Direction: left->right
  Direction: right->left
  Energy: -0.0243554078, Trunc err: 9.18e-09
Sweep 102, chi=32, cutoff=1e-08
  Direction: left->right
  Direction: right->left
  Energy: -0.0243554079, Trunc err: 4.79e-09
Sweep 103, chi=32, cutoff=1e-08
  Direction: left->right
  Direction: right->left
  Energy: -0.0243554079, Trunc err: 4.55e-09
Sweep 104, chi=32, cutoff=1e-08
  Direction: left->right
  Direction: right->left
  Energy: -0.0243554079, Trunc err: 4.52e-09
Sweep 105, chi=32, cutoff=1e-08
  Direction: left->right
  Direction: right->left
  Energy: -0.0243554079, Trunc err: 4.09e-09
Sweep 106, chi=32, cutoff=1e-08
  Direction: left->right
  Direction: right->left
  Energy: -0.0243554079, Trunc err: 4.21e-09
Sweep 107, chi=32, cutoff=1e-08
  Direction: left->right
  Direction: right->left
  Energy: -0.0243554079, Trunc err: 4.36e-09
Sweep 108, chi=32, cutoff=1e-08
  Direction: left->right
  Direction: right->left
  Energy: -0.0243554079, Trunc err: 4.31e-09
Sweep 109, chi=32, cutoff=1e-08
  Direction: left->right
  Direction: right->left
  Energy: -0.0243554079, Trunc err: 4.68e-09
Sweep 110, chi=32, cutoff=1e-08
  Direction: left->right
  Direction: right->left
  Energy: -0.0243554079, Trunc err: 4.55e-09
Sweep 111, chi=32, cutoff=1e-08
  Direction: left->right
  Direction: right->left
  Energy: -0.0243554079, Trunc err: 4.56e-09
Sweep 112, chi=32, cutoff=1e-08
  Direction: left->right
  Direction: right->left
  Energy: -0.0243554079, Trunc err: 4.57e-09
Sweep 113, chi=32, cutoff=1e-08
  Direction: left->right
  Direction: right->left
  Energy: -0.0243554079, Trunc err: 4.57e-09
Sweep 114, chi=32, cutoff=1e-08
  Direction: left->right
  Direction: right->left
  Energy: -0.0243554079, Trunc err: 4.57e-09
Sweep 115, chi=32, cutoff=1e-08
  Direction: left->right
  Direction: right->left
  Energy: -0.0243554079, Trunc err: 4.56e-09
Sweep 116, chi=32, cutoff=1e-08
  Direction: left->right
  Direction: right->left
  Energy: -0.0243554079, Trunc err: 4.55e-09
Sweep 117, chi=32, cutoff=1e-08
  Direction: left->right
  Direction: right->left
  Energy: -0.0243554079, Trunc err: 4.54e-09
Sweep 118, chi=32, cutoff=1e-08
  Direction: left->right
  Direction: right->left
  Energy: -0.0243554079, Trunc err: 4.52e-09
Sweep 119, chi=32, cutoff=1e-08
  Direction: left->right
  Direction: right->left
  Energy: -0.0243554079, Trunc err: 4.50e-09
Sweep 120, chi=32, cutoff=1e-08
  Direction: left->right
  Direction: right->left
  Energy: -0.0243554079, Trunc err: 4.48e-09
Sweep 121, chi=32, cutoff=1e-08
  Direction: left->right
  Direction: right->left
  Energy: -0.0243554079, Trunc err: 4.46e-09
Sweep 122, chi=32, cutoff=1e-08
  Direction: left->right
  Direction: right->left
  Energy: -0.0243554079, Trunc err: 4.43e-09
Sweep 123, chi=32, cutoff=1e-08
  Direction: left->right
  Direction: right->left
  Energy: -0.0243554079, Trunc err: 4.40e-09
Sweep 124, chi=32, cutoff=1e-08
  Direction: left->right
  Direction: right->left
  Energy: -0.0243554080, Trunc err: 4.36e-09
Sweep 125, chi=32, cutoff=1e-08
  Direction: left->right
  Direction: right->left
  Energy: -0.0243554080, Trunc err: 4.32e-09
Sweep 126, chi=32, cutoff=1e-08
  Direction: left->right
  Direction: right->left
  Energy: -0.0243554080, Trunc err: 4.28e-09
Sweep 127, chi=32, cutoff=1e-08
  Direction: left->right
  Direction: right->left
  Energy: -0.0243554080, Trunc err: 4.23e-09
Sweep 128, chi=32, cutoff=1e-08
  Direction: left->right
  Direction: right->left
  Energy: -0.0243554080, Trunc err: 4.19e-09
Sweep 129, chi=32, cutoff=1e-08
  Direction: left->right
  Direction: right->left
  Energy: -0.0243554080, Trunc err: 4.14e-09
Sweep 130, chi=32, cutoff=1e-08
  Direction: left->right
  Direction: right->left
  Energy: -0.0243554080, Trunc err: 4.09e-09
Sweep 131, chi=32, cutoff=1e-08
  Direction: left->right
  Direction: right->left
  Energy: -0.0243554080, Trunc err: 4.03e-09
Sweep 132, chi=32, cutoff=1e-08
  Direction: left->right
  Direction: right->left
  Energy: -0.0243554080, Trunc err: 3.98e-09
Sweep 133, chi=32, cutoff=1e-08
  Direction: left->right
  Direction: right->left
  Energy: -0.0243554080, Trunc err: 3.93e-09
Sweep 134, chi=32, cutoff=1e-08
  Direction: left->right
  Direction: right->left
  Energy: -0.0243554080, Trunc err: 3.88e-09
Sweep 135, chi=32, cutoff=1e-08
  Direction: left->right
  Direction: right->left
  Energy: -0.0243554080, Trunc err: 3.82e-09
Sweep 136, chi=32, cutoff=1e-08
  Direction: left->right
  Direction: right->left
  Energy: -0.0243554080, Trunc err: 3.77e-09
Sweep 137, chi=32, cutoff=1e-08
  Direction: left->right
  Direction: right->left
  Energy: -0.0243554080, Trunc err: 3.72e-09
Sweep 138, chi=32, cutoff=1e-08
  Direction: left->right
  Direction: right->left
  Energy: -0.0243554080, Trunc err: 3.67e-09
Sweep 139, chi=32, cutoff=1e-08
  Direction: left->right
  Direction: right->left
  Energy: -0.0243554080, Trunc err: 3.63e-09
