           1.819e+00            5.481e-02            3.014e-02             3.13e-03
           1.819e+00            4.323e-02            2.377e-02             5.83e-03
           1.819e+00            2.151e-02            1.183e-02             5.68e-03
           1.819e+00            9.608e-03            5.283e-03             6.62e-03
           1.819e+00            7.185e-03            3.951e-03             8.80e-03
           1.819e+00            2.856e-03            1.570e-03             1.07e-02
           1.819e+00            1.129e-03            6.207e-04             1.28e-02
           1.819e+00            4.866e-04            2.676e-04             1.54e-02
           1.819e+00            3.681e-04            2.024e-04             1.70e-02
           1.819e+00            1.635e-04            8.990e-05             2.29e-02
           1.819e+00            6.778e-05            3.727e-05             2.53e-02
           1.819e+00            3.983e-05            2.190e-05             2.74e-02
           1.819e+00            2.019e-05            1.110e-05             3.10e-02
           1.819e+00            7.626e-06            4.193e-06             3.18e-02
           1.819e+00            4.609e-06            2.534e-06             3.72e-02
           1.819e+00            2.326e-06            1.279e-06             5.37e-02
           1.819e+00            1.819e-06            1.000e-06             5.47e-02
           1.819e+00            7.441e-07            4.091e-07             6.20e-02
           1.819e+00            3.616e-07            1.989e-07             7.09e-02
           1.819e+00            2.705e-07            1.487e-07             8.50e-02
           1.819e+00            1.230e-07            6.763e-08             9.55e-02
           1.819e+00            9.074e-08            4.989e-08             1.04e-01
           1.819e+00            3.073e-08            1.690e-08             1.08e-01
           1.819e+00            1.930e-08            1.061e-08             1.13e-01
           1.819e+00            1.106e-08            6.081e-09             2.32e-01
           1.819e+00            6.960e-02            3.827e-02             2.46e-03
           1.819e+00            4.844e-02            2.664e-02             4.86e-03
           1.819e+00            2.531e-02            1.392e-02             5.76e-03
           1.819e+00            1.073e-02            5.901e-03             6.34e-03
           1.819e+00            5.916e-03            3.253e-03             8.03e-03
           1.819e+00            2.023e-03            1.112e-03             1.17e-02
           1.819e+00            1.550e-03            8.521e-04             1.30e-02
           1.819e+00            5.503e-04            3.026e-04             1.61e-02
           1.819e+00            1.967e-04            1.082e-04             1.83e-02
           1.819e+00            1.027e-04            5.649e-05             1.84e-02
           1.819e+00            8.483e-05            4.664e-05             2.42e-02
           1.819e+00            2.783e-05            1.530e-05             3.03e-02
           1.819e+00            1.807e-05            9.933e-06             3.19e-02
           1.819e+00            1.088e-05            5.984e-06             3.48e-02
           1.819e+00            3.969e-06            2.182e-06             3.93e-02
           1.819e+00            2.369e-06            1.303e-06             5.71e-02
           1.819e+00            1.210e-06            6.651e-07             5.88e-02
           1.819e+00            6.801e-07            3.740e-07             5.44e-02
           1.819e+00            6.758e-07            3.716e-07             6.47e-02
           1.819e+00            2.652e-07            1.458e-07             7.83e-02
           1.819e+00            1.434e-07            7.887e-08             1.03e-01
           1.819e+00            9.605e-08            5.281e-08             9.27e-02
           1.819e+00            3.752e-08            2.063e-08             1.03e-01
           1.819e+00            1.758e-08            9.667e-09             1.13e-01
xmax = 20
xshift = -20
dx = 0.6349206349206349
len of Hint: 18
Traceback (most recent call last):
  File "/home/jerrychen/Desktop/mergeHmol/twobody/3dhmol_less/R/two_particles.py", line 70, in <module>
    H, L, R = npmps.compress_MPO (H, L, R, cutoff=compress_cf)
              ^^^^^^^^^^^^^^^^^^^^^^^^^^^^^^^^^^^^^^^^^^^^^^^^
  File "/home/jerrychen/Desktop/mergeHmol/CytnxTools/npmps.py", line 309, in compress_MPO
    mps = purify_MPO (mpo, L, R)
          ^^^^^^^^^^^^^^^^^^^^^^
  File "/home/jerrychen/Desktop/mergeHmol/CytnxTools/npmps.py", line 298, in purify_MPO
    A1, A2 = truncate_svd2 (A, 2, cutoff)
             ^^^^^^^^^^^^^^^^^^^^^^^^^^^^
  File "/home/jerrychen/Desktop/mergeHmol/CytnxTools/npmps.py", line 184, in truncate_svd2
    U, S, Vh = np.linalg.svd (T)
               ^^^^^^^^^^^^^^^^^
  File "/home/jerrychen/anaconda3/envs/cytnx/lib/python3.11/site-packages/numpy/linalg/_linalg.py", line 1812, in svd
    u, s, vh = gufunc(a, signature=signature)
               ^^^^^^^^^^^^^^^^^^^^^^^^^^^^^^
KeyboardInterrupt
