           1.819e+00            1.262e-01            6.941e-02             2.88e-03
           1.819e+00            3.839e-02            2.111e-02             9.12e-03
           1.819e+00            1.371e-02            7.538e-03             1.04e-02
           1.819e+00            1.256e-02            6.904e-03             1.44e-02
           1.819e+00            3.512e-03            1.931e-03             1.69e-02
           1.819e+00            1.978e-03            1.088e-03             1.41e-02
           1.819e+00            5.376e-04            2.956e-04             1.11e-02
           1.819e+00            3.137e-04            1.725e-04             1.33e-02
           1.819e+00            1.591e-04            8.747e-05             1.34e-02
           1.819e+00            1.213e-04            6.669e-05             1.67e-02
           1.819e+00            6.951e-05            3.822e-05             2.52e-02
           1.819e+00            3.967e-05            2.181e-05             2.39e-02
           1.819e+00            2.139e-05            1.176e-05             2.49e-02
           1.819e+00            1.079e-05            5.934e-06             3.20e-02
           1.819e+00            4.635e-06            2.549e-06             3.63e-02
           1.819e+00            2.897e-06            1.593e-06             4.85e-02
           1.819e+00            1.435e-06            7.888e-07             5.61e-02
           1.819e+00            7.271e-07            3.998e-07             5.75e-02
           1.819e+00            3.516e-07            1.934e-07             6.81e-02
           1.819e+00            2.163e-07            1.190e-07             6.84e-02
           1.819e+00            1.312e-07            7.216e-08             7.42e-02
           1.819e+00            5.316e-08            2.923e-08             7.80e-02
           1.819e+00            3.889e-08            2.138e-08             1.06e-01
           1.819e+00            2.299e-08            1.264e-08             1.00e-01
           1.819e+00            1.261e-08            6.934e-09             1.37e-01
           1.819e+00            3.315e-02            1.823e-02             3.15e-03
           1.819e+00            3.031e-02            1.667e-02             9.80e-03
           1.819e+00            1.387e-02            7.626e-03             9.12e-03
           1.819e+00            1.001e-02            5.505e-03             7.51e-03
           1.819e+00            4.330e-03            2.381e-03             9.78e-03
           1.819e+00            1.919e-03            1.055e-03             1.17e-02
           1.819e+00            5.983e-04            3.290e-04             1.30e-02
           1.819e+00            3.139e-04            1.726e-04             1.52e-02
           1.819e+00            1.422e-04            7.817e-05             1.69e-02
           1.819e+00            1.265e-04            6.957e-05             2.03e-02
           1.819e+00            9.723e-05            5.347e-05             2.66e-02
           1.819e+00            3.520e-05            1.935e-05             2.96e-02
           1.819e+00            1.700e-05            9.346e-06             3.45e-02
           1.819e+00            8.531e-06            4.691e-06             4.05e-02
           1.819e+00            4.633e-06            2.547e-06             4.41e-02
           1.819e+00            2.151e-06            1.183e-06             5.11e-02
           1.819e+00            9.946e-07            5.469e-07             5.34e-02
           1.819e+00            6.575e-07            3.615e-07             6.21e-02
           1.819e+00            3.745e-07            2.059e-07             7.48e-02
           1.819e+00            1.940e-07            1.066e-07             6.66e-02
           1.819e+00            1.024e-07            5.629e-08             7.46e-02
           1.819e+00            7.420e-08            4.080e-08             8.82e-02
           1.819e+00            4.783e-08            2.630e-08             1.13e-01
           1.819e+00            3.119e-08            1.715e-08             1.15e-01
           1.819e+00            1.157e-08            6.362e-09             1.13e-01
xmax = 20
xshift = -20
dx = 0.6349206349206349
len of Hint: 18
len of H: 18
Sweep 0, chi=2, cutoff=1e-08
  Direction: left->right
  Direction: right->left
  Energy: -0.2001453618, Trunc err: 1.02e+00
Sweep 1, chi=2, cutoff=1e-08
  Direction: left->right
  Direction: right->left
  Energy: -0.2007997533, Trunc err: 1.03e+00
Sweep 2, chi=2, cutoff=1e-08
  Direction: left->right
  Direction: right->left
  Energy: -0.2022537876, Trunc err: 1.03e+00
Sweep 3, chi=2, cutoff=1e-08
  Direction: left->right
  Direction: right->left
  Energy: -0.2001571236, Trunc err: 1.03e+00
Sweep 4, chi=2, cutoff=1e-08
  Direction: left->right
  Direction: right->left
  Energy: -0.2009757779, Trunc err: 1.03e+00
Sweep 5, chi=2, cutoff=1e-08
  Direction: left->right
  Direction: right->left
  Energy: -0.2009286473, Trunc err: 1.03e+00
Sweep 6, chi=2, cutoff=1e-08
  Direction: left->right
  Direction: right->left
  Energy: -0.2001217861, Trunc err: 1.03e+00
Sweep 7, chi=2, cutoff=1e-08
  Direction: left->right
  Direction: right->left
  Energy: -0.2015283238, Trunc err: 1.03e+00
Sweep 8, chi=2, cutoff=1e-08
  Direction: left->right
  Direction: right->left
  Energy: -0.1992032790, Trunc err: 1.03e+00
Sweep 9, chi=2, cutoff=1e-08
  Direction: left->right
  Direction: right->left
  Energy: -0.2014947509, Trunc err: 1.03e+00
Sweep 10, chi=4, cutoff=1e-08
  Direction: left->right
  Direction: right->left
  Energy: -0.3351128392, Trunc err: 1.15e+00
Sweep 11, chi=4, cutoff=1e-08
  Direction: left->right
  Direction: right->left
  Energy: -0.6251813099, Trunc err: 1.35e+00
Sweep 12, chi=4, cutoff=1e-08
  Direction: left->right
  Direction: right->left
  Energy: -1.3414243387, Trunc err: 1.56e+00
Sweep 13, chi=4, cutoff=1e-08
  Direction: left->right
  Direction: right->left
  Energy: -1.7756347269, Trunc err: 1.69e+00
Sweep 14, chi=4, cutoff=1e-08
  Direction: left->right
  Direction: right->left
  Energy: -1.8710412069, Trunc err: 1.73e+00
Sweep 15, chi=4, cutoff=1e-08
  Direction: left->right
  Direction: right->left
  Energy: -1.8809840411, Trunc err: 1.75e+00
Sweep 16, chi=4, cutoff=1e-08
  Direction: left->right
  Direction: right->left
  Energy: -1.8817417024, Trunc err: 1.75e+00
Sweep 17, chi=4, cutoff=1e-08
  Direction: left->right
  Direction: right->left
  Energy: -1.8817962905, Trunc err: 1.76e+00
Sweep 18, chi=4, cutoff=1e-08
  Direction: left->right
  Direction: right->left
  Energy: -1.8817999316, Trunc err: 1.76e+00
Sweep 19, chi=4, cutoff=1e-08
  Direction: left->right
  Direction: right->left
  Energy: -1.8818002920, Trunc err: 1.76e+00
Sweep 20, chi=4, cutoff=1e-08
  Direction: left->right
  Direction: right->left
  Energy: -1.8818003327, Trunc err: 1.76e+00
Sweep 21, chi=4, cutoff=1e-08
  Direction: left->right
  Direction: right->left
  Energy: -1.8818003375, Trunc err: 1.76e+00
Sweep 22, chi=4, cutoff=1e-08
  Direction: left->right
  Direction: right->left
  Energy: -1.8818003381, Trunc err: 1.76e+00
Sweep 23, chi=4, cutoff=1e-08
  Direction: left->right
  Direction: right->left
  Energy: -1.8818003381, Trunc err: 1.76e+00
Sweep 24, chi=4, cutoff=1e-08
  Direction: left->right
  Direction: right->left
  Energy: -1.8818003381, Trunc err: 1.76e+00
Sweep 25, chi=4, cutoff=1e-08
  Direction: left->right
  Direction: right->left
  Energy: -1.8818003381, Trunc err: 1.76e+00
Sweep 26, chi=4, cutoff=1e-08
  Direction: left->right
  Direction: right->left
  Energy: -1.8818003381, Trunc err: 1.76e+00
Sweep 27, chi=4, cutoff=1e-08
  Direction: left->right
  Direction: right->left
  Energy: -1.8818003381, Trunc err: 1.76e+00
Sweep 28, chi=4, cutoff=1e-08
  Direction: left->right
  Direction: right->left
  Energy: -1.8818003381, Trunc err: 1.76e+00
Sweep 29, chi=4, cutoff=1e-08
  Direction: left->right
  Direction: right->left
  Energy: -1.8818003381, Trunc err: 1.76e+00
Sweep 30, chi=4, cutoff=1e-08
  Direction: left->right
  Direction: right->left
  Energy: -1.8818003381, Trunc err: 1.76e+00
Sweep 31, chi=4, cutoff=1e-08
  Direction: left->right
  Direction: right->left
  Energy: -1.8818003381, Trunc err: 1.76e+00
Sweep 32, chi=4, cutoff=1e-08
  Direction: left->right
  Direction: right->left
  Energy: -1.8818003381, Trunc err: 1.76e+00
Sweep 33, chi=4, cutoff=1e-08
  Direction: left->right
  Direction: right->left
  Energy: -1.8818003381, Trunc err: 1.76e+00
Sweep 34, chi=4, cutoff=1e-08
  Direction: left->right
  Direction: right->left
  Energy: -1.8818003381, Trunc err: 1.76e+00
Sweep 35, chi=4, cutoff=1e-08
  Direction: left->right
  Direction: right->left
  Energy: -1.8818003381, Trunc err: 1.76e+00
Sweep 36, chi=4, cutoff=1e-08
  Direction: left->right
  Direction: right->left
  Energy: -1.8818003381, Trunc err: 1.76e+00
Sweep 37, chi=4, cutoff=1e-08
  Direction: left->right
  Direction: right->left
  Energy: -1.8818003381, Trunc err: 1.76e+00
Sweep 38, chi=4, cutoff=1e-08
  Direction: left->right
  Direction: right->left
  Energy: -1.8818003381, Trunc err: 1.76e+00
Sweep 39, chi=4, cutoff=1e-08
  Direction: left->right
  Direction: right->left
  Energy: -1.8818003381, Trunc err: 1.76e+00
Sweep 40, chi=4, cutoff=1e-08
  Direction: left->right
  Direction: right->left
  Energy: -1.8818003381, Trunc err: 1.76e+00
Sweep 41, chi=4, cutoff=1e-08
  Direction: left->right
  Direction: right->left
  Energy: -1.8818003381, Trunc err: 1.76e+00
Sweep 42, chi=4, cutoff=1e-08
  Direction: left->right
  Direction: right->left
  Energy: -1.8818003381, Trunc err: 1.76e+00
Sweep 43, chi=4, cutoff=1e-08
  Direction: left->right
  Direction: right->left
  Energy: -1.8818003381, Trunc err: 1.76e+00
Sweep 44, chi=4, cutoff=1e-08
  Direction: left->right
  Direction: right->left
  Energy: -1.8818003381, Trunc err: 1.76e+00
Sweep 45, chi=4, cutoff=1e-08
  Direction: left->right
  Direction: right->left
  Energy: -1.8818003381, Trunc err: 1.76e+00
Sweep 46, chi=4, cutoff=1e-08
  Direction: left->right
  Direction: right->left
  Energy: -1.8818003381, Trunc err: 1.76e+00
Sweep 47, chi=4, cutoff=1e-08
  Direction: left->right
  Direction: right->left
  Energy: -1.8818003381, Trunc err: 1.76e+00
Sweep 48, chi=4, cutoff=1e-08
  Direction: left->right
  Direction: right->left
  Energy: -1.8818003381, Trunc err: 1.76e+00
Sweep 49, chi=4, cutoff=1e-08
  Direction: left->right
  Direction: right->left
  Energy: -1.8818003381, Trunc err: 1.76e+00
Sweep 50, chi=8, cutoff=1e-08
  Direction: left->right
  Direction: right->left
  Energy: -1.9141394908, Trunc err: 1.78e+00
Sweep 51, chi=8, cutoff=1e-08
  Direction: left->right
  Direction: right->left
  Energy: -1.9180950240, Trunc err: 1.86e+00
Sweep 52, chi=8, cutoff=1e-08
  Direction: left->right
  Direction: right->left
  Energy: -1.9185279458, Trunc err: 1.87e+00
Sweep 53, chi=8, cutoff=1e-08
  Direction: left->right
  Direction: right->left
  Energy: -1.9185930892, Trunc err: 1.87e+00
Sweep 54, chi=8, cutoff=1e-08
  Direction: left->right
  Direction: right->left
  Energy: -1.9186047376, Trunc err: 1.87e+00
Sweep 55, chi=8, cutoff=1e-08
  Direction: left->right
  Direction: right->left
  Energy: -1.9186069368, Trunc err: 1.87e+00
Sweep 56, chi=8, cutoff=1e-08
  Direction: left->right
  Direction: right->left
  Energy: -1.9186073653, Trunc err: 1.87e+00
Sweep 57, chi=8, cutoff=1e-08
  Direction: left->right
  Direction: right->left
  Energy: -1.9186073382, Trunc err: 1.87e+00
Sweep 58, chi=8, cutoff=1e-08
  Direction: left->right
  Direction: right->left
  Energy: -1.9186072935, Trunc err: 1.87e+00
Sweep 59, chi=8, cutoff=1e-08
  Direction: left->right
  Direction: right->left
  Energy: -1.9186072504, Trunc err: 1.87e+00
Sweep 60, chi=8, cutoff=1e-08
  Direction: left->right
  Direction: right->left
  Energy: -1.9186072183, Trunc err: 1.87e+00
Sweep 61, chi=8, cutoff=1e-08
  Direction: left->right
  Direction: right->left
  Energy: -1.9186071959, Trunc err: 1.87e+00
Sweep 62, chi=8, cutoff=1e-08
  Direction: left->right
  Direction: right->left
  Energy: -1.9186071804, Trunc err: 1.87e+00
Sweep 63, chi=8, cutoff=1e-08
  Direction: left->right
  Direction: right->left
  Energy: -1.9186071698, Trunc err: 1.87e+00
Sweep 64, chi=8, cutoff=1e-08
  Direction: left->right
  Direction: right->left
  Energy: -1.9186071625, Trunc err: 1.87e+00
Sweep 65, chi=8, cutoff=1e-08
  Direction: left->right
  Direction: right->left
  Energy: -1.9186071573, Trunc err: 1.87e+00
Sweep 66, chi=8, cutoff=1e-08
  Direction: left->right
  Direction: right->left
  Energy: -1.9186071535, Trunc err: 1.87e+00
Sweep 67, chi=8, cutoff=1e-08
  Direction: left->right
  Direction: right->left
  Energy: -1.9186071504, Trunc err: 1.87e+00
Sweep 68, chi=8, cutoff=1e-08
  Direction: left->right
  Direction: right->left
  Energy: -1.9186071476, Trunc err: 1.87e+00
Sweep 69, chi=8, cutoff=1e-08
  Direction: left->right
  Direction: right->left
  Energy: -1.9186071453, Trunc err: 1.87e+00
Sweep 70, chi=8, cutoff=1e-08
  Direction: left->right
  Direction: right->left
  Energy: -1.9186071433, Trunc err: 1.87e+00
Sweep 71, chi=8, cutoff=1e-08
  Direction: left->right
  Direction: right->left
  Energy: -1.9186071418, Trunc err: 1.87e+00
Sweep 72, chi=8, cutoff=1e-08
  Direction: left->right
  Direction: right->left
  Energy: -1.9186071406, Trunc err: 1.87e+00
Sweep 73, chi=8, cutoff=1e-08
  Direction: left->right
  Direction: right->left
  Energy: -1.9186071397, Trunc err: 1.87e+00
Sweep 74, chi=8, cutoff=1e-08
  Direction: left->right
  Direction: right->left
  Energy: -1.9186071390, Trunc err: 1.87e+00
Sweep 75, chi=8, cutoff=1e-08
  Direction: left->right
  Direction: right->left
  Energy: -1.9186071384, Trunc err: 1.87e+00
Sweep 76, chi=8, cutoff=1e-08
  Direction: left->right
  Direction: right->left
  Energy: -1.9186071379, Trunc err: 1.87e+00
Sweep 77, chi=8, cutoff=1e-08
  Direction: left->right
  Direction: right->left
  Energy: -1.9186071376, Trunc err: 1.87e+00
Sweep 78, chi=8, cutoff=1e-08
  Direction: left->right
  Direction: right->left
  Energy: -1.9186071373, Trunc err: 1.87e+00
Sweep 79, chi=8, cutoff=1e-08
  Direction: left->right
  Direction: right->left
  Energy: -1.9186071370, Trunc err: 1.87e+00
Sweep 80, chi=8, cutoff=1e-08
  Direction: left->right
  Direction: right->left
  Energy: -1.9186071368, Trunc err: 1.87e+00
Sweep 81, chi=8, cutoff=1e-08
  Direction: left->right
  Direction: right->left
  Energy: -1.9186071367, Trunc err: 1.87e+00
Sweep 82, chi=8, cutoff=1e-08
  Direction: left->right
  Direction: right->left
  Energy: -1.9186071365, Trunc err: 1.87e+00
Sweep 83, chi=8, cutoff=1e-08
  Direction: left->right
  Direction: right->left
  Energy: -1.9186071364, Trunc err: 1.87e+00
Sweep 84, chi=8, cutoff=1e-08
  Direction: left->right
  Direction: right->left
  Energy: -1.9186071363, Trunc err: 1.87e+00
Sweep 85, chi=8, cutoff=1e-08
  Direction: left->right
  Direction: right->left
  Energy: -1.9186071363, Trunc err: 1.87e+00
Sweep 86, chi=8, cutoff=1e-08
  Direction: left->right
  Direction: right->left
  Energy: -1.9186071362, Trunc err: 1.87e+00
Sweep 87, chi=8, cutoff=1e-08
  Direction: left->right
  Direction: right->left
  Energy: -1.9186071362, Trunc err: 1.87e+00
Sweep 88, chi=8, cutoff=1e-08
  Direction: left->right
  Direction: right->left
  Energy: -1.9186071361, Trunc err: 1.87e+00
Sweep 89, chi=8, cutoff=1e-08
  Direction: left->right
  Direction: right->left
  Energy: -1.9186071361, Trunc err: 1.87e+00
Sweep 90, chi=8, cutoff=1e-08
  Direction: left->right
  Direction: right->left
  Energy: -1.9186071361, Trunc err: 1.87e+00
Sweep 91, chi=8, cutoff=1e-08
  Direction: left->right
  Direction: right->left
  Energy: -1.9186071361, Trunc err: 1.87e+00
Sweep 92, chi=8, cutoff=1e-08
  Direction: left->right
  Direction: right->left
  Energy: -1.9186071361, Trunc err: 1.87e+00
Sweep 93, chi=8, cutoff=1e-08
  Direction: left->right
  Direction: right->left
  Energy: -1.9186071360, Trunc err: 1.87e+00
Sweep 94, chi=8, cutoff=1e-08
  Direction: left->right
  Direction: right->left
  Energy: -1.9186071360, Trunc err: 1.87e+00
Sweep 95, chi=8, cutoff=1e-08
  Direction: left->right
  Direction: right->left
  Energy: -1.9186071360, Trunc err: 1.87e+00
Sweep 96, chi=8, cutoff=1e-08
  Direction: left->right
  Direction: right->left
  Energy: -1.9186071360, Trunc err: 1.87e+00
Sweep 97, chi=8, cutoff=1e-08
  Direction: left->right
  Direction: right->left
  Energy: -1.9186071360, Trunc err: 1.87e+00
Sweep 98, chi=8, cutoff=1e-08
  Direction: left->right
  Direction: right->left
  Energy: -1.9186071360, Trunc err: 1.87e+00
Sweep 99, chi=8, cutoff=1e-08
  Direction: left->right
  Direction: right->left
  Energy: -1.9186071360, Trunc err: 1.87e+00
Sweep 100, chi=16, cutoff=1e-08
  Direction: left->right
  Direction: right->left
  Energy: -1.9387915759, Trunc err: 1.90e+00
Sweep 101, chi=16, cutoff=1e-08
  Direction: left->right
  Direction: right->left
  Energy: -1.9398197800, Trunc err: 1.96e+00
Sweep 102, chi=16, cutoff=1e-08
  Direction: left->right
  Direction: right->left
  Energy: -1.9398374266, Trunc err: 1.96e+00
Sweep 103, chi=16, cutoff=1e-08
  Direction: left->right
  Direction: right->left
  Energy: -1.9398388420, Trunc err: 1.96e+00
Sweep 104, chi=16, cutoff=1e-08
  Direction: left->right
  Direction: right->left
  Energy: -1.9398387908, Trunc err: 1.96e+00
Sweep 105, chi=16, cutoff=1e-08
  Direction: left->right
  Direction: right->left
  Energy: -1.9398387441, Trunc err: 1.96e+00
Sweep 106, chi=16, cutoff=1e-08
  Direction: left->right
  Direction: right->left
  Energy: -1.9398387120, Trunc err: 1.96e+00
Sweep 107, chi=16, cutoff=1e-08
  Direction: left->right
  Direction: right->left
  Energy: -1.9398386582, Trunc err: 1.96e+00
Sweep 108, chi=16, cutoff=1e-08
  Direction: left->right
  Direction: right->left
  Energy: -1.9398385586, Trunc err: 1.96e+00
Sweep 109, chi=16, cutoff=1e-08
  Direction: left->right
  Direction: right->left
  Energy: -1.9398384143, Trunc err: 1.96e+00
Sweep 110, chi=16, cutoff=1e-08
  Direction: left->right
  Direction: right->left
  Energy: -1.9398382703, Trunc err: 1.96e+00
Sweep 111, chi=16, cutoff=1e-08
  Direction: left->right
  Direction: right->left
  Energy: -1.9398381735, Trunc err: 1.96e+00
Sweep 112, chi=16, cutoff=1e-08
  Direction: left->right
  Direction: right->left
  Energy: -1.9398381243, Trunc err: 1.96e+00
Sweep 113, chi=16, cutoff=1e-08
  Direction: left->right
  Direction: right->left
  Energy: -1.9398381024, Trunc err: 1.96e+00
Sweep 114, chi=16, cutoff=1e-08
  Direction: left->right
  Direction: right->left
  Energy: -1.9398380932, Trunc err: 1.96e+00
Sweep 115, chi=16, cutoff=1e-08
  Direction: left->right
  Direction: right->left
  Energy: -1.9398380893, Trunc err: 1.96e+00
Sweep 116, chi=16, cutoff=1e-08
  Direction: left->right
  Direction: right->left
  Energy: -1.9398380877, Trunc err: 1.96e+00
Sweep 117, chi=16, cutoff=1e-08
  Direction: left->right
  Direction: right->left
  Energy: -1.9398380870, Trunc err: 1.96e+00
Sweep 118, chi=16, cutoff=1e-08
  Direction: left->right
  Direction: right->left
  Energy: -1.9398380868, Trunc err: 1.96e+00
Sweep 119, chi=16, cutoff=1e-08
  Direction: left->right
  Direction: right->left
  Energy: -1.9398380868, Trunc err: 1.96e+00
Sweep 120, chi=32, cutoff=1e-08
  Direction: left->right
  Direction: right->left
  Energy: -1.9422078645, Trunc err: 1.98e+00
Sweep 121, chi=32, cutoff=1e-08
  Direction: left->right
  Direction: right->left
  Energy: -1.9429380464, Trunc err: 2.00e+00
Sweep 122, chi=32, cutoff=1e-08
  Direction: left->right
  Direction: right->left
  Energy: -1.9429832260, Trunc err: 2.00e+00
Sweep 123, chi=32, cutoff=1e-08
  Direction: left->right
  Direction: right->left
  Energy: -1.9429866234, Trunc err: 2.00e+00
Sweep 124, chi=32, cutoff=1e-08
  Direction: left->right
  Direction: right->left
  Energy: -1.9429871789, Trunc err: 2.00e+00
Sweep 125, chi=32, cutoff=1e-08
  Direction: left->right
  Direction: right->left
  Energy: -1.9429872803, Trunc err: 2.00e+00
Sweep 126, chi=32, cutoff=1e-08
  Direction: left->right
  Direction: right->left
  Energy: -1.9429873052, Trunc err: 2.00e+00
Sweep 127, chi=32, cutoff=1e-08
  Direction: left->right
  Direction: right->left
  Energy: -1.9429873130, Trunc err: 2.00e+00
Sweep 128, chi=32, cutoff=1e-08
  Direction: left->right
  Direction: right->left
  Energy: -1.9429873156, Trunc err: 2.00e+00
Sweep 129, chi=32, cutoff=1e-08
  Direction: left->right
  Direction: right->left
  Energy: -1.9429873163, Trunc err: 2.00e+00
