           1.819e+00            6.049e-02            3.326e-02             2.99e-03
           1.819e+00            2.952e-02            1.623e-02             6.22e-03
           1.819e+00            1.705e-02            9.373e-03             5.13e-03
           1.819e+00            9.514e-03            5.231e-03             7.30e-03
           1.819e+00            4.509e-03            2.479e-03             8.35e-03
           1.819e+00            2.088e-03            1.148e-03             8.86e-03
           1.819e+00            1.251e-03            6.880e-04             1.23e-02
           1.819e+00            4.244e-04            2.334e-04             1.52e-02
           1.819e+00            2.258e-04            1.242e-04             1.61e-02
           1.819e+00            1.811e-04            9.957e-05             1.69e-02
           1.819e+00            8.518e-05            4.684e-05             1.97e-02
           1.819e+00            3.594e-05            1.976e-05             2.49e-02
           1.819e+00            2.590e-05            1.424e-05             2.79e-02
           1.819e+00            9.393e-06            5.165e-06             2.92e-02
           1.819e+00            4.791e-06            2.634e-06             3.43e-02
           1.819e+00            3.450e-06            1.897e-06             5.23e-02
           1.819e+00            1.241e-06            6.826e-07             5.21e-02
           1.819e+00            7.859e-07            4.322e-07             5.23e-02
           1.819e+00            4.517e-07            2.483e-07             6.16e-02
           1.819e+00            2.503e-07            1.376e-07             6.15e-02
           1.819e+00            1.465e-07            8.053e-08             7.36e-02
           1.819e+00            8.443e-08            4.642e-08             8.84e-02
           1.819e+00            4.424e-08            2.433e-08             8.67e-02
           1.819e+00            2.551e-08            1.403e-08             1.06e-01
           1.819e+00            1.357e-08            7.463e-09             1.19e-01
           1.819e+00            4.095e-02            2.252e-02             1.28e-03
           1.819e+00            2.344e-02            1.289e-02             3.51e-03
           1.819e+00            1.427e-02            7.845e-03             4.96e-03
           1.819e+00            9.130e-03            5.020e-03             7.07e-03
           1.819e+00            4.953e-03            2.724e-03             9.44e-03
           1.819e+00            1.993e-03            1.096e-03             1.01e-02
           1.819e+00            1.207e-03            6.637e-04             1.21e-02
           1.819e+00            6.569e-04            3.612e-04             1.49e-02
           1.819e+00            2.226e-04            1.224e-04             1.44e-02
           1.819e+00            1.135e-04            6.243e-05             1.58e-02
           1.819e+00            8.617e-05            4.738e-05             2.18e-02
           1.819e+00            3.734e-05            2.053e-05             2.64e-02
           1.819e+00            1.975e-05            1.086e-05             2.60e-02
           1.819e+00            7.666e-06            4.215e-06             2.93e-02
           1.819e+00            6.232e-06            3.427e-06             3.35e-02
           1.819e+00            2.363e-06            1.299e-06             5.03e-02
           1.819e+00            1.067e-06            5.868e-07             5.18e-02
           1.819e+00            1.003e-06            5.515e-07             5.62e-02
           1.819e+00            3.593e-07            1.976e-07             5.82e-02
           1.819e+00            2.665e-07            1.465e-07             6.76e-02
           1.819e+00            1.526e-07            8.388e-08             7.91e-02
           1.819e+00            4.031e-08            2.216e-08             7.43e-02
           1.819e+00            3.716e-08            2.043e-08             9.02e-02
           1.819e+00            2.811e-08            1.546e-08             1.03e-01
           1.819e+00            1.599e-08            8.794e-09             1.16e-01
xmax = 20
xshift = -20
dx = 0.6349206349206349
len of Hint: 18
len of H: 18
Sweep 0, chi=2, cutoff=1e-08
  Direction: left->right
  Direction: right->left
  Energy: -0.2000919346, Trunc err: 1.02e+00
Sweep 1, chi=2, cutoff=1e-08
  Direction: left->right
  Direction: right->left
  Energy: -0.2007528929, Trunc err: 1.03e+00
Sweep 2, chi=2, cutoff=1e-08
  Direction: left->right
  Direction: right->left
  Energy: -0.2021941679, Trunc err: 1.03e+00
Sweep 3, chi=2, cutoff=1e-08
  Direction: left->right
  Direction: right->left
  Energy: -0.2001084715, Trunc err: 1.03e+00
Sweep 4, chi=2, cutoff=1e-08
  Direction: left->right
  Direction: right->left
  Energy: -0.2009154907, Trunc err: 1.03e+00
Sweep 5, chi=2, cutoff=1e-08
  Direction: left->right
  Direction: right->left
  Energy: -0.2008795317, Trunc err: 1.03e+00
Sweep 6, chi=2, cutoff=1e-08
  Direction: left->right
  Direction: right->left
  Energy: -0.2000622650, Trunc err: 1.03e+00
Sweep 7, chi=2, cutoff=1e-08
  Direction: left->right
  Direction: right->left
  Energy: -0.2014800324, Trunc err: 1.03e+00
Sweep 8, chi=2, cutoff=1e-08
  Direction: left->right
  Direction: right->left
  Energy: -0.2001876198, Trunc err: 1.03e+00
Sweep 9, chi=2, cutoff=1e-08
  Direction: left->right
  Direction: right->left
  Energy: -0.2014845745, Trunc err: 1.03e+00
Sweep 10, chi=4, cutoff=1e-08
  Direction: left->right
  Direction: right->left
  Energy: -0.3200489742, Trunc err: 1.14e+00
Sweep 11, chi=4, cutoff=1e-08
  Direction: left->right
  Direction: right->left
  Energy: -0.5727320829, Trunc err: 1.33e+00
Sweep 12, chi=4, cutoff=1e-08
  Direction: left->right
  Direction: right->left
  Energy: -1.1396497832, Trunc err: 1.51e+00
Sweep 13, chi=4, cutoff=1e-08
  Direction: left->right
  Direction: right->left
  Energy: -1.6016870262, Trunc err: 1.65e+00
Sweep 14, chi=4, cutoff=1e-08
  Direction: left->right
  Direction: right->left
  Energy: -1.7018779829, Trunc err: 1.71e+00
Sweep 15, chi=4, cutoff=1e-08
  Direction: left->right
  Direction: right->left
  Energy: -1.7114865638, Trunc err: 1.73e+00
Sweep 16, chi=4, cutoff=1e-08
  Direction: left->right
  Direction: right->left
  Energy: -1.7120288119, Trunc err: 1.74e+00
Sweep 17, chi=4, cutoff=1e-08
  Direction: left->right
  Direction: right->left
  Energy: -1.7120732651, Trunc err: 1.74e+00
Sweep 18, chi=4, cutoff=1e-08
  Direction: left->right
  Direction: right->left
  Energy: -1.7120777437, Trunc err: 1.74e+00
Sweep 19, chi=4, cutoff=1e-08
  Direction: left->right
  Direction: right->left
  Energy: -1.7120783598, Trunc err: 1.74e+00
Sweep 20, chi=4, cutoff=1e-08
  Direction: left->right
  Direction: right->left
  Energy: -1.7120784642, Trunc err: 1.74e+00
Sweep 21, chi=4, cutoff=1e-08
  Direction: left->right
  Direction: right->left
  Energy: -1.7120784876, Trunc err: 1.74e+00
Sweep 22, chi=4, cutoff=1e-08
  Direction: left->right
  Direction: right->left
  Energy: -1.7120784943, Trunc err: 1.74e+00
Sweep 23, chi=4, cutoff=1e-08
  Direction: left->right
  Direction: right->left
  Energy: -1.7120784965, Trunc err: 1.74e+00
Sweep 24, chi=4, cutoff=1e-08
  Direction: left->right
  Direction: right->left
  Energy: -1.7120784973, Trunc err: 1.74e+00
Sweep 25, chi=4, cutoff=1e-08
  Direction: left->right
  Direction: right->left
  Energy: -1.7120784976, Trunc err: 1.74e+00
Sweep 26, chi=4, cutoff=1e-08
  Direction: left->right
  Direction: right->left
  Energy: -1.7120784977, Trunc err: 1.74e+00
Sweep 27, chi=4, cutoff=1e-08
  Direction: left->right
  Direction: right->left
  Energy: -1.7120784978, Trunc err: 1.74e+00
Sweep 28, chi=4, cutoff=1e-08
  Direction: left->right
  Direction: right->left
  Energy: -1.7120784978, Trunc err: 1.74e+00
Sweep 29, chi=4, cutoff=1e-08
  Direction: left->right
  Direction: right->left
  Energy: -1.7120784978, Trunc err: 1.74e+00
Sweep 30, chi=4, cutoff=1e-08
  Direction: left->right
  Direction: right->left
  Energy: -1.7120784978, Trunc err: 1.74e+00
Sweep 31, chi=4, cutoff=1e-08
  Direction: left->right
  Direction: right->left
  Energy: -1.7120784978, Trunc err: 1.74e+00
Sweep 32, chi=4, cutoff=1e-08
  Direction: left->right
  Direction: right->left
  Energy: -1.7120784978, Trunc err: 1.74e+00
Sweep 33, chi=4, cutoff=1e-08
  Direction: left->right
  Direction: right->left
  Energy: -1.7120784978, Trunc err: 1.74e+00
Sweep 34, chi=4, cutoff=1e-08
  Direction: left->right
  Direction: right->left
  Energy: -1.7120784978, Trunc err: 1.74e+00
Sweep 35, chi=4, cutoff=1e-08
  Direction: left->right
  Direction: right->left
  Energy: -1.7120784978, Trunc err: 1.74e+00
Sweep 36, chi=4, cutoff=1e-08
  Direction: left->right
  Direction: right->left
  Energy: -1.7120784978, Trunc err: 1.74e+00
Sweep 37, chi=4, cutoff=1e-08
  Direction: left->right
  Direction: right->left
  Energy: -1.7120784978, Trunc err: 1.74e+00
Sweep 38, chi=4, cutoff=1e-08
  Direction: left->right
  Direction: right->left
  Energy: -1.7120784978, Trunc err: 1.74e+00
Sweep 39, chi=4, cutoff=1e-08
  Direction: left->right
  Direction: right->left
  Energy: -1.7120784978, Trunc err: 1.74e+00
Sweep 40, chi=4, cutoff=1e-08
  Direction: left->right
  Direction: right->left
  Energy: -1.7120784978, Trunc err: 1.74e+00
Sweep 41, chi=4, cutoff=1e-08
  Direction: left->right
  Direction: right->left
  Energy: -1.7120784978, Trunc err: 1.74e+00
Sweep 42, chi=4, cutoff=1e-08
  Direction: left->right
  Direction: right->left
  Energy: -1.7120784978, Trunc err: 1.74e+00
Sweep 43, chi=4, cutoff=1e-08
  Direction: left->right
  Direction: right->left
  Energy: -1.7120784978, Trunc err: 1.74e+00
Sweep 44, chi=4, cutoff=1e-08
  Direction: left->right
  Direction: right->left
  Energy: -1.7120784978, Trunc err: 1.74e+00
Sweep 45, chi=4, cutoff=1e-08
  Direction: left->right
  Direction: right->left
  Energy: -1.7120784978, Trunc err: 1.74e+00
Sweep 46, chi=4, cutoff=1e-08
  Direction: left->right
  Direction: right->left
  Energy: -1.7120784978, Trunc err: 1.74e+00
Sweep 47, chi=4, cutoff=1e-08
  Direction: left->right
  Direction: right->left
  Energy: -1.7120784978, Trunc err: 1.74e+00
Sweep 48, chi=4, cutoff=1e-08
  Direction: left->right
  Direction: right->left
  Energy: -1.7120784978, Trunc err: 1.74e+00
Sweep 49, chi=4, cutoff=1e-08
  Direction: left->right
  Direction: right->left
  Energy: -1.7120784978, Trunc err: 1.74e+00
Sweep 50, chi=8, cutoff=1e-08
  Direction: left->right
  Direction: right->left
  Energy: -1.7391334660, Trunc err: 1.76e+00
Sweep 51, chi=8, cutoff=1e-08
  Direction: left->right
  Direction: right->left
  Energy: -1.7427303827, Trunc err: 1.83e+00
Sweep 52, chi=8, cutoff=1e-08
  Direction: left->right
  Direction: right->left
  Energy: -1.7431175081, Trunc err: 1.84e+00
Sweep 53, chi=8, cutoff=1e-08
  Direction: left->right
  Direction: right->left
  Energy: -1.7431679347, Trunc err: 1.84e+00
Sweep 54, chi=8, cutoff=1e-08
  Direction: left->right
  Direction: right->left
  Energy: -1.7431776292, Trunc err: 1.84e+00
Sweep 55, chi=8, cutoff=1e-08
  Direction: left->right
  Direction: right->left
  Energy: -1.7431794990, Trunc err: 1.84e+00
Sweep 56, chi=8, cutoff=1e-08
  Direction: left->right
  Direction: right->left
  Energy: -1.7431798370, Trunc err: 1.84e+00
Sweep 57, chi=8, cutoff=1e-08
  Direction: left->right
  Direction: right->left
  Energy: -1.7431799106, Trunc err: 1.84e+00
Sweep 58, chi=8, cutoff=1e-08
  Direction: left->right
  Direction: right->left
  Energy: -1.7431799136, Trunc err: 1.84e+00
Sweep 59, chi=8, cutoff=1e-08
  Direction: left->right
  Direction: right->left
  Energy: -1.7431799998, Trunc err: 1.84e+00
Sweep 60, chi=8, cutoff=1e-08
  Direction: left->right
  Direction: right->left
  Energy: -1.7431799901, Trunc err: 1.84e+00
Sweep 61, chi=8, cutoff=1e-08
  Direction: left->right
  Direction: right->left
  Energy: -1.7431800409, Trunc err: 1.84e+00
Sweep 62, chi=8, cutoff=1e-08
  Direction: left->right
  Direction: right->left
  Energy: -1.7431801064, Trunc err: 1.84e+00
Sweep 63, chi=8, cutoff=1e-08
  Direction: left->right
  Direction: right->left
  Energy: -1.7431801756, Trunc err: 1.84e+00
Sweep 64, chi=8, cutoff=1e-08
  Direction: left->right
  Direction: right->left
  Energy: -1.7431802433, Trunc err: 1.84e+00
Sweep 65, chi=8, cutoff=1e-08
  Direction: left->right
  Direction: right->left
  Energy: -1.7431803058, Trunc err: 1.84e+00
Sweep 66, chi=8, cutoff=1e-08
  Direction: left->right
  Direction: right->left
  Energy: -1.7431803609, Trunc err: 1.84e+00
Sweep 67, chi=8, cutoff=1e-08
  Direction: left->right
  Direction: right->left
  Energy: -1.7431804082, Trunc err: 1.84e+00
Sweep 68, chi=8, cutoff=1e-08
  Direction: left->right
  Direction: right->left
  Energy: -1.7431804481, Trunc err: 1.84e+00
Sweep 69, chi=8, cutoff=1e-08
  Direction: left->right
  Direction: right->left
  Energy: -1.7431804815, Trunc err: 1.84e+00
Sweep 70, chi=8, cutoff=1e-08
  Direction: left->right
  Direction: right->left
  Energy: -1.7431805092, Trunc err: 1.84e+00
Sweep 71, chi=8, cutoff=1e-08
  Direction: left->right
  Direction: right->left
  Energy: -1.7431805318, Trunc err: 1.84e+00
Sweep 72, chi=8, cutoff=1e-08
  Direction: left->right
  Direction: right->left
  Energy: -1.7431805502, Trunc err: 1.84e+00
Sweep 73, chi=8, cutoff=1e-08
  Direction: left->right
  Direction: right->left
  Energy: -1.7431805651, Trunc err: 1.84e+00
Sweep 74, chi=8, cutoff=1e-08
  Direction: left->right
  Direction: right->left
  Energy: -1.7431805771, Trunc err: 1.84e+00
Sweep 75, chi=8, cutoff=1e-08
  Direction: left->right
  Direction: right->left
  Energy: -1.7431805867, Trunc err: 1.84e+00
Sweep 76, chi=8, cutoff=1e-08
  Direction: left->right
  Direction: right->left
  Energy: -1.7431805944, Trunc err: 1.84e+00
Sweep 77, chi=8, cutoff=1e-08
  Direction: left->right
  Direction: right->left
  Energy: -1.7431806006, Trunc err: 1.84e+00
Sweep 78, chi=8, cutoff=1e-08
  Direction: left->right
  Direction: right->left
  Energy: -1.7431806055, Trunc err: 1.84e+00
Sweep 79, chi=8, cutoff=1e-08
  Direction: left->right
  Direction: right->left
  Energy: -1.7431806095, Trunc err: 1.84e+00
Sweep 80, chi=8, cutoff=1e-08
  Direction: left->right
  Direction: right->left
  Energy: -1.7431806126, Trunc err: 1.84e+00
Sweep 81, chi=8, cutoff=1e-08
  Direction: left->right
  Direction: right->left
  Energy: -1.7431806151, Trunc err: 1.84e+00
Sweep 82, chi=8, cutoff=1e-08
  Direction: left->right
  Direction: right->left
  Energy: -1.7431806171, Trunc err: 1.84e+00
Sweep 83, chi=8, cutoff=1e-08
  Direction: left->right
  Direction: right->left
  Energy: -1.7431806187, Trunc err: 1.84e+00
Sweep 84, chi=8, cutoff=1e-08
  Direction: left->right
  Direction: right->left
  Energy: -1.7431806200, Trunc err: 1.84e+00
Sweep 85, chi=8, cutoff=1e-08
  Direction: left->right
  Direction: right->left
  Energy: -1.7431806210, Trunc err: 1.84e+00
Sweep 86, chi=8, cutoff=1e-08
  Direction: left->right
  Direction: right->left
  Energy: -1.7431806218, Trunc err: 1.84e+00
Sweep 87, chi=8, cutoff=1e-08
  Direction: left->right
  Direction: right->left
  Energy: -1.7431806224, Trunc err: 1.84e+00
Sweep 88, chi=8, cutoff=1e-08
  Direction: left->right
  Direction: right->left
  Energy: -1.7431806229, Trunc err: 1.84e+00
Sweep 89, chi=8, cutoff=1e-08
  Direction: left->right
  Direction: right->left
  Energy: -1.7431806233, Trunc err: 1.84e+00
Sweep 90, chi=8, cutoff=1e-08
  Direction: left->right
  Direction: right->left
  Energy: -1.7431806237, Trunc err: 1.84e+00
Sweep 91, chi=8, cutoff=1e-08
  Direction: left->right
  Direction: right->left
  Energy: -1.7431806239, Trunc err: 1.84e+00
Sweep 92, chi=8, cutoff=1e-08
  Direction: left->right
  Direction: right->left
  Energy: -1.7431806241, Trunc err: 1.84e+00
Sweep 93, chi=8, cutoff=1e-08
  Direction: left->right
  Direction: right->left
  Energy: -1.7431806243, Trunc err: 1.84e+00
Sweep 94, chi=8, cutoff=1e-08
  Direction: left->right
  Direction: right->left
  Energy: -1.7431806244, Trunc err: 1.84e+00
Sweep 95, chi=8, cutoff=1e-08
  Direction: left->right
  Direction: right->left
  Energy: -1.7431806245, Trunc err: 1.84e+00
Sweep 96, chi=8, cutoff=1e-08
  Direction: left->right
  Direction: right->left
  Energy: -1.7431806246, Trunc err: 1.84e+00
Sweep 97, chi=8, cutoff=1e-08
  Direction: left->right
  Direction: right->left
  Energy: -1.7431806247, Trunc err: 1.84e+00
Sweep 98, chi=8, cutoff=1e-08
  Direction: left->right
  Direction: right->left
  Energy: -1.7431806247, Trunc err: 1.84e+00
Sweep 99, chi=8, cutoff=1e-08
  Direction: left->right
  Direction: right->left
  Energy: -1.7431806248, Trunc err: 1.84e+00
Sweep 100, chi=16, cutoff=1e-08
  Direction: left->right
  Direction: right->left
  Energy: -1.7606914552, Trunc err: 1.88e+00
Sweep 101, chi=16, cutoff=1e-08
  Direction: left->right
  Direction: right->left
  Energy: -1.7614879486, Trunc err: 1.92e+00
Sweep 102, chi=16, cutoff=1e-08
  Direction: left->right
  Direction: right->left
  Energy: -1.7615197638, Trunc err: 1.92e+00
Sweep 103, chi=16, cutoff=1e-08
  Direction: left->right
  Direction: right->left
  Energy: -1.7616216545, Trunc err: 1.92e+00
Sweep 104, chi=16, cutoff=1e-08
  Direction: left->right
  Direction: right->left
  Energy: -1.7617160364, Trunc err: 1.92e+00
Sweep 105, chi=16, cutoff=1e-08
  Direction: left->right
  Direction: right->left
  Energy: -1.7617280864, Trunc err: 1.92e+00
Sweep 106, chi=16, cutoff=1e-08
  Direction: left->right
  Direction: right->left
  Energy: -1.7617287822, Trunc err: 1.92e+00
Sweep 107, chi=16, cutoff=1e-08
  Direction: left->right
  Direction: right->left
  Energy: -1.7617286317, Trunc err: 1.92e+00
Sweep 108, chi=16, cutoff=1e-08
  Direction: left->right
  Direction: right->left
  Energy: -1.7617283814, Trunc err: 1.92e+00
Sweep 109, chi=16, cutoff=1e-08
  Direction: left->right
  Direction: right->left
  Energy: -1.7617281551, Trunc err: 1.92e+00
Sweep 110, chi=16, cutoff=1e-08
  Direction: left->right
  Direction: right->left
  Energy: -1.7617280070, Trunc err: 1.92e+00
Sweep 111, chi=16, cutoff=1e-08
  Direction: left->right
  Direction: right->left
  Energy: -1.7617279246, Trunc err: 1.92e+00
Sweep 112, chi=16, cutoff=1e-08
  Direction: left->right
  Direction: right->left
  Energy: -1.7617278783, Trunc err: 1.92e+00
Sweep 113, chi=16, cutoff=1e-08
  Direction: left->right
  Direction: right->left
  Energy: -1.7617278493, Trunc err: 1.92e+00
Sweep 114, chi=16, cutoff=1e-08
  Direction: left->right
  Direction: right->left
  Energy: -1.7617278288, Trunc err: 1.92e+00
Sweep 115, chi=16, cutoff=1e-08
  Direction: left->right
  Direction: right->left
  Energy: -1.7617278129, Trunc err: 1.92e+00
Sweep 116, chi=16, cutoff=1e-08
  Direction: left->right
  Direction: right->left
  Energy: -1.7617278002, Trunc err: 1.92e+00
Sweep 117, chi=16, cutoff=1e-08
  Direction: left->right
  Direction: right->left
  Energy: -1.7617277897, Trunc err: 1.92e+00
Sweep 118, chi=16, cutoff=1e-08
  Direction: left->right
  Direction: right->left
  Energy: -1.7617277811, Trunc err: 1.92e+00
Sweep 119, chi=16, cutoff=1e-08
  Direction: left->right
  Direction: right->left
  Energy: -1.7617277741, Trunc err: 1.92e+00
Sweep 120, chi=32, cutoff=1e-08
  Direction: left->right
  Direction: right->left
  Energy: -1.7644873482, Trunc err: 1.94e+00
Sweep 121, chi=32, cutoff=1e-08
  Direction: left->right
  Direction: right->left
  Energy: -1.7650546582, Trunc err: 1.96e+00
Sweep 122, chi=32, cutoff=1e-08
  Direction: left->right
  Direction: right->left
  Energy: -1.7650636720, Trunc err: 1.97e+00
Sweep 123, chi=32, cutoff=1e-08
  Direction: left->right
  Direction: right->left
  Energy: -1.7650645101, Trunc err: 1.97e+00
Sweep 124, chi=32, cutoff=1e-08
  Direction: left->right
  Direction: right->left
  Energy: -1.7650646525, Trunc err: 1.97e+00
Sweep 125, chi=32, cutoff=1e-08
  Direction: left->right
  Direction: right->left
  Energy: -1.7650646876, Trunc err: 1.97e+00
Sweep 126, chi=32, cutoff=1e-08
  Direction: left->right
  Direction: right->left
  Energy: -1.7650647088, Trunc err: 1.97e+00
Sweep 127, chi=32, cutoff=1e-08
  Direction: left->right
  Direction: right->left
  Energy: -1.7650647363, Trunc err: 1.97e+00
Sweep 128, chi=32, cutoff=1e-08
  Direction: left->right
  Direction: right->left
  Energy: -1.7650647857, Trunc err: 1.97e+00
Sweep 129, chi=32, cutoff=1e-08
  Direction: left->right
  Direction: right->left
  Energy: -1.7650648746, Trunc err: 1.97e+00
