           1.819e+00            8.859e-02            4.871e-02             3.01e-03
           1.819e+00            3.790e-02            2.084e-02             4.93e-03
           1.819e+00            9.304e-03            5.116e-03             5.77e-03
           1.819e+00            1.137e-02            6.251e-03             7.63e-03
           1.819e+00            4.418e-03            2.429e-03             9.39e-03
           1.819e+00            3.175e-03            1.746e-03             1.05e-02
           1.819e+00            9.312e-04            5.120e-04             1.32e-02
           1.819e+00            3.947e-04            2.170e-04             1.43e-02
           1.819e+00            3.091e-04            1.699e-04             1.67e-02
           1.819e+00            1.340e-04            7.371e-05             2.06e-02
           1.819e+00            7.185e-05            3.951e-05             2.08e-02
           1.819e+00            3.977e-05            2.187e-05             2.26e-02
           1.819e+00            1.612e-05            8.864e-06             3.19e-02
           1.819e+00            8.251e-06            4.537e-06             3.64e-02
           1.819e+00            4.797e-06            2.638e-06             4.31e-02
           1.819e+00            1.731e-06            9.518e-07             4.83e-02
           1.819e+00            1.170e-06            6.435e-07             5.96e-02
           1.819e+00            9.753e-07            5.363e-07             6.94e-02
           1.819e+00            4.305e-07            2.367e-07             6.83e-02
           1.819e+00            2.458e-07            1.351e-07             6.64e-02
           1.819e+00            1.417e-07            7.791e-08             9.45e-02
           1.819e+00            1.062e-07            5.839e-08             9.57e-02
           1.819e+00            5.628e-08            3.095e-08             1.08e-01
           1.819e+00            3.213e-08            1.767e-08             1.24e-01
           1.819e+00            1.816e-08            9.986e-09             1.84e-01
           1.819e+00            1.357e-01            7.463e-02             3.05e-03
           1.819e+00            3.139e-02            1.726e-02             7.60e-03
           1.819e+00            1.762e-02            9.688e-03             5.72e-03
           1.819e+00            1.064e-02            5.852e-03             6.66e-03
           1.819e+00            5.282e-03            2.905e-03             9.00e-03
           1.819e+00            2.142e-03            1.178e-03             9.38e-03
           1.819e+00            1.447e-03            7.957e-04             1.23e-02
           1.819e+00            4.801e-04            2.640e-04             1.46e-02
           1.819e+00            1.863e-04            1.024e-04             1.61e-02
           1.819e+00            9.553e-05            5.253e-05             2.00e-02
           1.819e+00            6.160e-05            3.387e-05             2.40e-02
           1.819e+00            3.802e-05            2.090e-05             2.54e-02
           1.819e+00            2.791e-05            1.535e-05             3.05e-02
           1.819e+00            8.098e-06            4.453e-06             3.38e-02
           1.819e+00            4.557e-06            2.505e-06             3.44e-02
           1.819e+00            3.230e-06            1.776e-06             5.15e-02
           1.819e+00            1.778e-06            9.776e-07             5.09e-02
           1.819e+00            8.627e-07            4.743e-07             5.85e-02
           1.819e+00            6.838e-07            3.760e-07             6.42e-02
           1.819e+00            3.692e-07            2.030e-07             6.91e-02
           1.819e+00            1.788e-07            9.831e-08             7.77e-02
           1.819e+00            8.610e-08            4.734e-08             9.77e-02
           1.819e+00            4.311e-08            2.371e-08             1.16e-01
           1.819e+00            2.552e-08            1.403e-08             1.24e-01
           1.819e+00            1.545e-08            8.494e-09             1.14e-01
xmax = 20
xshift = -20
dx = 0.6349206349206349
len of Hint: 18
len of H: 18
Sweep 0, chi=2, cutoff=1e-08
  Direction: left->right
  Direction: right->left
  Energy: -0.1980827211, Trunc err: 1.02e+00
Sweep 1, chi=2, cutoff=1e-08
  Direction: left->right
  Direction: right->left
  Energy: -0.2005923852, Trunc err: 1.03e+00
Sweep 2, chi=2, cutoff=1e-08
  Direction: left->right
  Direction: right->left
  Energy: -0.2008015003, Trunc err: 1.03e+00
Sweep 3, chi=2, cutoff=1e-08
  Direction: left->right
  Direction: right->left
  Energy: -0.1986904388, Trunc err: 1.03e+00
Sweep 4, chi=2, cutoff=1e-08
  Direction: left->right
  Direction: right->left
  Energy: -0.1988080945, Trunc err: 1.03e+00
Sweep 5, chi=2, cutoff=1e-08
  Direction: left->right
  Direction: right->left
  Energy: -0.2001940034, Trunc err: 1.03e+00
Sweep 6, chi=2, cutoff=1e-08
  Direction: left->right
  Direction: right->left
  Energy: -0.1987994219, Trunc err: 1.03e+00
Sweep 7, chi=2, cutoff=1e-08
  Direction: left->right
  Direction: right->left
  Energy: -0.2002416352, Trunc err: 1.03e+00
Sweep 8, chi=2, cutoff=1e-08
  Direction: left->right
  Direction: right->left
  Energy: -0.1987709352, Trunc err: 1.03e+00
Sweep 9, chi=2, cutoff=1e-08
  Direction: left->right
  Direction: right->left
  Energy: -0.2001658943, Trunc err: 1.03e+00
Sweep 10, chi=4, cutoff=1e-08
  Direction: left->right
  Direction: right->left
  Energy: -0.3232093340, Trunc err: 1.15e+00
Sweep 11, chi=4, cutoff=1e-08
  Direction: left->right
  Direction: right->left
  Energy: -0.5230092838, Trunc err: 1.33e+00
Sweep 12, chi=4, cutoff=1e-08
  Direction: left->right
  Direction: right->left
  Energy: -0.7602304654, Trunc err: 1.47e+00
Sweep 13, chi=4, cutoff=1e-08
  Direction: left->right
  Direction: right->left
  Energy: -0.9252331690, Trunc err: 1.56e+00
Sweep 14, chi=4, cutoff=1e-08
  Direction: left->right
  Direction: right->left
  Energy: -1.0176376087, Trunc err: 1.61e+00
Sweep 15, chi=4, cutoff=1e-08
  Direction: left->right
  Direction: right->left
  Energy: -1.0487812208, Trunc err: 1.63e+00
Sweep 16, chi=4, cutoff=1e-08
  Direction: left->right
  Direction: right->left
  Energy: -1.0567528834, Trunc err: 1.63e+00
Sweep 17, chi=4, cutoff=1e-08
  Direction: left->right
  Direction: right->left
  Energy: -1.0580198576, Trunc err: 1.63e+00
Sweep 18, chi=4, cutoff=1e-08
  Direction: left->right
  Direction: right->left
  Energy: -1.0582120969, Trunc err: 1.63e+00
Sweep 19, chi=4, cutoff=1e-08
  Direction: left->right
  Direction: right->left
  Energy: -1.0582491628, Trunc err: 1.63e+00
Sweep 20, chi=4, cutoff=1e-08
  Direction: left->right
  Direction: right->left
  Energy: -1.0582572416, Trunc err: 1.63e+00
Sweep 21, chi=4, cutoff=1e-08
  Direction: left->right
  Direction: right->left
  Energy: -1.0582591529, Trunc err: 1.63e+00
Sweep 22, chi=4, cutoff=1e-08
  Direction: left->right
  Direction: right->left
  Energy: -1.0582596414, Trunc err: 1.63e+00
Sweep 23, chi=4, cutoff=1e-08
  Direction: left->right
  Direction: right->left
  Energy: -1.0582597788, Trunc err: 1.63e+00
Sweep 24, chi=4, cutoff=1e-08
  Direction: left->right
  Direction: right->left
  Energy: -1.0582598247, Trunc err: 1.63e+00
Sweep 25, chi=4, cutoff=1e-08
  Direction: left->right
  Direction: right->left
  Energy: -1.0582598479, Trunc err: 1.63e+00
Sweep 26, chi=4, cutoff=1e-08
  Direction: left->right
  Direction: right->left
  Energy: -1.0582598713, Trunc err: 1.63e+00
Sweep 27, chi=4, cutoff=1e-08
  Direction: left->right
  Direction: right->left
  Energy: -1.0582599111, Trunc err: 1.63e+00
Sweep 28, chi=4, cutoff=1e-08
  Direction: left->right
  Direction: right->left
  Energy: -1.0582600397, Trunc err: 1.63e+00
Sweep 29, chi=4, cutoff=1e-08
  Direction: left->right
  Direction: right->left
  Energy: -1.0582601612, Trunc err: 1.63e+00
Sweep 30, chi=4, cutoff=1e-08
  Direction: left->right
  Direction: right->left
  Energy: -1.0582605416, Trunc err: 1.63e+00
Sweep 31, chi=4, cutoff=1e-08
  Direction: left->right
  Direction: right->left
  Energy: -1.0582613337, Trunc err: 1.63e+00
Sweep 32, chi=4, cutoff=1e-08
  Direction: left->right
  Direction: right->left
  Energy: -1.0582630283, Trunc err: 1.63e+00
Sweep 33, chi=4, cutoff=1e-08
  Direction: left->right
  Direction: right->left
  Energy: -1.0582665948, Trunc err: 1.63e+00
Sweep 34, chi=4, cutoff=1e-08
  Direction: left->right
  Direction: right->left
  Energy: -1.0582739039, Trunc err: 1.63e+00
Sweep 35, chi=4, cutoff=1e-08
  Direction: left->right
  Direction: right->left
  Energy: -1.0582880834, Trunc err: 1.63e+00
Sweep 36, chi=4, cutoff=1e-08
  Direction: left->right
  Direction: right->left
  Energy: -1.0583128340, Trunc err: 1.63e+00
Sweep 37, chi=4, cutoff=1e-08
  Direction: left->right
  Direction: right->left
  Energy: -1.0583487698, Trunc err: 1.63e+00
Sweep 38, chi=4, cutoff=1e-08
  Direction: left->right
  Direction: right->left
  Energy: -1.0583883993, Trunc err: 1.63e+00
Sweep 39, chi=4, cutoff=1e-08
  Direction: left->right
  Direction: right->left
  Energy: -1.0584196034, Trunc err: 1.63e+00
Sweep 40, chi=4, cutoff=1e-08
  Direction: left->right
  Direction: right->left
  Energy: -1.0584372075, Trunc err: 1.63e+00
Sweep 41, chi=4, cutoff=1e-08
  Direction: left->right
  Direction: right->left
  Energy: -1.0584448127, Trunc err: 1.63e+00
Sweep 42, chi=4, cutoff=1e-08
  Direction: left->right
  Direction: right->left
  Energy: -1.0584475708, Trunc err: 1.63e+00
Sweep 43, chi=4, cutoff=1e-08
  Direction: left->right
  Direction: right->left
  Energy: -1.0584484785, Trunc err: 1.63e+00
Sweep 44, chi=4, cutoff=1e-08
  Direction: left->right
  Direction: right->left
  Energy: -1.0584487647, Trunc err: 1.63e+00
Sweep 45, chi=4, cutoff=1e-08
  Direction: left->right
  Direction: right->left
  Energy: -1.0584488546, Trunc err: 1.63e+00
Sweep 46, chi=4, cutoff=1e-08
  Direction: left->right
  Direction: right->left
  Energy: -1.0584488838, Trunc err: 1.63e+00
Sweep 47, chi=4, cutoff=1e-08
  Direction: left->right
  Direction: right->left
  Energy: -1.0584488939, Trunc err: 1.63e+00
Sweep 48, chi=4, cutoff=1e-08
  Direction: left->right
  Direction: right->left
  Energy: -1.0584488977, Trunc err: 1.63e+00
Sweep 49, chi=4, cutoff=1e-08
  Direction: left->right
  Direction: right->left
  Energy: -1.0584488994, Trunc err: 1.63e+00
Sweep 50, chi=8, cutoff=1e-08
  Direction: left->right
  Direction: right->left
  Energy: -1.0866748043, Trunc err: 1.66e+00
Sweep 51, chi=8, cutoff=1e-08
  Direction: left->right
  Direction: right->left
  Energy: -1.0906917109, Trunc err: 1.72e+00
Sweep 52, chi=8, cutoff=1e-08
  Direction: left->right
  Direction: right->left
  Energy: -1.0908437196, Trunc err: 1.73e+00
Sweep 53, chi=8, cutoff=1e-08
  Direction: left->right
  Direction: right->left
  Energy: -1.0908667757, Trunc err: 1.73e+00
Sweep 54, chi=8, cutoff=1e-08
  Direction: left->right
  Direction: right->left
  Energy: -1.0908716983, Trunc err: 1.73e+00
Sweep 55, chi=8, cutoff=1e-08
  Direction: left->right
  Direction: right->left
  Energy: -1.0908727923, Trunc err: 1.73e+00
Sweep 56, chi=8, cutoff=1e-08
  Direction: left->right
  Direction: right->left
  Energy: -1.0908730437, Trunc err: 1.73e+00
Sweep 57, chi=8, cutoff=1e-08
  Direction: left->right
  Direction: right->left
  Energy: -1.0908731050, Trunc err: 1.73e+00
Sweep 58, chi=8, cutoff=1e-08
  Direction: left->right
  Direction: right->left
  Energy: -1.0908731205, Trunc err: 1.73e+00
Sweep 59, chi=8, cutoff=1e-08
  Direction: left->right
  Direction: right->left
  Energy: -1.0908731246, Trunc err: 1.73e+00
Sweep 60, chi=8, cutoff=1e-08
  Direction: left->right
  Direction: right->left
  Energy: -1.0908731256, Trunc err: 1.73e+00
Sweep 61, chi=8, cutoff=1e-08
  Direction: left->right
  Direction: right->left
  Energy: -1.0908731259, Trunc err: 1.73e+00
Sweep 62, chi=8, cutoff=1e-08
  Direction: left->right
  Direction: right->left
  Energy: -1.0908731260, Trunc err: 1.73e+00
Sweep 63, chi=8, cutoff=1e-08
  Direction: left->right
  Direction: right->left
  Energy: -1.0908731260, Trunc err: 1.73e+00
Sweep 64, chi=8, cutoff=1e-08
  Direction: left->right
  Direction: right->left
  Energy: -1.0908731260, Trunc err: 1.73e+00
Sweep 65, chi=8, cutoff=1e-08
  Direction: left->right
  Direction: right->left
  Energy: -1.0908731260, Trunc err: 1.73e+00
Sweep 66, chi=8, cutoff=1e-08
  Direction: left->right
  Direction: right->left
  Energy: -1.0908731260, Trunc err: 1.73e+00
Sweep 67, chi=8, cutoff=1e-08
  Direction: left->right
  Direction: right->left
  Energy: -1.0908731260, Trunc err: 1.73e+00
Sweep 68, chi=8, cutoff=1e-08
  Direction: left->right
  Direction: right->left
  Energy: -1.0908731260, Trunc err: 1.73e+00
Sweep 69, chi=8, cutoff=1e-08
  Direction: left->right
  Direction: right->left
  Energy: -1.0908731260, Trunc err: 1.73e+00
Sweep 70, chi=8, cutoff=1e-08
  Direction: left->right
  Direction: right->left
  Energy: -1.0908731260, Trunc err: 1.73e+00
Sweep 71, chi=8, cutoff=1e-08
  Direction: left->right
  Direction: right->left
  Energy: -1.0908731260, Trunc err: 1.73e+00
Sweep 72, chi=8, cutoff=1e-08
  Direction: left->right
  Direction: right->left
  Energy: -1.0908731260, Trunc err: 1.73e+00
Sweep 73, chi=8, cutoff=1e-08
  Direction: left->right
  Direction: right->left
  Energy: -1.0908731260, Trunc err: 1.73e+00
Sweep 74, chi=8, cutoff=1e-08
  Direction: left->right
  Direction: right->left
  Energy: -1.0908731260, Trunc err: 1.73e+00
Sweep 75, chi=8, cutoff=1e-08
  Direction: left->right
  Direction: right->left
  Energy: -1.0908731260, Trunc err: 1.73e+00
Sweep 76, chi=8, cutoff=1e-08
  Direction: left->right
  Direction: right->left
  Energy: -1.0908731260, Trunc err: 1.73e+00
Sweep 77, chi=8, cutoff=1e-08
  Direction: left->right
  Direction: right->left
  Energy: -1.0908731260, Trunc err: 1.73e+00
Sweep 78, chi=8, cutoff=1e-08
  Direction: left->right
  Direction: right->left
  Energy: -1.0908731260, Trunc err: 1.73e+00
Sweep 79, chi=8, cutoff=1e-08
  Direction: left->right
  Direction: right->left
  Energy: -1.0908731260, Trunc err: 1.73e+00
Sweep 80, chi=8, cutoff=1e-08
  Direction: left->right
  Direction: right->left
  Energy: -1.0908731260, Trunc err: 1.73e+00
Sweep 81, chi=8, cutoff=1e-08
  Direction: left->right
  Direction: right->left
  Energy: -1.0908731260, Trunc err: 1.73e+00
Sweep 82, chi=8, cutoff=1e-08
  Direction: left->right
  Direction: right->left
  Energy: -1.0908731260, Trunc err: 1.73e+00
Sweep 83, chi=8, cutoff=1e-08
  Direction: left->right
  Direction: right->left
  Energy: -1.0908731260, Trunc err: 1.73e+00
Sweep 84, chi=8, cutoff=1e-08
  Direction: left->right
  Direction: right->left
  Energy: -1.0908731260, Trunc err: 1.73e+00
Sweep 85, chi=8, cutoff=1e-08
  Direction: left->right
  Direction: right->left
  Energy: -1.0908731260, Trunc err: 1.73e+00
Sweep 86, chi=8, cutoff=1e-08
  Direction: left->right
  Direction: right->left
  Energy: -1.0908731260, Trunc err: 1.73e+00
Sweep 87, chi=8, cutoff=1e-08
  Direction: left->right
  Direction: right->left
  Energy: -1.0908731260, Trunc err: 1.73e+00
Sweep 88, chi=8, cutoff=1e-08
  Direction: left->right
  Direction: right->left
  Energy: -1.0908731260, Trunc err: 1.73e+00
Sweep 89, chi=8, cutoff=1e-08
  Direction: left->right
  Direction: right->left
  Energy: -1.0908731260, Trunc err: 1.73e+00
Sweep 90, chi=8, cutoff=1e-08
  Direction: left->right
  Direction: right->left
  Energy: -1.0908731260, Trunc err: 1.73e+00
Sweep 91, chi=8, cutoff=1e-08
  Direction: left->right
  Direction: right->left
  Energy: -1.0908731260, Trunc err: 1.73e+00
Sweep 92, chi=8, cutoff=1e-08
  Direction: left->right
  Direction: right->left
  Energy: -1.0908731260, Trunc err: 1.73e+00
Sweep 93, chi=8, cutoff=1e-08
  Direction: left->right
  Direction: right->left
  Energy: -1.0908731260, Trunc err: 1.73e+00
Sweep 94, chi=8, cutoff=1e-08
  Direction: left->right
  Direction: right->left
  Energy: -1.0908731260, Trunc err: 1.73e+00
Sweep 95, chi=8, cutoff=1e-08
  Direction: left->right
  Direction: right->left
  Energy: -1.0908731260, Trunc err: 1.73e+00
Sweep 96, chi=8, cutoff=1e-08
  Direction: left->right
  Direction: right->left
  Energy: -1.0908731260, Trunc err: 1.73e+00
Sweep 97, chi=8, cutoff=1e-08
  Direction: left->right
  Direction: right->left
  Energy: -1.0908731260, Trunc err: 1.73e+00
Sweep 98, chi=8, cutoff=1e-08
  Direction: left->right
  Direction: right->left
  Energy: -1.0908731260, Trunc err: 1.73e+00
Sweep 99, chi=8, cutoff=1e-08
  Direction: left->right
  Direction: right->left
  Energy: -1.0908731260, Trunc err: 1.73e+00
Sweep 100, chi=16, cutoff=1e-08
  Direction: left->right
  Direction: right->left
  Energy: -1.1147536294, Trunc err: 1.78e+00
Sweep 101, chi=16, cutoff=1e-08
  Direction: left->right
  Direction: right->left
  Energy: -1.1162222103, Trunc err: 1.83e+00
Sweep 102, chi=16, cutoff=1e-08
  Direction: left->right
  Direction: right->left
  Energy: -1.1163529594, Trunc err: 1.84e+00
Sweep 103, chi=16, cutoff=1e-08
  Direction: left->right
  Direction: right->left
  Energy: -1.1163752472, Trunc err: 1.85e+00
Sweep 104, chi=16, cutoff=1e-08
  Direction: left->right
  Direction: right->left
  Energy: -1.1163785201, Trunc err: 1.85e+00
Sweep 105, chi=16, cutoff=1e-08
  Direction: left->right
  Direction: right->left
  Energy: -1.1163791114, Trunc err: 1.85e+00
Sweep 106, chi=16, cutoff=1e-08
  Direction: left->right
  Direction: right->left
  Energy: -1.1163786569, Trunc err: 1.85e+00
Sweep 107, chi=16, cutoff=1e-08
  Direction: left->right
  Direction: right->left
  Energy: -1.1163772638, Trunc err: 1.85e+00
Sweep 108, chi=16, cutoff=1e-08
  Direction: left->right
  Direction: right->left
  Energy: -1.1163757997, Trunc err: 1.85e+00
Sweep 109, chi=16, cutoff=1e-08
  Direction: left->right
  Direction: right->left
  Energy: -1.1163750914, Trunc err: 1.85e+00
Sweep 110, chi=16, cutoff=1e-08
  Direction: left->right
  Direction: right->left
  Energy: -1.1163749013, Trunc err: 1.85e+00
Sweep 111, chi=16, cutoff=1e-08
  Direction: left->right
  Direction: right->left
  Energy: -1.1163749085, Trunc err: 1.85e+00
Sweep 112, chi=16, cutoff=1e-08
  Direction: left->right
  Direction: right->left
  Energy: -1.1163749973, Trunc err: 1.85e+00
Sweep 113, chi=16, cutoff=1e-08
  Direction: left->right
  Direction: right->left
  Energy: -1.1163751518, Trunc err: 1.85e+00
Sweep 114, chi=16, cutoff=1e-08
  Direction: left->right
  Direction: right->left
  Energy: -1.1163754041, Trunc err: 1.85e+00
Sweep 115, chi=16, cutoff=1e-08
  Direction: left->right
  Direction: right->left
  Energy: -1.1163758213, Trunc err: 1.85e+00
Sweep 116, chi=16, cutoff=1e-08
  Direction: left->right
  Direction: right->left
  Energy: -1.1163764463, Trunc err: 1.85e+00
Sweep 117, chi=16, cutoff=1e-08
  Direction: left->right
  Direction: right->left
  Energy: -1.1163771351, Trunc err: 1.85e+00
Sweep 118, chi=16, cutoff=1e-08
  Direction: left->right
  Direction: right->left
  Energy: -1.1163776173, Trunc err: 1.85e+00
Sweep 119, chi=16, cutoff=1e-08
  Direction: left->right
  Direction: right->left
  Energy: -1.1163778435, Trunc err: 1.85e+00
Sweep 120, chi=32, cutoff=1e-08
  Direction: left->right
  Direction: right->left
  Energy: -1.1187417844, Trunc err: 1.87e+00
Sweep 121, chi=32, cutoff=1e-08
  Direction: left->right
  Direction: right->left
  Energy: -1.1188193860, Trunc err: 1.89e+00
Sweep 122, chi=32, cutoff=1e-08
  Direction: left->right
  Direction: right->left
  Energy: -1.1188277094, Trunc err: 1.89e+00
Sweep 123, chi=32, cutoff=1e-08
  Direction: left->right
  Direction: right->left
  Energy: -1.1188291078, Trunc err: 1.89e+00
Sweep 124, chi=32, cutoff=1e-08
  Direction: left->right
  Direction: right->left
  Energy: -1.1188294936, Trunc err: 1.89e+00
Sweep 125, chi=32, cutoff=1e-08
  Direction: left->right
  Direction: right->left
  Energy: -1.1188310186, Trunc err: 1.89e+00
Sweep 126, chi=32, cutoff=1e-08
  Direction: left->right
  Direction: right->left
  Energy: -1.1188366140, Trunc err: 1.89e+00
Sweep 127, chi=32, cutoff=1e-08
  Direction: left->right
  Direction: right->left
  Energy: -1.1188501733, Trunc err: 1.89e+00
Sweep 128, chi=32, cutoff=1e-08
  Direction: left->right
  Direction: right->left
  Energy: -1.1188651320, Trunc err: 1.90e+00
Sweep 129, chi=32, cutoff=1e-08
  Direction: left->right
  Direction: right->left
  Energy: -1.1188666034, Trunc err: 1.90e+00
