           1.819e+00            7.260e-02            3.992e-02             3.23e-03
           1.819e+00            3.241e-02            1.782e-02             4.68e-03
           1.819e+00            1.714e-02            9.423e-03             5.10e-03
           1.819e+00            9.306e-03            5.117e-03             6.65e-03
           1.819e+00            2.881e-03            1.584e-03             7.80e-03
           1.819e+00            1.515e-03            8.331e-04             9.82e-03
           1.819e+00            1.149e-03            6.316e-04             1.12e-02
           1.819e+00            2.196e-04            1.208e-04             1.33e-02
           1.819e+00            1.833e-04            1.008e-04             1.50e-02
           1.819e+00            1.248e-04            6.863e-05             1.80e-02
           1.819e+00            8.015e-05            4.407e-05             1.86e-02
           1.819e+00            3.415e-05            1.878e-05             2.30e-02
           1.819e+00            2.785e-05            1.531e-05             2.89e-02
           1.819e+00            1.096e-05            6.025e-06             3.44e-02
           1.819e+00            6.047e-06            3.325e-06             4.36e-02
           1.819e+00            2.340e-06            1.287e-06             5.69e-02
           1.819e+00            1.225e-06            6.738e-07             4.79e-02
           1.819e+00            7.817e-07            4.298e-07             5.59e-02
           1.819e+00            3.872e-07            2.129e-07             6.03e-02
           1.819e+00            2.165e-07            1.190e-07             6.70e-02
           1.819e+00            1.272e-07            6.996e-08             7.06e-02
           1.819e+00            7.791e-08            4.284e-08             8.46e-02
           1.819e+00            4.312e-08            2.371e-08             9.50e-02
           1.819e+00            2.818e-08            1.550e-08             1.28e-01
           1.819e+00            1.954e-08            1.074e-08             1.99e-01
           1.819e+00            1.319e-08            7.255e-09             1.79e-01
           1.819e+00            4.920e-02            2.705e-02             1.51e-03
           1.819e+00            3.183e-02            1.750e-02             5.09e-03
           1.819e+00            1.734e-02            9.536e-03             6.06e-03
           1.819e+00            9.205e-03            5.061e-03             7.63e-03
           1.819e+00            3.188e-03            1.753e-03             9.33e-03
           1.819e+00            2.232e-03            1.227e-03             1.17e-02
           1.819e+00            8.104e-04            4.456e-04             1.40e-02
           1.819e+00            6.642e-04            3.652e-04             1.52e-02
           1.819e+00            2.327e-04            1.280e-04             1.66e-02
           1.819e+00            1.164e-04            6.399e-05             1.98e-02
           1.819e+00            8.588e-05            4.722e-05             2.57e-02
           1.819e+00            3.866e-05            2.126e-05             2.42e-02
           1.819e+00            1.645e-05            9.046e-06             2.72e-02
           1.819e+00            1.113e-05            6.122e-06             2.99e-02
           1.819e+00            6.057e-06            3.330e-06             3.51e-02
           1.819e+00            3.253e-06            1.789e-06             5.27e-02
           1.819e+00            1.086e-06            5.972e-07             5.09e-02
           1.819e+00            6.724e-07            3.697e-07             5.31e-02
           1.819e+00            4.157e-07            2.286e-07             6.02e-02
           1.819e+00            2.466e-07            1.356e-07             6.27e-02
           1.819e+00            1.551e-07            8.531e-08             7.40e-02
           1.819e+00            7.748e-08            4.260e-08             8.70e-02
           1.819e+00            7.082e-08            3.894e-08             8.32e-02
           1.819e+00            3.006e-08            1.653e-08             8.57e-02
           1.819e+00            1.974e-08            1.086e-08             1.78e-01
           1.819e+00            9.097e-09            5.002e-09             4.21e-01
xmax = 20
xshift = -20
dx = 0.6349206349206349
len of Hint: 18
len of H: 18
Sweep 0, chi=2, cutoff=1e-08
  Direction: left->right
  Direction: right->left
  Energy: -0.1992930980, Trunc err: 1.02e+00
Sweep 1, chi=2, cutoff=1e-08
  Direction: left->right
  Direction: right->left
  Energy: -0.1999998190, Trunc err: 1.03e+00
Sweep 2, chi=2, cutoff=1e-08
  Direction: left->right
  Direction: right->left
  Energy: -0.2013451777, Trunc err: 1.03e+00
Sweep 3, chi=2, cutoff=1e-08
  Direction: left->right
  Direction: right->left
  Energy: -0.1991740714, Trunc err: 1.03e+00
Sweep 4, chi=2, cutoff=1e-08
  Direction: left->right
  Direction: right->left
  Energy: -0.1992172108, Trunc err: 1.03e+00
Sweep 5, chi=2, cutoff=1e-08
  Direction: left->right
  Direction: right->left
  Energy: -0.2007045893, Trunc err: 1.03e+00
Sweep 6, chi=2, cutoff=1e-08
  Direction: left->right
  Direction: right->left
  Energy: -0.1993468697, Trunc err: 1.03e+00
Sweep 7, chi=2, cutoff=1e-08
  Direction: left->right
  Direction: right->left
  Energy: -0.2007255454, Trunc err: 1.03e+00
Sweep 8, chi=2, cutoff=1e-08
  Direction: left->right
  Direction: right->left
  Energy: -0.1985598972, Trunc err: 1.03e+00
Sweep 9, chi=2, cutoff=1e-08
  Direction: left->right
  Direction: right->left
  Energy: -0.2004321621, Trunc err: 1.03e+00
Sweep 10, chi=4, cutoff=1e-08
  Direction: left->right
  Direction: right->left
  Energy: -0.3289768843, Trunc err: 1.15e+00
Sweep 11, chi=4, cutoff=1e-08
  Direction: left->right
  Direction: right->left
  Energy: -0.5241090289, Trunc err: 1.33e+00
Sweep 12, chi=4, cutoff=1e-08
  Direction: left->right
  Direction: right->left
  Energy: -0.8200752157, Trunc err: 1.47e+00
Sweep 13, chi=4, cutoff=1e-08
  Direction: left->right
  Direction: right->left
  Energy: -0.9942005531, Trunc err: 1.57e+00
Sweep 14, chi=4, cutoff=1e-08
  Direction: left->right
  Direction: right->left
  Energy: -1.0565105077, Trunc err: 1.62e+00
Sweep 15, chi=4, cutoff=1e-08
  Direction: left->right
  Direction: right->left
  Energy: -1.0745771882, Trunc err: 1.64e+00
Sweep 16, chi=4, cutoff=1e-08
  Direction: left->right
  Direction: right->left
  Energy: -1.0791799616, Trunc err: 1.65e+00
Sweep 17, chi=4, cutoff=1e-08
  Direction: left->right
  Direction: right->left
  Energy: -1.0802494707, Trunc err: 1.65e+00
Sweep 18, chi=4, cutoff=1e-08
  Direction: left->right
  Direction: right->left
  Energy: -1.0804975809, Trunc err: 1.65e+00
Sweep 19, chi=4, cutoff=1e-08
  Direction: left->right
  Direction: right->left
  Energy: -1.0805580046, Trunc err: 1.65e+00
Sweep 20, chi=4, cutoff=1e-08
  Direction: left->right
  Direction: right->left
  Energy: -1.0805690742, Trunc err: 1.65e+00
Sweep 21, chi=4, cutoff=1e-08
  Direction: left->right
  Direction: right->left
  Energy: -1.0805708959, Trunc err: 1.65e+00
Sweep 22, chi=4, cutoff=1e-08
  Direction: left->right
  Direction: right->left
  Energy: -1.0805717324, Trunc err: 1.65e+00
Sweep 23, chi=4, cutoff=1e-08
  Direction: left->right
  Direction: right->left
  Energy: -1.0805720401, Trunc err: 1.65e+00
Sweep 24, chi=4, cutoff=1e-08
  Direction: left->right
  Direction: right->left
  Energy: -1.0805721216, Trunc err: 1.65e+00
Sweep 25, chi=4, cutoff=1e-08
  Direction: left->right
  Direction: right->left
  Energy: -1.0805721378, Trunc err: 1.65e+00
Sweep 26, chi=4, cutoff=1e-08
  Direction: left->right
  Direction: right->left
  Energy: -1.0805721394, Trunc err: 1.65e+00
Sweep 27, chi=4, cutoff=1e-08
  Direction: left->right
  Direction: right->left
  Energy: -1.0805721389, Trunc err: 1.65e+00
Sweep 28, chi=4, cutoff=1e-08
  Direction: left->right
  Direction: right->left
  Energy: -1.0805721387, Trunc err: 1.65e+00
Sweep 29, chi=4, cutoff=1e-08
  Direction: left->right
  Direction: right->left
  Energy: -1.0805721390, Trunc err: 1.65e+00
Sweep 30, chi=4, cutoff=1e-08
  Direction: left->right
  Direction: right->left
  Energy: -1.0805721395, Trunc err: 1.65e+00
Sweep 31, chi=4, cutoff=1e-08
  Direction: left->right
  Direction: right->left
  Energy: -1.0805721400, Trunc err: 1.65e+00
Sweep 32, chi=4, cutoff=1e-08
  Direction: left->right
  Direction: right->left
  Energy: -1.0805721404, Trunc err: 1.65e+00
Sweep 33, chi=4, cutoff=1e-08
  Direction: left->right
  Direction: right->left
  Energy: -1.0805721407, Trunc err: 1.65e+00
Sweep 34, chi=4, cutoff=1e-08
  Direction: left->right
  Direction: right->left
  Energy: -1.0805721409, Trunc err: 1.65e+00
Sweep 35, chi=4, cutoff=1e-08
  Direction: left->right
  Direction: right->left
  Energy: -1.0805721411, Trunc err: 1.65e+00
Sweep 36, chi=4, cutoff=1e-08
  Direction: left->right
  Direction: right->left
  Energy: -1.0805721412, Trunc err: 1.65e+00
Sweep 37, chi=4, cutoff=1e-08
  Direction: left->right
  Direction: right->left
  Energy: -1.0805721412, Trunc err: 1.65e+00
Sweep 38, chi=4, cutoff=1e-08
  Direction: left->right
  Direction: right->left
  Energy: -1.0805721413, Trunc err: 1.65e+00
Sweep 39, chi=4, cutoff=1e-08
  Direction: left->right
  Direction: right->left
  Energy: -1.0805721413, Trunc err: 1.65e+00
Sweep 40, chi=4, cutoff=1e-08
  Direction: left->right
  Direction: right->left
  Energy: -1.0805721413, Trunc err: 1.65e+00
Sweep 41, chi=4, cutoff=1e-08
  Direction: left->right
  Direction: right->left
  Energy: -1.0805721414, Trunc err: 1.65e+00
Sweep 42, chi=4, cutoff=1e-08
  Direction: left->right
  Direction: right->left
  Energy: -1.0805721414, Trunc err: 1.65e+00
Sweep 43, chi=4, cutoff=1e-08
  Direction: left->right
  Direction: right->left
  Energy: -1.0805721414, Trunc err: 1.65e+00
Sweep 44, chi=4, cutoff=1e-08
  Direction: left->right
  Direction: right->left
  Energy: -1.0805721414, Trunc err: 1.65e+00
Sweep 45, chi=4, cutoff=1e-08
  Direction: left->right
  Direction: right->left
  Energy: -1.0805721414, Trunc err: 1.65e+00
Sweep 46, chi=4, cutoff=1e-08
  Direction: left->right
  Direction: right->left
  Energy: -1.0805721414, Trunc err: 1.65e+00
Sweep 47, chi=4, cutoff=1e-08
  Direction: left->right
  Direction: right->left
  Energy: -1.0805721414, Trunc err: 1.65e+00
Sweep 48, chi=4, cutoff=1e-08
  Direction: left->right
  Direction: right->left
  Energy: -1.0805721414, Trunc err: 1.65e+00
Sweep 49, chi=4, cutoff=1e-08
  Direction: left->right
  Direction: right->left
  Energy: -1.0805721414, Trunc err: 1.65e+00
Sweep 50, chi=8, cutoff=1e-08
  Direction: left->right
  Direction: right->left
  Energy: -1.1148137227, Trunc err: 1.68e+00
Sweep 51, chi=8, cutoff=1e-08
  Direction: left->right
  Direction: right->left
  Energy: -1.1198412683, Trunc err: 1.74e+00
Sweep 52, chi=8, cutoff=1e-08
  Direction: left->right
  Direction: right->left
  Energy: -1.1199581289, Trunc err: 1.75e+00
Sweep 53, chi=8, cutoff=1e-08
  Direction: left->right
  Direction: right->left
  Energy: -1.1199690175, Trunc err: 1.75e+00
Sweep 54, chi=8, cutoff=1e-08
  Direction: left->right
  Direction: right->left
  Energy: -1.1199705429, Trunc err: 1.75e+00
Sweep 55, chi=8, cutoff=1e-08
  Direction: left->right
  Direction: right->left
  Energy: -1.1199707781, Trunc err: 1.75e+00
Sweep 56, chi=8, cutoff=1e-08
  Direction: left->right
  Direction: right->left
  Energy: -1.1199708182, Trunc err: 1.75e+00
Sweep 57, chi=8, cutoff=1e-08
  Direction: left->right
  Direction: right->left
  Energy: -1.1199708260, Trunc err: 1.75e+00
Sweep 58, chi=8, cutoff=1e-08
  Direction: left->right
  Direction: right->left
  Energy: -1.1199708275, Trunc err: 1.75e+00
Sweep 59, chi=8, cutoff=1e-08
  Direction: left->right
  Direction: right->left
  Energy: -1.1199708279, Trunc err: 1.75e+00
Sweep 60, chi=8, cutoff=1e-08
  Direction: left->right
  Direction: right->left
  Energy: -1.1199708279, Trunc err: 1.75e+00
Sweep 61, chi=8, cutoff=1e-08
  Direction: left->right
  Direction: right->left
  Energy: -1.1199708279, Trunc err: 1.75e+00
Sweep 62, chi=8, cutoff=1e-08
  Direction: left->right
  Direction: right->left
  Energy: -1.1199708279, Trunc err: 1.75e+00
Sweep 63, chi=8, cutoff=1e-08
  Direction: left->right
  Direction: right->left
  Energy: -1.1199708279, Trunc err: 1.75e+00
Sweep 64, chi=8, cutoff=1e-08
  Direction: left->right
  Direction: right->left
  Energy: -1.1199708279, Trunc err: 1.75e+00
Sweep 65, chi=8, cutoff=1e-08
  Direction: left->right
  Direction: right->left
  Energy: -1.1199708279, Trunc err: 1.75e+00
Sweep 66, chi=8, cutoff=1e-08
  Direction: left->right
  Direction: right->left
  Energy: -1.1199708279, Trunc err: 1.75e+00
Sweep 67, chi=8, cutoff=1e-08
  Direction: left->right
  Direction: right->left
  Energy: -1.1199708279, Trunc err: 1.75e+00
Sweep 68, chi=8, cutoff=1e-08
  Direction: left->right
  Direction: right->left
  Energy: -1.1199708279, Trunc err: 1.75e+00
Sweep 69, chi=8, cutoff=1e-08
  Direction: left->right
  Direction: right->left
  Energy: -1.1199708279, Trunc err: 1.75e+00
Sweep 70, chi=8, cutoff=1e-08
  Direction: left->right
  Direction: right->left
  Energy: -1.1199708279, Trunc err: 1.75e+00
Sweep 71, chi=8, cutoff=1e-08
  Direction: left->right
  Direction: right->left
  Energy: -1.1199708279, Trunc err: 1.75e+00
Sweep 72, chi=8, cutoff=1e-08
  Direction: left->right
  Direction: right->left
  Energy: -1.1199708279, Trunc err: 1.75e+00
Sweep 73, chi=8, cutoff=1e-08
  Direction: left->right
  Direction: right->left
  Energy: -1.1199708279, Trunc err: 1.75e+00
Sweep 74, chi=8, cutoff=1e-08
  Direction: left->right
  Direction: right->left
  Energy: -1.1199708279, Trunc err: 1.75e+00
Sweep 75, chi=8, cutoff=1e-08
  Direction: left->right
  Direction: right->left
  Energy: -1.1199708279, Trunc err: 1.75e+00
Sweep 76, chi=8, cutoff=1e-08
  Direction: left->right
  Direction: right->left
  Energy: -1.1199708279, Trunc err: 1.75e+00
Sweep 77, chi=8, cutoff=1e-08
  Direction: left->right
  Direction: right->left
  Energy: -1.1199708279, Trunc err: 1.75e+00
Sweep 78, chi=8, cutoff=1e-08
  Direction: left->right
  Direction: right->left
  Energy: -1.1199708279, Trunc err: 1.75e+00
Sweep 79, chi=8, cutoff=1e-08
  Direction: left->right
  Direction: right->left
  Energy: -1.1199708279, Trunc err: 1.75e+00
Sweep 80, chi=8, cutoff=1e-08
  Direction: left->right
  Direction: right->left
  Energy: -1.1199708279, Trunc err: 1.75e+00
Sweep 81, chi=8, cutoff=1e-08
  Direction: left->right
  Direction: right->left
  Energy: -1.1199708279, Trunc err: 1.75e+00
Sweep 82, chi=8, cutoff=1e-08
  Direction: left->right
  Direction: right->left
  Energy: -1.1199708279, Trunc err: 1.75e+00
Sweep 83, chi=8, cutoff=1e-08
  Direction: left->right
  Direction: right->left
  Energy: -1.1199708279, Trunc err: 1.75e+00
Sweep 84, chi=8, cutoff=1e-08
  Direction: left->right
  Direction: right->left
  Energy: -1.1199708279, Trunc err: 1.75e+00
Sweep 85, chi=8, cutoff=1e-08
  Direction: left->right
  Direction: right->left
  Energy: -1.1199708279, Trunc err: 1.75e+00
Sweep 86, chi=8, cutoff=1e-08
  Direction: left->right
  Direction: right->left
  Energy: -1.1199708279, Trunc err: 1.75e+00
Sweep 87, chi=8, cutoff=1e-08
  Direction: left->right
  Direction: right->left
  Energy: -1.1199708279, Trunc err: 1.75e+00
Sweep 88, chi=8, cutoff=1e-08
  Direction: left->right
  Direction: right->left
  Energy: -1.1199708279, Trunc err: 1.75e+00
Sweep 89, chi=8, cutoff=1e-08
  Direction: left->right
  Direction: right->left
  Energy: -1.1199708279, Trunc err: 1.75e+00
Sweep 90, chi=8, cutoff=1e-08
  Direction: left->right
  Direction: right->left
  Energy: -1.1199708279, Trunc err: 1.75e+00
Sweep 91, chi=8, cutoff=1e-08
  Direction: left->right
  Direction: right->left
  Energy: -1.1199708279, Trunc err: 1.75e+00
Sweep 92, chi=8, cutoff=1e-08
  Direction: left->right
  Direction: right->left
  Energy: -1.1199708279, Trunc err: 1.75e+00
Sweep 93, chi=8, cutoff=1e-08
  Direction: left->right
  Direction: right->left
  Energy: -1.1199708279, Trunc err: 1.75e+00
Sweep 94, chi=8, cutoff=1e-08
  Direction: left->right
  Direction: right->left
  Energy: -1.1199708279, Trunc err: 1.75e+00
Sweep 95, chi=8, cutoff=1e-08
  Direction: left->right
  Direction: right->left
  Energy: -1.1199708279, Trunc err: 1.75e+00
Sweep 96, chi=8, cutoff=1e-08
  Direction: left->right
  Direction: right->left
  Energy: -1.1199708279, Trunc err: 1.75e+00
Sweep 97, chi=8, cutoff=1e-08
  Direction: left->right
  Direction: right->left
  Energy: -1.1199708279, Trunc err: 1.75e+00
Sweep 98, chi=8, cutoff=1e-08
  Direction: left->right
  Direction: right->left
  Energy: -1.1199708279, Trunc err: 1.75e+00
Sweep 99, chi=8, cutoff=1e-08
  Direction: left->right
  Direction: right->left
  Energy: -1.1199708279, Trunc err: 1.75e+00
Sweep 100, chi=16, cutoff=1e-08
  Direction: left->right
  Direction: right->left
  Energy: -1.1420507922, Trunc err: 1.80e+00
Sweep 101, chi=16, cutoff=1e-08
  Direction: left->right
  Direction: right->left
  Energy: -1.1438785802, Trunc err: 1.85e+00
Sweep 102, chi=16, cutoff=1e-08
  Direction: left->right
  Direction: right->left
  Energy: -1.1440074542, Trunc err: 1.86e+00
Sweep 103, chi=16, cutoff=1e-08
  Direction: left->right
  Direction: right->left
  Energy: -1.1440302461, Trunc err: 1.86e+00
Sweep 104, chi=16, cutoff=1e-08
  Direction: left->right
  Direction: right->left
  Energy: -1.1440563704, Trunc err: 1.86e+00
Sweep 105, chi=16, cutoff=1e-08
  Direction: left->right
  Direction: right->left
  Energy: -1.1440985561, Trunc err: 1.86e+00
Sweep 106, chi=16, cutoff=1e-08
  Direction: left->right
  Direction: right->left
  Energy: -1.1441304644, Trunc err: 1.86e+00
Sweep 107, chi=16, cutoff=1e-08
  Direction: left->right
  Direction: right->left
  Energy: -1.1441514313, Trunc err: 1.86e+00
Sweep 108, chi=16, cutoff=1e-08
  Direction: left->right
  Direction: right->left
  Energy: -1.1441613815, Trunc err: 1.87e+00
Sweep 109, chi=16, cutoff=1e-08
  Direction: left->right
  Direction: right->left
  Energy: -1.1441648398, Trunc err: 1.87e+00
Sweep 110, chi=16, cutoff=1e-08
  Direction: left->right
  Direction: right->left
  Energy: -1.1441657607, Trunc err: 1.87e+00
Sweep 111, chi=16, cutoff=1e-08
  Direction: left->right
  Direction: right->left
  Energy: -1.1441659506, Trunc err: 1.87e+00
Sweep 112, chi=16, cutoff=1e-08
  Direction: left->right
  Direction: right->left
  Energy: -1.1441659706, Trunc err: 1.87e+00
Sweep 113, chi=16, cutoff=1e-08
  Direction: left->right
  Direction: right->left
  Energy: -1.1441659584, Trunc err: 1.87e+00
Sweep 114, chi=16, cutoff=1e-08
  Direction: left->right
  Direction: right->left
  Energy: -1.1441659444, Trunc err: 1.87e+00
Sweep 115, chi=16, cutoff=1e-08
  Direction: left->right
  Direction: right->left
  Energy: -1.1441659340, Trunc err: 1.87e+00
Sweep 116, chi=16, cutoff=1e-08
  Direction: left->right
  Direction: right->left
  Energy: -1.1441659272, Trunc err: 1.87e+00
Sweep 117, chi=16, cutoff=1e-08
  Direction: left->right
  Direction: right->left
  Energy: -1.1441659231, Trunc err: 1.87e+00
Sweep 118, chi=16, cutoff=1e-08
  Direction: left->right
  Direction: right->left
  Energy: -1.1441659206, Trunc err: 1.87e+00
Sweep 119, chi=16, cutoff=1e-08
  Direction: left->right
  Direction: right->left
  Energy: -1.1441659192, Trunc err: 1.87e+00
Sweep 120, chi=32, cutoff=1e-08
  Direction: left->right
  Direction: right->left
  Energy: -1.1470730505, Trunc err: 1.89e+00
Sweep 121, chi=32, cutoff=1e-08
  Direction: left->right
  Direction: right->left
  Energy: -1.1471781198, Trunc err: 1.91e+00
Sweep 122, chi=32, cutoff=1e-08
  Direction: left->right
  Direction: right->left
  Energy: -1.1471965838, Trunc err: 1.92e+00
Sweep 123, chi=32, cutoff=1e-08
  Direction: left->right
  Direction: right->left
  Energy: -1.1472014013, Trunc err: 1.92e+00
Sweep 124, chi=32, cutoff=1e-08
  Direction: left->right
  Direction: right->left
  Energy: -1.1472028693, Trunc err: 1.92e+00
Sweep 125, chi=32, cutoff=1e-08
  Direction: left->right
  Direction: right->left
  Energy: -1.1472035287, Trunc err: 1.92e+00
Sweep 126, chi=32, cutoff=1e-08
  Direction: left->right
  Direction: right->left
  Energy: -1.1472038184, Trunc err: 1.92e+00
Sweep 127, chi=32, cutoff=1e-08
  Direction: left->right
  Direction: right->left
  Energy: -1.1472038957, Trunc err: 1.92e+00
Sweep 128, chi=32, cutoff=1e-08
  Direction: left->right
  Direction: right->left
  Energy: -1.1472038484, Trunc err: 1.92e+00
Sweep 129, chi=32, cutoff=1e-08
  Direction: left->right
  Direction: right->left
  Energy: -1.1472037247, Trunc err: 1.92e+00
