           7.332e+00            1.690e-01            2.305e-02             3.87e-03
           7.332e+00            9.342e-02            1.274e-02             2.51e-02
           7.332e+00            6.512e-02            8.881e-03             3.75e-02
           7.332e+00            3.302e-02            4.503e-03             4.28e-02
           7.332e+00            2.102e-02            2.866e-03             6.42e-02
           7.332e+00            1.444e-02            1.969e-03             7.22e-02
           7.332e+00            6.060e-03            8.264e-04             7.17e-02
           7.332e+00            2.931e-03            3.997e-04             1.07e-01
           7.332e+00            1.388e-03            1.893e-04             1.65e-01
           7.332e+00            7.642e-04            1.042e-04             1.90e-01
           7.332e+00            4.790e-04            6.533e-05             2.43e-01
           7.332e+00            2.661e-04            3.629e-05             2.52e-01
           7.332e+00            1.818e-04            2.480e-05             3.14e-01
           7.332e+00            9.487e-05            1.294e-05             4.88e-01
           7.332e+00            4.573e-05            6.237e-06             4.10e-01
           7.332e+00            3.177e-05            4.332e-06             2.37e-01
           7.332e+00            1.932e-05            2.634e-06             1.76e-01
           7.332e+00            8.669e-06            1.182e-06             1.92e-01
           7.332e+00            7.500e-06            1.023e-06             2.67e-01
           7.332e+00            5.034e-06            6.866e-07             2.88e-01
           7.332e+00            2.133e-06            2.908e-07             3.60e-01
           7.332e+00            1.673e-06            2.282e-07             3.78e-01
           7.332e+00            9.616e-07            1.311e-07             2.32e-01
           7.332e+00            5.950e-07            8.115e-08             3.35e-01
           7.332e+00            4.831e-07            6.589e-08             3.68e-01
           7.332e+00            3.624e-07            4.942e-08             7.41e-01
           7.332e+00            2.261e-07            3.083e-08             8.01e-01
           7.332e+00            1.607e-07            2.192e-08             9.44e-01
           7.332e+00            7.670e-08            1.046e-08             7.77e-01
           7.332e+00            4.441e-08            6.057e-09             1.66e+00
           7.332e+00            2.914e-01            3.974e-02             3.96e-03
           7.332e+00            1.084e-01            1.479e-02             3.60e-02
           7.332e+00            5.578e-02            7.607e-03             3.32e-02
           7.332e+00            3.658e-02            4.988e-03             4.78e-02
           7.332e+00            1.802e-02            2.458e-03             5.52e-02
           7.332e+00            1.238e-02            1.689e-03             7.26e-02
           7.332e+00            6.830e-03            9.315e-04             7.70e-02
           7.332e+00            3.743e-03            5.104e-04             1.11e-01
           7.332e+00            1.337e-03            1.824e-04             1.03e-01
           7.332e+00            8.983e-04            1.225e-04             1.54e-01
           7.332e+00            5.492e-04            7.491e-05             1.42e-01
           7.332e+00            2.628e-04            3.584e-05             1.79e-01
           7.332e+00            1.436e-04            1.958e-05             2.00e-01
           7.332e+00            7.401e-05            1.009e-05             2.38e-01
           7.332e+00            4.701e-05            6.411e-06             3.62e-01
           7.332e+00            2.934e-05            4.001e-06             3.56e-01
           7.332e+00            2.322e-05            3.166e-06             3.29e-01
           7.332e+00            1.240e-05            1.690e-06             3.36e-01
           7.332e+00            7.550e-06            1.030e-06             3.89e-01
           7.332e+00            3.560e-06            4.855e-07             4.37e-01
           7.332e+00            2.552e-06            3.480e-07             5.07e-01
           7.332e+00            1.481e-06            2.019e-07             5.28e-01
           7.332e+00            8.555e-07            1.167e-07             6.92e-01
           7.332e+00            7.794e-07            1.063e-07             7.57e-01
           7.332e+00            4.082e-07            5.568e-08             6.85e-01
           7.332e+00            2.791e-07            3.806e-08             7.86e-01
           7.332e+00            1.190e-07            1.623e-08             1.29e+00
           7.332e+00            1.435e-07            1.957e-08             1.23e+00
           7.332e+00            8.731e-08            1.191e-08             1.04e+00
           7.332e+00            4.420e-08            6.027e-09             1.39e+00
           7.332e+00            9.823e-01            1.340e-01             1.34e-02
           7.332e+00            7.021e-01            9.575e-02             8.89e-02
           7.332e+00            7.227e-01            9.857e-02             6.86e-02
           7.332e+00            7.716e-01            1.052e-01             1.63e-01
           7.332e+00            8.632e-01            1.177e-01             3.12e-01
           7.332e+00            8.632e-01            1.177e-01             3.25e-01
           7.332e+00            6.984e-01            9.526e-02             3.33e-01
           7.332e+00            1.631e-01            2.224e-02             2.98e-01
           7.332e+00            9.590e-02            1.308e-02             3.53e-01
           7.332e+00            6.344e-02            8.652e-03             8.17e-01
           7.332e+00            5.086e-02            6.937e-03             6.69e-01
           7.332e+00            4.908e-02            6.693e-03             9.22e-01
           7.332e+00            3.152e-02            4.299e-03             1.02e+00
           7.332e+00            3.130e-02            4.269e-03             1.23e+00
           7.332e+00            1.702e-02            2.321e-03             1.79e+00
           7.332e+00            1.278e-02            1.743e-03             1.98e+00
           7.332e+00            8.217e-03            1.121e-03             2.22e+00
           7.332e+00            4.733e-03            6.455e-04             2.63e+00
           7.332e+00            3.493e-03            4.764e-04             3.31e+00
           7.332e+00            2.778e-03            3.788e-04             3.67e+00
           7.332e+00            2.155e-03            2.939e-04             1.52e+00
           7.332e+00            1.826e-03            2.490e-04             1.82e+00
           7.332e+00            9.448e-04            1.289e-04             4.35e+00
           7.332e+00            7.193e-04            9.810e-05             6.30e+00
           7.332e+00            5.683e-04            7.751e-05             8.56e+00
           7.332e+00            3.274e-04            4.464e-05             8.85e+00
           7.332e+00            2.457e-04            3.351e-05             1.11e+01
           7.332e+00            1.733e-04            2.363e-05             1.34e+01
           7.332e+00            1.334e-04            1.819e-05             1.20e+01
           7.332e+00            6.858e-05            9.353e-06             1.15e+01
           7.332e+00            6.040e-05            8.237e-06             8.07e+00
           7.332e+00            4.474e-05            6.101e-06             7.11e+00
           7.332e+00            3.462e-05            4.722e-06             7.03e+00
           7.332e+00            2.671e-05            3.643e-06             1.11e+01
           7.332e+00            1.882e-05            2.566e-06             1.65e+01
           7.332e+00            1.092e-05            1.489e-06             1.89e+01
           7.332e+00            8.919e-06            1.216e-06             1.94e+01
           7.332e+00            6.165e-06            8.408e-07             1.40e+01
           7.332e+00            3.953e-06            5.391e-07             1.75e+01
           7.332e+00            4.651e-06            6.343e-07             2.15e+01
xmax = 10
xshift = -10
dx = 0.15748031496062992
len of Hint: 21
len of H: 21
Sweep 0, chi=2, cutoff=1e-08
  Direction: left->right
  Direction: right->left
  Energy: -0.3428335498, Trunc err: 1.01e+00
Sweep 1, chi=2, cutoff=1e-08
  Direction: left->right
  Direction: right->left
  Energy: -0.3645049355, Trunc err: 1.01e+00
Sweep 2, chi=2, cutoff=1e-08
  Direction: left->right
  Direction: right->left
  Energy: -0.3671521454, Trunc err: 1.01e+00
Sweep 3, chi=2, cutoff=1e-08
  Direction: left->right
  Direction: right->left
  Energy: -0.3689750798, Trunc err: 1.00e+00
Sweep 4, chi=2, cutoff=1e-08
  Direction: left->right
  Direction: right->left
  Energy: -0.3693493974, Trunc err: 1.01e+00
Sweep 5, chi=2, cutoff=1e-08
  Direction: left->right
  Direction: right->left
  Energy: -0.3697391737, Trunc err: 1.01e+00
Sweep 6, chi=2, cutoff=1e-08
  Direction: left->right
  Direction: right->left
  Energy: -0.3702596586, Trunc err: 1.01e+00
Sweep 7, chi=2, cutoff=1e-08
  Direction: left->right
  Direction: right->left
  Energy: -0.3703040519, Trunc err: 1.01e+00
Sweep 8, chi=2, cutoff=1e-08
  Direction: left->right
  Direction: right->left
  Energy: -0.3703193022, Trunc err: 1.01e+00
Sweep 9, chi=2, cutoff=1e-08
  Direction: left->right
  Direction: right->left
  Energy: -0.3703177002, Trunc err: 1.01e+00
Sweep 10, chi=4, cutoff=1e-08
  Direction: left->right
  Direction: right->left
  Energy: -0.3891367270, Trunc err: 1.02e+00
Sweep 11, chi=4, cutoff=1e-08
  Direction: left->right
  Direction: right->left
  Energy: -0.4064721700, Trunc err: 1.04e+00
Sweep 12, chi=4, cutoff=1e-08
  Direction: left->right
  Direction: right->left
  Energy: -0.4281638708, Trunc err: 1.07e+00
Sweep 13, chi=4, cutoff=1e-08
  Direction: left->right
  Direction: right->left
  Energy: -0.4714600834, Trunc err: 1.10e+00
Sweep 14, chi=4, cutoff=1e-08
  Direction: left->right
  Direction: right->left
  Energy: -0.5103401542, Trunc err: 1.15e+00
Sweep 15, chi=4, cutoff=1e-08
  Direction: left->right
  Direction: right->left
  Energy: -0.5354071774, Trunc err: 1.18e+00
Sweep 16, chi=4, cutoff=1e-08
  Direction: left->right
  Direction: right->left
  Energy: -0.5529798590, Trunc err: 1.19e+00
Sweep 17, chi=4, cutoff=1e-08
  Direction: left->right
  Direction: right->left
  Energy: -0.5672988310, Trunc err: 1.20e+00
Sweep 18, chi=4, cutoff=1e-08
  Direction: left->right
  Direction: right->left
  Energy: -0.5814982389, Trunc err: 1.21e+00
Sweep 19, chi=4, cutoff=1e-08
  Direction: left->right
  Direction: right->left
  Energy: -0.5949329510, Trunc err: 1.23e+00
Sweep 20, chi=4, cutoff=1e-08
  Direction: left->right
  Direction: right->left
  Energy: -0.6064650470, Trunc err: 1.24e+00
Sweep 21, chi=4, cutoff=1e-08
  Direction: left->right
  Direction: right->left
  Energy: -0.6179089377, Trunc err: 1.25e+00
Sweep 22, chi=4, cutoff=1e-08
  Direction: left->right
  Direction: right->left
  Energy: -0.6297679136, Trunc err: 1.26e+00
Sweep 23, chi=4, cutoff=1e-08
  Direction: left->right
  Direction: right->left
  Energy: -0.6422430807, Trunc err: 1.27e+00
Sweep 24, chi=4, cutoff=1e-08
  Direction: left->right
  Direction: right->left
  Energy: -0.6563829841, Trunc err: 1.28e+00
Sweep 25, chi=4, cutoff=1e-08
  Direction: left->right
  Direction: right->left
  Energy: -0.6703672254, Trunc err: 1.29e+00
Sweep 26, chi=4, cutoff=1e-08
  Direction: left->right
  Direction: right->left
  Energy: -0.6843423156, Trunc err: 1.30e+00
Sweep 27, chi=4, cutoff=1e-08
  Direction: left->right
  Direction: right->left
  Energy: -0.6979198343, Trunc err: 1.31e+00
Sweep 28, chi=4, cutoff=1e-08
  Direction: left->right
  Direction: right->left
  Energy: -0.7095281190, Trunc err: 1.32e+00
Sweep 29, chi=4, cutoff=1e-08
  Direction: left->right
  Direction: right->left
  Energy: -0.7194760592, Trunc err: 1.33e+00
Sweep 30, chi=4, cutoff=1e-08
  Direction: left->right
  Direction: right->left
  Energy: -0.7284576849, Trunc err: 1.33e+00
Sweep 31, chi=4, cutoff=1e-08
  Direction: left->right
  Direction: right->left
  Energy: -0.7364227144, Trunc err: 1.34e+00
Sweep 32, chi=4, cutoff=1e-08
  Direction: left->right
  Direction: right->left
  Energy: -0.7434198958, Trunc err: 1.35e+00
Sweep 33, chi=4, cutoff=1e-08
  Direction: left->right
  Direction: right->left
  Energy: -0.7495044064, Trunc err: 1.35e+00
Sweep 34, chi=4, cutoff=1e-08
  Direction: left->right
  Direction: right->left
  Energy: -0.7547575332, Trunc err: 1.36e+00
Sweep 35, chi=4, cutoff=1e-08
  Direction: left->right
  Direction: right->left
  Energy: -0.7590587046, Trunc err: 1.36e+00
Sweep 36, chi=4, cutoff=1e-08
  Direction: left->right
  Direction: right->left
  Energy: -0.7628233459, Trunc err: 1.37e+00
Sweep 37, chi=4, cutoff=1e-08
  Direction: left->right
  Direction: right->left
  Energy: -0.7660049589, Trunc err: 1.37e+00
Sweep 38, chi=4, cutoff=1e-08
  Direction: left->right
  Direction: right->left
  Energy: -0.7687239825, Trunc err: 1.37e+00
Sweep 39, chi=4, cutoff=1e-08
  Direction: left->right
  Direction: right->left
  Energy: -0.7710708488, Trunc err: 1.38e+00
Sweep 40, chi=4, cutoff=1e-08
  Direction: left->right
  Direction: right->left
  Energy: -0.7730575385, Trunc err: 1.38e+00
Sweep 41, chi=4, cutoff=1e-08
  Direction: left->right
  Direction: right->left
  Energy: -0.7747950417, Trunc err: 1.38e+00
Sweep 42, chi=4, cutoff=1e-08
  Direction: left->right
  Direction: right->left
  Energy: -0.7762753839, Trunc err: 1.38e+00
Sweep 43, chi=4, cutoff=1e-08
  Direction: left->right
  Direction: right->left
  Energy: -0.7775678049, Trunc err: 1.38e+00
Sweep 44, chi=4, cutoff=1e-08
  Direction: left->right
  Direction: right->left
  Energy: -0.7786797065, Trunc err: 1.39e+00
Sweep 45, chi=4, cutoff=1e-08
  Direction: left->right
  Direction: right->left
  Energy: -0.7796447606, Trunc err: 1.39e+00
Sweep 46, chi=4, cutoff=1e-08
  Direction: left->right
  Direction: right->left
  Energy: -0.7804820523, Trunc err: 1.39e+00
Sweep 47, chi=4, cutoff=1e-08
  Direction: left->right
  Direction: right->left
  Energy: -0.7812119479, Trunc err: 1.39e+00
Sweep 48, chi=4, cutoff=1e-08
  Direction: left->right
  Direction: right->left
  Energy: -0.7818487878, Trunc err: 1.39e+00
Sweep 49, chi=4, cutoff=1e-08
  Direction: left->right
  Direction: right->left
  Energy: -0.7824062060, Trunc err: 1.39e+00
Sweep 50, chi=8, cutoff=1e-08
  Direction: left->right
  Direction: right->left
  Energy: -0.8627730023, Trunc err: 1.41e+00
Sweep 51, chi=8, cutoff=1e-08
  Direction: left->right
  Direction: right->left
  Energy: -0.9167122466, Trunc err: 1.44e+00
Sweep 52, chi=8, cutoff=1e-08
  Direction: left->right
  Direction: right->left
  Energy: -0.9670231971, Trunc err: 1.49e+00
Sweep 53, chi=8, cutoff=1e-08
  Direction: left->right
  Direction: right->left
  Energy: -0.9996800956, Trunc err: 1.52e+00
Sweep 54, chi=8, cutoff=1e-08
  Direction: left->right
  Direction: right->left
  Energy: -1.0172134129, Trunc err: 1.54e+00
Sweep 55, chi=8, cutoff=1e-08
  Direction: left->right
  Direction: right->left
  Energy: -1.0268511785, Trunc err: 1.54e+00
Sweep 56, chi=8, cutoff=1e-08
  Direction: left->right
  Direction: right->left
  Energy: -1.0324637619, Trunc err: 1.55e+00
Sweep 57, chi=8, cutoff=1e-08
  Direction: left->right
  Direction: right->left
  Energy: -1.0359723427, Trunc err: 1.55e+00
Sweep 58, chi=8, cutoff=1e-08
  Direction: left->right
  Direction: right->left
  Energy: -1.0382832631, Trunc err: 1.55e+00
Sweep 59, chi=8, cutoff=1e-08
  Direction: left->right
  Direction: right->left
  Energy: -1.0398670636, Trunc err: 1.55e+00
Sweep 60, chi=8, cutoff=1e-08
  Direction: left->right
  Direction: right->left
  Energy: -1.0409829447, Trunc err: 1.55e+00
Sweep 61, chi=8, cutoff=1e-08
  Direction: left->right
  Direction: right->left
  Energy: -1.0417826122, Trunc err: 1.55e+00
Sweep 62, chi=8, cutoff=1e-08
  Direction: left->right
  Direction: right->left
  Energy: -1.0423652730, Trunc err: 1.55e+00
Sweep 63, chi=8, cutoff=1e-08
  Direction: left->right
  Direction: right->left
  Energy: -1.0427993672, Trunc err: 1.55e+00
Sweep 64, chi=8, cutoff=1e-08
  Direction: left->right
  Direction: right->left
  Energy: -1.0431282964, Trunc err: 1.55e+00
Sweep 65, chi=8, cutoff=1e-08
  Direction: left->right
  Direction: right->left
  Energy: -1.0433802081, Trunc err: 1.55e+00
Sweep 66, chi=8, cutoff=1e-08
  Direction: left->right
  Direction: right->left
  Energy: -1.0435750936, Trunc err: 1.55e+00
Sweep 67, chi=8, cutoff=1e-08
  Direction: left->right
  Direction: right->left
  Energy: -1.0437283588, Trunc err: 1.55e+00
Sweep 68, chi=8, cutoff=1e-08
  Direction: left->right
  Direction: right->left
  Energy: -1.0438480401, Trunc err: 1.55e+00
Sweep 69, chi=8, cutoff=1e-08
  Direction: left->right
  Direction: right->left
  Energy: -1.0439427583, Trunc err: 1.55e+00
Sweep 70, chi=8, cutoff=1e-08
  Direction: left->right
  Direction: right->left
  Energy: -1.0440178220, Trunc err: 1.55e+00
Sweep 71, chi=8, cutoff=1e-08
  Direction: left->right
  Direction: right->left
  Energy: -1.0440769204, Trunc err: 1.55e+00
Sweep 72, chi=8, cutoff=1e-08
  Direction: left->right
  Direction: right->left
  Energy: -1.0441238893, Trunc err: 1.55e+00
Sweep 73, chi=8, cutoff=1e-08
  Direction: left->right
  Direction: right->left
  Energy: -1.0443105867, Trunc err: 1.55e+00
Sweep 74, chi=8, cutoff=1e-08
  Direction: left->right
  Direction: right->left
  Energy: -1.0443499409, Trunc err: 1.55e+00
Sweep 75, chi=8, cutoff=1e-08
  Direction: left->right
  Direction: right->left
  Energy: -1.0443810134, Trunc err: 1.55e+00
Sweep 76, chi=8, cutoff=1e-08
  Direction: left->right
  Direction: right->left
  Energy: -1.0444023220, Trunc err: 1.54e+00
Sweep 77, chi=8, cutoff=1e-08
  Direction: left->right
  Direction: right->left
  Energy: -1.0444147300, Trunc err: 1.54e+00
Sweep 78, chi=8, cutoff=1e-08
  Direction: left->right
  Direction: right->left
  Energy: -1.0444212302, Trunc err: 1.54e+00
Sweep 79, chi=8, cutoff=1e-08
  Direction: left->right
  Direction: right->left
  Energy: -1.0444313186, Trunc err: 1.54e+00
Sweep 80, chi=8, cutoff=1e-08
  Direction: left->right
  Direction: right->left
  Energy: -1.0444338372, Trunc err: 1.54e+00
Sweep 81, chi=8, cutoff=1e-08
  Direction: left->right
  Direction: right->left
  Energy: -1.0444377611, Trunc err: 1.54e+00
Sweep 82, chi=8, cutoff=1e-08
  Direction: left->right
  Direction: right->left
  Energy: -1.0444439336, Trunc err: 1.54e+00
Sweep 83, chi=8, cutoff=1e-08
  Direction: left->right
  Direction: right->left
  Energy: -1.0444467801, Trunc err: 1.54e+00
Sweep 84, chi=8, cutoff=1e-08
  Direction: left->right
  Direction: right->left
  Energy: -1.0444481567, Trunc err: 1.54e+00
Sweep 85, chi=8, cutoff=1e-08
  Direction: left->right
  Direction: right->left
  Energy: -1.0444486094, Trunc err: 1.54e+00
Sweep 86, chi=8, cutoff=1e-08
  Direction: left->right
  Direction: right->left
  Energy: -1.0444514280, Trunc err: 1.54e+00
Sweep 87, chi=8, cutoff=1e-08
  Direction: left->right
  Direction: right->left
  Energy: -1.0444519744, Trunc err: 1.54e+00
Sweep 88, chi=8, cutoff=1e-08
  Direction: left->right
  Direction: right->left
  Energy: -1.0444515570, Trunc err: 1.54e+00
Sweep 89, chi=8, cutoff=1e-08
  Direction: left->right
  Direction: right->left
  Energy: -1.0444529783, Trunc err: 1.54e+00
Sweep 90, chi=8, cutoff=1e-08
  Direction: left->right
  Direction: right->left
  Energy: -1.0444536045, Trunc err: 1.54e+00
Sweep 91, chi=8, cutoff=1e-08
  Direction: left->right
  Direction: right->left
  Energy: -1.0444540096, Trunc err: 1.54e+00
Sweep 92, chi=8, cutoff=1e-08
  Direction: left->right
  Direction: right->left
  Energy: -1.0444532284, Trunc err: 1.54e+00
Sweep 93, chi=8, cutoff=1e-08
  Direction: left->right
  Direction: right->left
  Energy: -1.0444543858, Trunc err: 1.54e+00
Sweep 94, chi=8, cutoff=1e-08
  Direction: left->right
  Direction: right->left
  Energy: -1.0444544664, Trunc err: 1.54e+00
Sweep 95, chi=8, cutoff=1e-08
  Direction: left->right
  Direction: right->left
  Energy: -1.0444546898, Trunc err: 1.54e+00
Sweep 96, chi=8, cutoff=1e-08
  Direction: left->right
  Direction: right->left
  Energy: -1.0444547704, Trunc err: 1.54e+00
Sweep 97, chi=8, cutoff=1e-08
  Direction: left->right
  Direction: right->left
  Energy: -1.0444546499, Trunc err: 1.54e+00
Sweep 98, chi=8, cutoff=1e-08
  Direction: left->right
  Direction: right->left
  Energy: -1.0444519030, Trunc err: 1.54e+00
Sweep 99, chi=8, cutoff=1e-08
  Direction: left->right
  Direction: right->left
  Energy: -1.0444498060, Trunc err: 1.54e+00
Sweep 100, chi=16, cutoff=1e-08
  Direction: left->right
  Direction: right->left
  Energy: -1.1006993693, Trunc err: 1.58e+00
Sweep 101, chi=16, cutoff=1e-08
  Direction: left->right
  Direction: right->left
  Energy: -1.1104841441, Trunc err: 1.65e+00
Sweep 102, chi=16, cutoff=1e-08
  Direction: left->right
  Direction: right->left
  Energy: -1.1119290949, Trunc err: 1.67e+00
Sweep 103, chi=16, cutoff=1e-08
  Direction: left->right
  Direction: right->left
  Energy: -1.1122882379, Trunc err: 1.67e+00
Sweep 104, chi=16, cutoff=1e-08
  Direction: left->right
  Direction: right->left
  Energy: -1.1124340367, Trunc err: 1.67e+00
Sweep 105, chi=16, cutoff=1e-08
  Direction: left->right
  Direction: right->left
  Energy: -1.1125062485, Trunc err: 1.67e+00
Sweep 106, chi=16, cutoff=1e-08
  Direction: left->right
  Direction: right->left
  Energy: -1.1125487810, Trunc err: 1.67e+00
Sweep 107, chi=16, cutoff=1e-08
  Direction: left->right
  Direction: right->left
  Energy: -1.1125761696, Trunc err: 1.67e+00
Sweep 108, chi=16, cutoff=1e-08
  Direction: left->right
  Direction: right->left
  Energy: -1.1125946651, Trunc err: 1.67e+00
Sweep 109, chi=16, cutoff=1e-08
  Direction: left->right
  Direction: right->left
  Energy: -1.1126079810, Trunc err: 1.67e+00
Sweep 110, chi=16, cutoff=1e-08
  Direction: left->right
  Direction: right->left
  Energy: -1.1126179929, Trunc err: 1.67e+00
Sweep 111, chi=16, cutoff=1e-08
  Direction: left->right
  Direction: right->left
  Energy: -1.1126261749, Trunc err: 1.67e+00
Sweep 112, chi=16, cutoff=1e-08
  Direction: left->right
  Direction: right->left
  Energy: -1.1126329686, Trunc err: 1.67e+00
Sweep 113, chi=16, cutoff=1e-08
  Direction: left->right
  Direction: right->left
  Energy: -1.1126392441, Trunc err: 1.67e+00
Sweep 114, chi=16, cutoff=1e-08
  Direction: left->right
  Direction: right->left
  Energy: -1.1126451879, Trunc err: 1.67e+00
Sweep 115, chi=16, cutoff=1e-08
  Direction: left->right
  Direction: right->left
  Energy: -1.1126513068, Trunc err: 1.67e+00
Sweep 116, chi=16, cutoff=1e-08
  Direction: left->right
  Direction: right->left
  Energy: -1.1126576816, Trunc err: 1.67e+00
Sweep 117, chi=16, cutoff=1e-08
  Direction: left->right
  Direction: right->left
  Energy: -1.1126645718, Trunc err: 1.67e+00
Sweep 118, chi=16, cutoff=1e-08
  Direction: left->right
  Direction: right->left
  Energy: -1.1126720626, Trunc err: 1.67e+00
Sweep 119, chi=16, cutoff=1e-08
  Direction: left->right
  Direction: right->left
  Energy: -1.1126801655, Trunc err: 1.67e+00
Sweep 120, chi=32, cutoff=1e-08
  Direction: left->right
  Direction: right->left
  Energy: -1.1237552971, Trunc err: 1.69e+00
Sweep 121, chi=32, cutoff=1e-08
  Direction: left->right
  Direction: right->left
  Energy: -1.1251805495, Trunc err: 1.71e+00
Sweep 122, chi=32, cutoff=1e-08
  Direction: left->right
  Direction: right->left
  Energy: -1.1256806519, Trunc err: 1.72e+00
Sweep 123, chi=32, cutoff=1e-08
  Direction: left->right
  Direction: right->left
  Energy: -1.1259169396, Trunc err: 1.73e+00
Sweep 124, chi=32, cutoff=1e-08
  Direction: left->right
  Direction: right->left
  Energy: -1.1260570014, Trunc err: 1.73e+00
Sweep 125, chi=32, cutoff=1e-08
  Direction: left->right
  Direction: right->left
  Energy: -1.1261452877, Trunc err: 1.73e+00
Sweep 126, chi=32, cutoff=1e-08
  Direction: left->right
  Direction: right->left
  Energy: -1.1262047952, Trunc err: 1.74e+00
Sweep 127, chi=32, cutoff=1e-08
  Direction: left->right
  Direction: right->left
  Energy: -1.1262456587, Trunc err: 1.74e+00
Sweep 128, chi=32, cutoff=1e-08
  Direction: left->right
  Direction: right->left
  Energy: -1.1262749930, Trunc err: 1.74e+00
Sweep 129, chi=32, cutoff=1e-08
  Direction: left->right
  Direction: right->left
  Energy: -1.1262979840, Trunc err: 1.74e+00
Sweep 0, chi=2, cutoff=1e-08
  Direction: left->right
  Direction: right->left
  Energy: -0.4890947634, Trunc err: 8.19e-03
Sweep 1, chi=2, cutoff=1e-08
  Direction: left->right
  Direction: right->left
  Energy: -0.4903328495, Trunc err: 1.66e-02
Sweep 2, chi=2, cutoff=1e-08
  Direction: left->right
  Direction: right->left
  Energy: -0.4917518038, Trunc err: 1.72e-02
Sweep 3, chi=2, cutoff=1e-08
  Direction: left->right
  Direction: right->left
  Energy: -0.4928706468, Trunc err: 1.75e-02
Sweep 4, chi=2, cutoff=1e-08
  Direction: left->right
  Direction: right->left
  Energy: -0.4933371254, Trunc err: 1.78e-02
Sweep 5, chi=2, cutoff=1e-08
  Direction: left->right
  Direction: right->left
  Energy: -0.4935332687, Trunc err: 1.81e-02
Sweep 6, chi=2, cutoff=1e-08
  Direction: left->right
  Direction: right->left
  Energy: -0.4936242270, Trunc err: 1.83e-02
Sweep 7, chi=2, cutoff=1e-08
  Direction: left->right
  Direction: right->left
  Energy: -0.4936610439, Trunc err: 1.85e-02
Sweep 8, chi=2, cutoff=1e-08
  Direction: left->right
  Direction: right->left
  Energy: -0.4936776145, Trunc err: 1.85e-02
Sweep 9, chi=2, cutoff=1e-08
  Direction: left->right
  Direction: right->left
  Energy: -0.4936854845, Trunc err: 1.86e-02
Sweep 10, chi=4, cutoff=1e-08
  Direction: left->right
  Direction: right->left
  Energy: -0.5169527634, Trunc err: 2.27e-03
Sweep 11, chi=4, cutoff=1e-08
  Direction: left->right
  Direction: right->left
  Energy: -0.5170313458, Trunc err: 5.72e-03
Sweep 12, chi=4, cutoff=1e-08
  Direction: left->right
  Direction: right->left
  Energy: -0.5170313913, Trunc err: 5.72e-03
Sweep 13, chi=4, cutoff=1e-08
  Direction: left->right
  Direction: right->left
  Energy: -0.5170313913, Trunc err: 5.72e-03
Sweep 14, chi=4, cutoff=1e-08
  Direction: left->right
  Direction: right->left
  Energy: -0.5170313913, Trunc err: 5.72e-03
Sweep 15, chi=4, cutoff=1e-08
  Direction: left->right
  Direction: right->left
  Energy: -0.5170313913, Trunc err: 5.72e-03
Sweep 16, chi=4, cutoff=1e-08
  Direction: left->right
  Direction: right->left
  Energy: -0.5170313913, Trunc err: 5.72e-03
Sweep 17, chi=4, cutoff=1e-08
  Direction: left->right
  Direction: right->left
  Energy: -0.5170313913, Trunc err: 5.72e-03
Sweep 18, chi=4, cutoff=1e-08
  Direction: left->right
  Direction: right->left
  Energy: -0.5170313913, Trunc err: 5.72e-03
Sweep 19, chi=4, cutoff=1e-08
  Direction: left->right
  Direction: right->left
  Energy: -0.5170313913, Trunc err: 5.72e-03
Sweep 20, chi=8, cutoff=1e-08
  Direction: left->right
  Direction: right->left
  Energy: -0.5187973752, Trunc err: 1.69e-04
Sweep 21, chi=8, cutoff=1e-08
  Direction: left->right
  Direction: right->left
  Energy: -0.5187976858, Trunc err: 3.57e-04
Sweep 22, chi=8, cutoff=1e-08
  Direction: left->right
  Direction: right->left
  Energy: -0.5187976858, Trunc err: 3.58e-04
Sweep 23, chi=8, cutoff=1e-08
  Direction: left->right
  Direction: right->left
  Energy: -0.5187976858, Trunc err: 3.58e-04
Sweep 24, chi=8, cutoff=1e-08
  Direction: left->right
  Direction: right->left
  Energy: -0.5187976858, Trunc err: 3.58e-04
Sweep 25, chi=8, cutoff=1e-08
  Direction: left->right
  Direction: right->left
  Energy: -0.5187976858, Trunc err: 3.58e-04
Sweep 26, chi=8, cutoff=1e-08
  Direction: left->right
  Direction: right->left
  Energy: -0.5187976858, Trunc err: 3.58e-04
Sweep 27, chi=8, cutoff=1e-08
  Direction: left->right
  Direction: right->left
  Energy: -0.5187976858, Trunc err: 3.58e-04
Sweep 28, chi=8, cutoff=1e-08
  Direction: left->right
  Direction: right->left
  Energy: -0.5187976858, Trunc err: 3.58e-04
Sweep 29, chi=8, cutoff=1e-08
  Direction: left->right
  Direction: right->left
  Energy: -0.5187976858, Trunc err: 3.58e-04
Sweep 30, chi=8, cutoff=1e-08
  Direction: left->right
  Direction: right->left
  Energy: -0.5187976858, Trunc err: 3.58e-04
Sweep 31, chi=8, cutoff=1e-08
  Direction: left->right
  Direction: right->left
  Energy: -0.5187976858, Trunc err: 3.58e-04
Sweep 32, chi=8, cutoff=1e-08
  Direction: left->right
  Direction: right->left
  Energy: -0.5187976858, Trunc err: 3.58e-04
Sweep 33, chi=8, cutoff=1e-08
  Direction: left->right
  Direction: right->left
  Energy: -0.5187976858, Trunc err: 3.58e-04
Sweep 34, chi=8, cutoff=1e-08
  Direction: left->right
  Direction: right->left
  Energy: -0.5187976858, Trunc err: 3.58e-04
Sweep 35, chi=8, cutoff=1e-08
  Direction: left->right
  Direction: right->left
  Energy: -0.5187976858, Trunc err: 3.58e-04
Sweep 36, chi=8, cutoff=1e-08
  Direction: left->right
  Direction: right->left
  Energy: -0.5187976858, Trunc err: 3.58e-04
Sweep 37, chi=8, cutoff=1e-08
  Direction: left->right
  Direction: right->left
  Energy: -0.5187976858, Trunc err: 3.58e-04
Sweep 38, chi=8, cutoff=1e-08
  Direction: left->right
  Direction: right->left
  Energy: -0.5187976858, Trunc err: 3.58e-04
Sweep 39, chi=8, cutoff=1e-08
  Direction: left->right
  Direction: right->left
  Energy: -0.5187976858, Trunc err: 3.58e-04
Sweep 40, chi=8, cutoff=1e-08
  Direction: left->right
  Direction: right->left
  Energy: -0.5187976858, Trunc err: 3.58e-04
Sweep 41, chi=8, cutoff=1e-08
  Direction: left->right
  Direction: right->left
  Energy: -0.5187976858, Trunc err: 3.58e-04
Sweep 42, chi=8, cutoff=1e-08
  Direction: left->right
  Direction: right->left
  Energy: -0.5187976858, Trunc err: 3.58e-04
Sweep 43, chi=8, cutoff=1e-08
  Direction: left->right
  Direction: right->left
  Energy: -0.5187976858, Trunc err: 3.58e-04
Sweep 44, chi=8, cutoff=1e-08
  Direction: left->right
  Direction: right->left
  Energy: -0.5187976858, Trunc err: 3.58e-04
Sweep 45, chi=8, cutoff=1e-08
  Direction: left->right
  Direction: right->left
  Energy: -0.5187976858, Trunc err: 3.58e-04
Sweep 46, chi=8, cutoff=1e-08
  Direction: left->right
  Direction: right->left
  Energy: -0.5187976858, Trunc err: 3.58e-04
Sweep 47, chi=8, cutoff=1e-08
  Direction: left->right
  Direction: right->left
  Energy: -0.5187976858, Trunc err: 3.58e-04
Sweep 48, chi=8, cutoff=1e-08
  Direction: left->right
  Direction: right->left
  Energy: -0.5187976858, Trunc err: 3.58e-04
Sweep 49, chi=8, cutoff=1e-08
  Direction: left->right
  Direction: right->left
  Energy: -0.5187976858, Trunc err: 3.58e-04
Sweep 50, chi=8, cutoff=1e-08
  Direction: left->right
  Direction: right->left
  Energy: -0.5187976858, Trunc err: 3.58e-04
Sweep 51, chi=8, cutoff=1e-08
  Direction: left->right
  Direction: right->left
  Energy: -0.5187976858, Trunc err: 3.58e-04
Sweep 52, chi=8, cutoff=1e-08
  Direction: left->right
  Direction: right->left
  Energy: -0.5187976858, Trunc err: 3.58e-04
Sweep 53, chi=8, cutoff=1e-08
  Direction: left->right
  Direction: right->left
  Energy: -0.5187976858, Trunc err: 3.58e-04
Sweep 54, chi=8, cutoff=1e-08
  Direction: left->right
  Direction: right->left
  Energy: -0.5187976858, Trunc err: 3.58e-04
Sweep 55, chi=8, cutoff=1e-08
  Direction: left->right
  Direction: right->left
  Energy: -0.5187976858, Trunc err: 3.58e-04
Sweep 56, chi=8, cutoff=1e-08
  Direction: left->right
  Direction: right->left
  Energy: -0.5187976858, Trunc err: 3.58e-04
Sweep 57, chi=8, cutoff=1e-08
  Direction: left->right
  Direction: right->left
  Energy: -0.5187976858, Trunc err: 3.58e-04
Sweep 58, chi=8, cutoff=1e-08
  Direction: left->right
  Direction: right->left
  Energy: -0.5187976858, Trunc err: 3.58e-04
Sweep 59, chi=8, cutoff=1e-08
  Direction: left->right
  Direction: right->left
  Energy: -0.5187976858, Trunc err: 3.58e-04
Sweep 60, chi=16, cutoff=1e-08
  Direction: left->right
  Direction: right->left
  Energy: -0.5188038281, Trunc err: 1.37e-08
Sweep 61, chi=16, cutoff=1e-08
  Direction: left->right
  Direction: right->left
  Energy: -0.5188038281, Trunc err: 3.25e-08
Sweep 62, chi=16, cutoff=1e-08
  Direction: left->right
  Direction: right->left
  Energy: -0.5188038281, Trunc err: 3.40e-08
Sweep 63, chi=16, cutoff=1e-08
  Direction: left->right
  Direction: right->left
  Energy: -0.5188038281, Trunc err: 3.33e-08
Sweep 64, chi=16, cutoff=1e-08
  Direction: left->right
  Direction: right->left
  Energy: -0.5188038281, Trunc err: 3.25e-08
Sweep 65, chi=16, cutoff=1e-08
  Direction: left->right
  Direction: right->left
  Energy: -0.5188038281, Trunc err: 3.22e-08
Sweep 66, chi=16, cutoff=1e-08
  Direction: left->right
  Direction: right->left
  Energy: -0.5188038281, Trunc err: 3.22e-08
Sweep 67, chi=16, cutoff=1e-08
  Direction: left->right
  Direction: right->left
  Energy: -0.5188038281, Trunc err: 3.21e-08
Sweep 68, chi=16, cutoff=1e-08
  Direction: left->right
  Direction: right->left
  Energy: -0.5188038281, Trunc err: 3.21e-08
Sweep 69, chi=16, cutoff=1e-08
  Direction: left->right
  Direction: right->left
  Energy: -0.5188038281, Trunc err: 3.21e-08
Sweep 70, chi=16, cutoff=1e-08
  Direction: left->right
  Direction: right->left
  Energy: -0.5188038281, Trunc err: 3.21e-08
Sweep 71, chi=16, cutoff=1e-08
  Direction: left->right
  Direction: right->left
  Energy: -0.5188038281, Trunc err: 3.21e-08
Sweep 72, chi=16, cutoff=1e-08
  Direction: left->right
  Direction: right->left
  Energy: -0.5188038281, Trunc err: 3.21e-08
Sweep 73, chi=16, cutoff=1e-08
  Direction: left->right
  Direction: right->left
  Energy: -0.5188038281, Trunc err: 3.21e-08
Sweep 74, chi=16, cutoff=1e-08
  Direction: left->right
  Direction: right->left
  Energy: -0.5188038281, Trunc err: 3.21e-08
Sweep 75, chi=16, cutoff=1e-08
  Direction: left->right
  Direction: right->left
  Energy: -0.5188038281, Trunc err: 3.21e-08
Sweep 76, chi=16, cutoff=1e-08
  Direction: left->right
  Direction: right->left
  Energy: -0.5188038281, Trunc err: 3.21e-08
Sweep 77, chi=16, cutoff=1e-08
  Direction: left->right
  Direction: right->left
  Energy: -0.5188038281, Trunc err: 3.21e-08
Sweep 78, chi=16, cutoff=1e-08
  Direction: left->right
  Direction: right->left
  Energy: -0.5188038281, Trunc err: 3.21e-08
Sweep 79, chi=16, cutoff=1e-08
  Direction: left->right
  Direction: right->left
  Energy: -0.5188038281, Trunc err: 3.21e-08
Sweep 80, chi=16, cutoff=1e-08
  Direction: left->right
  Direction: right->left
  Energy: -0.5188038281, Trunc err: 3.21e-08
Sweep 81, chi=16, cutoff=1e-08
  Direction: left->right
  Direction: right->left
  Energy: -0.5188038281, Trunc err: 3.21e-08
Sweep 82, chi=16, cutoff=1e-08
  Direction: left->right
  Direction: right->left
  Energy: -0.5188038281, Trunc err: 3.21e-08
Sweep 83, chi=16, cutoff=1e-08
  Direction: left->right
  Direction: right->left
  Energy: -0.5188038281, Trunc err: 3.21e-08
Sweep 84, chi=16, cutoff=1e-08
  Direction: left->right
  Direction: right->left
  Energy: -0.5188038281, Trunc err: 3.21e-08
Sweep 85, chi=16, cutoff=1e-08
  Direction: left->right
  Direction: right->left
  Energy: -0.5188038281, Trunc err: 3.21e-08
Sweep 86, chi=16, cutoff=1e-08
  Direction: left->right
  Direction: right->left
  Energy: -0.5188038281, Trunc err: 3.21e-08
Sweep 87, chi=16, cutoff=1e-08
  Direction: left->right
  Direction: right->left
  Energy: -0.5188038281, Trunc err: 3.21e-08
Sweep 88, chi=16, cutoff=1e-08
  Direction: left->right
  Direction: right->left
  Energy: -0.5188038281, Trunc err: 3.21e-08
Sweep 89, chi=16, cutoff=1e-08
  Direction: left->right
  Direction: right->left
  Energy: -0.5188038281, Trunc err: 3.21e-08
Sweep 90, chi=16, cutoff=1e-08
  Direction: left->right
  Direction: right->left
  Energy: -0.5188038281, Trunc err: 3.21e-08
Sweep 91, chi=16, cutoff=1e-08
  Direction: left->right
  Direction: right->left
  Energy: -0.5188038281, Trunc err: 3.21e-08
Sweep 92, chi=16, cutoff=1e-08
  Direction: left->right
  Direction: right->left
  Energy: -0.5188038281, Trunc err: 3.21e-08
Sweep 93, chi=16, cutoff=1e-08
  Direction: left->right
  Direction: right->left
  Energy: -0.5188038281, Trunc err: 3.21e-08
Sweep 94, chi=16, cutoff=1e-08
  Direction: left->right
  Direction: right->left
  Energy: -0.5188038281, Trunc err: 3.21e-08
Sweep 95, chi=16, cutoff=1e-08
  Direction: left->right
  Direction: right->left
  Energy: -0.5188038281, Trunc err: 3.21e-08
Sweep 96, chi=16, cutoff=1e-08
  Direction: left->right
  Direction: right->left
  Energy: -0.5188038281, Trunc err: 3.21e-08
Sweep 97, chi=16, cutoff=1e-08
  Direction: left->right
  Direction: right->left
  Energy: -0.5188038281, Trunc err: 3.21e-08
Sweep 98, chi=16, cutoff=1e-08
  Direction: left->right
  Direction: right->left
  Energy: -0.5188038281, Trunc err: 3.21e-08
Sweep 99, chi=16, cutoff=1e-08
  Direction: left->right
  Direction: right->left
  Energy: -0.5188038281, Trunc err: 3.21e-08
Sweep 100, chi=32, cutoff=1e-08
  Direction: left->right
  Direction: right->left
  Energy: -0.5188038281, Trunc err: 1.05e-08
Sweep 101, chi=32, cutoff=1e-08
  Direction: left->right
  Direction: right->left
  Energy: -0.5188038281, Trunc err: 1.14e-08
Sweep 102, chi=32, cutoff=1e-08
  Direction: left->right
  Direction: right->left
  Energy: -0.5188038281, Trunc err: 1.14e-08
Sweep 103, chi=32, cutoff=1e-08
  Direction: left->right
  Direction: right->left
  Energy: -0.5188038281, Trunc err: 1.14e-08
Sweep 104, chi=32, cutoff=1e-08
  Direction: left->right
  Direction: right->left
  Energy: -0.5188038281, Trunc err: 1.15e-08
Sweep 105, chi=32, cutoff=1e-08
  Direction: left->right
  Direction: right->left
  Energy: -0.5188038281, Trunc err: 1.15e-08
Sweep 106, chi=32, cutoff=1e-08
  Direction: left->right
  Direction: right->left
  Energy: -0.5188038281, Trunc err: 1.15e-08
Sweep 107, chi=32, cutoff=1e-08
  Direction: left->right
  Direction: right->left
  Energy: -0.5188038281, Trunc err: 1.15e-08
Sweep 108, chi=32, cutoff=1e-08
  Direction: left->right
  Direction: right->left
  Energy: -0.5188038281, Trunc err: 1.15e-08
Sweep 109, chi=32, cutoff=1e-08
  Direction: left->right
  Direction: right->left
  Energy: -0.5188038281, Trunc err: 1.15e-08
Sweep 110, chi=32, cutoff=1e-08
  Direction: left->right
  Direction: right->left
  Energy: -0.5188038281, Trunc err: 1.15e-08
Sweep 111, chi=32, cutoff=1e-08
  Direction: left->right
  Direction: right->left
  Energy: -0.5188038281, Trunc err: 1.15e-08
Sweep 112, chi=32, cutoff=1e-08
  Direction: left->right
  Direction: right->left
  Energy: -0.5188038281, Trunc err: 1.15e-08
Sweep 113, chi=32, cutoff=1e-08
  Direction: left->right
  Direction: right->left
  Energy: -0.5188038281, Trunc err: 1.15e-08
Sweep 114, chi=32, cutoff=1e-08
  Direction: left->right
  Direction: right->left
  Energy: -0.5188038281, Trunc err: 1.15e-08
Sweep 115, chi=32, cutoff=1e-08
  Direction: left->right
  Direction: right->left
  Energy: -0.5188038281, Trunc err: 1.15e-08
Sweep 116, chi=32, cutoff=1e-08
  Direction: left->right
  Direction: right->left
  Energy: -0.5188038281, Trunc err: 1.15e-08
Sweep 117, chi=32, cutoff=1e-08
  Direction: left->right
  Direction: right->left
  Energy: -0.5188038281, Trunc err: 1.15e-08
Sweep 118, chi=32, cutoff=1e-08
  Direction: left->right
  Direction: right->left
  Energy: -0.5188038281, Trunc err: 1.15e-08
Sweep 119, chi=32, cutoff=1e-08
  Direction: left->right
  Direction: right->left
  Energy: -0.5188038281, Trunc err: 1.15e-08
Sweep 120, chi=32, cutoff=1e-08
  Direction: left->right
  Direction: right->left
  Energy: -0.5188038281, Trunc err: 1.15e-08
Sweep 121, chi=32, cutoff=1e-08
  Direction: left->right
  Direction: right->left
  Energy: -0.5188038281, Trunc err: 1.15e-08
Sweep 122, chi=32, cutoff=1e-08
  Direction: left->right
  Direction: right->left
  Energy: -0.5188038281, Trunc err: 1.15e-08
Sweep 123, chi=32, cutoff=1e-08
  Direction: left->right
  Direction: right->left
  Energy: -0.5188038281, Trunc err: 1.15e-08
Sweep 124, chi=32, cutoff=1e-08
  Direction: left->right
  Direction: right->left
  Energy: -0.5188038281, Trunc err: 1.15e-08
Sweep 125, chi=32, cutoff=1e-08
  Direction: left->right
  Direction: right->left
  Energy: -0.5188038281, Trunc err: 1.15e-08
Sweep 126, chi=32, cutoff=1e-08
  Direction: left->right
  Direction: right->left
  Energy: -0.5188038281, Trunc err: 1.15e-08
Sweep 127, chi=32, cutoff=1e-08
  Direction: left->right
  Direction: right->left
  Energy: -0.5188038281, Trunc err: 1.15e-08
Sweep 128, chi=32, cutoff=1e-08
  Direction: left->right
  Direction: right->left
  Energy: -0.5188038281, Trunc err: 1.15e-08
Sweep 129, chi=32, cutoff=1e-08
  Direction: left->right
  Direction: right->left
  Energy: -0.5188038281, Trunc err: 1.15e-08
Sweep 130, chi=32, cutoff=1e-08
  Direction: left->right
  Direction: right->left
  Energy: -0.5188038281, Trunc err: 1.15e-08
Sweep 131, chi=32, cutoff=1e-08
  Direction: left->right
  Direction: right->left
  Energy: -0.5188038281, Trunc err: 1.15e-08
Sweep 132, chi=32, cutoff=1e-08
  Direction: left->right
  Direction: right->left
  Energy: -0.5188038281, Trunc err: 1.15e-08
Sweep 133, chi=32, cutoff=1e-08
  Direction: left->right
  Direction: right->left
  Energy: -0.5188038281, Trunc err: 1.15e-08
Sweep 134, chi=32, cutoff=1e-08
  Direction: left->right
  Direction: right->left
  Energy: -0.5188038281, Trunc err: 1.15e-08
Sweep 135, chi=32, cutoff=1e-08
  Direction: left->right
  Direction: right->left
  Energy: -0.5188038281, Trunc err: 1.15e-08
Sweep 136, chi=32, cutoff=1e-08
  Direction: left->right
  Direction: right->left
  Energy: -0.5188038281, Trunc err: 1.15e-08
Sweep 137, chi=32, cutoff=1e-08
  Direction: left->right
  Direction: right->left
  Energy: -0.5188038281, Trunc err: 1.15e-08
Sweep 138, chi=32, cutoff=1e-08
  Direction: left->right
  Direction: right->left
  Energy: -0.5188038281, Trunc err: 1.15e-08
Sweep 139, chi=32, cutoff=1e-08
  Direction: left->right
  Direction: right->left
  Energy: -0.5188038281, Trunc err: 1.15e-08
Sweep 0, chi=2, cutoff=1e-08
  Direction: left->right
  Direction: right->left
  Energy: -0.0000000275, Trunc err: 3.89e-05
Sweep 1, chi=2, cutoff=1e-08
  Direction: left->right
  Direction: right->left
  Energy: -0.3213256216, Trunc err: 6.20e-03
Sweep 2, chi=2, cutoff=1e-08
  Direction: left->right
  Direction: right->left
  Energy: -0.4501878489, Trunc err: 7.37e-03
Sweep 3, chi=2, cutoff=1e-08
  Direction: left->right
  Direction: right->left
  Energy: -0.4546854175, Trunc err: 6.19e-03
Sweep 4, chi=2, cutoff=1e-08
  Direction: left->right
  Direction: right->left
  Energy: -0.4564301658, Trunc err: 6.09e-03
Sweep 5, chi=2, cutoff=1e-08
  Direction: left->right
  Direction: right->left
  Energy: -0.4577993023, Trunc err: 7.16e-03
Sweep 6, chi=2, cutoff=1e-08
  Direction: left->right
  Direction: right->left
  Energy: -0.4587617262, Trunc err: 8.25e-03
Sweep 7, chi=2, cutoff=1e-08
  Direction: left->right
  Direction: right->left
  Energy: -0.4590676986, Trunc err: 6.31e-03
Sweep 8, chi=2, cutoff=1e-08
  Direction: left->right
  Direction: right->left
  Energy: -0.4590856399, Trunc err: 1.01e-02
Sweep 9, chi=2, cutoff=1e-08
  Direction: left->right
  Direction: right->left
  Energy: -0.4590824646, Trunc err: 1.09e-02
Sweep 10, chi=4, cutoff=1e-08
  Direction: left->right
  Direction: right->left
  Energy: -0.4765014581, Trunc err: 1.53e-03
Sweep 11, chi=4, cutoff=1e-08
  Direction: left->right
  Direction: right->left
  Energy: -0.4790390527, Trunc err: 3.48e-03
Sweep 12, chi=4, cutoff=1e-08
  Direction: left->right
  Direction: right->left
  Energy: -0.4793297119, Trunc err: 3.31e-03
Sweep 13, chi=4, cutoff=1e-08
  Direction: left->right
  Direction: right->left
  Energy: -0.4794374284, Trunc err: 5.11e-03
Sweep 14, chi=4, cutoff=1e-08
  Direction: left->right
  Direction: right->left
  Energy: -0.4794374791, Trunc err: 4.90e-03
Sweep 15, chi=4, cutoff=1e-08
  Direction: left->right
  Direction: right->left
  Energy: -0.4794374794, Trunc err: 4.90e-03
Sweep 16, chi=4, cutoff=1e-08
  Direction: left->right
  Direction: right->left
  Energy: -0.4794374794, Trunc err: 4.90e-03
Sweep 17, chi=4, cutoff=1e-08
  Direction: left->right
  Direction: right->left
  Energy: -0.4794374794, Trunc err: 4.90e-03
Sweep 18, chi=4, cutoff=1e-08
  Direction: left->right
  Direction: right->left
  Energy: -0.4794374794, Trunc err: 4.90e-03
Sweep 19, chi=4, cutoff=1e-08
  Direction: left->right
  Direction: right->left
  Energy: -0.4794374794, Trunc err: 4.90e-03
Sweep 20, chi=8, cutoff=1e-08
  Direction: left->right
  Direction: right->left
  Energy: -0.4810343109, Trunc err: 9.71e-05
Sweep 21, chi=8, cutoff=1e-08
  Direction: left->right
  Direction: right->left
  Energy: -0.4810458887, Trunc err: 2.43e-04
Sweep 22, chi=8, cutoff=1e-08
  Direction: left->right
  Direction: right->left
  Energy: -0.4810470732, Trunc err: 2.49e-04
Sweep 23, chi=8, cutoff=1e-08
  Direction: left->right
  Direction: right->left
  Energy: -0.4810477986, Trunc err: 2.69e-04
Sweep 24, chi=8, cutoff=1e-08
  Direction: left->right
  Direction: right->left
  Energy: -0.4810478636, Trunc err: 2.78e-04
Sweep 25, chi=8, cutoff=1e-08
  Direction: left->right
  Direction: right->left
  Energy: -0.4810478655, Trunc err: 3.57e-04
Sweep 26, chi=8, cutoff=1e-08
  Direction: left->right
  Direction: right->left
  Energy: -0.4810478655, Trunc err: 3.58e-04
Sweep 27, chi=8, cutoff=1e-08
  Direction: left->right
  Direction: right->left
  Energy: -0.4810478655, Trunc err: 3.58e-04
Sweep 28, chi=8, cutoff=1e-08
  Direction: left->right
  Direction: right->left
  Energy: -0.4810478655, Trunc err: 3.58e-04
Sweep 29, chi=8, cutoff=1e-08
  Direction: left->right
  Direction: right->left
  Energy: -0.4810478655, Trunc err: 3.58e-04
Sweep 30, chi=8, cutoff=1e-08
  Direction: left->right
  Direction: right->left
  Energy: -0.4810478655, Trunc err: 3.58e-04
Sweep 31, chi=8, cutoff=1e-08
  Direction: left->right
  Direction: right->left
  Energy: -0.4810478655, Trunc err: 3.58e-04
Sweep 32, chi=8, cutoff=1e-08
  Direction: left->right
  Direction: right->left
  Energy: -0.4810478655, Trunc err: 3.58e-04
Sweep 33, chi=8, cutoff=1e-08
  Direction: left->right
  Direction: right->left
  Energy: -0.4810478655, Trunc err: 3.58e-04
Sweep 34, chi=8, cutoff=1e-08
  Direction: left->right
  Direction: right->left
  Energy: -0.4810478655, Trunc err: 3.58e-04
Sweep 35, chi=8, cutoff=1e-08
  Direction: left->right
  Direction: right->left
  Energy: -0.4810478655, Trunc err: 3.58e-04
Sweep 36, chi=8, cutoff=1e-08
  Direction: left->right
  Direction: right->left
  Energy: -0.4810478655, Trunc err: 3.58e-04
Sweep 37, chi=8, cutoff=1e-08
  Direction: left->right
  Direction: right->left
  Energy: -0.4810478655, Trunc err: 3.58e-04
Sweep 38, chi=8, cutoff=1e-08
  Direction: left->right
  Direction: right->left
  Energy: -0.4810478655, Trunc err: 3.58e-04
Sweep 39, chi=8, cutoff=1e-08
  Direction: left->right
  Direction: right->left
  Energy: -0.4810478655, Trunc err: 3.58e-04
Sweep 40, chi=8, cutoff=1e-08
  Direction: left->right
  Direction: right->left
  Energy: -0.4810478655, Trunc err: 3.58e-04
Sweep 41, chi=8, cutoff=1e-08
  Direction: left->right
  Direction: right->left
  Energy: -0.4810478655, Trunc err: 3.58e-04
Sweep 42, chi=8, cutoff=1e-08
  Direction: left->right
  Direction: right->left
  Energy: -0.4810478655, Trunc err: 3.58e-04
Sweep 43, chi=8, cutoff=1e-08
  Direction: left->right
  Direction: right->left
  Energy: -0.4810478655, Trunc err: 3.58e-04
Sweep 44, chi=8, cutoff=1e-08
  Direction: left->right
  Direction: right->left
  Energy: -0.4810478655, Trunc err: 3.58e-04
Sweep 45, chi=8, cutoff=1e-08
  Direction: left->right
  Direction: right->left
  Energy: -0.4810478655, Trunc err: 3.58e-04
Sweep 46, chi=8, cutoff=1e-08
  Direction: left->right
  Direction: right->left
  Energy: -0.4810478655, Trunc err: 3.58e-04
Sweep 47, chi=8, cutoff=1e-08
  Direction: left->right
  Direction: right->left
  Energy: -0.4810478655, Trunc err: 3.58e-04
Sweep 48, chi=8, cutoff=1e-08
  Direction: left->right
  Direction: right->left
  Energy: -0.4810478655, Trunc err: 3.58e-04
Sweep 49, chi=8, cutoff=1e-08
  Direction: left->right
  Direction: right->left
  Energy: -0.4810478655, Trunc err: 3.58e-04
Sweep 50, chi=8, cutoff=1e-08
  Direction: left->right
  Direction: right->left
  Energy: -0.4810478655, Trunc err: 3.58e-04
Sweep 51, chi=8, cutoff=1e-08
  Direction: left->right
  Direction: right->left
  Energy: -0.4810478655, Trunc err: 3.58e-04
Sweep 52, chi=8, cutoff=1e-08
  Direction: left->right
  Direction: right->left
  Energy: -0.4810478655, Trunc err: 3.58e-04
Sweep 53, chi=8, cutoff=1e-08
  Direction: left->right
  Direction: right->left
  Energy: -0.4810478655, Trunc err: 3.58e-04
Sweep 54, chi=8, cutoff=1e-08
  Direction: left->right
  Direction: right->left
  Energy: -0.4810478655, Trunc err: 3.58e-04
Sweep 55, chi=8, cutoff=1e-08
  Direction: left->right
  Direction: right->left
  Energy: -0.4810478655, Trunc err: 3.58e-04
Sweep 56, chi=8, cutoff=1e-08
  Direction: left->right
  Direction: right->left
  Energy: -0.4810478655, Trunc err: 3.58e-04
Sweep 57, chi=8, cutoff=1e-08
  Direction: left->right
  Direction: right->left
  Energy: -0.4810478655, Trunc err: 3.58e-04
Sweep 58, chi=8, cutoff=1e-08
  Direction: left->right
  Direction: right->left
  Energy: -0.4810478655, Trunc err: 3.58e-04
Sweep 59, chi=8, cutoff=1e-08
  Direction: left->right
  Direction: right->left
  Energy: -0.4810478655, Trunc err: 3.58e-04
Sweep 60, chi=16, cutoff=1e-08
  Direction: left->right
  Direction: right->left
  Energy: -0.4810533968, Trunc err: 9.74e-09
Sweep 61, chi=16, cutoff=1e-08
  Direction: left->right
  Direction: right->left
  Energy: -0.4810533968, Trunc err: 2.05e-08
Sweep 62, chi=16, cutoff=1e-08
  Direction: left->right
  Direction: right->left
  Energy: -0.4810533968, Trunc err: 2.07e-08
Sweep 63, chi=16, cutoff=1e-08
  Direction: left->right
  Direction: right->left
  Energy: -0.4810533968, Trunc err: 2.07e-08
Sweep 64, chi=16, cutoff=1e-08
  Direction: left->right
  Direction: right->left
  Energy: -0.4810533968, Trunc err: 2.07e-08
Sweep 65, chi=16, cutoff=1e-08
  Direction: left->right
  Direction: right->left
  Energy: -0.4810533968, Trunc err: 2.08e-08
Sweep 66, chi=16, cutoff=1e-08
  Direction: left->right
  Direction: right->left
  Energy: -0.4810533968, Trunc err: 2.09e-08
Sweep 67, chi=16, cutoff=1e-08
  Direction: left->right
  Direction: right->left
  Energy: -0.4810533968, Trunc err: 2.10e-08
Sweep 68, chi=16, cutoff=1e-08
  Direction: left->right
  Direction: right->left
  Energy: -0.4810533968, Trunc err: 2.12e-08
Sweep 69, chi=16, cutoff=1e-08
  Direction: left->right
  Direction: right->left
  Energy: -0.4810533968, Trunc err: 2.19e-08
Sweep 70, chi=16, cutoff=1e-08
  Direction: left->right
  Direction: right->left
  Energy: -0.4810533968, Trunc err: 2.38e-08
Sweep 71, chi=16, cutoff=1e-08
  Direction: left->right
  Direction: right->left
  Energy: -0.4810533968, Trunc err: 2.38e-08
Sweep 72, chi=16, cutoff=1e-08
  Direction: left->right
  Direction: right->left
  Energy: -0.4810533968, Trunc err: 2.42e-08
Sweep 73, chi=16, cutoff=1e-08
  Direction: left->right
  Direction: right->left
  Energy: -0.4810533968, Trunc err: 2.40e-08
Sweep 74, chi=16, cutoff=1e-08
  Direction: left->right
  Direction: right->left
  Energy: -0.4810533968, Trunc err: 2.39e-08
Sweep 75, chi=16, cutoff=1e-08
  Direction: left->right
  Direction: right->left
  Energy: -0.4810533968, Trunc err: 2.38e-08
Sweep 76, chi=16, cutoff=1e-08
  Direction: left->right
  Direction: right->left
  Energy: -0.4810533968, Trunc err: 2.38e-08
Sweep 77, chi=16, cutoff=1e-08
  Direction: left->right
  Direction: right->left
  Energy: -0.4810533968, Trunc err: 2.39e-08
Sweep 78, chi=16, cutoff=1e-08
  Direction: left->right
  Direction: right->left
  Energy: -0.4810533968, Trunc err: 2.39e-08
Sweep 79, chi=16, cutoff=1e-08
  Direction: left->right
  Direction: right->left
  Energy: -0.4810533968, Trunc err: 2.39e-08
Sweep 80, chi=16, cutoff=1e-08
  Direction: left->right
  Direction: right->left
  Energy: -0.4810533968, Trunc err: 2.40e-08
Sweep 81, chi=16, cutoff=1e-08
  Direction: left->right
  Direction: right->left
  Energy: -0.4810533968, Trunc err: 2.41e-08
Sweep 82, chi=16, cutoff=1e-08
  Direction: left->right
  Direction: right->left
  Energy: -0.4810533968, Trunc err: 2.41e-08
Sweep 83, chi=16, cutoff=1e-08
  Direction: left->right
  Direction: right->left
  Energy: -0.4810533968, Trunc err: 2.41e-08
Sweep 84, chi=16, cutoff=1e-08
  Direction: left->right
  Direction: right->left
  Energy: -0.4810533968, Trunc err: 2.41e-08
Sweep 85, chi=16, cutoff=1e-08
  Direction: left->right
  Direction: right->left
  Energy: -0.4810533968, Trunc err: 2.42e-08
Sweep 86, chi=16, cutoff=1e-08
  Direction: left->right
  Direction: right->left
  Energy: -0.4810533968, Trunc err: 2.42e-08
Sweep 87, chi=16, cutoff=1e-08
  Direction: left->right
  Direction: right->left
  Energy: -0.4810533968, Trunc err: 2.42e-08
Sweep 88, chi=16, cutoff=1e-08
  Direction: left->right
  Direction: right->left
  Energy: -0.4810533968, Trunc err: 2.42e-08
Sweep 89, chi=16, cutoff=1e-08
  Direction: left->right
  Direction: right->left
  Energy: -0.4810533968, Trunc err: 2.42e-08
Sweep 90, chi=16, cutoff=1e-08
  Direction: left->right
  Direction: right->left
  Energy: -0.4810533968, Trunc err: 2.42e-08
Sweep 91, chi=16, cutoff=1e-08
  Direction: left->right
  Direction: right->left
  Energy: -0.4810533968, Trunc err: 2.42e-08
Sweep 92, chi=16, cutoff=1e-08
  Direction: left->right
  Direction: right->left
  Energy: -0.4810533968, Trunc err: 2.42e-08
Sweep 93, chi=16, cutoff=1e-08
  Direction: left->right
  Direction: right->left
  Energy: -0.4810533968, Trunc err: 2.42e-08
Sweep 94, chi=16, cutoff=1e-08
  Direction: left->right
  Direction: right->left
  Energy: -0.4810533968, Trunc err: 2.42e-08
Sweep 95, chi=16, cutoff=1e-08
  Direction: left->right
  Direction: right->left
  Energy: -0.4810533968, Trunc err: 2.42e-08
Sweep 96, chi=16, cutoff=1e-08
  Direction: left->right
  Direction: right->left
  Energy: -0.4810533968, Trunc err: 2.42e-08
Sweep 97, chi=16, cutoff=1e-08
  Direction: left->right
  Direction: right->left
  Energy: -0.4810533968, Trunc err: 2.42e-08
Sweep 98, chi=16, cutoff=1e-08
  Direction: left->right
  Direction: right->left
  Energy: -0.4810533968, Trunc err: 2.42e-08
Sweep 99, chi=16, cutoff=1e-08
  Direction: left->right
  Direction: right->left
  Energy: -0.4810533968, Trunc err: 2.42e-08
Sweep 100, chi=32, cutoff=1e-08
  Direction: left->right
  Direction: right->left
  Energy: -0.4810533968, Trunc err: 8.33e-09
Sweep 101, chi=32, cutoff=1e-08
  Direction: left->right
  Direction: right->left
  Energy: -0.4810533968, Trunc err: 8.27e-09
Sweep 102, chi=32, cutoff=1e-08
  Direction: left->right
  Direction: right->left
  Energy: -0.4810533968, Trunc err: 7.99e-09
Sweep 103, chi=32, cutoff=1e-08
  Direction: left->right
  Direction: right->left
  Energy: -0.4810533968, Trunc err: 8.06e-09
Sweep 104, chi=32, cutoff=1e-08
  Direction: left->right
  Direction: right->left
  Energy: -0.4810533968, Trunc err: 8.05e-09
Sweep 105, chi=32, cutoff=1e-08
  Direction: left->right
  Direction: right->left
  Energy: -0.4810533968, Trunc err: 8.04e-09
Sweep 106, chi=32, cutoff=1e-08
  Direction: left->right
  Direction: right->left
  Energy: -0.4810533968, Trunc err: 8.04e-09
Sweep 107, chi=32, cutoff=1e-08
  Direction: left->right
  Direction: right->left
  Energy: -0.4810533968, Trunc err: 8.04e-09
Sweep 108, chi=32, cutoff=1e-08
  Direction: left->right
  Direction: right->left
  Energy: -0.4810533968, Trunc err: 8.04e-09
Sweep 109, chi=32, cutoff=1e-08
  Direction: left->right
  Direction: right->left
  Energy: -0.4810533968, Trunc err: 8.05e-09
Sweep 110, chi=32, cutoff=1e-08
  Direction: left->right
  Direction: right->left
  Energy: -0.4810533968, Trunc err: 8.05e-09
Sweep 111, chi=32, cutoff=1e-08
  Direction: left->right
  Direction: right->left
  Energy: -0.4810533968, Trunc err: 8.05e-09
Sweep 112, chi=32, cutoff=1e-08
  Direction: left->right
  Direction: right->left
  Energy: -0.4810533968, Trunc err: 8.05e-09
Sweep 113, chi=32, cutoff=1e-08
  Direction: left->right
  Direction: right->left
  Energy: -0.4810533968, Trunc err: 8.06e-09
Sweep 114, chi=32, cutoff=1e-08
  Direction: left->right
  Direction: right->left
  Energy: -0.4810533968, Trunc err: 8.06e-09
Sweep 115, chi=32, cutoff=1e-08
  Direction: left->right
  Direction: right->left
  Energy: -0.4810533968, Trunc err: 8.06e-09
Sweep 116, chi=32, cutoff=1e-08
  Direction: left->right
  Direction: right->left
  Energy: -0.4810533968, Trunc err: 8.06e-09
Sweep 117, chi=32, cutoff=1e-08
  Direction: left->right
  Direction: right->left
  Energy: -0.4810533968, Trunc err: 8.06e-09
Sweep 118, chi=32, cutoff=1e-08
  Direction: left->right
  Direction: right->left
  Energy: -0.4810533968, Trunc err: 8.06e-09
Sweep 119, chi=32, cutoff=1e-08
  Direction: left->right
  Direction: right->left
  Energy: -0.4810533968, Trunc err: 8.06e-09
Sweep 120, chi=32, cutoff=1e-08
  Direction: left->right
  Direction: right->left
  Energy: -0.4810533968, Trunc err: 8.06e-09
Sweep 121, chi=32, cutoff=1e-08
  Direction: left->right
  Direction: right->left
  Energy: -0.4810533968, Trunc err: 8.06e-09
Sweep 122, chi=32, cutoff=1e-08
  Direction: left->right
  Direction: right->left
  Energy: -0.4810533968, Trunc err: 8.06e-09
Sweep 123, chi=32, cutoff=1e-08
  Direction: left->right
  Direction: right->left
  Energy: -0.4810533968, Trunc err: 8.06e-09
Sweep 124, chi=32, cutoff=1e-08
  Direction: left->right
  Direction: right->left
  Energy: -0.4810533968, Trunc err: 8.07e-09
Sweep 125, chi=32, cutoff=1e-08
  Direction: left->right
  Direction: right->left
  Energy: -0.4810533968, Trunc err: 8.07e-09
Sweep 126, chi=32, cutoff=1e-08
  Direction: left->right
  Direction: right->left
  Energy: -0.4810533968, Trunc err: 8.07e-09
Sweep 127, chi=32, cutoff=1e-08
  Direction: left->right
  Direction: right->left
  Energy: -0.4810533968, Trunc err: 8.07e-09
Sweep 128, chi=32, cutoff=1e-08
  Direction: left->right
  Direction: right->left
  Energy: -0.4810533968, Trunc err: 8.07e-09
Sweep 129, chi=32, cutoff=1e-08
  Direction: left->right
  Direction: right->left
  Energy: -0.4810533968, Trunc err: 8.07e-09
Sweep 130, chi=32, cutoff=1e-08
  Direction: left->right
  Direction: right->left
  Energy: -0.4810533968, Trunc err: 8.07e-09
Sweep 131, chi=32, cutoff=1e-08
  Direction: left->right
  Direction: right->left
  Energy: -0.4810533968, Trunc err: 8.07e-09
Sweep 132, chi=32, cutoff=1e-08
  Direction: left->right
  Direction: right->left
  Energy: -0.4810533968, Trunc err: 8.07e-09
Sweep 133, chi=32, cutoff=1e-08
  Direction: left->right
  Direction: right->left
  Energy: -0.4810533968, Trunc err: 8.07e-09
Sweep 134, chi=32, cutoff=1e-08
  Direction: left->right
  Direction: right->left
  Energy: -0.4810533968, Trunc err: 8.07e-09
Sweep 135, chi=32, cutoff=1e-08
  Direction: left->right
  Direction: right->left
  Energy: -0.4810533968, Trunc err: 8.07e-09
Sweep 136, chi=32, cutoff=1e-08
  Direction: left->right
  Direction: right->left
  Energy: -0.4810533968, Trunc err: 8.07e-09
Sweep 137, chi=32, cutoff=1e-08
  Direction: left->right
  Direction: right->left
  Energy: -0.4810533968, Trunc err: 8.07e-09
Sweep 138, chi=32, cutoff=1e-08
  Direction: left->right
  Direction: right->left
  Energy: -0.4810533968, Trunc err: 8.07e-09
Sweep 139, chi=32, cutoff=1e-08
  Direction: left->right
  Direction: right->left
  Energy: -0.4810533968, Trunc err: 8.07e-09
