           1.819e+00            6.349e-02            3.491e-02             3.14e-03
           1.819e+00            5.116e-02            2.813e-02             9.02e-03
           1.819e+00            1.767e-02            9.714e-03             7.28e-03
           1.819e+00            7.777e-03            4.276e-03             6.30e-03
           1.819e+00            3.383e-03            1.860e-03             8.93e-03
           1.819e+00            1.743e-03            9.586e-04             1.02e-02
           1.819e+00            8.067e-04            4.436e-04             1.29e-02
           1.819e+00            3.035e-04            1.669e-04             1.38e-02
           1.819e+00            1.656e-04            9.103e-05             1.63e-02
           1.819e+00            1.082e-04            5.952e-05             1.83e-02
           1.819e+00            7.993e-05            4.395e-05             2.00e-02
           1.819e+00            5.725e-05            3.148e-05             2.54e-02
           1.819e+00            2.007e-05            1.104e-05             3.13e-02
           1.819e+00            8.280e-06            4.553e-06             3.31e-02
           1.819e+00            6.293e-06            3.460e-06             3.85e-02
           1.819e+00            4.373e-06            2.405e-06             4.99e-02
           1.819e+00            1.094e-06            6.013e-07             5.37e-02
           1.819e+00            7.895e-07            4.341e-07             5.44e-02
           1.819e+00            4.530e-07            2.491e-07             5.65e-02
           1.819e+00            2.731e-07            1.501e-07             6.14e-02
           1.819e+00            1.660e-07            9.126e-08             8.12e-02
           1.819e+00            9.514e-08            5.231e-08             8.67e-02
           1.819e+00            6.725e-08            3.698e-08             9.12e-02
           1.819e+00            3.052e-08            1.678e-08             9.62e-02
           1.819e+00            1.691e-08            9.301e-09             1.07e-01
           1.819e+00            5.752e-02            3.163e-02             3.03e-03
           1.819e+00            2.985e-02            1.641e-02             3.75e-03
           1.819e+00            1.506e-02            8.281e-03             5.42e-03
           1.819e+00            8.374e-03            4.604e-03             6.80e-03
           1.819e+00            5.887e-03            3.237e-03             7.93e-03
           1.819e+00            1.625e-03            8.934e-04             8.86e-03
           1.819e+00            1.415e-03            7.782e-04             1.11e-02
           1.819e+00            3.679e-04            2.023e-04             1.36e-02
           1.819e+00            2.332e-04            1.282e-04             1.56e-02
           1.819e+00            1.210e-04            6.654e-05             1.65e-02
           1.819e+00            9.240e-05            5.080e-05             1.96e-02
           1.819e+00            5.639e-05            3.101e-05             2.31e-02
           1.819e+00            1.784e-05            9.808e-06             2.92e-02
           1.819e+00            9.096e-06            5.001e-06             3.00e-02
           1.819e+00            4.174e-06            2.295e-06             3.52e-02
           1.819e+00            2.198e-06            1.209e-06             5.82e-02
           1.819e+00            1.500e-06            8.245e-07             4.89e-02
           1.819e+00            7.493e-07            4.120e-07             5.66e-02
           1.819e+00            3.588e-07            1.973e-07             6.70e-02
           1.819e+00            2.270e-07            1.248e-07             6.83e-02
           1.819e+00            1.550e-07            8.522e-08             6.39e-02
           1.819e+00            1.287e-07            7.079e-08             6.90e-02
           1.819e+00            4.912e-08            2.701e-08             8.42e-02
           1.819e+00            3.584e-08            1.971e-08             9.18e-02
           1.819e+00            1.886e-08            1.037e-08             1.02e-01
           1.819e+00            1.794e-08            9.863e-09             1.12e-01
xmax = 20
xshift = -20
dx = 0.6349206349206349
len of Hint: 18
len of H: 18
Sweep 0, chi=2, cutoff=1e-08
  Direction: left->right
  Direction: right->left
  Energy: -0.1953296708, Trunc err: 1.01e+00
Sweep 1, chi=2, cutoff=1e-08
  Direction: left->right
  Direction: right->left
  Energy: -0.1973272487, Trunc err: 1.02e+00
Sweep 2, chi=2, cutoff=1e-08
  Direction: left->right
  Direction: right->left
  Energy: -0.1975340443, Trunc err: 1.03e+00
Sweep 3, chi=2, cutoff=1e-08
  Direction: left->right
  Direction: right->left
  Energy: -0.1968282903, Trunc err: 1.03e+00
Sweep 4, chi=2, cutoff=1e-08
  Direction: left->right
  Direction: right->left
  Energy: -0.1963291553, Trunc err: 1.03e+00
Sweep 5, chi=2, cutoff=1e-08
  Direction: left->right
  Direction: right->left
  Energy: -0.1975422904, Trunc err: 1.03e+00
Sweep 6, chi=2, cutoff=1e-08
  Direction: left->right
  Direction: right->left
  Energy: -0.1975836970, Trunc err: 1.03e+00
Sweep 7, chi=2, cutoff=1e-08
  Direction: left->right
  Direction: right->left
  Energy: -0.1962925122, Trunc err: 1.03e+00
Sweep 8, chi=2, cutoff=1e-08
  Direction: left->right
  Direction: right->left
  Energy: -0.1975501701, Trunc err: 1.03e+00
Sweep 9, chi=2, cutoff=1e-08
  Direction: left->right
  Direction: right->left
  Energy: -0.1962880786, Trunc err: 1.03e+00
Sweep 10, chi=4, cutoff=1e-08
  Direction: left->right
  Direction: right->left
  Energy: -0.2813004256, Trunc err: 1.12e+00
Sweep 11, chi=4, cutoff=1e-08
  Direction: left->right
  Direction: right->left
  Energy: -0.3955716332, Trunc err: 1.27e+00
Sweep 12, chi=4, cutoff=1e-08
  Direction: left->right
  Direction: right->left
  Energy: -0.5304487629, Trunc err: 1.39e+00
Sweep 13, chi=4, cutoff=1e-08
  Direction: left->right
  Direction: right->left
  Energy: -0.6941917739, Trunc err: 1.48e+00
Sweep 14, chi=4, cutoff=1e-08
  Direction: left->right
  Direction: right->left
  Energy: -0.8466794369, Trunc err: 1.56e+00
Sweep 15, chi=4, cutoff=1e-08
  Direction: left->right
  Direction: right->left
  Energy: -0.9038244057, Trunc err: 1.59e+00
Sweep 16, chi=4, cutoff=1e-08
  Direction: left->right
  Direction: right->left
  Energy: -0.9164971504, Trunc err: 1.61e+00
Sweep 17, chi=4, cutoff=1e-08
  Direction: left->right
  Direction: right->left
  Energy: -0.9183538070, Trunc err: 1.62e+00
Sweep 18, chi=4, cutoff=1e-08
  Direction: left->right
  Direction: right->left
  Energy: -0.9185931823, Trunc err: 1.62e+00
Sweep 19, chi=4, cutoff=1e-08
  Direction: left->right
  Direction: right->left
  Energy: -0.9186264096, Trunc err: 1.62e+00
Sweep 20, chi=4, cutoff=1e-08
  Direction: left->right
  Direction: right->left
  Energy: -0.9186323097, Trunc err: 1.62e+00
Sweep 21, chi=4, cutoff=1e-08
  Direction: left->right
  Direction: right->left
  Energy: -0.9186331560, Trunc err: 1.62e+00
Sweep 22, chi=4, cutoff=1e-08
  Direction: left->right
  Direction: right->left
  Energy: -0.9186334252, Trunc err: 1.62e+00
Sweep 23, chi=4, cutoff=1e-08
  Direction: left->right
  Direction: right->left
  Energy: -0.9186335003, Trunc err: 1.62e+00
Sweep 24, chi=4, cutoff=1e-08
  Direction: left->right
  Direction: right->left
  Energy: -0.9186335320, Trunc err: 1.62e+00
Sweep 25, chi=4, cutoff=1e-08
  Direction: left->right
  Direction: right->left
  Energy: -0.9186335518, Trunc err: 1.62e+00
Sweep 26, chi=4, cutoff=1e-08
  Direction: left->right
  Direction: right->left
  Energy: -0.9186335668, Trunc err: 1.62e+00
Sweep 27, chi=4, cutoff=1e-08
  Direction: left->right
  Direction: right->left
  Energy: -0.9186335791, Trunc err: 1.62e+00
Sweep 28, chi=4, cutoff=1e-08
  Direction: left->right
  Direction: right->left
  Energy: -0.9186335896, Trunc err: 1.62e+00
Sweep 29, chi=4, cutoff=1e-08
  Direction: left->right
  Direction: right->left
  Energy: -0.9186335987, Trunc err: 1.62e+00
Sweep 30, chi=4, cutoff=1e-08
  Direction: left->right
  Direction: right->left
  Energy: -0.9186336045, Trunc err: 1.62e+00
Sweep 31, chi=4, cutoff=1e-08
  Direction: left->right
  Direction: right->left
  Energy: -0.9186336141, Trunc err: 1.62e+00
Sweep 32, chi=4, cutoff=1e-08
  Direction: left->right
  Direction: right->left
  Energy: -0.9186336200, Trunc err: 1.62e+00
Sweep 33, chi=4, cutoff=1e-08
  Direction: left->right
  Direction: right->left
  Energy: -0.9186336259, Trunc err: 1.62e+00
Sweep 34, chi=4, cutoff=1e-08
  Direction: left->right
  Direction: right->left
  Energy: -0.9186336312, Trunc err: 1.62e+00
Sweep 35, chi=4, cutoff=1e-08
  Direction: left->right
  Direction: right->left
  Energy: -0.9186336359, Trunc err: 1.62e+00
Sweep 36, chi=4, cutoff=1e-08
  Direction: left->right
  Direction: right->left
  Energy: -0.9186336403, Trunc err: 1.62e+00
Sweep 37, chi=4, cutoff=1e-08
  Direction: left->right
  Direction: right->left
  Energy: -0.9186336443, Trunc err: 1.62e+00
Sweep 38, chi=4, cutoff=1e-08
  Direction: left->right
  Direction: right->left
  Energy: -0.9186336480, Trunc err: 1.62e+00
Sweep 39, chi=4, cutoff=1e-08
  Direction: left->right
  Direction: right->left
  Energy: -0.9186336514, Trunc err: 1.62e+00
Sweep 40, chi=4, cutoff=1e-08
  Direction: left->right
  Direction: right->left
  Energy: -0.9186336545, Trunc err: 1.62e+00
Sweep 41, chi=4, cutoff=1e-08
  Direction: left->right
  Direction: right->left
  Energy: -0.9186336574, Trunc err: 1.62e+00
Sweep 42, chi=4, cutoff=1e-08
  Direction: left->right
  Direction: right->left
  Energy: -0.9186336602, Trunc err: 1.62e+00
Sweep 43, chi=4, cutoff=1e-08
  Direction: left->right
  Direction: right->left
  Energy: -0.9186336627, Trunc err: 1.62e+00
Sweep 44, chi=4, cutoff=1e-08
  Direction: left->right
  Direction: right->left
  Energy: -0.9186336650, Trunc err: 1.62e+00
Sweep 45, chi=4, cutoff=1e-08
  Direction: left->right
  Direction: right->left
  Energy: -0.9186336673, Trunc err: 1.62e+00
Sweep 46, chi=4, cutoff=1e-08
  Direction: left->right
  Direction: right->left
  Energy: -0.9186336693, Trunc err: 1.62e+00
Sweep 47, chi=4, cutoff=1e-08
  Direction: left->right
  Direction: right->left
  Energy: -0.9186336713, Trunc err: 1.62e+00
Sweep 48, chi=4, cutoff=1e-08
  Direction: left->right
  Direction: right->left
  Energy: -0.9186336731, Trunc err: 1.62e+00
Sweep 49, chi=4, cutoff=1e-08
  Direction: left->right
  Direction: right->left
  Energy: -0.9186336748, Trunc err: 1.62e+00
Sweep 50, chi=8, cutoff=1e-08
  Direction: left->right
  Direction: right->left
  Energy: -0.9398224374, Trunc err: 1.66e+00
Sweep 51, chi=8, cutoff=1e-08
  Direction: left->right
  Direction: right->left
  Energy: -0.9419879282, Trunc err: 1.70e+00
Sweep 52, chi=8, cutoff=1e-08
  Direction: left->right
  Direction: right->left
  Energy: -0.9439822314, Trunc err: 1.70e+00
Sweep 53, chi=8, cutoff=1e-08
  Direction: left->right
  Direction: right->left
  Energy: -0.9440514651, Trunc err: 1.71e+00
Sweep 54, chi=8, cutoff=1e-08
  Direction: left->right
  Direction: right->left
  Energy: -0.9440639271, Trunc err: 1.71e+00
Sweep 55, chi=8, cutoff=1e-08
  Direction: left->right
  Direction: right->left
  Energy: -0.9440666873, Trunc err: 1.71e+00
Sweep 56, chi=8, cutoff=1e-08
  Direction: left->right
  Direction: right->left
  Energy: -0.9440673166, Trunc err: 1.71e+00
Sweep 57, chi=8, cutoff=1e-08
  Direction: left->right
  Direction: right->left
  Energy: -0.9440674613, Trunc err: 1.71e+00
Sweep 58, chi=8, cutoff=1e-08
  Direction: left->right
  Direction: right->left
  Energy: -0.9440674948, Trunc err: 1.71e+00
Sweep 59, chi=8, cutoff=1e-08
  Direction: left->right
  Direction: right->left
  Energy: -0.9440675026, Trunc err: 1.71e+00
Sweep 60, chi=8, cutoff=1e-08
  Direction: left->right
  Direction: right->left
  Energy: -0.9440675044, Trunc err: 1.71e+00
Sweep 61, chi=8, cutoff=1e-08
  Direction: left->right
  Direction: right->left
  Energy: -0.9440675048, Trunc err: 1.71e+00
Sweep 62, chi=8, cutoff=1e-08
  Direction: left->right
  Direction: right->left
  Energy: -0.9440675049, Trunc err: 1.71e+00
Sweep 63, chi=8, cutoff=1e-08
  Direction: left->right
  Direction: right->left
  Energy: -0.9440675050, Trunc err: 1.71e+00
Sweep 64, chi=8, cutoff=1e-08
  Direction: left->right
  Direction: right->left
  Energy: -0.9440675050, Trunc err: 1.71e+00
Sweep 65, chi=8, cutoff=1e-08
  Direction: left->right
  Direction: right->left
  Energy: -0.9440675050, Trunc err: 1.71e+00
Sweep 66, chi=8, cutoff=1e-08
  Direction: left->right
  Direction: right->left
  Energy: -0.9440675050, Trunc err: 1.71e+00
Sweep 67, chi=8, cutoff=1e-08
  Direction: left->right
  Direction: right->left
  Energy: -0.9440675050, Trunc err: 1.71e+00
Sweep 68, chi=8, cutoff=1e-08
  Direction: left->right
  Direction: right->left
  Energy: -0.9440675050, Trunc err: 1.71e+00
Sweep 69, chi=8, cutoff=1e-08
  Direction: left->right
  Direction: right->left
  Energy: -0.9440675050, Trunc err: 1.71e+00
Sweep 70, chi=8, cutoff=1e-08
  Direction: left->right
  Direction: right->left
  Energy: -0.9440675050, Trunc err: 1.71e+00
Sweep 71, chi=8, cutoff=1e-08
  Direction: left->right
  Direction: right->left
  Energy: -0.9440675050, Trunc err: 1.71e+00
Sweep 72, chi=8, cutoff=1e-08
  Direction: left->right
  Direction: right->left
  Energy: -0.9440675050, Trunc err: 1.71e+00
Sweep 73, chi=8, cutoff=1e-08
  Direction: left->right
  Direction: right->left
  Energy: -0.9440675050, Trunc err: 1.71e+00
Sweep 74, chi=8, cutoff=1e-08
  Direction: left->right
  Direction: right->left
  Energy: -0.9440675050, Trunc err: 1.71e+00
Sweep 75, chi=8, cutoff=1e-08
  Direction: left->right
  Direction: right->left
  Energy: -0.9440675050, Trunc err: 1.71e+00
Sweep 76, chi=8, cutoff=1e-08
  Direction: left->right
  Direction: right->left
  Energy: -0.9440675050, Trunc err: 1.71e+00
Sweep 77, chi=8, cutoff=1e-08
  Direction: left->right
  Direction: right->left
  Energy: -0.9440675050, Trunc err: 1.71e+00
Sweep 78, chi=8, cutoff=1e-08
  Direction: left->right
  Direction: right->left
  Energy: -0.9440675050, Trunc err: 1.71e+00
Sweep 79, chi=8, cutoff=1e-08
  Direction: left->right
  Direction: right->left
  Energy: -0.9440675050, Trunc err: 1.71e+00
Sweep 80, chi=8, cutoff=1e-08
  Direction: left->right
  Direction: right->left
  Energy: -0.9440675050, Trunc err: 1.71e+00
Sweep 81, chi=8, cutoff=1e-08
  Direction: left->right
  Direction: right->left
  Energy: -0.9440675050, Trunc err: 1.71e+00
Sweep 82, chi=8, cutoff=1e-08
  Direction: left->right
  Direction: right->left
  Energy: -0.9440675050, Trunc err: 1.71e+00
Sweep 83, chi=8, cutoff=1e-08
  Direction: left->right
  Direction: right->left
  Energy: -0.9440675050, Trunc err: 1.71e+00
Sweep 84, chi=8, cutoff=1e-08
  Direction: left->right
  Direction: right->left
  Energy: -0.9440675050, Trunc err: 1.71e+00
Sweep 85, chi=8, cutoff=1e-08
  Direction: left->right
  Direction: right->left
  Energy: -0.9440675050, Trunc err: 1.71e+00
Sweep 86, chi=8, cutoff=1e-08
  Direction: left->right
  Direction: right->left
  Energy: -0.9440675050, Trunc err: 1.71e+00
Sweep 87, chi=8, cutoff=1e-08
  Direction: left->right
  Direction: right->left
  Energy: -0.9440675050, Trunc err: 1.71e+00
Sweep 88, chi=8, cutoff=1e-08
  Direction: left->right
  Direction: right->left
  Energy: -0.9440675050, Trunc err: 1.71e+00
Sweep 89, chi=8, cutoff=1e-08
  Direction: left->right
  Direction: right->left
  Energy: -0.9440675050, Trunc err: 1.71e+00
Sweep 90, chi=8, cutoff=1e-08
  Direction: left->right
  Direction: right->left
  Energy: -0.9440675050, Trunc err: 1.71e+00
Sweep 91, chi=8, cutoff=1e-08
  Direction: left->right
  Direction: right->left
  Energy: -0.9440675050, Trunc err: 1.71e+00
Sweep 92, chi=8, cutoff=1e-08
  Direction: left->right
  Direction: right->left
  Energy: -0.9440675050, Trunc err: 1.71e+00
Sweep 93, chi=8, cutoff=1e-08
  Direction: left->right
  Direction: right->left
  Energy: -0.9440675050, Trunc err: 1.71e+00
Sweep 94, chi=8, cutoff=1e-08
  Direction: left->right
  Direction: right->left
  Energy: -0.9440675050, Trunc err: 1.71e+00
Sweep 95, chi=8, cutoff=1e-08
  Direction: left->right
  Direction: right->left
  Energy: -0.9440675050, Trunc err: 1.71e+00
Sweep 96, chi=8, cutoff=1e-08
  Direction: left->right
  Direction: right->left
  Energy: -0.9440675050, Trunc err: 1.71e+00
Sweep 97, chi=8, cutoff=1e-08
  Direction: left->right
  Direction: right->left
  Energy: -0.9440675050, Trunc err: 1.71e+00
Sweep 98, chi=8, cutoff=1e-08
  Direction: left->right
  Direction: right->left
  Energy: -0.9440675050, Trunc err: 1.71e+00
Sweep 99, chi=8, cutoff=1e-08
  Direction: left->right
  Direction: right->left
  Energy: -0.9440675050, Trunc err: 1.71e+00
Sweep 100, chi=16, cutoff=1e-08
  Direction: left->right
  Direction: right->left
  Energy: -0.9681654170, Trunc err: 1.77e+00
Sweep 101, chi=16, cutoff=1e-08
  Direction: left->right
  Direction: right->left
  Energy: -0.9685901693, Trunc err: 1.82e+00
Sweep 102, chi=16, cutoff=1e-08
  Direction: left->right
  Direction: right->left
  Energy: -0.9686284404, Trunc err: 1.82e+00
Sweep 103, chi=16, cutoff=1e-08
  Direction: left->right
  Direction: right->left
  Energy: -0.9686355507, Trunc err: 1.82e+00
Sweep 104, chi=16, cutoff=1e-08
  Direction: left->right
  Direction: right->left
  Energy: -0.9686372656, Trunc err: 1.82e+00
Sweep 105, chi=16, cutoff=1e-08
  Direction: left->right
  Direction: right->left
  Energy: -0.9686359727, Trunc err: 1.82e+00
Sweep 106, chi=16, cutoff=1e-08
  Direction: left->right
  Direction: right->left
  Energy: -0.9686332536, Trunc err: 1.82e+00
Sweep 107, chi=16, cutoff=1e-08
  Direction: left->right
  Direction: right->left
  Energy: -0.9686320222, Trunc err: 1.82e+00
Sweep 108, chi=16, cutoff=1e-08
  Direction: left->right
  Direction: right->left
  Energy: -0.9686317800, Trunc err: 1.82e+00
Sweep 109, chi=16, cutoff=1e-08
  Direction: left->right
  Direction: right->left
  Energy: -0.9686317536, Trunc err: 1.82e+00
Sweep 110, chi=16, cutoff=1e-08
  Direction: left->right
  Direction: right->left
  Energy: -0.9686317563, Trunc err: 1.82e+00
Sweep 111, chi=16, cutoff=1e-08
  Direction: left->right
  Direction: right->left
  Energy: -0.9686317598, Trunc err: 1.82e+00
Sweep 112, chi=16, cutoff=1e-08
  Direction: left->right
  Direction: right->left
  Energy: -0.9686317618, Trunc err: 1.82e+00
Sweep 113, chi=16, cutoff=1e-08
  Direction: left->right
  Direction: right->left
  Energy: -0.9686317628, Trunc err: 1.82e+00
Sweep 114, chi=16, cutoff=1e-08
  Direction: left->right
  Direction: right->left
  Energy: -0.9686317633, Trunc err: 1.82e+00
Sweep 115, chi=16, cutoff=1e-08
  Direction: left->right
  Direction: right->left
  Energy: -0.9686317635, Trunc err: 1.82e+00
Sweep 116, chi=16, cutoff=1e-08
  Direction: left->right
  Direction: right->left
  Energy: -0.9686317636, Trunc err: 1.82e+00
Sweep 117, chi=16, cutoff=1e-08
  Direction: left->right
  Direction: right->left
  Energy: -0.9686317635, Trunc err: 1.82e+00
Sweep 118, chi=16, cutoff=1e-08
  Direction: left->right
  Direction: right->left
  Energy: -0.9686317637, Trunc err: 1.82e+00
Sweep 119, chi=16, cutoff=1e-08
  Direction: left->right
  Direction: right->left
  Energy: -0.9686317636, Trunc err: 1.82e+00
Sweep 120, chi=32, cutoff=1e-08
  Direction: left->right
  Direction: right->left
  Energy: -0.9705521042, Trunc err: 1.84e+00
Sweep 121, chi=32, cutoff=1e-08
  Direction: left->right
  Direction: right->left
  Energy: -0.9706002803, Trunc err: 1.86e+00
Sweep 122, chi=32, cutoff=1e-08
  Direction: left->right
  Direction: right->left
  Energy: -0.9706044958, Trunc err: 1.86e+00
Sweep 123, chi=32, cutoff=1e-08
  Direction: left->right
  Direction: right->left
  Energy: -0.9706051594, Trunc err: 1.86e+00
Sweep 124, chi=32, cutoff=1e-08
  Direction: left->right
  Direction: right->left
  Energy: -0.9706053059, Trunc err: 1.86e+00
Sweep 125, chi=32, cutoff=1e-08
  Direction: left->right
  Direction: right->left
  Energy: -0.9706053468, Trunc err: 1.86e+00
Sweep 126, chi=32, cutoff=1e-08
  Direction: left->right
  Direction: right->left
  Energy: -0.9706053608, Trunc err: 1.86e+00
Sweep 127, chi=32, cutoff=1e-08
  Direction: left->right
  Direction: right->left
  Energy: -0.9706053663, Trunc err: 1.86e+00
Sweep 128, chi=32, cutoff=1e-08
  Direction: left->right
  Direction: right->left
  Energy: -0.9706053686, Trunc err: 1.86e+00
Sweep 129, chi=32, cutoff=1e-08
  Direction: left->right
  Direction: right->left
  Energy: -0.9706053696, Trunc err: 1.86e+00
