
>>> 启动第 1 批次任务：['R0.1', 'R0.2', 'R0.3', 'R0.4']
正在执行 R0.1/two_particles.py ...
正在执行 R0.2/two_particles.py ...
正在执行 R0.3/two_particles.py ...
正在执行 R0.4/two_particles.py ...
第 1 批次已完成

>>> 启动第 2 批次任务：['R0.5', 'R0.6', 'R0.7', 'R0.8']
正在执行 R0.5/two_particles.py ...
正在执行 R0.6/two_particles.py ...
正在执行 R0.7/two_particles.py ...
正在执行 R0.8/two_particles.py ...
第 2 批次已完成

>>> 启动第 3 批次任务：['R0.9', 'R1.0', 'R1.1', 'R1.2']
正在执行 R0.9/two_particles.py ...
正在执行 R1.0/two_particles.py ...
正在执行 R1.1/two_particles.py ...
正在执行 R1.2/two_particles.py ...
第 3 批次已完成

>>> 启动第 4 批次任务：['R1.3', 'R1.4', 'R1.5', 'R1.6']
正在执行 R1.3/two_particles.py ...
正在执行 R1.4/two_particles.py ...
正在执行 R1.5/two_particles.py ...
正在执行 R1.6/two_particles.py ...
第 4 批次已完成

>>> 启动第 5 批次任务：['R1.7', 'R1.8', 'R1.9', 'R10.0']
正在执行 R1.7/two_particles.py ...
正在执行 R1.8/two_particles.py ...
正在执行 R1.9/two_particles.py ...
正在执行 R10.0/two_particles.py ...
第 5 批次已完成

>>> 启动第 6 批次任务：['R2.0', 'R2.1', 'R2.2', 'R2.3']
正在执行 R2.0/two_particles.py ...
正在执行 R2.1/two_particles.py ...
正在执行 R2.2/two_particles.py ...
正在执行 R2.3/two_particles.py ...
第 6 批次已完成

>>> 启动第 7 批次任务：['R2.4', 'R2.5', 'R2.6', 'R2.7']
正在执行 R2.4/two_particles.py ...
正在执行 R2.5/two_particles.py ...
正在执行 R2.6/two_particles.py ...
正在执行 R2.7/two_particles.py ...
第 7 批次已完成

>>> 启动第 8 批次任务：['R2.8', 'R2.9', 'R3.0', 'R3.1']
正在执行 R2.8/two_particles.py ...
正在执行 R2.9/two_particles.py ...
正在执行 R3.0/two_particles.py ...
正在执行 R3.1/two_particles.py ...
第 8 批次已完成

>>> 启动第 9 批次任务：['R3.2', 'R3.3', 'R3.4', 'R3.5']
正在执行 R3.2/two_particles.py ...
正在执行 R3.3/two_particles.py ...
正在执行 R3.4/two_particles.py ...
正在执行 R3.5/two_particles.py ...
第 9 批次已完成

>>> 启动第 10 批次任务：['R3.6', 'R3.7', 'R3.8', 'R3.9']
正在执行 R3.6/two_particles.py ...
正在执行 R3.7/two_particles.py ...
正在执行 R3.8/two_particles.py ...
正在执行 R3.9/two_particles.py ...
第 10 批次已完成

>>> 启动第 11 批次任务：['R4.0', 'R4.1', 'R4.2', 'R4.3']
正在执行 R4.0/two_particles.py ...
正在执行 R4.1/two_particles.py ...
正在执行 R4.2/two_particles.py ...
正在执行 R4.3/two_particles.py ...
第 11 批次已完成

>>> 启动第 12 批次任务：['R4.4', 'R4.5', 'R4.6', 'R4.7']
正在执行 R4.4/two_particles.py ...
正在执行 R4.5/two_particles.py ...
正在执行 R4.6/two_particles.py ...
正在执行 R4.7/two_particles.py ...
第 12 批次已完成

>>> 启动第 13 批次任务：['R4.8', 'R4.9', 'R5.0', 'R5.2']
正在执行 R4.8/two_particles.py ...
正在执行 R4.9/two_particles.py ...
正在执行 R5.0/two_particles.py ...
正在执行 R5.2/two_particles.py ...
第 13 批次已完成

>>> 启动第 14 批次任务：['R5.6', 'R6.0', 'R6.4', 'R6.8']
正在执行 R5.6/two_particles.py ...
正在执行 R6.0/two_particles.py ...
正在执行 R6.4/two_particles.py ...
正在执行 R6.8/two_particles.py ...
第 14 批次已完成

>>> 启动第 15 批次任务：['R7.2', 'R7.6', 'R8.0', 'R8.4']
正在执行 R7.2/two_particles.py ...
正在执行 R7.6/two_particles.py ...
正在执行 R8.0/two_particles.py ...
正在执行 R8.4/two_particles.py ...
第 15 批次已完成

>>> 启动第 16 批次任务：['R8.8', 'R9.2', 'R9.6']
正在执行 R8.8/two_particles.py ...
正在执行 R9.2/two_particles.py ...
正在执行 R9.6/two_particles.py ...
第 16 批次已完成
code run 6.549246666895018 hr.

所有任务执行完毕 
