           7.332e+00            1.070e-01            1.460e-02             4.18e-03
           7.332e+00            1.360e-01            1.855e-02             1.77e-02
           7.332e+00            6.352e-02            8.663e-03             5.69e-02
           7.332e+00            4.434e-02            6.047e-03             7.24e-02
           7.332e+00            1.634e-02            2.228e-03             8.37e-02
           7.332e+00            7.614e-03            1.038e-03             7.75e-02
           7.332e+00            5.527e-03            7.538e-04             1.03e-01
           7.332e+00            2.797e-03            3.814e-04             1.34e-01
           7.332e+00            1.248e-03            1.702e-04             1.67e-01
           7.332e+00            8.175e-04            1.115e-04             1.96e-01
           7.332e+00            5.014e-04            6.839e-05             2.33e-01
           7.332e+00            4.092e-04            5.581e-05             3.09e-01
           7.332e+00            1.856e-04            2.531e-05             3.50e-01
           7.332e+00            9.091e-05            1.240e-05             3.66e-01
           7.332e+00            7.759e-05            1.058e-05             4.65e-01
           7.332e+00            2.960e-05            4.038e-06             3.38e-01
           7.332e+00            1.706e-05            2.327e-06             1.36e-01
           7.332e+00            9.159e-06            1.249e-06             1.74e-01
           7.332e+00            5.720e-06            7.801e-07             2.43e-01
           7.332e+00            3.975e-06            5.421e-07             2.19e-01
           7.332e+00            1.825e-06            2.490e-07             1.98e-01
           7.332e+00            1.377e-06            1.878e-07             4.33e-01
           7.332e+00            1.357e-06            1.850e-07             2.45e-01
           7.332e+00            6.956e-07            9.486e-08             2.83e-01
           7.332e+00            4.124e-07            5.624e-08             5.60e-01
           7.332e+00            2.787e-07            3.802e-08             3.50e-01
           7.332e+00            1.735e-07            2.366e-08             3.18e-01
           7.332e+00            1.219e-07            1.663e-08             3.65e-01
           7.332e+00            7.887e-08            1.076e-08             5.07e-01
           7.332e+00            5.247e-08            7.156e-09             5.92e-01
           7.332e+00            1.070e-01            1.460e-02             4.14e-03
           7.332e+00            1.220e-01            1.663e-02             1.41e-02
           7.332e+00            5.983e-02            8.160e-03             1.81e-02
           7.332e+00            3.436e-02            4.687e-03             2.17e-02
           7.332e+00            1.945e-02            2.653e-03             2.37e-02
           7.332e+00            9.152e-03            1.248e-03             2.92e-02
           7.332e+00            5.229e-03            7.131e-04             3.53e-02
           7.332e+00            2.562e-03            3.494e-04             3.85e-02
           7.332e+00            1.670e-03            2.278e-04             5.13e-02
           7.332e+00            6.795e-04            9.267e-05             5.35e-02
           7.332e+00            4.501e-04            6.138e-05             7.28e-02
           7.332e+00            2.977e-04            4.061e-05             1.52e-01
           7.332e+00            1.880e-04            2.565e-05             1.11e-01
           7.332e+00            9.774e-05            1.333e-05             9.44e-02
           7.332e+00            5.276e-05            7.195e-06             1.09e-01
           7.332e+00            3.337e-05            4.552e-06             6.92e-01
           7.332e+00            1.564e-05            2.133e-06             7.81e-01
           7.332e+00            1.003e-05            1.368e-06             9.84e-01
           7.332e+00            7.705e-06            1.051e-06             8.14e-01
           7.332e+00            4.064e-06            5.542e-07             1.28e+00
           7.332e+00            2.527e-06            3.446e-07             1.47e+00
           7.332e+00            1.759e-06            2.398e-07             1.90e+00
           7.332e+00            9.762e-07            1.331e-07             2.09e+00
           7.332e+00            5.782e-07            7.886e-08             1.70e+00
           7.332e+00            3.828e-07            5.221e-08             1.90e+00
           7.332e+00            2.314e-07            3.156e-08             2.24e+00
           7.332e+00            1.803e-07            2.459e-08             1.91e+00
           7.332e+00            8.551e-08            1.166e-08             2.64e+00
           7.332e+00            8.008e-08            1.092e-08             2.62e+00
           7.332e+00            5.104e-08            6.961e-09             2.83e+00
           7.332e+00            8.610e-01            1.174e-01             1.10e-02
           7.332e+00            9.823e-01            1.340e-01             9.05e-02
           7.332e+00            9.823e-01            1.340e-01             1.07e-01
           7.332e+00            9.823e-01            1.340e-01             8.95e-02
           7.332e+00            8.632e-01            1.177e-01             1.25e-01
           7.332e+00            7.318e-01            9.981e-02             1.73e-01
           7.332e+00            3.751e-01            5.116e-02             3.94e-01
           7.332e+00            8.431e-02            1.150e-02             7.44e-01
           7.332e+00            9.060e-02            1.236e-02             8.50e-01
           7.332e+00            3.579e-02            4.881e-03             1.12e+00
           7.332e+00            5.462e-02            7.450e-03             1.15e+00
           7.332e+00            2.820e-02            3.847e-03             1.16e+00
           7.332e+00            2.895e-02            3.949e-03             1.59e+00
           7.332e+00            1.757e-02            2.396e-03             1.97e+00
           7.332e+00            1.335e-02            1.820e-03             2.20e+00
           7.332e+00            1.062e-02            1.449e-03             2.44e+00
           7.332e+00            5.374e-03            7.330e-04             3.34e+00
           7.332e+00            4.304e-03            5.870e-04             3.78e+00
           7.332e+00            2.485e-03            3.389e-04             4.80e+00
           7.332e+00            1.644e-03            2.242e-04             4.88e+00
           7.332e+00            1.381e-03            1.883e-04             6.15e+00
           7.332e+00            1.163e-03            1.586e-04             7.45e+00
           7.332e+00            7.157e-04            9.761e-05             8.77e+00
           7.332e+00            5.309e-04            7.241e-05             6.28e+00
           7.332e+00            2.202e-04            3.004e-05             5.48e+00
           7.332e+00            2.022e-04            2.758e-05             7.34e+00
           7.332e+00            1.627e-04            2.219e-05             9.18e+00
           7.332e+00            1.003e-04            1.367e-05             9.25e+00
           7.332e+00            1.054e-04            1.437e-05             1.12e+01
           7.332e+00            8.068e-05            1.100e-05             1.07e+01
           7.332e+00            5.368e-05            7.321e-06             1.34e+01
           7.332e+00            5.026e-05            6.855e-06             7.48e+00
           7.332e+00            2.365e-05            3.225e-06             1.63e+01
           7.332e+00            1.508e-05            2.057e-06             1.84e+01
           7.332e+00            1.060e-05            1.445e-06             1.85e+01
           7.332e+00            1.204e-05            1.643e-06             1.90e+01
           7.332e+00            5.307e-06            7.237e-07             2.16e+01
           7.332e+00            4.716e-06            6.432e-07             1.80e+01
           7.332e+00            3.369e-06            4.594e-07             2.52e+01
           7.332e+00            2.498e-06            3.407e-07             2.47e+01
xmax = 10
xshift = -10
dx = 0.15748031496062992
len of Hint: 21
len of H: 21
Sweep 0, chi=2, cutoff=1e-08
  Direction: left->right
  Direction: right->left
  Energy: -0.3533872439, Trunc err: 1.01e+00
Sweep 1, chi=2, cutoff=1e-08
  Direction: left->right
  Direction: right->left
  Energy: -0.3751385154, Trunc err: 1.01e+00
Sweep 2, chi=2, cutoff=1e-08
  Direction: left->right
  Direction: right->left
  Energy: -0.3778772124, Trunc err: 1.01e+00
Sweep 3, chi=2, cutoff=1e-08
  Direction: left->right
  Direction: right->left
  Energy: -0.3806054208, Trunc err: 1.01e+00
Sweep 4, chi=2, cutoff=1e-08
  Direction: left->right
  Direction: right->left
  Energy: -0.3809425101, Trunc err: 1.01e+00
Sweep 5, chi=2, cutoff=1e-08
  Direction: left->right
  Direction: right->left
  Energy: -0.3810445221, Trunc err: 1.01e+00
Sweep 6, chi=2, cutoff=1e-08
  Direction: left->right
  Direction: right->left
  Energy: -0.3810753159, Trunc err: 1.01e+00
Sweep 7, chi=2, cutoff=1e-08
  Direction: left->right
  Direction: right->left
  Energy: -0.3810872505, Trunc err: 1.01e+00
Sweep 8, chi=2, cutoff=1e-08
  Direction: left->right
  Direction: right->left
  Energy: -0.3810883604, Trunc err: 1.01e+00
Sweep 9, chi=2, cutoff=1e-08
  Direction: left->right
  Direction: right->left
  Energy: -0.3810894541, Trunc err: 1.01e+00
Sweep 10, chi=4, cutoff=1e-08
  Direction: left->right
  Direction: right->left
  Energy: -0.4040741723, Trunc err: 1.02e+00
Sweep 11, chi=4, cutoff=1e-08
  Direction: left->right
  Direction: right->left
  Energy: -0.4290765608, Trunc err: 1.05e+00
Sweep 12, chi=4, cutoff=1e-08
  Direction: left->right
  Direction: right->left
  Energy: -0.4657052210, Trunc err: 1.08e+00
Sweep 13, chi=4, cutoff=1e-08
  Direction: left->right
  Direction: right->left
  Energy: -0.5501978259, Trunc err: 1.13e+00
Sweep 14, chi=4, cutoff=1e-08
  Direction: left->right
  Direction: right->left
  Energy: -0.6220150740, Trunc err: 1.20e+00
Sweep 15, chi=4, cutoff=1e-08
  Direction: left->right
  Direction: right->left
  Energy: -0.6705987041, Trunc err: 1.23e+00
Sweep 16, chi=4, cutoff=1e-08
  Direction: left->right
  Direction: right->left
  Energy: -0.7108856321, Trunc err: 1.25e+00
Sweep 17, chi=4, cutoff=1e-08
  Direction: left->right
  Direction: right->left
  Energy: -0.7447069881, Trunc err: 1.26e+00
Sweep 18, chi=4, cutoff=1e-08
  Direction: left->right
  Direction: right->left
  Energy: -0.7759177138, Trunc err: 1.28e+00
Sweep 19, chi=4, cutoff=1e-08
  Direction: left->right
  Direction: right->left
  Energy: -0.8075970616, Trunc err: 1.29e+00
Sweep 20, chi=4, cutoff=1e-08
  Direction: left->right
  Direction: right->left
  Energy: -0.8430602387, Trunc err: 1.31e+00
Sweep 21, chi=4, cutoff=1e-08
  Direction: left->right
  Direction: right->left
  Energy: -0.8726563074, Trunc err: 1.32e+00
Sweep 22, chi=4, cutoff=1e-08
  Direction: left->right
  Direction: right->left
  Energy: -0.8991179536, Trunc err: 1.33e+00
Sweep 23, chi=4, cutoff=1e-08
  Direction: left->right
  Direction: right->left
  Energy: -0.9244916877, Trunc err: 1.35e+00
Sweep 24, chi=4, cutoff=1e-08
  Direction: left->right
  Direction: right->left
  Energy: -0.9489099551, Trunc err: 1.36e+00
Sweep 25, chi=4, cutoff=1e-08
  Direction: left->right
  Direction: right->left
  Energy: -0.9718187464, Trunc err: 1.37e+00
Sweep 26, chi=4, cutoff=1e-08
  Direction: left->right
  Direction: right->left
  Energy: -0.9928526841, Trunc err: 1.38e+00
Sweep 27, chi=4, cutoff=1e-08
  Direction: left->right
  Direction: right->left
  Energy: -1.0110979764, Trunc err: 1.39e+00
Sweep 28, chi=4, cutoff=1e-08
  Direction: left->right
  Direction: right->left
  Energy: -1.0256697949, Trunc err: 1.40e+00
Sweep 29, chi=4, cutoff=1e-08
  Direction: left->right
  Direction: right->left
  Energy: -1.0368920161, Trunc err: 1.41e+00
Sweep 30, chi=4, cutoff=1e-08
  Direction: left->right
  Direction: right->left
  Energy: -1.0458488189, Trunc err: 1.41e+00
Sweep 31, chi=4, cutoff=1e-08
  Direction: left->right
  Direction: right->left
  Energy: -1.0532496896, Trunc err: 1.42e+00
Sweep 32, chi=4, cutoff=1e-08
  Direction: left->right
  Direction: right->left
  Energy: -1.0588344461, Trunc err: 1.42e+00
Sweep 33, chi=4, cutoff=1e-08
  Direction: left->right
  Direction: right->left
  Energy: -1.0631234283, Trunc err: 1.42e+00
Sweep 34, chi=4, cutoff=1e-08
  Direction: left->right
  Direction: right->left
  Energy: -1.0664949839, Trunc err: 1.43e+00
Sweep 35, chi=4, cutoff=1e-08
  Direction: left->right
  Direction: right->left
  Energy: -1.0691470061, Trunc err: 1.43e+00
Sweep 36, chi=4, cutoff=1e-08
  Direction: left->right
  Direction: right->left
  Energy: -1.0712098603, Trunc err: 1.43e+00
Sweep 37, chi=4, cutoff=1e-08
  Direction: left->right
  Direction: right->left
  Energy: -1.0728314742, Trunc err: 1.43e+00
Sweep 38, chi=4, cutoff=1e-08
  Direction: left->right
  Direction: right->left
  Energy: -1.0740924510, Trunc err: 1.44e+00
Sweep 39, chi=4, cutoff=1e-08
  Direction: left->right
  Direction: right->left
  Energy: -1.0750939121, Trunc err: 1.44e+00
Sweep 40, chi=4, cutoff=1e-08
  Direction: left->right
  Direction: right->left
  Energy: -1.0758802106, Trunc err: 1.44e+00
Sweep 41, chi=4, cutoff=1e-08
  Direction: left->right
  Direction: right->left
  Energy: -1.0765079170, Trunc err: 1.44e+00
Sweep 42, chi=4, cutoff=1e-08
  Direction: left->right
  Direction: right->left
  Energy: -1.0770071230, Trunc err: 1.44e+00
Sweep 43, chi=4, cutoff=1e-08
  Direction: left->right
  Direction: right->left
  Energy: -1.0774068171, Trunc err: 1.44e+00
Sweep 44, chi=4, cutoff=1e-08
  Direction: left->right
  Direction: right->left
  Energy: -1.0777275966, Trunc err: 1.44e+00
Sweep 45, chi=4, cutoff=1e-08
  Direction: left->right
  Direction: right->left
  Energy: -1.0779858750, Trunc err: 1.44e+00
Sweep 46, chi=4, cutoff=1e-08
  Direction: left->right
  Direction: right->left
  Energy: -1.0781941958, Trunc err: 1.44e+00
Sweep 47, chi=4, cutoff=1e-08
  Direction: left->right
  Direction: right->left
  Energy: -1.0783623729, Trunc err: 1.44e+00
Sweep 48, chi=4, cutoff=1e-08
  Direction: left->right
  Direction: right->left
  Energy: -1.0784985487, Trunc err: 1.44e+00
Sweep 49, chi=4, cutoff=1e-08
  Direction: left->right
  Direction: right->left
  Energy: -1.0786089197, Trunc err: 1.44e+00
Sweep 50, chi=8, cutoff=1e-08
  Direction: left->right
  Direction: right->left
  Energy: -1.1301946382, Trunc err: 1.46e+00
Sweep 51, chi=8, cutoff=1e-08
  Direction: left->right
  Direction: right->left
  Energy: -1.1462724514, Trunc err: 1.48e+00
Sweep 52, chi=8, cutoff=1e-08
  Direction: left->right
  Direction: right->left
  Energy: -1.1518590008, Trunc err: 1.50e+00
Sweep 53, chi=8, cutoff=1e-08
  Direction: left->right
  Direction: right->left
  Energy: -1.1544059241, Trunc err: 1.51e+00
Sweep 54, chi=8, cutoff=1e-08
  Direction: left->right
  Direction: right->left
  Energy: -1.1558489732, Trunc err: 1.51e+00
Sweep 55, chi=8, cutoff=1e-08
  Direction: left->right
  Direction: right->left
  Energy: -1.1567879525, Trunc err: 1.51e+00
Sweep 56, chi=8, cutoff=1e-08
  Direction: left->right
  Direction: right->left
  Energy: -1.1594700105, Trunc err: 1.52e+00
Sweep 57, chi=8, cutoff=1e-08
  Direction: left->right
  Direction: right->left
  Energy: -1.1601462557, Trunc err: 1.52e+00
Sweep 58, chi=8, cutoff=1e-08
  Direction: left->right
  Direction: right->left
  Energy: -1.1605481975, Trunc err: 1.52e+00
Sweep 59, chi=8, cutoff=1e-08
  Direction: left->right
  Direction: right->left
  Energy: -1.1608436444, Trunc err: 1.52e+00
Sweep 60, chi=8, cutoff=1e-08
  Direction: left->right
  Direction: right->left
  Energy: -1.1610677481, Trunc err: 1.52e+00
Sweep 61, chi=8, cutoff=1e-08
  Direction: left->right
  Direction: right->left
  Energy: -1.1612466066, Trunc err: 1.52e+00
Sweep 62, chi=8, cutoff=1e-08
  Direction: left->right
  Direction: right->left
  Energy: -1.1613911572, Trunc err: 1.52e+00
Sweep 63, chi=8, cutoff=1e-08
  Direction: left->right
  Direction: right->left
  Energy: -1.1615098451, Trunc err: 1.52e+00
Sweep 64, chi=8, cutoff=1e-08
  Direction: left->right
  Direction: right->left
  Energy: -1.1616078911, Trunc err: 1.52e+00
Sweep 65, chi=8, cutoff=1e-08
  Direction: left->right
  Direction: right->left
  Energy: -1.1616884994, Trunc err: 1.52e+00
Sweep 66, chi=8, cutoff=1e-08
  Direction: left->right
  Direction: right->left
  Energy: -1.1617555386, Trunc err: 1.52e+00
Sweep 67, chi=8, cutoff=1e-08
  Direction: left->right
  Direction: right->left
  Energy: -1.1618114107, Trunc err: 1.52e+00
Sweep 68, chi=8, cutoff=1e-08
  Direction: left->right
  Direction: right->left
  Energy: -1.1618581764, Trunc err: 1.53e+00
Sweep 69, chi=8, cutoff=1e-08
  Direction: left->right
  Direction: right->left
  Energy: -1.1618971973, Trunc err: 1.53e+00
Sweep 70, chi=8, cutoff=1e-08
  Direction: left->right
  Direction: right->left
  Energy: -1.1619301939, Trunc err: 1.53e+00
Sweep 71, chi=8, cutoff=1e-08
  Direction: left->right
  Direction: right->left
  Energy: -1.1619576313, Trunc err: 1.53e+00
Sweep 72, chi=8, cutoff=1e-08
  Direction: left->right
  Direction: right->left
  Energy: -1.1619789053, Trunc err: 1.53e+00
Sweep 73, chi=8, cutoff=1e-08
  Direction: left->right
  Direction: right->left
  Energy: -1.1619995598, Trunc err: 1.53e+00
Sweep 74, chi=8, cutoff=1e-08
  Direction: left->right
  Direction: right->left
  Energy: -1.1620152199, Trunc err: 1.53e+00
Sweep 75, chi=8, cutoff=1e-08
  Direction: left->right
  Direction: right->left
  Energy: -1.1620295507, Trunc err: 1.53e+00
Sweep 76, chi=8, cutoff=1e-08
  Direction: left->right
  Direction: right->left
  Energy: -1.1620374340, Trunc err: 1.53e+00
Sweep 77, chi=8, cutoff=1e-08
  Direction: left->right
  Direction: right->left
  Energy: -1.1620505477, Trunc err: 1.53e+00
Sweep 78, chi=8, cutoff=1e-08
  Direction: left->right
  Direction: right->left
  Energy: -1.1620591890, Trunc err: 1.53e+00
Sweep 79, chi=8, cutoff=1e-08
  Direction: left->right
  Direction: right->left
  Energy: -1.1620655917, Trunc err: 1.53e+00
Sweep 80, chi=8, cutoff=1e-08
  Direction: left->right
  Direction: right->left
  Energy: -1.1620720230, Trunc err: 1.53e+00
Sweep 81, chi=8, cutoff=1e-08
  Direction: left->right
  Direction: right->left
  Energy: -1.1620769296, Trunc err: 1.53e+00
Sweep 82, chi=8, cutoff=1e-08
  Direction: left->right
  Direction: right->left
  Energy: -1.1620809770, Trunc err: 1.53e+00
Sweep 83, chi=8, cutoff=1e-08
  Direction: left->right
  Direction: right->left
  Energy: -1.1620831356, Trunc err: 1.53e+00
Sweep 84, chi=8, cutoff=1e-08
  Direction: left->right
  Direction: right->left
  Energy: -1.1620802641, Trunc err: 1.53e+00
Sweep 85, chi=8, cutoff=1e-08
  Direction: left->right
  Direction: right->left
  Energy: -1.1620729377, Trunc err: 1.53e+00
Sweep 86, chi=8, cutoff=1e-08
  Direction: left->right
  Direction: right->left
  Energy: -1.1620775733, Trunc err: 1.53e+00
Sweep 87, chi=8, cutoff=1e-08
  Direction: left->right
  Direction: right->left
  Energy: -1.1620794855, Trunc err: 1.53e+00
Sweep 88, chi=8, cutoff=1e-08
  Direction: left->right
  Direction: right->left
  Energy: -1.1620803315, Trunc err: 1.53e+00
Sweep 89, chi=8, cutoff=1e-08
  Direction: left->right
  Direction: right->left
  Energy: -1.1620815604, Trunc err: 1.53e+00
Sweep 90, chi=8, cutoff=1e-08
  Direction: left->right
  Direction: right->left
  Energy: -1.1620821821, Trunc err: 1.53e+00
Sweep 91, chi=8, cutoff=1e-08
  Direction: left->right
  Direction: right->left
  Energy: -1.1620843351, Trunc err: 1.53e+00
Sweep 92, chi=8, cutoff=1e-08
  Direction: left->right
  Direction: right->left
  Energy: -1.1620882880, Trunc err: 1.53e+00
Sweep 93, chi=8, cutoff=1e-08
  Direction: left->right
  Direction: right->left
  Energy: -1.1620907361, Trunc err: 1.53e+00
Sweep 94, chi=8, cutoff=1e-08
  Direction: left->right
  Direction: right->left
  Energy: -1.1620924961, Trunc err: 1.53e+00
Sweep 95, chi=8, cutoff=1e-08
  Direction: left->right
  Direction: right->left
  Energy: -1.1620944102, Trunc err: 1.53e+00
Sweep 96, chi=8, cutoff=1e-08
  Direction: left->right
  Direction: right->left
  Energy: -1.1620957141, Trunc err: 1.53e+00
Sweep 97, chi=8, cutoff=1e-08
  Direction: left->right
  Direction: right->left
  Energy: -1.1620962684, Trunc err: 1.53e+00
Sweep 98, chi=8, cutoff=1e-08
  Direction: left->right
  Direction: right->left
  Energy: -1.1620965760, Trunc err: 1.53e+00
Sweep 99, chi=8, cutoff=1e-08
  Direction: left->right
  Direction: right->left
  Energy: -1.1620967896, Trunc err: 1.53e+00
Sweep 100, chi=16, cutoff=1e-08
  Direction: left->right
  Direction: right->left
  Energy: -1.2174556486, Trunc err: 1.56e+00
Sweep 101, chi=16, cutoff=1e-08
  Direction: left->right
  Direction: right->left
  Energy: -1.2333400263, Trunc err: 1.63e+00
Sweep 102, chi=16, cutoff=1e-08
  Direction: left->right
  Direction: right->left
  Energy: -1.2372472900, Trunc err: 1.66e+00
Sweep 103, chi=16, cutoff=1e-08
  Direction: left->right
  Direction: right->left
  Energy: -1.2381898187, Trunc err: 1.67e+00
Sweep 104, chi=16, cutoff=1e-08
  Direction: left->right
  Direction: right->left
  Energy: -1.2385546719, Trunc err: 1.68e+00
Sweep 105, chi=16, cutoff=1e-08
  Direction: left->right
  Direction: right->left
  Energy: -1.2387324471, Trunc err: 1.68e+00
Sweep 106, chi=16, cutoff=1e-08
  Direction: left->right
  Direction: right->left
  Energy: -1.2388316324, Trunc err: 1.68e+00
Sweep 107, chi=16, cutoff=1e-08
  Direction: left->right
  Direction: right->left
  Energy: -1.2388921488, Trunc err: 1.68e+00
Sweep 108, chi=16, cutoff=1e-08
  Direction: left->right
  Direction: right->left
  Energy: -1.2389319633, Trunc err: 1.68e+00
Sweep 109, chi=16, cutoff=1e-08
  Direction: left->right
  Direction: right->left
  Energy: -1.2389583427, Trunc err: 1.68e+00
Sweep 110, chi=16, cutoff=1e-08
  Direction: left->right
  Direction: right->left
  Energy: -1.2389760574, Trunc err: 1.68e+00
Sweep 111, chi=16, cutoff=1e-08
  Direction: left->right
  Direction: right->left
  Energy: -1.2389881565, Trunc err: 1.68e+00
Sweep 112, chi=16, cutoff=1e-08
  Direction: left->right
  Direction: right->left
  Energy: -1.2389964616, Trunc err: 1.68e+00
Sweep 113, chi=16, cutoff=1e-08
  Direction: left->right
  Direction: right->left
  Energy: -1.2390020283, Trunc err: 1.68e+00
Sweep 114, chi=16, cutoff=1e-08
  Direction: left->right
  Direction: right->left
  Energy: -1.2390067818, Trunc err: 1.68e+00
Sweep 115, chi=16, cutoff=1e-08
  Direction: left->right
  Direction: right->left
  Energy: -1.2390152294, Trunc err: 1.68e+00
Sweep 116, chi=16, cutoff=1e-08
  Direction: left->right
  Direction: right->left
  Energy: -1.2390319310, Trunc err: 1.68e+00
Sweep 117, chi=16, cutoff=1e-08
  Direction: left->right
  Direction: right->left
  Energy: -1.2390420203, Trunc err: 1.68e+00
Sweep 118, chi=16, cutoff=1e-08
  Direction: left->right
  Direction: right->left
  Energy: -1.2390460154, Trunc err: 1.68e+00
Sweep 119, chi=16, cutoff=1e-08
  Direction: left->right
  Direction: right->left
  Energy: -1.2390519029, Trunc err: 1.68e+00
Sweep 120, chi=32, cutoff=1e-08
  Direction: left->right
  Direction: right->left
  Energy: -1.2492045788, Trunc err: 1.70e+00
Sweep 121, chi=32, cutoff=1e-08
  Direction: left->right
  Direction: right->left
  Energy: -1.2504630772, Trunc err: 1.72e+00
Sweep 122, chi=32, cutoff=1e-08
  Direction: left->right
  Direction: right->left
  Energy: -1.2508606579, Trunc err: 1.73e+00
Sweep 123, chi=32, cutoff=1e-08
  Direction: left->right
  Direction: right->left
  Energy: -1.2510336476, Trunc err: 1.74e+00
Sweep 124, chi=32, cutoff=1e-08
  Direction: left->right
  Direction: right->left
  Energy: -1.2511276121, Trunc err: 1.74e+00
Sweep 125, chi=32, cutoff=1e-08
  Direction: left->right
  Direction: right->left
  Energy: -1.2511872012, Trunc err: 1.75e+00
Sweep 126, chi=32, cutoff=1e-08
  Direction: left->right
  Direction: right->left
  Energy: -1.2512263018, Trunc err: 1.75e+00
Sweep 127, chi=32, cutoff=1e-08
  Direction: left->right
  Direction: right->left
  Energy: -1.2512513200, Trunc err: 1.75e+00
Sweep 128, chi=32, cutoff=1e-08
  Direction: left->right
  Direction: right->left
  Energy: -1.2512675375, Trunc err: 1.75e+00
Sweep 129, chi=32, cutoff=1e-08
  Direction: left->right
  Direction: right->left
  Energy: -1.2512786937, Trunc err: 1.75e+00
Sweep 0, chi=2, cutoff=1e-08
  Direction: left->right
  Direction: right->left
  Energy: -0.7440109822, Trunc err: 5.81e-03
Sweep 1, chi=2, cutoff=1e-08
  Direction: left->right
  Direction: right->left
  Energy: -0.7440662510, Trunc err: 1.16e-02
Sweep 2, chi=2, cutoff=1e-08
  Direction: left->right
  Direction: right->left
  Energy: -0.7440662603, Trunc err: 1.16e-02
Sweep 3, chi=2, cutoff=1e-08
  Direction: left->right
  Direction: right->left
  Energy: -0.7440662603, Trunc err: 1.16e-02
Sweep 4, chi=2, cutoff=1e-08
  Direction: left->right
  Direction: right->left
  Energy: -0.7440662603, Trunc err: 1.16e-02
Sweep 5, chi=2, cutoff=1e-08
  Direction: left->right
  Direction: right->left
  Energy: -0.7440662603, Trunc err: 1.16e-02
Sweep 6, chi=2, cutoff=1e-08
  Direction: left->right
  Direction: right->left
  Energy: -0.7440662603, Trunc err: 1.16e-02
Sweep 7, chi=2, cutoff=1e-08
  Direction: left->right
  Direction: right->left
  Energy: -0.7440662603, Trunc err: 1.16e-02
Sweep 8, chi=2, cutoff=1e-08
  Direction: left->right
  Direction: right->left
  Energy: -0.7440662603, Trunc err: 1.16e-02
Sweep 9, chi=2, cutoff=1e-08
  Direction: left->right
  Direction: right->left
  Energy: -0.7440662603, Trunc err: 1.16e-02
Sweep 10, chi=4, cutoff=1e-08
  Direction: left->right
  Direction: right->left
  Energy: -0.7599795031, Trunc err: 2.13e-03
Sweep 11, chi=4, cutoff=1e-08
  Direction: left->right
  Direction: right->left
  Energy: -0.7601027692, Trunc err: 4.69e-03
Sweep 12, chi=4, cutoff=1e-08
  Direction: left->right
  Direction: right->left
  Energy: -0.7601027709, Trunc err: 4.70e-03
Sweep 13, chi=4, cutoff=1e-08
  Direction: left->right
  Direction: right->left
  Energy: -0.7601027709, Trunc err: 4.70e-03
Sweep 14, chi=4, cutoff=1e-08
  Direction: left->right
  Direction: right->left
  Energy: -0.7601027709, Trunc err: 4.70e-03
Sweep 15, chi=4, cutoff=1e-08
  Direction: left->right
  Direction: right->left
  Energy: -0.7601027709, Trunc err: 4.70e-03
Sweep 16, chi=4, cutoff=1e-08
  Direction: left->right
  Direction: right->left
  Energy: -0.7601027709, Trunc err: 4.70e-03
Sweep 17, chi=4, cutoff=1e-08
  Direction: left->right
  Direction: right->left
  Energy: -0.7601027709, Trunc err: 4.70e-03
Sweep 18, chi=4, cutoff=1e-08
  Direction: left->right
  Direction: right->left
  Energy: -0.7601027709, Trunc err: 4.70e-03
Sweep 19, chi=4, cutoff=1e-08
  Direction: left->right
  Direction: right->left
  Energy: -0.7601027709, Trunc err: 4.70e-03
Sweep 20, chi=8, cutoff=1e-08
  Direction: left->right
  Direction: right->left
  Energy: -0.7613274490, Trunc err: 8.83e-05
Sweep 21, chi=8, cutoff=1e-08
  Direction: left->right
  Direction: right->left
  Energy: -0.7613279478, Trunc err: 2.25e-04
Sweep 22, chi=8, cutoff=1e-08
  Direction: left->right
  Direction: right->left
  Energy: -0.7613279527, Trunc err: 2.29e-04
Sweep 23, chi=8, cutoff=1e-08
  Direction: left->right
  Direction: right->left
  Energy: -0.7613279918, Trunc err: 2.28e-04
Sweep 24, chi=8, cutoff=1e-08
  Direction: left->right
  Direction: right->left
  Energy: -0.7613279926, Trunc err: 2.25e-04
Sweep 25, chi=8, cutoff=1e-08
  Direction: left->right
  Direction: right->left
  Energy: -0.7613279926, Trunc err: 2.25e-04
Sweep 26, chi=8, cutoff=1e-08
  Direction: left->right
  Direction: right->left
  Energy: -0.7613279926, Trunc err: 2.25e-04
Sweep 27, chi=8, cutoff=1e-08
  Direction: left->right
  Direction: right->left
  Energy: -0.7613279926, Trunc err: 2.25e-04
Sweep 28, chi=8, cutoff=1e-08
  Direction: left->right
  Direction: right->left
  Energy: -0.7613279926, Trunc err: 2.25e-04
Sweep 29, chi=8, cutoff=1e-08
  Direction: left->right
  Direction: right->left
  Energy: -0.7613279926, Trunc err: 2.25e-04
Sweep 30, chi=8, cutoff=1e-08
  Direction: left->right
  Direction: right->left
  Energy: -0.7613279926, Trunc err: 2.25e-04
Sweep 31, chi=8, cutoff=1e-08
  Direction: left->right
  Direction: right->left
  Energy: -0.7613279926, Trunc err: 2.25e-04
Sweep 32, chi=8, cutoff=1e-08
  Direction: left->right
  Direction: right->left
  Energy: -0.7613279926, Trunc err: 2.25e-04
Sweep 33, chi=8, cutoff=1e-08
  Direction: left->right
  Direction: right->left
  Energy: -0.7613279926, Trunc err: 2.25e-04
Sweep 34, chi=8, cutoff=1e-08
  Direction: left->right
  Direction: right->left
  Energy: -0.7613279926, Trunc err: 2.25e-04
Sweep 35, chi=8, cutoff=1e-08
  Direction: left->right
  Direction: right->left
  Energy: -0.7613279926, Trunc err: 2.25e-04
Sweep 36, chi=8, cutoff=1e-08
  Direction: left->right
  Direction: right->left
  Energy: -0.7613279926, Trunc err: 2.25e-04
Sweep 37, chi=8, cutoff=1e-08
  Direction: left->right
  Direction: right->left
  Energy: -0.7613279926, Trunc err: 2.25e-04
Sweep 38, chi=8, cutoff=1e-08
  Direction: left->right
  Direction: right->left
  Energy: -0.7613279926, Trunc err: 2.25e-04
Sweep 39, chi=8, cutoff=1e-08
  Direction: left->right
  Direction: right->left
  Energy: -0.7613279926, Trunc err: 2.25e-04
Sweep 40, chi=8, cutoff=1e-08
  Direction: left->right
  Direction: right->left
  Energy: -0.7613279926, Trunc err: 2.25e-04
Sweep 41, chi=8, cutoff=1e-08
  Direction: left->right
  Direction: right->left
  Energy: -0.7613279926, Trunc err: 2.25e-04
Sweep 42, chi=8, cutoff=1e-08
  Direction: left->right
  Direction: right->left
  Energy: -0.7613279926, Trunc err: 2.25e-04
Sweep 43, chi=8, cutoff=1e-08
  Direction: left->right
  Direction: right->left
  Energy: -0.7613279926, Trunc err: 2.25e-04
Sweep 44, chi=8, cutoff=1e-08
  Direction: left->right
  Direction: right->left
  Energy: -0.7613279926, Trunc err: 2.25e-04
Sweep 45, chi=8, cutoff=1e-08
  Direction: left->right
  Direction: right->left
  Energy: -0.7613279926, Trunc err: 2.25e-04
Sweep 46, chi=8, cutoff=1e-08
  Direction: left->right
  Direction: right->left
  Energy: -0.7613279926, Trunc err: 2.25e-04
Sweep 47, chi=8, cutoff=1e-08
  Direction: left->right
  Direction: right->left
  Energy: -0.7613279926, Trunc err: 2.25e-04
Sweep 48, chi=8, cutoff=1e-08
  Direction: left->right
  Direction: right->left
  Energy: -0.7613279926, Trunc err: 2.25e-04
Sweep 49, chi=8, cutoff=1e-08
  Direction: left->right
  Direction: right->left
  Energy: -0.7613279926, Trunc err: 2.25e-04
Sweep 50, chi=8, cutoff=1e-08
  Direction: left->right
  Direction: right->left
  Energy: -0.7613279926, Trunc err: 2.25e-04
Sweep 51, chi=8, cutoff=1e-08
  Direction: left->right
  Direction: right->left
  Energy: -0.7613279926, Trunc err: 2.25e-04
Sweep 52, chi=8, cutoff=1e-08
  Direction: left->right
  Direction: right->left
  Energy: -0.7613279926, Trunc err: 2.25e-04
Sweep 53, chi=8, cutoff=1e-08
  Direction: left->right
  Direction: right->left
  Energy: -0.7613279926, Trunc err: 2.25e-04
Sweep 54, chi=8, cutoff=1e-08
  Direction: left->right
  Direction: right->left
  Energy: -0.7613279926, Trunc err: 2.25e-04
Sweep 55, chi=8, cutoff=1e-08
  Direction: left->right
  Direction: right->left
  Energy: -0.7613279926, Trunc err: 2.25e-04
Sweep 56, chi=8, cutoff=1e-08
  Direction: left->right
  Direction: right->left
  Energy: -0.7613279926, Trunc err: 2.25e-04
Sweep 57, chi=8, cutoff=1e-08
  Direction: left->right
  Direction: right->left
  Energy: -0.7613279926, Trunc err: 2.25e-04
Sweep 58, chi=8, cutoff=1e-08
  Direction: left->right
  Direction: right->left
  Energy: -0.7613279926, Trunc err: 2.25e-04
Sweep 59, chi=8, cutoff=1e-08
  Direction: left->right
  Direction: right->left
  Energy: -0.7613279926, Trunc err: 2.25e-04
Sweep 60, chi=16, cutoff=1e-08
  Direction: left->right
  Direction: right->left
  Energy: -0.7613324934, Trunc err: 5.75e-08
Sweep 61, chi=16, cutoff=1e-08
  Direction: left->right
  Direction: right->left
  Energy: -0.7613324934, Trunc err: 1.26e-07
Sweep 62, chi=16, cutoff=1e-08
  Direction: left->right
  Direction: right->left
  Energy: -0.7613324934, Trunc err: 1.26e-07
Sweep 63, chi=16, cutoff=1e-08
  Direction: left->right
  Direction: right->left
  Energy: -0.7613324934, Trunc err: 1.26e-07
Sweep 64, chi=16, cutoff=1e-08
  Direction: left->right
  Direction: right->left
  Energy: -0.7613324934, Trunc err: 1.27e-07
Sweep 65, chi=16, cutoff=1e-08
  Direction: left->right
  Direction: right->left
  Energy: -0.7613324934, Trunc err: 1.27e-07
Sweep 66, chi=16, cutoff=1e-08
  Direction: left->right
  Direction: right->left
  Energy: -0.7613324934, Trunc err: 1.27e-07
Sweep 67, chi=16, cutoff=1e-08
  Direction: left->right
  Direction: right->left
  Energy: -0.7613324934, Trunc err: 1.27e-07
Sweep 68, chi=16, cutoff=1e-08
  Direction: left->right
  Direction: right->left
  Energy: -0.7613324934, Trunc err: 1.27e-07
Sweep 69, chi=16, cutoff=1e-08
  Direction: left->right
  Direction: right->left
  Energy: -0.7613324934, Trunc err: 1.27e-07
Sweep 70, chi=16, cutoff=1e-08
  Direction: left->right
  Direction: right->left
  Energy: -0.7613324934, Trunc err: 1.27e-07
Sweep 71, chi=16, cutoff=1e-08
  Direction: left->right
  Direction: right->left
  Energy: -0.7613324934, Trunc err: 1.27e-07
Sweep 72, chi=16, cutoff=1e-08
  Direction: left->right
  Direction: right->left
  Energy: -0.7613324934, Trunc err: 1.27e-07
Sweep 73, chi=16, cutoff=1e-08
  Direction: left->right
  Direction: right->left
  Energy: -0.7613324934, Trunc err: 1.27e-07
Sweep 74, chi=16, cutoff=1e-08
  Direction: left->right
  Direction: right->left
  Energy: -0.7613324934, Trunc err: 1.28e-07
Sweep 75, chi=16, cutoff=1e-08
  Direction: left->right
  Direction: right->left
  Energy: -0.7613324934, Trunc err: 1.28e-07
Sweep 76, chi=16, cutoff=1e-08
  Direction: left->right
  Direction: right->left
  Energy: -0.7613324934, Trunc err: 1.28e-07
Sweep 77, chi=16, cutoff=1e-08
  Direction: left->right
  Direction: right->left
  Energy: -0.7613324934, Trunc err: 1.28e-07
Sweep 78, chi=16, cutoff=1e-08
  Direction: left->right
  Direction: right->left
  Energy: -0.7613324934, Trunc err: 1.28e-07
Sweep 79, chi=16, cutoff=1e-08
  Direction: left->right
  Direction: right->left
  Energy: -0.7613324934, Trunc err: 1.28e-07
Sweep 80, chi=16, cutoff=1e-08
  Direction: left->right
  Direction: right->left
  Energy: -0.7613324934, Trunc err: 1.28e-07
Sweep 81, chi=16, cutoff=1e-08
  Direction: left->right
  Direction: right->left
  Energy: -0.7613324934, Trunc err: 1.28e-07
Sweep 82, chi=16, cutoff=1e-08
  Direction: left->right
  Direction: right->left
  Energy: -0.7613324934, Trunc err: 1.28e-07
Sweep 83, chi=16, cutoff=1e-08
  Direction: left->right
  Direction: right->left
  Energy: -0.7613324934, Trunc err: 1.29e-07
Sweep 84, chi=16, cutoff=1e-08
  Direction: left->right
  Direction: right->left
  Energy: -0.7613324934, Trunc err: 1.30e-07
Sweep 85, chi=16, cutoff=1e-08
  Direction: left->right
  Direction: right->left
  Energy: -0.7613324934, Trunc err: 1.31e-07
Sweep 86, chi=16, cutoff=1e-08
  Direction: left->right
  Direction: right->left
  Energy: -0.7613324934, Trunc err: 1.31e-07
Sweep 87, chi=16, cutoff=1e-08
  Direction: left->right
  Direction: right->left
  Energy: -0.7613324934, Trunc err: 1.31e-07
Sweep 88, chi=16, cutoff=1e-08
  Direction: left->right
  Direction: right->left
  Energy: -0.7613324934, Trunc err: 1.32e-07
Sweep 89, chi=16, cutoff=1e-08
  Direction: left->right
  Direction: right->left
  Energy: -0.7613324934, Trunc err: 1.32e-07
Sweep 90, chi=16, cutoff=1e-08
  Direction: left->right
  Direction: right->left
  Energy: -0.7613324934, Trunc err: 1.33e-07
Sweep 91, chi=16, cutoff=1e-08
  Direction: left->right
  Direction: right->left
  Energy: -0.7613324934, Trunc err: 1.33e-07
Sweep 92, chi=16, cutoff=1e-08
  Direction: left->right
  Direction: right->left
  Energy: -0.7613324934, Trunc err: 1.34e-07
Sweep 93, chi=16, cutoff=1e-08
  Direction: left->right
  Direction: right->left
  Energy: -0.7613324934, Trunc err: 1.34e-07
Sweep 94, chi=16, cutoff=1e-08
  Direction: left->right
  Direction: right->left
  Energy: -0.7613324934, Trunc err: 1.34e-07
Sweep 95, chi=16, cutoff=1e-08
  Direction: left->right
  Direction: right->left
  Energy: -0.7613324934, Trunc err: 1.34e-07
Sweep 96, chi=16, cutoff=1e-08
  Direction: left->right
  Direction: right->left
  Energy: -0.7613324934, Trunc err: 1.35e-07
Sweep 97, chi=16, cutoff=1e-08
  Direction: left->right
  Direction: right->left
  Energy: -0.7613324934, Trunc err: 1.35e-07
Sweep 98, chi=16, cutoff=1e-08
  Direction: left->right
  Direction: right->left
  Energy: -0.7613324934, Trunc err: 1.35e-07
Sweep 99, chi=16, cutoff=1e-08
  Direction: left->right
  Direction: right->left
  Energy: -0.7613324934, Trunc err: 1.35e-07
Sweep 100, chi=32, cutoff=1e-08
  Direction: left->right
  Direction: right->left
  Energy: -0.7613324934, Trunc err: 1.33e-08
Sweep 101, chi=32, cutoff=1e-08
  Direction: left->right
  Direction: right->left
  Energy: -0.7613324934, Trunc err: 1.61e-08
Sweep 102, chi=32, cutoff=1e-08
  Direction: left->right
  Direction: right->left
  Energy: -0.7613324934, Trunc err: 1.61e-08
Sweep 103, chi=32, cutoff=1e-08
  Direction: left->right
  Direction: right->left
  Energy: -0.7613324934, Trunc err: 1.62e-08
Sweep 104, chi=32, cutoff=1e-08
  Direction: left->right
  Direction: right->left
  Energy: -0.7613324934, Trunc err: 1.62e-08
Sweep 105, chi=32, cutoff=1e-08
  Direction: left->right
  Direction: right->left
  Energy: -0.7613324934, Trunc err: 1.62e-08
Sweep 106, chi=32, cutoff=1e-08
  Direction: left->right
  Direction: right->left
  Energy: -0.7613324934, Trunc err: 1.63e-08
Sweep 107, chi=32, cutoff=1e-08
  Direction: left->right
  Direction: right->left
  Energy: -0.7613324934, Trunc err: 1.63e-08
Sweep 108, chi=32, cutoff=1e-08
  Direction: left->right
  Direction: right->left
  Energy: -0.7613324934, Trunc err: 1.63e-08
Sweep 109, chi=32, cutoff=1e-08
  Direction: left->right
  Direction: right->left
  Energy: -0.7613324934, Trunc err: 1.63e-08
Sweep 110, chi=32, cutoff=1e-08
  Direction: left->right
  Direction: right->left
  Energy: -0.7613324934, Trunc err: 1.63e-08
Sweep 111, chi=32, cutoff=1e-08
  Direction: left->right
  Direction: right->left
  Energy: -0.7613324934, Trunc err: 1.63e-08
Sweep 112, chi=32, cutoff=1e-08
  Direction: left->right
  Direction: right->left
  Energy: -0.7613324934, Trunc err: 1.63e-08
Sweep 113, chi=32, cutoff=1e-08
  Direction: left->right
  Direction: right->left
  Energy: -0.7613324934, Trunc err: 1.63e-08
Sweep 114, chi=32, cutoff=1e-08
  Direction: left->right
  Direction: right->left
  Energy: -0.7613324934, Trunc err: 1.63e-08
Sweep 115, chi=32, cutoff=1e-08
  Direction: left->right
  Direction: right->left
  Energy: -0.7613324934, Trunc err: 1.63e-08
Sweep 116, chi=32, cutoff=1e-08
  Direction: left->right
  Direction: right->left
  Energy: -0.7613324934, Trunc err: 1.63e-08
Sweep 117, chi=32, cutoff=1e-08
  Direction: left->right
  Direction: right->left
  Energy: -0.7613324934, Trunc err: 1.63e-08
Sweep 118, chi=32, cutoff=1e-08
  Direction: left->right
  Direction: right->left
  Energy: -0.7613324934, Trunc err: 1.63e-08
Sweep 119, chi=32, cutoff=1e-08
  Direction: left->right
  Direction: right->left
  Energy: -0.7613324934, Trunc err: 1.63e-08
Sweep 120, chi=32, cutoff=1e-08
  Direction: left->right
  Direction: right->left
  Energy: -0.7613324934, Trunc err: 1.63e-08
Sweep 121, chi=32, cutoff=1e-08
  Direction: left->right
  Direction: right->left
  Energy: -0.7613324934, Trunc err: 1.63e-08
Sweep 122, chi=32, cutoff=1e-08
  Direction: left->right
  Direction: right->left
  Energy: -0.7613324934, Trunc err: 1.63e-08
Sweep 123, chi=32, cutoff=1e-08
  Direction: left->right
  Direction: right->left
  Energy: -0.7613324934, Trunc err: 1.63e-08
Sweep 124, chi=32, cutoff=1e-08
  Direction: left->right
  Direction: right->left
  Energy: -0.7613324934, Trunc err: 1.63e-08
Sweep 125, chi=32, cutoff=1e-08
  Direction: left->right
  Direction: right->left
  Energy: -0.7613324934, Trunc err: 1.63e-08
Sweep 126, chi=32, cutoff=1e-08
  Direction: left->right
  Direction: right->left
  Energy: -0.7613324934, Trunc err: 1.63e-08
Sweep 127, chi=32, cutoff=1e-08
  Direction: left->right
  Direction: right->left
  Energy: -0.7613324934, Trunc err: 1.63e-08
Sweep 128, chi=32, cutoff=1e-08
  Direction: left->right
  Direction: right->left
  Energy: -0.7613324934, Trunc err: 1.63e-08
Sweep 129, chi=32, cutoff=1e-08
  Direction: left->right
  Direction: right->left
  Energy: -0.7613324934, Trunc err: 1.63e-08
Sweep 130, chi=32, cutoff=1e-08
  Direction: left->right
  Direction: right->left
  Energy: -0.7613324934, Trunc err: 1.63e-08
Sweep 131, chi=32, cutoff=1e-08
  Direction: left->right
  Direction: right->left
  Energy: -0.7613324934, Trunc err: 1.63e-08
Sweep 132, chi=32, cutoff=1e-08
  Direction: left->right
  Direction: right->left
  Energy: -0.7613324934, Trunc err: 1.63e-08
Sweep 133, chi=32, cutoff=1e-08
  Direction: left->right
  Direction: right->left
  Energy: -0.7613324934, Trunc err: 1.63e-08
Sweep 134, chi=32, cutoff=1e-08
  Direction: left->right
  Direction: right->left
  Energy: -0.7613324934, Trunc err: 1.63e-08
Sweep 135, chi=32, cutoff=1e-08
  Direction: left->right
  Direction: right->left
  Energy: -0.7613324934, Trunc err: 1.63e-08
Sweep 136, chi=32, cutoff=1e-08
  Direction: left->right
  Direction: right->left
  Energy: -0.7613324934, Trunc err: 1.63e-08
Sweep 137, chi=32, cutoff=1e-08
  Direction: left->right
  Direction: right->left
  Energy: -0.7613324934, Trunc err: 1.63e-08
Sweep 138, chi=32, cutoff=1e-08
  Direction: left->right
  Direction: right->left
  Energy: -0.7613324934, Trunc err: 1.63e-08
Sweep 139, chi=32, cutoff=1e-08
  Direction: left->right
  Direction: right->left
  Energy: -0.7613324934, Trunc err: 1.63e-08
Sweep 0, chi=2, cutoff=1e-08
  Direction: left->right
  Direction: right->left
  Energy: -0.0000056344, Trunc err: 5.87e-03
Sweep 1, chi=2, cutoff=1e-08
  Direction: left->right
  Direction: right->left
  Energy: -0.0000076536, Trunc err: 5.82e-03
Sweep 2, chi=2, cutoff=1e-08
  Direction: left->right
  Direction: right->left
  Energy: -0.0000096781, Trunc err: 4.18e-03
Sweep 3, chi=2, cutoff=1e-08
  Direction: left->right
  Direction: right->left
  Energy: -0.0000103131, Trunc err: 4.09e-03
Sweep 4, chi=2, cutoff=1e-08
  Direction: left->right
  Direction: right->left
  Energy: -0.0000107522, Trunc err: 3.88e-03
Sweep 5, chi=2, cutoff=1e-08
  Direction: left->right
  Direction: right->left
  Energy: -0.0000111113, Trunc err: 3.46e-03
Sweep 6, chi=2, cutoff=1e-08
  Direction: left->right
  Direction: right->left
  Energy: -0.0000114279, Trunc err: 3.09e-03
Sweep 7, chi=2, cutoff=1e-08
  Direction: left->right
  Direction: right->left
  Energy: -0.0000117204, Trunc err: 2.86e-03
Sweep 8, chi=2, cutoff=1e-08
  Direction: left->right
  Direction: right->left
  Energy: -0.0000119996, Trunc err: 2.73e-03
Sweep 9, chi=2, cutoff=1e-08
  Direction: left->right
  Direction: right->left
  Energy: -0.0000122726, Trunc err: 2.65e-03
Sweep 10, chi=4, cutoff=1e-08
  Direction: left->right
  Direction: right->left
  Energy: -0.2119680858, Trunc err: 2.05e-03
Sweep 11, chi=4, cutoff=1e-08
  Direction: left->right
  Direction: right->left
  Energy: -0.2331590361, Trunc err: 2.80e-03
Sweep 12, chi=4, cutoff=1e-08
  Direction: left->right
  Direction: right->left
  Energy: -0.2346415095, Trunc err: 3.33e-03
Sweep 13, chi=4, cutoff=1e-08
  Direction: left->right
  Direction: right->left
  Energy: -0.2353366573, Trunc err: 3.38e-03
Sweep 14, chi=4, cutoff=1e-08
  Direction: left->right
  Direction: right->left
  Energy: -0.2355607280, Trunc err: 3.36e-03
Sweep 15, chi=4, cutoff=1e-08
  Direction: left->right
  Direction: right->left
  Energy: -0.2356610267, Trunc err: 3.37e-03
Sweep 16, chi=4, cutoff=1e-08
  Direction: left->right
  Direction: right->left
  Energy: -0.2357497352, Trunc err: 3.56e-03
Sweep 17, chi=4, cutoff=1e-08
  Direction: left->right
  Direction: right->left
  Energy: -0.2360075996, Trunc err: 4.27e-03
Sweep 18, chi=4, cutoff=1e-08
  Direction: left->right
  Direction: right->left
  Energy: -0.2360229310, Trunc err: 3.39e-03
Sweep 19, chi=4, cutoff=1e-08
  Direction: left->right
  Direction: right->left
  Energy: -0.2360325447, Trunc err: 4.36e-03
Sweep 20, chi=8, cutoff=1e-08
  Direction: left->right
  Direction: right->left
  Energy: -0.2365962563, Trunc err: 1.02e-04
Sweep 21, chi=8, cutoff=1e-08
  Direction: left->right
  Direction: right->left
  Energy: -0.2366053722, Trunc err: 2.09e-04
Sweep 22, chi=8, cutoff=1e-08
  Direction: left->right
  Direction: right->left
  Energy: -0.2366125561, Trunc err: 2.13e-04
Sweep 23, chi=8, cutoff=1e-08
  Direction: left->right
  Direction: right->left
  Energy: -0.2366151402, Trunc err: 2.14e-04
Sweep 24, chi=8, cutoff=1e-08
  Direction: left->right
  Direction: right->left
  Energy: -0.2366155737, Trunc err: 2.14e-04
Sweep 25, chi=8, cutoff=1e-08
  Direction: left->right
  Direction: right->left
  Energy: -0.2366156750, Trunc err: 2.13e-04
Sweep 26, chi=8, cutoff=1e-08
  Direction: left->right
  Direction: right->left
  Energy: -0.2366156996, Trunc err: 2.13e-04
Sweep 27, chi=8, cutoff=1e-08
  Direction: left->right
  Direction: right->left
  Energy: -0.2366157203, Trunc err: 2.13e-04
Sweep 28, chi=8, cutoff=1e-08
  Direction: left->right
  Direction: right->left
  Energy: -0.2366157371, Trunc err: 2.13e-04
Sweep 29, chi=8, cutoff=1e-08
  Direction: left->right
  Direction: right->left
  Energy: -0.2366157497, Trunc err: 2.14e-04
Sweep 30, chi=8, cutoff=1e-08
  Direction: left->right
  Direction: right->left
  Energy: -0.2366157588, Trunc err: 2.14e-04
Sweep 31, chi=8, cutoff=1e-08
  Direction: left->right
  Direction: right->left
  Energy: -0.2366157655, Trunc err: 2.14e-04
Sweep 32, chi=8, cutoff=1e-08
  Direction: left->right
  Direction: right->left
  Energy: -0.2366157709, Trunc err: 2.14e-04
Sweep 33, chi=8, cutoff=1e-08
  Direction: left->right
  Direction: right->left
  Energy: -0.2366157780, Trunc err: 2.16e-04
Sweep 34, chi=8, cutoff=1e-08
  Direction: left->right
  Direction: right->left
  Energy: -0.2366157830, Trunc err: 2.18e-04
Sweep 35, chi=8, cutoff=1e-08
  Direction: left->right
  Direction: right->left
  Energy: -0.2366157832, Trunc err: 2.17e-04
Sweep 36, chi=8, cutoff=1e-08
  Direction: left->right
  Direction: right->left
  Energy: -0.2366157834, Trunc err: 2.19e-04
Sweep 37, chi=8, cutoff=1e-08
  Direction: left->right
  Direction: right->left
  Energy: -0.2366157835, Trunc err: 2.20e-04
Sweep 38, chi=8, cutoff=1e-08
  Direction: left->right
  Direction: right->left
  Energy: -0.2366157836, Trunc err: 2.20e-04
Sweep 39, chi=8, cutoff=1e-08
  Direction: left->right
  Direction: right->left
  Energy: -0.2366157836, Trunc err: 2.21e-04
Sweep 40, chi=8, cutoff=1e-08
  Direction: left->right
  Direction: right->left
  Energy: -0.2366157836, Trunc err: 2.24e-04
Sweep 41, chi=8, cutoff=1e-08
  Direction: left->right
  Direction: right->left
  Energy: -0.2366157836, Trunc err: 2.27e-04
Sweep 42, chi=8, cutoff=1e-08
  Direction: left->right
  Direction: right->left
  Energy: -0.2366157836, Trunc err: 2.25e-04
Sweep 43, chi=8, cutoff=1e-08
  Direction: left->right
  Direction: right->left
  Energy: -0.2366157836, Trunc err: 2.26e-04
Sweep 44, chi=8, cutoff=1e-08
  Direction: left->right
  Direction: right->left
  Energy: -0.2366157836, Trunc err: 2.25e-04
Sweep 45, chi=8, cutoff=1e-08
  Direction: left->right
  Direction: right->left
  Energy: -0.2366157836, Trunc err: 2.26e-04
Sweep 46, chi=8, cutoff=1e-08
  Direction: left->right
  Direction: right->left
  Energy: -0.2366157836, Trunc err: 2.25e-04
Sweep 47, chi=8, cutoff=1e-08
  Direction: left->right
  Direction: right->left
  Energy: -0.2366157836, Trunc err: 2.26e-04
Sweep 48, chi=8, cutoff=1e-08
  Direction: left->right
  Direction: right->left
  Energy: -0.2366157836, Trunc err: 2.25e-04
Sweep 49, chi=8, cutoff=1e-08
  Direction: left->right
  Direction: right->left
  Energy: -0.2366157836, Trunc err: 2.25e-04
Sweep 50, chi=8, cutoff=1e-08
  Direction: left->right
  Direction: right->left
  Energy: -0.2366157836, Trunc err: 2.25e-04
Sweep 51, chi=8, cutoff=1e-08
  Direction: left->right
  Direction: right->left
  Energy: -0.2366157836, Trunc err: 2.25e-04
Sweep 52, chi=8, cutoff=1e-08
  Direction: left->right
  Direction: right->left
  Energy: -0.2366157836, Trunc err: 2.25e-04
Sweep 53, chi=8, cutoff=1e-08
  Direction: left->right
  Direction: right->left
  Energy: -0.2366157836, Trunc err: 2.25e-04
Sweep 54, chi=8, cutoff=1e-08
  Direction: left->right
  Direction: right->left
  Energy: -0.2366157836, Trunc err: 2.25e-04
Sweep 55, chi=8, cutoff=1e-08
  Direction: left->right
  Direction: right->left
  Energy: -0.2366157836, Trunc err: 2.25e-04
Sweep 56, chi=8, cutoff=1e-08
  Direction: left->right
  Direction: right->left
  Energy: -0.2366157836, Trunc err: 2.25e-04
Sweep 57, chi=8, cutoff=1e-08
  Direction: left->right
  Direction: right->left
  Energy: -0.2366157836, Trunc err: 2.25e-04
Sweep 58, chi=8, cutoff=1e-08
  Direction: left->right
  Direction: right->left
  Energy: -0.2366157836, Trunc err: 2.25e-04
Sweep 59, chi=8, cutoff=1e-08
  Direction: left->right
  Direction: right->left
  Energy: -0.2366157836, Trunc err: 2.25e-04
Sweep 60, chi=16, cutoff=1e-08
  Direction: left->right
  Direction: right->left
  Energy: -0.2366171894, Trunc err: 4.72e-08
Sweep 61, chi=16, cutoff=1e-08
  Direction: left->right
  Direction: right->left
  Energy: -0.2366171940, Trunc err: 7.74e-08
Sweep 62, chi=16, cutoff=1e-08
  Direction: left->right
  Direction: right->left
  Energy: -0.2366171950, Trunc err: 7.83e-08
Sweep 63, chi=16, cutoff=1e-08
  Direction: left->right
  Direction: right->left
  Energy: -0.2366171954, Trunc err: 8.09e-08
Sweep 64, chi=16, cutoff=1e-08
  Direction: left->right
  Direction: right->left
  Energy: -0.2366171955, Trunc err: 8.19e-08
Sweep 65, chi=16, cutoff=1e-08
  Direction: left->right
  Direction: right->left
  Energy: -0.2366171956, Trunc err: 8.24e-08
Sweep 66, chi=16, cutoff=1e-08
  Direction: left->right
  Direction: right->left
  Energy: -0.2366171957, Trunc err: 8.44e-08
Sweep 67, chi=16, cutoff=1e-08
  Direction: left->right
  Direction: right->left
  Energy: -0.2366171958, Trunc err: 9.96e-08
Sweep 68, chi=16, cutoff=1e-08
  Direction: left->right
  Direction: right->left
  Energy: -0.2366171958, Trunc err: 1.05e-07
Sweep 69, chi=16, cutoff=1e-08
  Direction: left->right
  Direction: right->left
  Energy: -0.2366171958, Trunc err: 9.14e-08
Sweep 70, chi=16, cutoff=1e-08
  Direction: left->right
  Direction: right->left
  Energy: -0.2366171958, Trunc err: 9.12e-08
Sweep 71, chi=16, cutoff=1e-08
  Direction: left->right
  Direction: right->left
  Energy: -0.2366171958, Trunc err: 9.53e-08
Sweep 72, chi=16, cutoff=1e-08
  Direction: left->right
  Direction: right->left
  Energy: -0.2366171958, Trunc err: 1.07e-07
Sweep 73, chi=16, cutoff=1e-08
  Direction: left->right
  Direction: right->left
  Energy: -0.2366171958, Trunc err: 1.30e-07
Sweep 74, chi=16, cutoff=1e-08
  Direction: left->right
  Direction: right->left
  Energy: -0.2366171958, Trunc err: 1.56e-07
Sweep 75, chi=16, cutoff=1e-08
  Direction: left->right
  Direction: right->left
  Energy: -0.2366171958, Trunc err: 1.89e-07
Sweep 76, chi=16, cutoff=1e-08
  Direction: left->right
  Direction: right->left
  Energy: -0.2366171958, Trunc err: 2.24e-07
Sweep 77, chi=16, cutoff=1e-08
  Direction: left->right
  Direction: right->left
  Energy: -0.2366171958, Trunc err: 2.10e-07
Sweep 78, chi=16, cutoff=1e-08
  Direction: left->right
  Direction: right->left
  Energy: -0.2366171958, Trunc err: 1.92e-07
Sweep 79, chi=16, cutoff=1e-08
  Direction: left->right
  Direction: right->left
  Energy: -0.2366171958, Trunc err: 1.99e-07
Sweep 80, chi=16, cutoff=1e-08
  Direction: left->right
  Direction: right->left
  Energy: -0.2366171958, Trunc err: 2.11e-07
Sweep 81, chi=16, cutoff=1e-08
  Direction: left->right
  Direction: right->left
  Energy: -0.2366171958, Trunc err: 2.19e-07
Sweep 82, chi=16, cutoff=1e-08
  Direction: left->right
  Direction: right->left
  Energy: -0.2366171958, Trunc err: 2.15e-07
Sweep 83, chi=16, cutoff=1e-08
  Direction: left->right
  Direction: right->left
  Energy: -0.2366171958, Trunc err: 2.11e-07
Sweep 84, chi=16, cutoff=1e-08
  Direction: left->right
  Direction: right->left
  Energy: -0.2366171958, Trunc err: 2.08e-07
Sweep 85, chi=16, cutoff=1e-08
  Direction: left->right
  Direction: right->left
  Energy: -0.2366171958, Trunc err: 2.05e-07
Sweep 86, chi=16, cutoff=1e-08
  Direction: left->right
  Direction: right->left
  Energy: -0.2366171958, Trunc err: 2.02e-07
Sweep 87, chi=16, cutoff=1e-08
  Direction: left->right
  Direction: right->left
  Energy: -0.2366171958, Trunc err: 1.99e-07
Sweep 88, chi=16, cutoff=1e-08
  Direction: left->right
  Direction: right->left
  Energy: -0.2366171958, Trunc err: 1.97e-07
Sweep 89, chi=16, cutoff=1e-08
  Direction: left->right
  Direction: right->left
  Energy: -0.2366171958, Trunc err: 2.06e-07
Sweep 90, chi=16, cutoff=1e-08
  Direction: left->right
  Direction: right->left
  Energy: -0.2366171958, Trunc err: 2.16e-07
Sweep 91, chi=16, cutoff=1e-08
  Direction: left->right
  Direction: right->left
  Energy: -0.2366171958, Trunc err: 2.22e-07
Sweep 92, chi=16, cutoff=1e-08
  Direction: left->right
  Direction: right->left
  Energy: -0.2366171958, Trunc err: 2.22e-07
Sweep 93, chi=16, cutoff=1e-08
  Direction: left->right
  Direction: right->left
  Energy: -0.2366171958, Trunc err: 2.23e-07
Sweep 94, chi=16, cutoff=1e-08
  Direction: left->right
  Direction: right->left
  Energy: -0.2366171958, Trunc err: 2.23e-07
Sweep 95, chi=16, cutoff=1e-08
  Direction: left->right
  Direction: right->left
  Energy: -0.2366171958, Trunc err: 2.23e-07
Sweep 96, chi=16, cutoff=1e-08
  Direction: left->right
  Direction: right->left
  Energy: -0.2366171958, Trunc err: 2.23e-07
Sweep 97, chi=16, cutoff=1e-08
  Direction: left->right
  Direction: right->left
  Energy: -0.2366171958, Trunc err: 2.24e-07
Sweep 98, chi=16, cutoff=1e-08
  Direction: left->right
  Direction: right->left
  Energy: -0.2366171958, Trunc err: 2.24e-07
Sweep 99, chi=16, cutoff=1e-08
  Direction: left->right
  Direction: right->left
  Energy: -0.2366171958, Trunc err: 2.25e-07
Sweep 100, chi=32, cutoff=1e-08
  Direction: left->right
  Direction: right->left
  Energy: -0.2366171958, Trunc err: 9.14e-09
Sweep 101, chi=32, cutoff=1e-08
  Direction: left->right
  Direction: right->left
  Energy: -0.2366171958, Trunc err: 6.09e-09
Sweep 102, chi=32, cutoff=1e-08
  Direction: left->right
  Direction: right->left
  Energy: -0.2366171958, Trunc err: 5.41e-09
Sweep 103, chi=32, cutoff=1e-08
  Direction: left->right
  Direction: right->left
  Energy: -0.2366171958, Trunc err: 6.73e-09
Sweep 104, chi=32, cutoff=1e-08
  Direction: left->right
  Direction: right->left
  Energy: -0.2366171958, Trunc err: 7.47e-09
Sweep 105, chi=32, cutoff=1e-08
  Direction: left->right
  Direction: right->left
  Energy: -0.2366171958, Trunc err: 5.30e-09
Sweep 106, chi=32, cutoff=1e-08
  Direction: left->right
  Direction: right->left
  Energy: -0.2366171958, Trunc err: 6.75e-09
Sweep 107, chi=32, cutoff=1e-08
  Direction: left->right
  Direction: right->left
  Energy: -0.2366171958, Trunc err: 5.80e-09
Sweep 108, chi=32, cutoff=1e-08
  Direction: left->right
  Direction: right->left
  Energy: -0.2366171958, Trunc err: 6.89e-09
Sweep 109, chi=32, cutoff=1e-08
  Direction: left->right
  Direction: right->left
  Energy: -0.2366171958, Trunc err: 5.64e-09
Sweep 110, chi=32, cutoff=1e-08
  Direction: left->right
  Direction: right->left
  Energy: -0.2366171958, Trunc err: 5.58e-09
Sweep 111, chi=32, cutoff=1e-08
  Direction: left->right
  Direction: right->left
  Energy: -0.2366171958, Trunc err: 5.77e-09
Sweep 112, chi=32, cutoff=1e-08
  Direction: left->right
  Direction: right->left
  Energy: -0.2366171958, Trunc err: 5.87e-09
Sweep 113, chi=32, cutoff=1e-08
  Direction: left->right
  Direction: right->left
  Energy: -0.2366171958, Trunc err: 5.88e-09
Sweep 114, chi=32, cutoff=1e-08
  Direction: left->right
  Direction: right->left
  Energy: -0.2366171958, Trunc err: 5.89e-09
Sweep 115, chi=32, cutoff=1e-08
  Direction: left->right
  Direction: right->left
  Energy: -0.2366171958, Trunc err: 5.89e-09
Sweep 116, chi=32, cutoff=1e-08
  Direction: left->right
  Direction: right->left
  Energy: -0.2366171958, Trunc err: 5.90e-09
Sweep 117, chi=32, cutoff=1e-08
  Direction: left->right
  Direction: right->left
  Energy: -0.2366171958, Trunc err: 5.90e-09
Sweep 118, chi=32, cutoff=1e-08
  Direction: left->right
  Direction: right->left
  Energy: -0.2366171958, Trunc err: 5.90e-09
Sweep 119, chi=32, cutoff=1e-08
  Direction: left->right
  Direction: right->left
  Energy: -0.2366171958, Trunc err: 5.91e-09
Sweep 120, chi=32, cutoff=1e-08
  Direction: left->right
  Direction: right->left
  Energy: -0.2366171958, Trunc err: 5.91e-09
Sweep 121, chi=32, cutoff=1e-08
  Direction: left->right
  Direction: right->left
  Energy: -0.2366171958, Trunc err: 5.91e-09
Sweep 122, chi=32, cutoff=1e-08
  Direction: left->right
  Direction: right->left
  Energy: -0.2366171958, Trunc err: 5.91e-09
Sweep 123, chi=32, cutoff=1e-08
  Direction: left->right
  Direction: right->left
  Energy: -0.2366171958, Trunc err: 5.91e-09
Sweep 124, chi=32, cutoff=1e-08
  Direction: left->right
  Direction: right->left
  Energy: -0.2366171958, Trunc err: 5.91e-09
Sweep 125, chi=32, cutoff=1e-08
  Direction: left->right
  Direction: right->left
  Energy: -0.2366171958, Trunc err: 5.91e-09
Sweep 126, chi=32, cutoff=1e-08
  Direction: left->right
  Direction: right->left
  Energy: -0.2366171958, Trunc err: 5.92e-09
Sweep 127, chi=32, cutoff=1e-08
  Direction: left->right
  Direction: right->left
  Energy: -0.2366171958, Trunc err: 5.92e-09
Sweep 128, chi=32, cutoff=1e-08
  Direction: left->right
  Direction: right->left
  Energy: -0.2366171958, Trunc err: 5.92e-09
Sweep 129, chi=32, cutoff=1e-08
  Direction: left->right
  Direction: right->left
  Energy: -0.2366171958, Trunc err: 5.92e-09
Sweep 130, chi=32, cutoff=1e-08
  Direction: left->right
  Direction: right->left
  Energy: -0.2366171958, Trunc err: 5.92e-09
Sweep 131, chi=32, cutoff=1e-08
  Direction: left->right
  Direction: right->left
  Energy: -0.2366171958, Trunc err: 5.92e-09
Sweep 132, chi=32, cutoff=1e-08
  Direction: left->right
  Direction: right->left
  Energy: -0.2366171958, Trunc err: 5.92e-09
Sweep 133, chi=32, cutoff=1e-08
  Direction: left->right
  Direction: right->left
  Energy: -0.2366171958, Trunc err: 5.92e-09
Sweep 134, chi=32, cutoff=1e-08
  Direction: left->right
  Direction: right->left
  Energy: -0.2366171958, Trunc err: 5.92e-09
Sweep 135, chi=32, cutoff=1e-08
  Direction: left->right
  Direction: right->left
  Energy: -0.2366171958, Trunc err: 5.92e-09
Sweep 136, chi=32, cutoff=1e-08
  Direction: left->right
  Direction: right->left
  Energy: -0.2366171958, Trunc err: 5.92e-09
Sweep 137, chi=32, cutoff=1e-08
  Direction: left->right
  Direction: right->left
  Energy: -0.2366171958, Trunc err: 5.92e-09
Sweep 138, chi=32, cutoff=1e-08
  Direction: left->right
  Direction: right->left
  Energy: -0.2366171958, Trunc err: 5.92e-09
Sweep 139, chi=32, cutoff=1e-08
  Direction: left->right
  Direction: right->left
  Energy: -0.2366171958, Trunc err: 5.92e-09
