           1.819e+00            5.347e-02            2.940e-02             3.10e-03
           1.819e+00            4.313e-02            2.371e-02             9.78e-03
           1.819e+00            1.465e-02            8.058e-03             7.97e-03
           1.819e+00            9.642e-03            5.302e-03             7.43e-03
           1.819e+00            4.010e-03            2.205e-03             8.05e-03
           1.819e+00            1.641e-03            9.026e-04             1.02e-02
           1.819e+00            1.014e-03            5.575e-04             1.29e-02
           1.819e+00            3.057e-04            1.681e-04             1.44e-02
           1.819e+00            2.142e-04            1.178e-04             1.59e-02
           1.819e+00            1.514e-04            8.325e-05             1.88e-02
           1.819e+00            8.435e-05            4.638e-05             2.24e-02
           1.819e+00            4.699e-05            2.584e-05             2.71e-02
           1.819e+00            1.806e-05            9.932e-06             2.74e-02
           1.819e+00            1.159e-05            6.373e-06             3.21e-02
           1.819e+00            8.012e-06            4.406e-06             3.90e-02
           1.819e+00            2.394e-06            1.316e-06             4.75e-02
           1.819e+00            1.437e-06            7.899e-07             5.50e-02
           1.819e+00            1.279e-06            7.032e-07             6.18e-02
           1.819e+00            4.140e-07            2.277e-07             6.53e-02
           1.819e+00            2.847e-07            1.566e-07             7.12e-02
           1.819e+00            2.053e-07            1.129e-07             8.10e-02
           1.819e+00            1.124e-07            6.182e-08             8.78e-02
           1.819e+00            7.922e-08            4.356e-08             1.01e-01
           1.819e+00            2.049e-08            1.127e-08             1.07e-01
           1.819e+00            2.186e-08            1.202e-08             1.17e-01
           1.819e+00            1.102e-08            6.060e-09             1.37e-01
           1.819e+00            5.573e-02            3.064e-02             3.18e-03
           1.819e+00            2.724e-02            1.498e-02             9.50e-03
           1.819e+00            1.658e-02            9.114e-03             5.72e-03
           1.819e+00            7.465e-03            4.104e-03             6.82e-03
           1.819e+00            3.529e-03            1.941e-03             7.28e-03
           1.819e+00            1.470e-03            8.083e-04             9.51e-03
           1.819e+00            1.016e-03            5.586e-04             1.28e-02
           1.819e+00            4.294e-04            2.361e-04             1.29e-02
           1.819e+00            2.687e-04            1.478e-04             1.57e-02
           1.819e+00            1.401e-04            7.703e-05             1.97e-02
           1.819e+00            9.856e-05            5.419e-05             2.23e-02
           1.819e+00            3.419e-05            1.880e-05             2.34e-02
           1.819e+00            2.187e-05            1.203e-05             2.57e-02
           1.819e+00            1.187e-05            6.524e-06             2.79e-02
           1.819e+00            6.427e-06            3.534e-06             4.05e-02
           1.819e+00            3.373e-06            1.855e-06             4.90e-02
           1.819e+00            1.695e-06            9.321e-07             5.85e-02
           1.819e+00            7.302e-07            4.015e-07             6.09e-02
           1.819e+00            5.036e-07            2.769e-07             6.37e-02
           1.819e+00            4.303e-07            2.366e-07             7.07e-02
           1.819e+00            1.967e-07            1.082e-07             7.84e-02
           1.819e+00            6.858e-08            3.771e-08             8.63e-02
           1.819e+00            4.933e-08            2.712e-08             9.47e-02
           1.819e+00            3.378e-08            1.857e-08             9.80e-02
           1.819e+00            1.764e-08            9.701e-09             1.14e-01
xmax = 20
xshift = -20
dx = 0.6349206349206349
len of Hint: 18
len of H: 18
Sweep 0, chi=2, cutoff=1e-08
  Direction: left->right
  Direction: right->left
  Energy: -0.1970166362, Trunc err: 1.02e+00
Sweep 1, chi=2, cutoff=1e-08
  Direction: left->right
  Direction: right->left
  Energy: -0.1992838540, Trunc err: 1.03e+00
Sweep 2, chi=2, cutoff=1e-08
  Direction: left->right
  Direction: right->left
  Energy: -0.1994941958, Trunc err: 1.03e+00
Sweep 3, chi=2, cutoff=1e-08
  Direction: left->right
  Direction: right->left
  Energy: -0.1976070430, Trunc err: 1.03e+00
Sweep 4, chi=2, cutoff=1e-08
  Direction: left->right
  Direction: right->left
  Energy: -0.1970805407, Trunc err: 1.02e+00
Sweep 5, chi=2, cutoff=1e-08
  Direction: left->right
  Direction: right->left
  Energy: -0.1983114311, Trunc err: 1.03e+00
Sweep 6, chi=2, cutoff=1e-08
  Direction: left->right
  Direction: right->left
  Energy: -0.1983541011, Trunc err: 1.03e+00
Sweep 7, chi=2, cutoff=1e-08
  Direction: left->right
  Direction: right->left
  Energy: -0.1970420204, Trunc err: 1.03e+00
Sweep 8, chi=2, cutoff=1e-08
  Direction: left->right
  Direction: right->left
  Energy: -0.1983202537, Trunc err: 1.03e+00
Sweep 9, chi=2, cutoff=1e-08
  Direction: left->right
  Direction: right->left
  Energy: -0.1970376533, Trunc err: 1.03e+00
Sweep 10, chi=4, cutoff=1e-08
  Direction: left->right
  Direction: right->left
  Energy: -0.2865010940, Trunc err: 1.12e+00
Sweep 11, chi=4, cutoff=1e-08
  Direction: left->right
  Direction: right->left
  Energy: -0.4392173792, Trunc err: 1.30e+00
Sweep 12, chi=4, cutoff=1e-08
  Direction: left->right
  Direction: right->left
  Energy: -0.6025139804, Trunc err: 1.42e+00
Sweep 13, chi=4, cutoff=1e-08
  Direction: left->right
  Direction: right->left
  Energy: -0.7153226798, Trunc err: 1.50e+00
Sweep 14, chi=4, cutoff=1e-08
  Direction: left->right
  Direction: right->left
  Energy: -0.8071175362, Trunc err: 1.55e+00
Sweep 15, chi=4, cutoff=1e-08
  Direction: left->right
  Direction: right->left
  Energy: -0.8540967507, Trunc err: 1.59e+00
Sweep 16, chi=4, cutoff=1e-08
  Direction: left->right
  Direction: right->left
  Energy: -0.8693733158, Trunc err: 1.60e+00
Sweep 17, chi=4, cutoff=1e-08
  Direction: left->right
  Direction: right->left
  Energy: -0.8736753929, Trunc err: 1.60e+00
Sweep 18, chi=4, cutoff=1e-08
  Direction: left->right
  Direction: right->left
  Energy: -0.8763461975, Trunc err: 1.60e+00
Sweep 19, chi=4, cutoff=1e-08
  Direction: left->right
  Direction: right->left
  Energy: -0.8799739063, Trunc err: 1.61e+00
Sweep 20, chi=4, cutoff=1e-08
  Direction: left->right
  Direction: right->left
  Energy: -0.8811866646, Trunc err: 1.61e+00
Sweep 21, chi=4, cutoff=1e-08
  Direction: left->right
  Direction: right->left
  Energy: -0.8813536592, Trunc err: 1.61e+00
Sweep 22, chi=4, cutoff=1e-08
  Direction: left->right
  Direction: right->left
  Energy: -0.8813754850, Trunc err: 1.61e+00
Sweep 23, chi=4, cutoff=1e-08
  Direction: left->right
  Direction: right->left
  Energy: -0.8813800259, Trunc err: 1.61e+00
Sweep 24, chi=4, cutoff=1e-08
  Direction: left->right
  Direction: right->left
  Energy: -0.8813811510, Trunc err: 1.61e+00
Sweep 25, chi=4, cutoff=1e-08
  Direction: left->right
  Direction: right->left
  Energy: -0.8813814554, Trunc err: 1.61e+00
Sweep 26, chi=4, cutoff=1e-08
  Direction: left->right
  Direction: right->left
  Energy: -0.8813815443, Trunc err: 1.61e+00
Sweep 27, chi=4, cutoff=1e-08
  Direction: left->right
  Direction: right->left
  Energy: -0.8813815732, Trunc err: 1.61e+00
Sweep 28, chi=4, cutoff=1e-08
  Direction: left->right
  Direction: right->left
  Energy: -0.8813815837, Trunc err: 1.61e+00
Sweep 29, chi=4, cutoff=1e-08
  Direction: left->right
  Direction: right->left
  Energy: -0.8813815880, Trunc err: 1.61e+00
Sweep 30, chi=4, cutoff=1e-08
  Direction: left->right
  Direction: right->left
  Energy: -0.8813815900, Trunc err: 1.61e+00
Sweep 31, chi=4, cutoff=1e-08
  Direction: left->right
  Direction: right->left
  Energy: -0.8813815910, Trunc err: 1.61e+00
Sweep 32, chi=4, cutoff=1e-08
  Direction: left->right
  Direction: right->left
  Energy: -0.8813815915, Trunc err: 1.61e+00
Sweep 33, chi=4, cutoff=1e-08
  Direction: left->right
  Direction: right->left
  Energy: -0.8813815919, Trunc err: 1.61e+00
Sweep 34, chi=4, cutoff=1e-08
  Direction: left->right
  Direction: right->left
  Energy: -0.8813815921, Trunc err: 1.61e+00
Sweep 35, chi=4, cutoff=1e-08
  Direction: left->right
  Direction: right->left
  Energy: -0.8813815924, Trunc err: 1.61e+00
Sweep 36, chi=4, cutoff=1e-08
  Direction: left->right
  Direction: right->left
  Energy: -0.8813815927, Trunc err: 1.61e+00
Sweep 37, chi=4, cutoff=1e-08
  Direction: left->right
  Direction: right->left
  Energy: -0.8813815932, Trunc err: 1.61e+00
Sweep 38, chi=4, cutoff=1e-08
  Direction: left->right
  Direction: right->left
  Energy: -0.8813815751, Trunc err: 1.61e+00
Sweep 39, chi=4, cutoff=1e-08
  Direction: left->right
  Direction: right->left
  Energy: -0.8813815844, Trunc err: 1.61e+00
Sweep 40, chi=4, cutoff=1e-08
  Direction: left->right
  Direction: right->left
  Energy: -0.8813815831, Trunc err: 1.61e+00
Sweep 41, chi=4, cutoff=1e-08
  Direction: left->right
  Direction: right->left
  Energy: -0.8813815833, Trunc err: 1.61e+00
Sweep 42, chi=4, cutoff=1e-08
  Direction: left->right
  Direction: right->left
  Energy: -0.8813815833, Trunc err: 1.61e+00
Sweep 43, chi=4, cutoff=1e-08
  Direction: left->right
  Direction: right->left
  Energy: -0.8813815833, Trunc err: 1.61e+00
Sweep 44, chi=4, cutoff=1e-08
  Direction: left->right
  Direction: right->left
  Energy: -0.8813815833, Trunc err: 1.61e+00
Sweep 45, chi=4, cutoff=1e-08
  Direction: left->right
  Direction: right->left
  Energy: -0.8813815833, Trunc err: 1.61e+00
Sweep 46, chi=4, cutoff=1e-08
  Direction: left->right
  Direction: right->left
  Energy: -0.8813815833, Trunc err: 1.61e+00
Sweep 47, chi=4, cutoff=1e-08
  Direction: left->right
  Direction: right->left
  Energy: -0.8813815833, Trunc err: 1.61e+00
Sweep 48, chi=4, cutoff=1e-08
  Direction: left->right
  Direction: right->left
  Energy: -0.8813815833, Trunc err: 1.61e+00
Sweep 49, chi=4, cutoff=1e-08
  Direction: left->right
  Direction: right->left
  Energy: -0.8813815833, Trunc err: 1.61e+00
Sweep 50, chi=8, cutoff=1e-08
  Direction: left->right
  Direction: right->left
  Energy: -0.9787489836, Trunc err: 1.67e+00
Sweep 51, chi=8, cutoff=1e-08
  Direction: left->right
  Direction: right->left
  Energy: -0.9814126273, Trunc err: 1.71e+00
Sweep 52, chi=8, cutoff=1e-08
  Direction: left->right
  Direction: right->left
  Energy: -0.9815387605, Trunc err: 1.72e+00
Sweep 53, chi=8, cutoff=1e-08
  Direction: left->right
  Direction: right->left
  Energy: -0.9815578742, Trunc err: 1.72e+00
Sweep 54, chi=8, cutoff=1e-08
  Direction: left->right
  Direction: right->left
  Energy: -0.9815618464, Trunc err: 1.72e+00
Sweep 55, chi=8, cutoff=1e-08
  Direction: left->right
  Direction: right->left
  Energy: -0.9815627921, Trunc err: 1.72e+00
Sweep 56, chi=8, cutoff=1e-08
  Direction: left->right
  Direction: right->left
  Energy: -0.9815630335, Trunc err: 1.72e+00
Sweep 57, chi=8, cutoff=1e-08
  Direction: left->right
  Direction: right->left
  Energy: -0.9815630970, Trunc err: 1.72e+00
Sweep 58, chi=8, cutoff=1e-08
  Direction: left->right
  Direction: right->left
  Energy: -0.9815631140, Trunc err: 1.72e+00
Sweep 59, chi=8, cutoff=1e-08
  Direction: left->right
  Direction: right->left
  Energy: -0.9815631185, Trunc err: 1.72e+00
Sweep 60, chi=8, cutoff=1e-08
  Direction: left->right
  Direction: right->left
  Energy: -0.9815631197, Trunc err: 1.72e+00
Sweep 61, chi=8, cutoff=1e-08
  Direction: left->right
  Direction: right->left
  Energy: -0.9815631200, Trunc err: 1.72e+00
Sweep 62, chi=8, cutoff=1e-08
  Direction: left->right
  Direction: right->left
  Energy: -0.9815631201, Trunc err: 1.72e+00
Sweep 63, chi=8, cutoff=1e-08
  Direction: left->right
  Direction: right->left
  Energy: -0.9815631202, Trunc err: 1.72e+00
Sweep 64, chi=8, cutoff=1e-08
  Direction: left->right
  Direction: right->left
  Energy: -0.9815631202, Trunc err: 1.72e+00
Sweep 65, chi=8, cutoff=1e-08
  Direction: left->right
  Direction: right->left
  Energy: -0.9815631202, Trunc err: 1.72e+00
Sweep 66, chi=8, cutoff=1e-08
  Direction: left->right
  Direction: right->left
  Energy: -0.9815631202, Trunc err: 1.72e+00
Sweep 67, chi=8, cutoff=1e-08
  Direction: left->right
  Direction: right->left
  Energy: -0.9815631202, Trunc err: 1.72e+00
Sweep 68, chi=8, cutoff=1e-08
  Direction: left->right
  Direction: right->left
  Energy: -0.9815631202, Trunc err: 1.72e+00
Sweep 69, chi=8, cutoff=1e-08
  Direction: left->right
  Direction: right->left
  Energy: -0.9815631202, Trunc err: 1.72e+00
Sweep 70, chi=8, cutoff=1e-08
  Direction: left->right
  Direction: right->left
  Energy: -0.9815631202, Trunc err: 1.72e+00
Sweep 71, chi=8, cutoff=1e-08
  Direction: left->right
  Direction: right->left
  Energy: -0.9815631202, Trunc err: 1.72e+00
Sweep 72, chi=8, cutoff=1e-08
  Direction: left->right
  Direction: right->left
  Energy: -0.9815631202, Trunc err: 1.72e+00
Sweep 73, chi=8, cutoff=1e-08
  Direction: left->right
  Direction: right->left
  Energy: -0.9815631202, Trunc err: 1.72e+00
Sweep 74, chi=8, cutoff=1e-08
  Direction: left->right
  Direction: right->left
  Energy: -0.9815631202, Trunc err: 1.72e+00
Sweep 75, chi=8, cutoff=1e-08
  Direction: left->right
  Direction: right->left
  Energy: -0.9815631202, Trunc err: 1.72e+00
Sweep 76, chi=8, cutoff=1e-08
  Direction: left->right
  Direction: right->left
  Energy: -0.9815631202, Trunc err: 1.72e+00
Sweep 77, chi=8, cutoff=1e-08
  Direction: left->right
  Direction: right->left
  Energy: -0.9815631202, Trunc err: 1.72e+00
Sweep 78, chi=8, cutoff=1e-08
  Direction: left->right
  Direction: right->left
  Energy: -0.9815631202, Trunc err: 1.72e+00
Sweep 79, chi=8, cutoff=1e-08
  Direction: left->right
  Direction: right->left
  Energy: -0.9815631202, Trunc err: 1.72e+00
Sweep 80, chi=8, cutoff=1e-08
  Direction: left->right
  Direction: right->left
  Energy: -0.9815631202, Trunc err: 1.72e+00
Sweep 81, chi=8, cutoff=1e-08
  Direction: left->right
  Direction: right->left
  Energy: -0.9815631202, Trunc err: 1.72e+00
Sweep 82, chi=8, cutoff=1e-08
  Direction: left->right
  Direction: right->left
  Energy: -0.9815631202, Trunc err: 1.72e+00
Sweep 83, chi=8, cutoff=1e-08
  Direction: left->right
  Direction: right->left
  Energy: -0.9815631202, Trunc err: 1.72e+00
Sweep 84, chi=8, cutoff=1e-08
  Direction: left->right
  Direction: right->left
  Energy: -0.9815631202, Trunc err: 1.72e+00
Sweep 85, chi=8, cutoff=1e-08
  Direction: left->right
  Direction: right->left
  Energy: -0.9815631202, Trunc err: 1.72e+00
Sweep 86, chi=8, cutoff=1e-08
  Direction: left->right
  Direction: right->left
  Energy: -0.9815631202, Trunc err: 1.72e+00
Sweep 87, chi=8, cutoff=1e-08
  Direction: left->right
  Direction: right->left
  Energy: -0.9815631202, Trunc err: 1.72e+00
Sweep 88, chi=8, cutoff=1e-08
  Direction: left->right
  Direction: right->left
  Energy: -0.9815631202, Trunc err: 1.72e+00
Sweep 89, chi=8, cutoff=1e-08
  Direction: left->right
  Direction: right->left
  Energy: -0.9815631202, Trunc err: 1.72e+00
Sweep 90, chi=8, cutoff=1e-08
  Direction: left->right
  Direction: right->left
  Energy: -0.9815631202, Trunc err: 1.72e+00
Sweep 91, chi=8, cutoff=1e-08
  Direction: left->right
  Direction: right->left
  Energy: -0.9815631202, Trunc err: 1.72e+00
Sweep 92, chi=8, cutoff=1e-08
  Direction: left->right
  Direction: right->left
  Energy: -0.9815631202, Trunc err: 1.72e+00
Sweep 93, chi=8, cutoff=1e-08
  Direction: left->right
  Direction: right->left
  Energy: -0.9815631202, Trunc err: 1.72e+00
Sweep 94, chi=8, cutoff=1e-08
  Direction: left->right
  Direction: right->left
  Energy: -0.9815631202, Trunc err: 1.72e+00
Sweep 95, chi=8, cutoff=1e-08
  Direction: left->right
  Direction: right->left
  Energy: -0.9815631202, Trunc err: 1.72e+00
Sweep 96, chi=8, cutoff=1e-08
  Direction: left->right
  Direction: right->left
  Energy: -0.9815631202, Trunc err: 1.72e+00
Sweep 97, chi=8, cutoff=1e-08
  Direction: left->right
  Direction: right->left
  Energy: -0.9815631202, Trunc err: 1.72e+00
Sweep 98, chi=8, cutoff=1e-08
  Direction: left->right
  Direction: right->left
  Energy: -0.9815631202, Trunc err: 1.72e+00
Sweep 99, chi=8, cutoff=1e-08
  Direction: left->right
  Direction: right->left
  Energy: -0.9815631202, Trunc err: 1.72e+00
Sweep 100, chi=16, cutoff=1e-08
  Direction: left->right
  Direction: right->left
  Energy: -1.0065284355, Trunc err: 1.77e+00
Sweep 101, chi=16, cutoff=1e-08
  Direction: left->right
  Direction: right->left
  Energy: -1.0085933017, Trunc err: 1.82e+00
Sweep 102, chi=16, cutoff=1e-08
  Direction: left->right
  Direction: right->left
  Energy: -1.0086947863, Trunc err: 1.83e+00
Sweep 103, chi=16, cutoff=1e-08
  Direction: left->right
  Direction: right->left
  Energy: -1.0087073412, Trunc err: 1.83e+00
Sweep 104, chi=16, cutoff=1e-08
  Direction: left->right
  Direction: right->left
  Energy: -1.0087205546, Trunc err: 1.83e+00
Sweep 105, chi=16, cutoff=1e-08
  Direction: left->right
  Direction: right->left
  Energy: -1.0087347674, Trunc err: 1.84e+00
Sweep 106, chi=16, cutoff=1e-08
  Direction: left->right
  Direction: right->left
  Energy: -1.0087407481, Trunc err: 1.84e+00
Sweep 107, chi=16, cutoff=1e-08
  Direction: left->right
  Direction: right->left
  Energy: -1.0087431699, Trunc err: 1.84e+00
Sweep 108, chi=16, cutoff=1e-08
  Direction: left->right
  Direction: right->left
  Energy: -1.0087443450, Trunc err: 1.84e+00
Sweep 109, chi=16, cutoff=1e-08
  Direction: left->right
  Direction: right->left
  Energy: -1.0087449929, Trunc err: 1.84e+00
Sweep 110, chi=16, cutoff=1e-08
  Direction: left->right
  Direction: right->left
  Energy: -1.0087453812, Trunc err: 1.84e+00
Sweep 111, chi=16, cutoff=1e-08
  Direction: left->right
  Direction: right->left
  Energy: -1.0087456288, Trunc err: 1.84e+00
Sweep 112, chi=16, cutoff=1e-08
  Direction: left->right
  Direction: right->left
  Energy: -1.0087457936, Trunc err: 1.84e+00
Sweep 113, chi=16, cutoff=1e-08
  Direction: left->right
  Direction: right->left
  Energy: -1.0087459080, Trunc err: 1.84e+00
Sweep 114, chi=16, cutoff=1e-08
  Direction: left->right
  Direction: right->left
  Energy: -1.0087459893, Trunc err: 1.84e+00
Sweep 115, chi=16, cutoff=1e-08
  Direction: left->right
  Direction: right->left
  Energy: -1.0087460491, Trunc err: 1.84e+00
Sweep 116, chi=16, cutoff=1e-08
  Direction: left->right
  Direction: right->left
  Energy: -1.0087460937, Trunc err: 1.84e+00
Sweep 117, chi=16, cutoff=1e-08
  Direction: left->right
  Direction: right->left
  Energy: -1.0087461278, Trunc err: 1.84e+00
Sweep 118, chi=16, cutoff=1e-08
  Direction: left->right
  Direction: right->left
  Energy: -1.0087461542, Trunc err: 1.84e+00
Sweep 119, chi=16, cutoff=1e-08
  Direction: left->right
  Direction: right->left
  Energy: -1.0087461749, Trunc err: 1.84e+00
Sweep 120, chi=32, cutoff=1e-08
  Direction: left->right
  Direction: right->left
  Energy: -1.0110464033, Trunc err: 1.86e+00
Sweep 121, chi=32, cutoff=1e-08
  Direction: left->right
  Direction: right->left
  Energy: -1.0110982651, Trunc err: 1.87e+00
Sweep 122, chi=32, cutoff=1e-08
  Direction: left->right
  Direction: right->left
  Energy: -1.0111044610, Trunc err: 1.88e+00
Sweep 123, chi=32, cutoff=1e-08
  Direction: left->right
  Direction: right->left
  Energy: -1.0111065008, Trunc err: 1.88e+00
Sweep 124, chi=32, cutoff=1e-08
  Direction: left->right
  Direction: right->left
  Energy: -1.0111075194, Trunc err: 1.88e+00
Sweep 125, chi=32, cutoff=1e-08
  Direction: left->right
  Direction: right->left
  Energy: -1.0111079050, Trunc err: 1.88e+00
Sweep 126, chi=32, cutoff=1e-08
  Direction: left->right
  Direction: right->left
  Energy: -1.0111080197, Trunc err: 1.88e+00
Sweep 127, chi=32, cutoff=1e-08
  Direction: left->right
  Direction: right->left
  Energy: -1.0111080515, Trunc err: 1.88e+00
Sweep 128, chi=32, cutoff=1e-08
  Direction: left->right
  Direction: right->left
  Energy: -1.0111080608, Trunc err: 1.88e+00
Sweep 129, chi=32, cutoff=1e-08
  Direction: left->right
  Direction: right->left
  Energy: -1.0111080639, Trunc err: 1.88e+00
