           1.819e+00            3.899e-02            2.144e-02             1.30e-03
           1.819e+00            2.835e-02            1.559e-02             4.37e-03
           1.819e+00            1.524e-02            8.378e-03             5.38e-03
           1.819e+00            8.562e-03            4.708e-03             7.76e-03
           1.819e+00            7.214e-03            3.967e-03             1.02e-02
           1.819e+00            1.895e-03            1.042e-03             1.09e-02
           1.819e+00            1.362e-03            7.488e-04             1.27e-02
           1.819e+00            5.825e-04            3.203e-04             1.48e-02
           1.819e+00            2.916e-04            1.603e-04             1.65e-02
           1.819e+00            1.007e-04            5.539e-05             1.86e-02
           1.819e+00            8.074e-05            4.440e-05             2.39e-02
           1.819e+00            3.322e-05            1.827e-05             2.46e-02
           1.819e+00            2.103e-05            1.156e-05             2.85e-02
           1.819e+00            9.167e-06            5.041e-06             3.04e-02
           1.819e+00            5.012e-06            2.756e-06             3.63e-02
           1.819e+00            1.682e-06            9.251e-07             5.63e-02
           1.819e+00            1.275e-06            7.013e-07             5.54e-02
           1.819e+00            7.739e-07            4.256e-07             5.61e-02
           1.819e+00            4.435e-07            2.439e-07             6.53e-02
           1.819e+00            2.099e-07            1.154e-07             6.25e-02
           1.819e+00            1.843e-07            1.013e-07             7.56e-02
           1.819e+00            1.163e-07            6.397e-08             1.01e-01
           1.819e+00            4.695e-08            2.582e-08             1.05e-01
           1.819e+00            2.633e-08            1.448e-08             1.01e-01
           1.819e+00            1.621e-08            8.911e-09             1.13e-01
           1.819e+00            5.504e-02            3.026e-02             1.47e-03
           1.819e+00            3.205e-02            1.762e-02             4.76e-03
           1.819e+00            1.433e-02            7.879e-03             5.83e-03
           1.819e+00            1.370e-02            7.532e-03             7.24e-03
           1.819e+00            4.683e-03            2.575e-03             8.41e-03
           1.819e+00            2.511e-03            1.381e-03             9.31e-03
           1.819e+00            1.048e-03            5.765e-04             1.23e-02
           1.819e+00            6.753e-04            3.713e-04             1.50e-02
           1.819e+00            2.891e-04            1.589e-04             1.72e-02
           1.819e+00            1.249e-04            6.869e-05             1.86e-02
           1.819e+00            8.011e-05            4.405e-05             2.35e-02
           1.819e+00            3.507e-05            1.928e-05             2.79e-02
           1.819e+00            1.861e-05            1.023e-05             2.89e-02
           1.819e+00            6.022e-06            3.311e-06             3.02e-02
           1.819e+00            5.637e-06            3.100e-06             3.31e-02
           1.819e+00            3.000e-06            1.650e-06             4.76e-02
           1.819e+00            1.563e-06            8.597e-07             5.40e-02
           1.819e+00            6.697e-07            3.682e-07             5.87e-02
           1.819e+00            3.881e-07            2.134e-07             6.39e-02
           1.819e+00            1.856e-07            1.021e-07             6.21e-02
           1.819e+00            1.088e-07            5.980e-08             6.76e-02
           1.819e+00            6.862e-08            3.773e-08             7.30e-02
           1.819e+00            4.582e-08            2.520e-08             8.21e-02
           1.819e+00            2.070e-08            1.138e-08             1.01e-01
           1.819e+00            1.235e-08            6.790e-09             1.15e-01
xmax = 20
xshift = -20
dx = 0.6349206349206349
len of Hint: 18
len of H: 18
Sweep 0, chi=2, cutoff=1e-08
  Direction: left->right
  Direction: right->left
  Energy: -0.2002102948, Trunc err: 1.02e+00
Sweep 1, chi=2, cutoff=1e-08
  Direction: left->right
  Direction: right->left
  Energy: -0.2008629275, Trunc err: 1.03e+00
Sweep 2, chi=2, cutoff=1e-08
  Direction: left->right
  Direction: right->left
  Energy: -0.2023220246, Trunc err: 1.03e+00
Sweep 3, chi=2, cutoff=1e-08
  Direction: left->right
  Direction: right->left
  Energy: -0.2002177558, Trunc err: 1.03e+00
Sweep 4, chi=2, cutoff=1e-08
  Direction: left->right
  Direction: right->left
  Energy: -0.2010419844, Trunc err: 1.03e+00
Sweep 5, chi=2, cutoff=1e-08
  Direction: left->right
  Direction: right->left
  Energy: -0.2009904700, Trunc err: 1.03e+00
Sweep 6, chi=2, cutoff=1e-08
  Direction: left->right
  Direction: right->left
  Energy: -0.2001877063, Trunc err: 1.03e+00
Sweep 7, chi=2, cutoff=1e-08
  Direction: left->right
  Direction: right->left
  Energy: -0.2015911645, Trunc err: 1.03e+00
Sweep 8, chi=2, cutoff=1e-08
  Direction: left->right
  Direction: right->left
  Energy: -0.2003144408, Trunc err: 1.03e+00
Sweep 9, chi=2, cutoff=1e-08
  Direction: left->right
  Direction: right->left
  Energy: -0.2015957329, Trunc err: 1.03e+00
Sweep 10, chi=4, cutoff=1e-08
  Direction: left->right
  Direction: right->left
  Energy: -0.3219667709, Trunc err: 1.14e+00
Sweep 11, chi=4, cutoff=1e-08
  Direction: left->right
  Direction: right->left
  Energy: -0.5720371315, Trunc err: 1.33e+00
Sweep 12, chi=4, cutoff=1e-08
  Direction: left->right
  Direction: right->left
  Energy: -1.0922671848, Trunc err: 1.50e+00
Sweep 13, chi=4, cutoff=1e-08
  Direction: left->right
  Direction: right->left
  Energy: -1.8792947133, Trunc err: 1.66e+00
Sweep 14, chi=4, cutoff=1e-08
  Direction: left->right
  Direction: right->left
  Energy: -2.1816196710, Trunc err: 1.75e+00
Sweep 15, chi=4, cutoff=1e-08
  Direction: left->right
  Direction: right->left
  Energy: -2.2289793967, Trunc err: 1.78e+00
Sweep 16, chi=4, cutoff=1e-08
  Direction: left->right
  Direction: right->left
  Energy: -2.2336540436, Trunc err: 1.79e+00
Sweep 17, chi=4, cutoff=1e-08
  Direction: left->right
  Direction: right->left
  Energy: -2.2339862338, Trunc err: 1.79e+00
Sweep 18, chi=4, cutoff=1e-08
  Direction: left->right
  Direction: right->left
  Energy: -2.2340091002, Trunc err: 1.79e+00
Sweep 19, chi=4, cutoff=1e-08
  Direction: left->right
  Direction: right->left
  Energy: -2.2340106479, Trunc err: 1.79e+00
Sweep 20, chi=4, cutoff=1e-08
  Direction: left->right
  Direction: right->left
  Energy: -2.2340107773, Trunc err: 1.79e+00
Sweep 21, chi=4, cutoff=1e-08
  Direction: left->right
  Direction: right->left
  Energy: -2.2340107901, Trunc err: 1.79e+00
Sweep 22, chi=4, cutoff=1e-08
  Direction: left->right
  Direction: right->left
  Energy: -2.2340107913, Trunc err: 1.79e+00
Sweep 23, chi=4, cutoff=1e-08
  Direction: left->right
  Direction: right->left
  Energy: -2.2340107914, Trunc err: 1.79e+00
Sweep 24, chi=4, cutoff=1e-08
  Direction: left->right
  Direction: right->left
  Energy: -2.2340107915, Trunc err: 1.79e+00
Sweep 25, chi=4, cutoff=1e-08
  Direction: left->right
  Direction: right->left
  Energy: -2.2340107915, Trunc err: 1.79e+00
Sweep 26, chi=4, cutoff=1e-08
  Direction: left->right
  Direction: right->left
  Energy: -2.2340107915, Trunc err: 1.79e+00
Sweep 27, chi=4, cutoff=1e-08
  Direction: left->right
  Direction: right->left
  Energy: -2.2340107915, Trunc err: 1.79e+00
Sweep 28, chi=4, cutoff=1e-08
  Direction: left->right
  Direction: right->left
  Energy: -2.2340107915, Trunc err: 1.79e+00
Sweep 29, chi=4, cutoff=1e-08
  Direction: left->right
  Direction: right->left
  Energy: -2.2340107915, Trunc err: 1.79e+00
Sweep 30, chi=4, cutoff=1e-08
  Direction: left->right
  Direction: right->left
  Energy: -2.2340107915, Trunc err: 1.79e+00
Sweep 31, chi=4, cutoff=1e-08
  Direction: left->right
  Direction: right->left
  Energy: -2.2340107915, Trunc err: 1.79e+00
Sweep 32, chi=4, cutoff=1e-08
  Direction: left->right
  Direction: right->left
  Energy: -2.2340107915, Trunc err: 1.79e+00
Sweep 33, chi=4, cutoff=1e-08
  Direction: left->right
  Direction: right->left
  Energy: -2.2340107915, Trunc err: 1.79e+00
Sweep 34, chi=4, cutoff=1e-08
  Direction: left->right
  Direction: right->left
  Energy: -2.2340107915, Trunc err: 1.79e+00
Sweep 35, chi=4, cutoff=1e-08
  Direction: left->right
  Direction: right->left
  Energy: -2.2340107915, Trunc err: 1.79e+00
Sweep 36, chi=4, cutoff=1e-08
  Direction: left->right
  Direction: right->left
  Energy: -2.2340107915, Trunc err: 1.79e+00
Sweep 37, chi=4, cutoff=1e-08
  Direction: left->right
  Direction: right->left
  Energy: -2.2340107915, Trunc err: 1.79e+00
Sweep 38, chi=4, cutoff=1e-08
  Direction: left->right
  Direction: right->left
  Energy: -2.2340107915, Trunc err: 1.79e+00
Sweep 39, chi=4, cutoff=1e-08
  Direction: left->right
  Direction: right->left
  Energy: -2.2340107915, Trunc err: 1.79e+00
Sweep 40, chi=4, cutoff=1e-08
  Direction: left->right
  Direction: right->left
  Energy: -2.2340107915, Trunc err: 1.79e+00
Sweep 41, chi=4, cutoff=1e-08
  Direction: left->right
  Direction: right->left
  Energy: -2.2340107915, Trunc err: 1.79e+00
Sweep 42, chi=4, cutoff=1e-08
  Direction: left->right
  Direction: right->left
  Energy: -2.2340107915, Trunc err: 1.79e+00
Sweep 43, chi=4, cutoff=1e-08
  Direction: left->right
  Direction: right->left
  Energy: -2.2340107915, Trunc err: 1.79e+00
Sweep 44, chi=4, cutoff=1e-08
  Direction: left->right
  Direction: right->left
  Energy: -2.2340107915, Trunc err: 1.79e+00
Sweep 45, chi=4, cutoff=1e-08
  Direction: left->right
  Direction: right->left
  Energy: -2.2340107915, Trunc err: 1.79e+00
Sweep 46, chi=4, cutoff=1e-08
  Direction: left->right
  Direction: right->left
  Energy: -2.2340107915, Trunc err: 1.79e+00
Sweep 47, chi=4, cutoff=1e-08
  Direction: left->right
  Direction: right->left
  Energy: -2.2340107915, Trunc err: 1.79e+00
Sweep 48, chi=4, cutoff=1e-08
  Direction: left->right
  Direction: right->left
  Energy: -2.2340107915, Trunc err: 1.79e+00
Sweep 49, chi=4, cutoff=1e-08
  Direction: left->right
  Direction: right->left
  Energy: -2.2340107915, Trunc err: 1.79e+00
Sweep 50, chi=8, cutoff=1e-08
  Direction: left->right
  Direction: right->left
  Energy: -2.2807483134, Trunc err: 1.82e+00
Sweep 51, chi=8, cutoff=1e-08
  Direction: left->right
  Direction: right->left
  Energy: -2.2841539466, Trunc err: 1.90e+00
Sweep 52, chi=8, cutoff=1e-08
  Direction: left->right
  Direction: right->left
  Energy: -2.2844384068, Trunc err: 1.91e+00
Sweep 53, chi=8, cutoff=1e-08
  Direction: left->right
  Direction: right->left
  Energy: -2.2844853758, Trunc err: 1.91e+00
Sweep 54, chi=8, cutoff=1e-08
  Direction: left->right
  Direction: right->left
  Energy: -2.2844932192, Trunc err: 1.91e+00
Sweep 55, chi=8, cutoff=1e-08
  Direction: left->right
  Direction: right->left
  Energy: -2.2844944787, Trunc err: 1.91e+00
Sweep 56, chi=8, cutoff=1e-08
  Direction: left->right
  Direction: right->left
  Energy: -2.2844946193, Trunc err: 1.91e+00
Sweep 57, chi=8, cutoff=1e-08
  Direction: left->right
  Direction: right->left
  Energy: -2.2844944919, Trunc err: 1.91e+00
Sweep 58, chi=8, cutoff=1e-08
  Direction: left->right
  Direction: right->left
  Energy: -2.2844943413, Trunc err: 1.91e+00
Sweep 59, chi=8, cutoff=1e-08
  Direction: left->right
  Direction: right->left
  Energy: -2.2844942083, Trunc err: 1.91e+00
Sweep 60, chi=8, cutoff=1e-08
  Direction: left->right
  Direction: right->left
  Energy: -2.2844941020, Trunc err: 1.91e+00
Sweep 61, chi=8, cutoff=1e-08
  Direction: left->right
  Direction: right->left
  Energy: -2.2844940205, Trunc err: 1.91e+00
Sweep 62, chi=8, cutoff=1e-08
  Direction: left->right
  Direction: right->left
  Energy: -2.2844939594, Trunc err: 1.91e+00
Sweep 63, chi=8, cutoff=1e-08
  Direction: left->right
  Direction: right->left
  Energy: -2.2844939140, Trunc err: 1.91e+00
Sweep 64, chi=8, cutoff=1e-08
  Direction: left->right
  Direction: right->left
  Energy: -2.2844938806, Trunc err: 1.91e+00
Sweep 65, chi=8, cutoff=1e-08
  Direction: left->right
  Direction: right->left
  Energy: -2.2844938561, Trunc err: 1.91e+00
Sweep 66, chi=8, cutoff=1e-08
  Direction: left->right
  Direction: right->left
  Energy: -2.2844938381, Trunc err: 1.91e+00
Sweep 67, chi=8, cutoff=1e-08
  Direction: left->right
  Direction: right->left
  Energy: -2.2844938250, Trunc err: 1.91e+00
Sweep 68, chi=8, cutoff=1e-08
  Direction: left->right
  Direction: right->left
  Energy: -2.2844938155, Trunc err: 1.91e+00
Sweep 69, chi=8, cutoff=1e-08
  Direction: left->right
  Direction: right->left
  Energy: -2.2844938087, Trunc err: 1.91e+00
Sweep 70, chi=8, cutoff=1e-08
  Direction: left->right
  Direction: right->left
  Energy: -2.2844938039, Trunc err: 1.91e+00
Sweep 71, chi=8, cutoff=1e-08
  Direction: left->right
  Direction: right->left
  Energy: -2.2844938006, Trunc err: 1.91e+00
Sweep 72, chi=8, cutoff=1e-08
  Direction: left->right
  Direction: right->left
  Energy: -2.2844937984, Trunc err: 1.91e+00
Sweep 73, chi=8, cutoff=1e-08
  Direction: left->right
  Direction: right->left
  Energy: -2.2844937971, Trunc err: 1.91e+00
Sweep 74, chi=8, cutoff=1e-08
  Direction: left->right
  Direction: right->left
  Energy: -2.2844937964, Trunc err: 1.91e+00
Sweep 75, chi=8, cutoff=1e-08
  Direction: left->right
  Direction: right->left
  Energy: -2.2844937963, Trunc err: 1.91e+00
Sweep 76, chi=8, cutoff=1e-08
  Direction: left->right
  Direction: right->left
  Energy: -2.2844937964, Trunc err: 1.91e+00
Sweep 77, chi=8, cutoff=1e-08
  Direction: left->right
  Direction: right->left
  Energy: -2.2844937969, Trunc err: 1.91e+00
Sweep 78, chi=8, cutoff=1e-08
  Direction: left->right
  Direction: right->left
  Energy: -2.2844937975, Trunc err: 1.91e+00
Sweep 79, chi=8, cutoff=1e-08
  Direction: left->right
  Direction: right->left
  Energy: -2.2844937983, Trunc err: 1.91e+00
Sweep 80, chi=8, cutoff=1e-08
  Direction: left->right
  Direction: right->left
  Energy: -2.2844937992, Trunc err: 1.91e+00
Sweep 81, chi=8, cutoff=1e-08
  Direction: left->right
  Direction: right->left
  Energy: -2.2844938002, Trunc err: 1.91e+00
Sweep 82, chi=8, cutoff=1e-08
  Direction: left->right
  Direction: right->left
  Energy: -2.2844938012, Trunc err: 1.91e+00
Sweep 83, chi=8, cutoff=1e-08
  Direction: left->right
  Direction: right->left
  Energy: -2.2844938022, Trunc err: 1.91e+00
Sweep 84, chi=8, cutoff=1e-08
  Direction: left->right
  Direction: right->left
  Energy: -2.2844938033, Trunc err: 1.91e+00
Sweep 85, chi=8, cutoff=1e-08
  Direction: left->right
  Direction: right->left
  Energy: -2.2844938043, Trunc err: 1.91e+00
Sweep 86, chi=8, cutoff=1e-08
  Direction: left->right
  Direction: right->left
  Energy: -2.2844938053, Trunc err: 1.91e+00
Sweep 87, chi=8, cutoff=1e-08
  Direction: left->right
  Direction: right->left
  Energy: -2.2844938063, Trunc err: 1.91e+00
Sweep 88, chi=8, cutoff=1e-08
  Direction: left->right
  Direction: right->left
  Energy: -2.2844938073, Trunc err: 1.91e+00
Sweep 89, chi=8, cutoff=1e-08
  Direction: left->right
  Direction: right->left
  Energy: -2.2844938082, Trunc err: 1.91e+00
Sweep 90, chi=8, cutoff=1e-08
  Direction: left->right
  Direction: right->left
  Energy: -2.2844938092, Trunc err: 1.91e+00
Sweep 91, chi=8, cutoff=1e-08
  Direction: left->right
  Direction: right->left
  Energy: -2.2844938100, Trunc err: 1.91e+00
Sweep 92, chi=8, cutoff=1e-08
  Direction: left->right
  Direction: right->left
  Energy: -2.2844938109, Trunc err: 1.91e+00
Sweep 93, chi=8, cutoff=1e-08
  Direction: left->right
  Direction: right->left
  Energy: -2.2844938117, Trunc err: 1.91e+00
Sweep 94, chi=8, cutoff=1e-08
  Direction: left->right
  Direction: right->left
  Energy: -2.2844938125, Trunc err: 1.91e+00
Sweep 95, chi=8, cutoff=1e-08
  Direction: left->right
  Direction: right->left
  Energy: -2.2844938132, Trunc err: 1.91e+00
Sweep 96, chi=8, cutoff=1e-08
  Direction: left->right
  Direction: right->left
  Energy: -2.2844938140, Trunc err: 1.91e+00
Sweep 97, chi=8, cutoff=1e-08
  Direction: left->right
  Direction: right->left
  Energy: -2.2844938146, Trunc err: 1.91e+00
Sweep 98, chi=8, cutoff=1e-08
  Direction: left->right
  Direction: right->left
  Energy: -2.2844938153, Trunc err: 1.91e+00
Sweep 99, chi=8, cutoff=1e-08
  Direction: left->right
  Direction: right->left
  Energy: -2.2844938159, Trunc err: 1.91e+00
Sweep 100, chi=16, cutoff=1e-08
  Direction: left->right
  Direction: right->left
  Energy: -2.3153438544, Trunc err: 1.95e+00
Sweep 101, chi=16, cutoff=1e-08
  Direction: left->right
  Direction: right->left
  Energy: -2.3160310807, Trunc err: 2.00e+00
Sweep 102, chi=16, cutoff=1e-08
  Direction: left->right
  Direction: right->left
  Energy: -2.3160463490, Trunc err: 2.01e+00
Sweep 103, chi=16, cutoff=1e-08
  Direction: left->right
  Direction: right->left
  Energy: -2.3160475391, Trunc err: 2.01e+00
Sweep 104, chi=16, cutoff=1e-08
  Direction: left->right
  Direction: right->left
  Energy: -2.3160474988, Trunc err: 2.01e+00
Sweep 105, chi=16, cutoff=1e-08
  Direction: left->right
  Direction: right->left
  Energy: -2.3160474878, Trunc err: 2.01e+00
Sweep 106, chi=16, cutoff=1e-08
  Direction: left->right
  Direction: right->left
  Energy: -2.3160474827, Trunc err: 2.01e+00
Sweep 107, chi=16, cutoff=1e-08
  Direction: left->right
  Direction: right->left
  Energy: -2.3160474800, Trunc err: 2.01e+00
Sweep 108, chi=16, cutoff=1e-08
  Direction: left->right
  Direction: right->left
  Energy: -2.3160474787, Trunc err: 2.01e+00
Sweep 109, chi=16, cutoff=1e-08
  Direction: left->right
  Direction: right->left
  Energy: -2.3160474779, Trunc err: 2.01e+00
Sweep 110, chi=16, cutoff=1e-08
  Direction: left->right
  Direction: right->left
  Energy: -2.3160474774, Trunc err: 2.01e+00
Sweep 111, chi=16, cutoff=1e-08
  Direction: left->right
  Direction: right->left
  Energy: -2.3160474768, Trunc err: 2.01e+00
Sweep 112, chi=16, cutoff=1e-08
  Direction: left->right
  Direction: right->left
  Energy: -2.3160474759, Trunc err: 2.01e+00
Sweep 113, chi=16, cutoff=1e-08
  Direction: left->right
  Direction: right->left
  Energy: -2.3160474743, Trunc err: 2.01e+00
Sweep 114, chi=16, cutoff=1e-08
  Direction: left->right
  Direction: right->left
  Energy: -2.3160474717, Trunc err: 2.01e+00
Sweep 115, chi=16, cutoff=1e-08
  Direction: left->right
  Direction: right->left
  Energy: -2.3160474673, Trunc err: 2.01e+00
Sweep 116, chi=16, cutoff=1e-08
  Direction: left->right
  Direction: right->left
  Energy: -2.3160474604, Trunc err: 2.01e+00
Sweep 117, chi=16, cutoff=1e-08
  Direction: left->right
  Direction: right->left
  Energy: -2.3160474510, Trunc err: 2.01e+00
Sweep 118, chi=16, cutoff=1e-08
  Direction: left->right
  Direction: right->left
  Energy: -2.3160474398, Trunc err: 2.01e+00
Sweep 119, chi=16, cutoff=1e-08
  Direction: left->right
  Direction: right->left
  Energy: -2.3160474286, Trunc err: 2.01e+00
Sweep 120, chi=32, cutoff=1e-08
  Direction: left->right
  Direction: right->left
  Energy: -2.3185637573, Trunc err: 2.03e+00
Sweep 121, chi=32, cutoff=1e-08
  Direction: left->right
  Direction: right->left
  Energy: -2.3189127971, Trunc err: 2.05e+00
Sweep 122, chi=32, cutoff=1e-08
  Direction: left->right
  Direction: right->left
  Energy: -2.3190113623, Trunc err: 2.05e+00
Sweep 123, chi=32, cutoff=1e-08
  Direction: left->right
  Direction: right->left
  Energy: -2.3190390699, Trunc err: 2.05e+00
Sweep 124, chi=32, cutoff=1e-08
  Direction: left->right
  Direction: right->left
  Energy: -2.3190460238, Trunc err: 2.05e+00
Sweep 125, chi=32, cutoff=1e-08
  Direction: left->right
  Direction: right->left
  Energy: -2.3190479060, Trunc err: 2.05e+00
Sweep 126, chi=32, cutoff=1e-08
  Direction: left->right
  Direction: right->left
  Energy: -2.3190484682, Trunc err: 2.05e+00
Sweep 127, chi=32, cutoff=1e-08
  Direction: left->right
  Direction: right->left
  Energy: -2.3190486695, Trunc err: 2.05e+00
Sweep 128, chi=32, cutoff=1e-08
  Direction: left->right
  Direction: right->left
  Energy: -2.3190487711, Trunc err: 2.05e+00
Sweep 129, chi=32, cutoff=1e-08
  Direction: left->right
  Direction: right->left
  Energy: -2.3190488449, Trunc err: 2.05e+00
