           7.332e+00            3.277e-01            4.470e-02             4.18e-03
           7.332e+00            1.104e-01            1.505e-02             2.29e-02
           7.332e+00            5.224e-02            7.125e-03             2.93e-02
           7.332e+00            3.989e-02            5.440e-03             2.48e-02
           7.332e+00            1.908e-02            2.602e-03             2.38e-02
           7.332e+00            1.349e-02            1.839e-03             3.19e-02
           7.332e+00            6.306e-03            8.600e-04             3.76e-02
           7.332e+00            4.717e-03            6.433e-04             4.52e-02
           7.332e+00            1.130e-03            1.541e-04             5.33e-02
           7.332e+00            1.116e-03            1.522e-04             5.73e-02
           7.332e+00            4.284e-04            5.843e-05             6.59e-02
           7.332e+00            3.490e-04            4.760e-05             1.29e-01
           7.332e+00            1.588e-04            2.166e-05             8.27e-02
           7.332e+00            8.513e-05            1.161e-05             9.81e-02
           7.332e+00            4.105e-05            5.598e-06             1.26e-01
           7.332e+00            2.414e-05            3.292e-06             2.12e-01
           7.332e+00            2.004e-05            2.734e-06             2.18e-01
           7.332e+00            9.558e-06            1.304e-06             1.34e-01
           7.332e+00            4.536e-06            6.186e-07             1.21e-01
           7.332e+00            3.776e-06            5.150e-07             1.40e-01
           7.332e+00            1.965e-06            2.680e-07             1.45e-01
           7.332e+00            1.167e-06            1.592e-07             1.72e-01
           7.332e+00            5.841e-07            7.966e-08             2.07e-01
           7.332e+00            4.297e-07            5.860e-08             2.68e-01
           7.332e+00            4.074e-07            5.557e-08             2.58e-01
           7.332e+00            1.657e-07            2.260e-08             2.41e-01
           7.332e+00            1.346e-07            1.835e-08             2.55e-01
           7.332e+00            1.298e-07            1.771e-08             2.85e-01
           7.332e+00            7.715e-08            1.052e-08             3.19e-01
           7.332e+00            6.017e-08            8.206e-09             3.66e-01
xmax = 10
xshift = -10
dx = 0.15748031496062992
Traceback (most recent call last):
  File "/home/jerrychen/Desktop/mergeHmol/twobody/3dhmol/R1/two_particles.py", line 39, in <module>
    V1 = tci.load_mps(f'fit{3*N}_{-Rad}.mps.npy')
         ^^^^^^^^^^^^^^^^^^^^^^^^^^^^^^^^^^^^^^^^
  File "/home/jerrychen/Desktop/mergeHmol/CytnxTools/tci.py", line 250, in load_mps
    tmp = np.load(fname, allow_pickle=True)
          ^^^^^^^^^^^^^^^^^^^^^^^^^^^^^^^^^
  File "/home/jerrychen/anaconda3/envs/cytnx/lib/python3.11/site-packages/numpy/lib/_npyio_impl.py", line 451, in load
    fid = stack.enter_context(open(os.fspath(file), "rb"))
                              ^^^^^^^^^^^^^^^^^^^^^^^^^^^
FileNotFoundError: [Errno 2] No such file or directory: 'fit21_-1.mps.npy'
           7.332e+00            7.116e-02            9.705e-03             4.11e-03
           7.332e+00            8.108e-02            1.106e-02             9.56e-02
           7.332e+00            5.351e-02            7.297e-03             1.78e-01
           7.332e+00            3.841e-02            5.238e-03             1.94e-01
           7.332e+00            2.793e-02            3.809e-03             2.44e-01
           7.332e+00            1.189e-02            1.621e-03             2.67e-01
           7.332e+00            5.791e-03            7.898e-04             3.15e-01
           7.332e+00            3.370e-03            4.596e-04             3.23e-01
           7.332e+00            1.319e-03            1.799e-04             4.60e-01
           7.332e+00            7.804e-04            1.064e-04             6.01e-01
           7.332e+00            4.695e-04            6.403e-05             6.18e-01
           7.332e+00            2.672e-04            3.644e-05             8.10e-01
           7.332e+00            1.233e-04            1.681e-05             7.88e-01
           7.332e+00            8.275e-05            1.129e-05             9.95e-01
           7.332e+00            3.973e-05            5.419e-06             1.60e+00
           7.332e+00            2.978e-05            4.062e-06             3.35e-01
           7.332e+00            1.357e-05            1.850e-06             1.40e-01
           7.332e+00            1.282e-05            1.749e-06             1.48e-01
           7.332e+00            5.082e-06            6.931e-07             1.76e-01
           7.332e+00            3.292e-06            4.489e-07             1.66e-01
           7.332e+00            2.148e-06            2.930e-07             1.92e-01
           7.332e+00            1.072e-06            1.461e-07             2.20e-01
           7.332e+00            8.036e-07            1.096e-07             2.23e-01
           7.332e+00            5.615e-07            7.658e-08             2.40e-01
           7.332e+00            3.229e-07            4.403e-08             2.83e-01
           7.332e+00            1.968e-07            2.683e-08             3.48e-01
           7.332e+00            1.811e-07            2.469e-08             3.97e-01
           7.332e+00            9.711e-08            1.324e-08             2.38e+00
           7.332e+00            5.740e-08            7.828e-09             5.13e+00
           7.332e+00            1.220e-01            1.664e-02             4.22e-03
           7.332e+00            6.565e-02            8.954e-03             1.14e-01
           7.332e+00            4.680e-02            6.383e-03             1.47e-01
           7.332e+00            3.225e-02            4.399e-03             1.97e-01
           7.332e+00            2.440e-02            3.327e-03             2.27e-01
           7.332e+00            1.457e-02            1.987e-03             2.33e-01
           7.332e+00            6.254e-03            8.529e-04             2.65e-01
           7.332e+00            3.191e-03            4.352e-04             4.35e-01
           7.332e+00            1.524e-03            2.079e-04             5.33e-01
           7.332e+00            6.858e-04            9.353e-05             5.18e-01
           7.332e+00            4.186e-04            5.710e-05             6.32e-01
           7.332e+00            2.391e-04            3.261e-05             8.35e-01
           7.332e+00            1.491e-04            2.033e-05             1.00e+00
           7.332e+00            7.258e-05            9.899e-06             1.13e+00
           7.332e+00            5.216e-05            7.114e-06             1.33e+00
           7.332e+00            3.012e-05            4.108e-06             2.39e-01
           7.332e+00            1.390e-05            1.895e-06             1.07e-01
           7.332e+00            9.440e-06            1.287e-06             1.19e-01
           7.332e+00            5.861e-06            7.994e-07             1.21e-01
           7.332e+00            2.726e-06            3.718e-07             1.52e-01
           7.332e+00            1.696e-06            2.314e-07             2.46e-01
           7.332e+00            1.016e-06            1.385e-07             2.55e-01
           7.332e+00            8.017e-07            1.093e-07             2.18e-01
           7.332e+00            5.118e-07            6.980e-08             2.09e-01
           7.332e+00            4.162e-07            5.676e-08             2.38e-01
           7.332e+00            2.744e-07            3.743e-08             2.75e-01
           7.332e+00            1.492e-07            2.035e-08             3.01e-01
           7.332e+00            1.198e-07            1.634e-08             6.60e-01
           7.332e+00            6.379e-08            8.700e-09             3.90e-01
           7.332e+00            2.259e-01            3.080e-02             4.58e-02
           7.332e+00            1.864e+00            2.543e-01             2.43e-01
           7.332e+00            9.823e-01            1.340e-01             3.50e-01
           7.332e+00            6.997e-01            9.542e-02             5.28e-01
           7.332e+00            7.141e-01            9.739e-02             7.26e-01
           7.332e+00            8.599e-01            1.173e-01             8.98e-01
           7.332e+00            2.131e-01            2.907e-02             1.04e+00
           7.332e+00            1.645e-01            2.243e-02             1.54e+00
           7.332e+00            1.025e-01            1.397e-02             1.88e+00
           7.332e+00            5.121e-02            6.984e-03             2.30e+00
           7.332e+00            4.263e-02            5.814e-03             2.90e+00
           7.332e+00            5.798e-02            7.908e-03             3.46e+00
           7.332e+00            5.977e-02            8.151e-03             3.90e+00
           7.332e+00            2.805e-02            3.825e-03             2.27e+00
           7.332e+00            1.580e-02            2.155e-03             3.82e+00
           7.332e+00            1.128e-02            1.538e-03             4.53e+00
           7.332e+00            8.606e-03            1.174e-03             4.26e+00
           7.332e+00            4.886e-03            6.663e-04             5.88e+00
           7.332e+00            4.635e-03            6.321e-04             5.96e+00
           7.332e+00            3.508e-03            4.784e-04             9.03e+00
           7.332e+00            2.711e-03            3.697e-04             8.38e+00
           7.332e+00            1.731e-03            2.361e-04             1.06e+01
           7.332e+00            1.351e-03            1.843e-04             4.08e+00
           7.332e+00            6.179e-04            8.427e-05             1.16e+00
           7.332e+00            3.661e-04            4.993e-05             1.72e+00
           7.332e+00            3.027e-04            4.128e-05             1.37e+00
           7.332e+00            1.999e-04            2.726e-05             1.97e+00
           7.332e+00            1.694e-04            2.311e-05             5.70e+00
           7.332e+00            1.336e-04            1.822e-05             5.54e+00
           7.332e+00            5.619e-05            7.664e-06             2.24e+01
           7.332e+00            6.546e-05            8.927e-06             2.25e+01
           7.332e+00            6.266e-05            8.546e-06             2.71e+01
           7.332e+00            3.195e-05            4.357e-06             2.69e+01
           7.332e+00            2.795e-05            3.812e-06             2.07e+01
           7.332e+00            1.644e-05            2.242e-06             1.25e+01
           7.332e+00            1.521e-05            2.074e-06             4.02e+01
           7.332e+00            1.164e-05            1.588e-06             3.99e+01
           7.332e+00            6.517e-06            8.888e-07             8.89e+00
           7.332e+00            5.263e-06            7.177e-07             9.62e+00
           7.332e+00            3.931e-06            5.361e-07             7.80e+00
xmax = 10
xshift = -10
dx = 0.15748031496062992
len of Hint: 21
len of H: 21
Sweep 0, chi=2, cutoff=1e-08
  Direction: left->right
  Direction: right->left
  Energy: -0.3572530505, Trunc err: 1.01e+00
Sweep 1, chi=2, cutoff=1e-08
  Direction: left->right
  Direction: right->left
  Energy: -0.3789940454, Trunc err: 1.01e+00
Sweep 2, chi=2, cutoff=1e-08
  Direction: left->right
  Direction: right->left
  Energy: -0.3828891794, Trunc err: 1.01e+00
Sweep 3, chi=2, cutoff=1e-08
  Direction: left->right
  Direction: right->left
  Energy: -0.3852593194, Trunc err: 1.01e+00
Sweep 4, chi=2, cutoff=1e-08
  Direction: left->right
  Direction: right->left
  Energy: -0.3855547913, Trunc err: 1.01e+00
Sweep 5, chi=2, cutoff=1e-08
  Direction: left->right
  Direction: right->left
  Energy: -0.3856598903, Trunc err: 1.01e+00
Sweep 6, chi=2, cutoff=1e-08
  Direction: left->right
  Direction: right->left
  Energy: -0.3856839238, Trunc err: 1.01e+00
Sweep 7, chi=2, cutoff=1e-08
  Direction: left->right
  Direction: right->left
  Energy: -0.3857123326, Trunc err: 1.01e+00
Sweep 8, chi=2, cutoff=1e-08
  Direction: left->right
  Direction: right->left
  Energy: -0.3857170357, Trunc err: 1.01e+00
Sweep 9, chi=2, cutoff=1e-08
  Direction: left->right
  Direction: right->left
  Energy: -0.3857178806, Trunc err: 1.01e+00
Sweep 10, chi=4, cutoff=1e-08
  Direction: left->right
  Direction: right->left
  Energy: -0.4121337916, Trunc err: 1.02e+00
Sweep 11, chi=4, cutoff=1e-08
  Direction: left->right
  Direction: right->left
  Energy: -0.4471138601, Trunc err: 1.06e+00
Sweep 12, chi=4, cutoff=1e-08
  Direction: left->right
  Direction: right->left
  Energy: -0.5321818654, Trunc err: 1.11e+00
Sweep 13, chi=4, cutoff=1e-08
  Direction: left->right
  Direction: right->left
  Energy: -0.7167254212, Trunc err: 1.20e+00
Sweep 14, chi=4, cutoff=1e-08
  Direction: left->right
  Direction: right->left
  Energy: -0.8337634925, Trunc err: 1.27e+00
Sweep 15, chi=4, cutoff=1e-08
  Direction: left->right
  Direction: right->left
  Energy: -0.9160012760, Trunc err: 1.30e+00
Sweep 16, chi=4, cutoff=1e-08
  Direction: left->right
  Direction: right->left
  Energy: -1.0021098026, Trunc err: 1.32e+00
Sweep 17, chi=4, cutoff=1e-08
  Direction: left->right
  Direction: right->left
  Energy: -1.1076508395, Trunc err: 1.34e+00
Sweep 18, chi=4, cutoff=1e-08
  Direction: left->right
  Direction: right->left
  Energy: -1.2882560231, Trunc err: 1.38e+00
Sweep 19, chi=4, cutoff=1e-08
  Direction: left->right
  Direction: right->left
  Energy: -1.4502929427, Trunc err: 1.42e+00
Sweep 20, chi=4, cutoff=1e-08
  Direction: left->right
  Direction: right->left
  Energy: -1.6043411776, Trunc err: 1.45e+00
Sweep 21, chi=4, cutoff=1e-08
  Direction: left->right
  Direction: right->left
  Energy: -1.7247235736, Trunc err: 1.48e+00
Sweep 22, chi=4, cutoff=1e-08
  Direction: left->right
  Direction: right->left
  Energy: -1.8073441588, Trunc err: 1.50e+00
Sweep 23, chi=4, cutoff=1e-08
  Direction: left->right
  Direction: right->left
  Energy: -1.8638522430, Trunc err: 1.51e+00
Sweep 24, chi=4, cutoff=1e-08
  Direction: left->right
  Direction: right->left
  Energy: -1.8955327606, Trunc err: 1.53e+00
Sweep 25, chi=4, cutoff=1e-08
  Direction: left->right
  Direction: right->left
  Energy: -1.9124214133, Trunc err: 1.53e+00
Sweep 26, chi=4, cutoff=1e-08
  Direction: left->right
  Direction: right->left
  Energy: -1.9204480217, Trunc err: 1.54e+00
Sweep 27, chi=4, cutoff=1e-08
  Direction: left->right
  Direction: right->left
  Energy: -1.9241652900, Trunc err: 1.54e+00
Sweep 28, chi=4, cutoff=1e-08
  Direction: left->right
  Direction: right->left
  Energy: -1.9259603172, Trunc err: 1.55e+00
Sweep 29, chi=4, cutoff=1e-08
  Direction: left->right
  Direction: right->left
  Energy: -1.9268120997, Trunc err: 1.55e+00
Sweep 30, chi=4, cutoff=1e-08
  Direction: left->right
  Direction: right->left
  Energy: -1.9271700491, Trunc err: 1.55e+00
Sweep 31, chi=4, cutoff=1e-08
  Direction: left->right
  Direction: right->left
  Energy: -1.9273368656, Trunc err: 1.55e+00
Sweep 32, chi=4, cutoff=1e-08
  Direction: left->right
  Direction: right->left
  Energy: -1.9274230632, Trunc err: 1.55e+00
Sweep 33, chi=4, cutoff=1e-08
  Direction: left->right
  Direction: right->left
  Energy: -1.9274716503, Trunc err: 1.55e+00
Sweep 34, chi=4, cutoff=1e-08
  Direction: left->right
  Direction: right->left
  Energy: -1.9274995269, Trunc err: 1.55e+00
Sweep 35, chi=4, cutoff=1e-08
  Direction: left->right
  Direction: right->left
  Energy: -1.9275158007, Trunc err: 1.55e+00
Sweep 36, chi=4, cutoff=1e-08
  Direction: left->right
  Direction: right->left
  Energy: -1.9275257228, Trunc err: 1.55e+00
Sweep 37, chi=4, cutoff=1e-08
  Direction: left->right
  Direction: right->left
  Energy: -1.9275313582, Trunc err: 1.55e+00
Sweep 38, chi=4, cutoff=1e-08
  Direction: left->right
  Direction: right->left
  Energy: -1.9275349652, Trunc err: 1.55e+00
Sweep 39, chi=4, cutoff=1e-08
  Direction: left->right
  Direction: right->left
  Energy: -1.9275371595, Trunc err: 1.55e+00
Sweep 40, chi=4, cutoff=1e-08
  Direction: left->right
  Direction: right->left
  Energy: -1.9275385494, Trunc err: 1.55e+00
Sweep 41, chi=4, cutoff=1e-08
  Direction: left->right
  Direction: right->left
  Energy: -1.9275394779, Trunc err: 1.55e+00
Sweep 42, chi=4, cutoff=1e-08
  Direction: left->right
  Direction: right->left
  Energy: -1.9275400998, Trunc err: 1.55e+00
Sweep 43, chi=4, cutoff=1e-08
  Direction: left->right
  Direction: right->left
  Energy: -1.9275405138, Trunc err: 1.55e+00
Sweep 44, chi=4, cutoff=1e-08
  Direction: left->right
  Direction: right->left
  Energy: -1.9275408234, Trunc err: 1.55e+00
Sweep 45, chi=4, cutoff=1e-08
  Direction: left->right
  Direction: right->left
  Energy: -1.9275410450, Trunc err: 1.55e+00
Sweep 46, chi=4, cutoff=1e-08
  Direction: left->right
  Direction: right->left
  Energy: -1.9275412215, Trunc err: 1.55e+00
Sweep 47, chi=4, cutoff=1e-08
  Direction: left->right
  Direction: right->left
  Energy: -1.9275413565, Trunc err: 1.55e+00
Sweep 48, chi=4, cutoff=1e-08
  Direction: left->right
  Direction: right->left
  Energy: -1.9275414727, Trunc err: 1.55e+00
Sweep 49, chi=4, cutoff=1e-08
  Direction: left->right
  Direction: right->left
  Energy: -1.9275415652, Trunc err: 1.55e+00
Sweep 50, chi=8, cutoff=1e-08
  Direction: left->right
  Direction: right->left
  Energy: -1.9957244271, Trunc err: 1.56e+00
Sweep 51, chi=8, cutoff=1e-08
  Direction: left->right
  Direction: right->left
  Energy: -2.0066533519, Trunc err: 1.59e+00
Sweep 52, chi=8, cutoff=1e-08
  Direction: left->right
  Direction: right->left
  Energy: -2.0083488578, Trunc err: 1.60e+00
Sweep 53, chi=8, cutoff=1e-08
  Direction: left->right
  Direction: right->left
  Energy: -2.0088171275, Trunc err: 1.60e+00
Sweep 54, chi=8, cutoff=1e-08
  Direction: left->right
  Direction: right->left
  Energy: -2.0090063894, Trunc err: 1.60e+00
Sweep 55, chi=8, cutoff=1e-08
  Direction: left->right
  Direction: right->left
  Energy: -2.0091049778, Trunc err: 1.60e+00
Sweep 56, chi=8, cutoff=1e-08
  Direction: left->right
  Direction: right->left
  Energy: -2.0091654030, Trunc err: 1.60e+00
Sweep 57, chi=8, cutoff=1e-08
  Direction: left->right
  Direction: right->left
  Energy: -2.0092053389, Trunc err: 1.60e+00
Sweep 58, chi=8, cutoff=1e-08
  Direction: left->right
  Direction: right->left
  Energy: -2.0092325562, Trunc err: 1.60e+00
Sweep 59, chi=8, cutoff=1e-08
  Direction: left->right
  Direction: right->left
  Energy: -2.0092513225, Trunc err: 1.60e+00
Sweep 60, chi=8, cutoff=1e-08
  Direction: left->right
  Direction: right->left
  Energy: -2.0092643713, Trunc err: 1.60e+00
Sweep 61, chi=8, cutoff=1e-08
  Direction: left->right
  Direction: right->left
  Energy: -2.0092735367, Trunc err: 1.60e+00
Sweep 62, chi=8, cutoff=1e-08
  Direction: left->right
  Direction: right->left
  Energy: -2.0092800084, Trunc err: 1.61e+00
Sweep 63, chi=8, cutoff=1e-08
  Direction: left->right
  Direction: right->left
  Energy: -2.0092845693, Trunc err: 1.61e+00
Sweep 64, chi=8, cutoff=1e-08
  Direction: left->right
  Direction: right->left
  Energy: -2.0092877615, Trunc err: 1.61e+00
Sweep 65, chi=8, cutoff=1e-08
  Direction: left->right
  Direction: right->left
  Energy: -2.0092899723, Trunc err: 1.61e+00
Sweep 66, chi=8, cutoff=1e-08
  Direction: left->right
  Direction: right->left
  Energy: -2.0092914850, Trunc err: 1.61e+00
Sweep 67, chi=8, cutoff=1e-08
  Direction: left->right
  Direction: right->left
  Energy: -2.0092925073, Trunc err: 1.61e+00
Sweep 68, chi=8, cutoff=1e-08
  Direction: left->right
  Direction: right->left
  Energy: -2.0092931904, Trunc err: 1.61e+00
Sweep 69, chi=8, cutoff=1e-08
  Direction: left->right
  Direction: right->left
  Energy: -2.0092936428, Trunc err: 1.61e+00
Sweep 70, chi=8, cutoff=1e-08
  Direction: left->right
  Direction: right->left
  Energy: -2.0092939401, Trunc err: 1.61e+00
Sweep 71, chi=8, cutoff=1e-08
  Direction: left->right
  Direction: right->left
  Energy: -2.0092941350, Trunc err: 1.61e+00
Sweep 72, chi=8, cutoff=1e-08
  Direction: left->right
  Direction: right->left
  Energy: -2.0092942622, Trunc err: 1.61e+00
Sweep 73, chi=8, cutoff=1e-08
  Direction: left->right
  Direction: right->left
  Energy: -2.0092943452, Trunc err: 1.61e+00
Sweep 74, chi=8, cutoff=1e-08
  Direction: left->right
  Direction: right->left
  Energy: -2.0092943993, Trunc err: 1.61e+00
Sweep 75, chi=8, cutoff=1e-08
  Direction: left->right
  Direction: right->left
  Energy: -2.0092944346, Trunc err: 1.61e+00
Sweep 76, chi=8, cutoff=1e-08
  Direction: left->right
  Direction: right->left
  Energy: -2.0092944578, Trunc err: 1.61e+00
Sweep 77, chi=8, cutoff=1e-08
  Direction: left->right
  Direction: right->left
  Energy: -2.0092944731, Trunc err: 1.61e+00
Sweep 78, chi=8, cutoff=1e-08
  Direction: left->right
  Direction: right->left
  Energy: -2.0092944832, Trunc err: 1.61e+00
Sweep 79, chi=8, cutoff=1e-08
  Direction: left->right
  Direction: right->left
  Energy: -2.0092944899, Trunc err: 1.61e+00
Sweep 80, chi=8, cutoff=1e-08
  Direction: left->right
  Direction: right->left
  Energy: -2.0092944944, Trunc err: 1.61e+00
Sweep 81, chi=8, cutoff=1e-08
  Direction: left->right
  Direction: right->left
  Energy: -2.0092944975, Trunc err: 1.61e+00
Sweep 82, chi=8, cutoff=1e-08
  Direction: left->right
  Direction: right->left
  Energy: -2.0092944995, Trunc err: 1.61e+00
Sweep 83, chi=8, cutoff=1e-08
  Direction: left->right
  Direction: right->left
  Energy: -2.0092945009, Trunc err: 1.61e+00
Sweep 84, chi=8, cutoff=1e-08
  Direction: left->right
  Direction: right->left
  Energy: -2.0092945019, Trunc err: 1.61e+00
Sweep 85, chi=8, cutoff=1e-08
  Direction: left->right
  Direction: right->left
  Energy: -2.0092945026, Trunc err: 1.61e+00
Sweep 86, chi=8, cutoff=1e-08
  Direction: left->right
  Direction: right->left
  Energy: -2.0092945031, Trunc err: 1.61e+00
Sweep 87, chi=8, cutoff=1e-08
  Direction: left->right
  Direction: right->left
  Energy: -2.0092945034, Trunc err: 1.61e+00
Sweep 88, chi=8, cutoff=1e-08
  Direction: left->right
  Direction: right->left
  Energy: -2.0092945037, Trunc err: 1.61e+00
Sweep 89, chi=8, cutoff=1e-08
  Direction: left->right
  Direction: right->left
  Energy: -2.0092945038, Trunc err: 1.61e+00
Sweep 90, chi=8, cutoff=1e-08
  Direction: left->right
  Direction: right->left
  Energy: -2.0092945040, Trunc err: 1.61e+00
Sweep 91, chi=8, cutoff=1e-08
  Direction: left->right
  Direction: right->left
  Energy: -2.0092945040, Trunc err: 1.61e+00
Sweep 92, chi=8, cutoff=1e-08
  Direction: left->right
  Direction: right->left
  Energy: -2.0092945041, Trunc err: 1.61e+00
Sweep 93, chi=8, cutoff=1e-08
  Direction: left->right
  Direction: right->left
  Energy: -2.0092945042, Trunc err: 1.61e+00
Sweep 94, chi=8, cutoff=1e-08
  Direction: left->right
  Direction: right->left
  Energy: -2.0092945042, Trunc err: 1.61e+00
Sweep 95, chi=8, cutoff=1e-08
  Direction: left->right
  Direction: right->left
  Energy: -2.0092945042, Trunc err: 1.61e+00
Sweep 96, chi=8, cutoff=1e-08
  Direction: left->right
  Direction: right->left
  Energy: -2.0092945042, Trunc err: 1.61e+00
Sweep 97, chi=8, cutoff=1e-08
  Direction: left->right
  Direction: right->left
  Energy: -2.0092945043, Trunc err: 1.61e+00
Sweep 98, chi=8, cutoff=1e-08
  Direction: left->right
  Direction: right->left
  Energy: -2.0092945043, Trunc err: 1.61e+00
Sweep 99, chi=8, cutoff=1e-08
  Direction: left->right
  Direction: right->left
  Energy: -2.0092945043, Trunc err: 1.61e+00
Sweep 100, chi=16, cutoff=1e-08
  Direction: left->right
  Direction: right->left
  Energy: -2.0633406190, Trunc err: 1.64e+00
Sweep 101, chi=16, cutoff=1e-08
  Direction: left->right
  Direction: right->left
  Energy: -2.0860327961, Trunc err: 1.69e+00
Sweep 102, chi=16, cutoff=1e-08
  Direction: left->right
  Direction: right->left
  Energy: -2.0921277321, Trunc err: 1.72e+00
Sweep 103, chi=16, cutoff=1e-08
  Direction: left->right
  Direction: right->left
  Energy: -2.0936968721, Trunc err: 1.73e+00
Sweep 104, chi=16, cutoff=1e-08
  Direction: left->right
  Direction: right->left
  Energy: -2.0943550624, Trunc err: 1.73e+00
Sweep 105, chi=16, cutoff=1e-08
  Direction: left->right
  Direction: right->left
  Energy: -2.0946998723, Trunc err: 1.74e+00
Sweep 106, chi=16, cutoff=1e-08
  Direction: left->right
  Direction: right->left
  Energy: -2.0949032130, Trunc err: 1.74e+00
Sweep 107, chi=16, cutoff=1e-08
  Direction: left->right
  Direction: right->left
  Energy: -2.0950324508, Trunc err: 1.74e+00
Sweep 108, chi=16, cutoff=1e-08
  Direction: left->right
  Direction: right->left
  Energy: -2.0951183143, Trunc err: 1.74e+00
Sweep 109, chi=16, cutoff=1e-08
  Direction: left->right
  Direction: right->left
  Energy: -2.0951770323, Trunc err: 1.74e+00
Sweep 110, chi=16, cutoff=1e-08
  Direction: left->right
  Direction: right->left
  Energy: -2.0952179610, Trunc err: 1.74e+00
Sweep 111, chi=16, cutoff=1e-08
  Direction: left->right
  Direction: right->left
  Energy: -2.0952466666, Trunc err: 1.74e+00
Sweep 112, chi=16, cutoff=1e-08
  Direction: left->right
  Direction: right->left
  Energy: -2.0952669625, Trunc err: 1.74e+00
Sweep 113, chi=16, cutoff=1e-08
  Direction: left->right
  Direction: right->left
  Energy: -2.0952812831, Trunc err: 1.74e+00
Sweep 114, chi=16, cutoff=1e-08
  Direction: left->right
  Direction: right->left
  Energy: -2.0952916518, Trunc err: 1.74e+00
Sweep 115, chi=16, cutoff=1e-08
  Direction: left->right
  Direction: right->left
  Energy: -2.0952990193, Trunc err: 1.74e+00
Sweep 116, chi=16, cutoff=1e-08
  Direction: left->right
  Direction: right->left
  Energy: -2.0953044286, Trunc err: 1.74e+00
Sweep 117, chi=16, cutoff=1e-08
  Direction: left->right
  Direction: right->left
  Energy: -2.0953083205, Trunc err: 1.74e+00
Sweep 118, chi=16, cutoff=1e-08
  Direction: left->right
  Direction: right->left
  Energy: -2.0953111971, Trunc err: 1.74e+00
Sweep 119, chi=16, cutoff=1e-08
  Direction: left->right
  Direction: right->left
  Energy: -2.0953132809, Trunc err: 1.74e+00
Sweep 120, chi=32, cutoff=1e-08
  Direction: left->right
  Direction: right->left
  Energy: -2.1100035308, Trunc err: 1.76e+00
Sweep 121, chi=32, cutoff=1e-08
  Direction: left->right
  Direction: right->left
  Energy: -2.1119377328, Trunc err: 1.79e+00
Sweep 122, chi=32, cutoff=1e-08
  Direction: left->right
  Direction: right->left
  Energy: -2.1122631769, Trunc err: 1.80e+00
Sweep 123, chi=32, cutoff=1e-08
  Direction: left->right
  Direction: right->left
  Energy: -2.1123920213, Trunc err: 1.80e+00
Sweep 124, chi=32, cutoff=1e-08
  Direction: left->right
  Direction: right->left
  Energy: -2.1124563368, Trunc err: 1.80e+00
Sweep 125, chi=32, cutoff=1e-08
  Direction: left->right
  Direction: right->left
  Energy: -2.1124922380, Trunc err: 1.80e+00
Sweep 126, chi=32, cutoff=1e-08
  Direction: left->right
  Direction: right->left
  Energy: -2.1125136274, Trunc err: 1.80e+00
Sweep 127, chi=32, cutoff=1e-08
  Direction: left->right
  Direction: right->left
  Energy: -2.1125274646, Trunc err: 1.80e+00
Sweep 128, chi=32, cutoff=1e-08
  Direction: left->right
  Direction: right->left
  Energy: -2.1125391025, Trunc err: 1.81e+00
Sweep 129, chi=32, cutoff=1e-08
  Direction: left->right
  Direction: right->left
  Energy: -2.1125584760, Trunc err: 1.81e+00
Sweep 0, chi=2, cutoff=1e-08
  Direction: left->right
  Direction: right->left
  Energy: -0.9709260451, Trunc err: 3.60e-03
Sweep 1, chi=2, cutoff=1e-08
  Direction: left->right
  Direction: right->left
  Energy: -0.9710860855, Trunc err: 7.26e-03
Sweep 2, chi=2, cutoff=1e-08
  Direction: left->right
  Direction: right->left
  Energy: -0.9710861117, Trunc err: 7.25e-03
Sweep 3, chi=2, cutoff=1e-08
  Direction: left->right
  Direction: right->left
  Energy: -0.9710861117, Trunc err: 7.25e-03
Sweep 4, chi=2, cutoff=1e-08
  Direction: left->right
  Direction: right->left
  Energy: -0.9710861117, Trunc err: 7.25e-03
Sweep 5, chi=2, cutoff=1e-08
  Direction: left->right
  Direction: right->left
  Energy: -0.9710861117, Trunc err: 7.25e-03
Sweep 6, chi=2, cutoff=1e-08
  Direction: left->right
  Direction: right->left
  Energy: -0.9710861117, Trunc err: 7.25e-03
Sweep 7, chi=2, cutoff=1e-08
  Direction: left->right
  Direction: right->left
  Energy: -0.9710861117, Trunc err: 7.25e-03
Sweep 8, chi=2, cutoff=1e-08
  Direction: left->right
  Direction: right->left
  Energy: -0.9710861117, Trunc err: 7.25e-03
Sweep 9, chi=2, cutoff=1e-08
  Direction: left->right
  Direction: right->left
  Energy: -0.9710861117, Trunc err: 7.25e-03
Sweep 10, chi=4, cutoff=1e-08
  Direction: left->right
  Direction: right->left
  Energy: -0.9858414675, Trunc err: 1.77e-03
Sweep 11, chi=4, cutoff=1e-08
  Direction: left->right
  Direction: right->left
  Energy: -0.9860202111, Trunc err: 3.74e-03
Sweep 12, chi=4, cutoff=1e-08
  Direction: left->right
  Direction: right->left
  Energy: -0.9860202152, Trunc err: 3.74e-03
Sweep 13, chi=4, cutoff=1e-08
  Direction: left->right
  Direction: right->left
  Energy: -0.9860202152, Trunc err: 3.74e-03
Sweep 14, chi=4, cutoff=1e-08
  Direction: left->right
  Direction: right->left
  Energy: -0.9860202152, Trunc err: 3.74e-03
Sweep 15, chi=4, cutoff=1e-08
  Direction: left->right
  Direction: right->left
  Energy: -0.9860202152, Trunc err: 3.74e-03
Sweep 16, chi=4, cutoff=1e-08
  Direction: left->right
  Direction: right->left
  Energy: -0.9860202152, Trunc err: 3.74e-03
Sweep 17, chi=4, cutoff=1e-08
  Direction: left->right
  Direction: right->left
  Energy: -0.9860202152, Trunc err: 3.74e-03
Sweep 18, chi=4, cutoff=1e-08
  Direction: left->right
  Direction: right->left
  Energy: -0.9860202152, Trunc err: 3.74e-03
Sweep 19, chi=4, cutoff=1e-08
  Direction: left->right
  Direction: right->left
  Energy: -0.9860202152, Trunc err: 3.74e-03
Sweep 20, chi=8, cutoff=1e-08
  Direction: left->right
  Direction: right->left
  Energy: -0.9872103364, Trunc err: 3.77e-05
Sweep 21, chi=8, cutoff=1e-08
  Direction: left->right
  Direction: right->left
  Energy: -0.9872103456, Trunc err: 8.50e-05
Sweep 22, chi=8, cutoff=1e-08
  Direction: left->right
  Direction: right->left
  Energy: -0.9872103456, Trunc err: 8.49e-05
Sweep 23, chi=8, cutoff=1e-08
  Direction: left->right
  Direction: right->left
  Energy: -0.9872103456, Trunc err: 8.49e-05
Sweep 24, chi=8, cutoff=1e-08
  Direction: left->right
  Direction: right->left
  Energy: -0.9872103456, Trunc err: 8.49e-05
Sweep 25, chi=8, cutoff=1e-08
  Direction: left->right
  Direction: right->left
  Energy: -0.9872103456, Trunc err: 8.49e-05
Sweep 26, chi=8, cutoff=1e-08
  Direction: left->right
  Direction: right->left
  Energy: -0.9872103456, Trunc err: 8.49e-05
Sweep 27, chi=8, cutoff=1e-08
  Direction: left->right
  Direction: right->left
  Energy: -0.9872103456, Trunc err: 8.49e-05
Sweep 28, chi=8, cutoff=1e-08
  Direction: left->right
  Direction: right->left
  Energy: -0.9872103456, Trunc err: 8.49e-05
Sweep 29, chi=8, cutoff=1e-08
  Direction: left->right
  Direction: right->left
  Energy: -0.9872103456, Trunc err: 8.49e-05
Sweep 30, chi=8, cutoff=1e-08
  Direction: left->right
  Direction: right->left
  Energy: -0.9872103456, Trunc err: 8.49e-05
Sweep 31, chi=8, cutoff=1e-08
  Direction: left->right
  Direction: right->left
  Energy: -0.9872103456, Trunc err: 8.49e-05
Sweep 32, chi=8, cutoff=1e-08
  Direction: left->right
  Direction: right->left
  Energy: -0.9872103456, Trunc err: 8.49e-05
Sweep 33, chi=8, cutoff=1e-08
  Direction: left->right
  Direction: right->left
  Energy: -0.9872103456, Trunc err: 8.49e-05
Sweep 34, chi=8, cutoff=1e-08
  Direction: left->right
  Direction: right->left
  Energy: -0.9872103456, Trunc err: 8.49e-05
Sweep 35, chi=8, cutoff=1e-08
  Direction: left->right
  Direction: right->left
  Energy: -0.9872103456, Trunc err: 8.49e-05
Sweep 36, chi=8, cutoff=1e-08
  Direction: left->right
  Direction: right->left
  Energy: -0.9872103456, Trunc err: 8.49e-05
Sweep 37, chi=8, cutoff=1e-08
  Direction: left->right
  Direction: right->left
  Energy: -0.9872103456, Trunc err: 8.49e-05
Sweep 38, chi=8, cutoff=1e-08
  Direction: left->right
  Direction: right->left
  Energy: -0.9872103456, Trunc err: 8.49e-05
Sweep 39, chi=8, cutoff=1e-08
  Direction: left->right
  Direction: right->left
  Energy: -0.9872103456, Trunc err: 8.49e-05
Sweep 40, chi=8, cutoff=1e-08
  Direction: left->right
  Direction: right->left
  Energy: -0.9872103456, Trunc err: 8.49e-05
Sweep 41, chi=8, cutoff=1e-08
  Direction: left->right
  Direction: right->left
  Energy: -0.9872103456, Trunc err: 8.49e-05
Sweep 42, chi=8, cutoff=1e-08
  Direction: left->right
  Direction: right->left
  Energy: -0.9872103456, Trunc err: 8.49e-05
Sweep 43, chi=8, cutoff=1e-08
  Direction: left->right
  Direction: right->left
  Energy: -0.9872103456, Trunc err: 8.49e-05
Sweep 44, chi=8, cutoff=1e-08
  Direction: left->right
  Direction: right->left
  Energy: -0.9872103456, Trunc err: 8.49e-05
Sweep 45, chi=8, cutoff=1e-08
  Direction: left->right
  Direction: right->left
  Energy: -0.9872103456, Trunc err: 8.49e-05
Sweep 46, chi=8, cutoff=1e-08
  Direction: left->right
  Direction: right->left
  Energy: -0.9872103456, Trunc err: 8.49e-05
Sweep 47, chi=8, cutoff=1e-08
  Direction: left->right
  Direction: right->left
  Energy: -0.9872103456, Trunc err: 8.49e-05
Sweep 48, chi=8, cutoff=1e-08
  Direction: left->right
  Direction: right->left
  Energy: -0.9872103456, Trunc err: 8.49e-05
Sweep 49, chi=8, cutoff=1e-08
  Direction: left->right
  Direction: right->left
  Energy: -0.9872103456, Trunc err: 8.49e-05
Sweep 50, chi=8, cutoff=1e-08
  Direction: left->right
  Direction: right->left
  Energy: -0.9872103456, Trunc err: 8.49e-05
Sweep 51, chi=8, cutoff=1e-08
  Direction: left->right
  Direction: right->left
  Energy: -0.9872103456, Trunc err: 8.49e-05
Sweep 52, chi=8, cutoff=1e-08
  Direction: left->right
  Direction: right->left
  Energy: -0.9872103456, Trunc err: 8.49e-05
Sweep 53, chi=8, cutoff=1e-08
  Direction: left->right
  Direction: right->left
  Energy: -0.9872103456, Trunc err: 8.49e-05
Sweep 54, chi=8, cutoff=1e-08
  Direction: left->right
  Direction: right->left
  Energy: -0.9872103456, Trunc err: 8.49e-05
Sweep 55, chi=8, cutoff=1e-08
  Direction: left->right
  Direction: right->left
  Energy: -0.9872103456, Trunc err: 8.49e-05
Sweep 56, chi=8, cutoff=1e-08
  Direction: left->right
  Direction: right->left
  Energy: -0.9872103456, Trunc err: 8.49e-05
Sweep 57, chi=8, cutoff=1e-08
  Direction: left->right
  Direction: right->left
  Energy: -0.9872103456, Trunc err: 8.49e-05
Sweep 58, chi=8, cutoff=1e-08
  Direction: left->right
  Direction: right->left
  Energy: -0.9872103456, Trunc err: 8.49e-05
Sweep 59, chi=8, cutoff=1e-08
  Direction: left->right
  Direction: right->left
  Energy: -0.9872103456, Trunc err: 8.49e-05
Sweep 60, chi=16, cutoff=1e-08
  Direction: left->right
  Direction: right->left
  Energy: -0.9872113202, Trunc err: 8.23e-09
Sweep 61, chi=16, cutoff=1e-08
  Direction: left->right
  Direction: right->left
  Energy: -0.9872113202, Trunc err: 1.37e-08
Sweep 62, chi=16, cutoff=1e-08
  Direction: left->right
  Direction: right->left
  Energy: -0.9872113202, Trunc err: 1.38e-08
Sweep 63, chi=16, cutoff=1e-08
  Direction: left->right
  Direction: right->left
  Energy: -0.9872113202, Trunc err: 1.38e-08
Sweep 64, chi=16, cutoff=1e-08
  Direction: left->right
  Direction: right->left
  Energy: -0.9872113202, Trunc err: 1.38e-08
Sweep 65, chi=16, cutoff=1e-08
  Direction: left->right
  Direction: right->left
  Energy: -0.9872113202, Trunc err: 1.38e-08
Sweep 66, chi=16, cutoff=1e-08
  Direction: left->right
  Direction: right->left
  Energy: -0.9872113202, Trunc err: 1.38e-08
Sweep 67, chi=16, cutoff=1e-08
  Direction: left->right
  Direction: right->left
  Energy: -0.9872113202, Trunc err: 1.38e-08
Sweep 68, chi=16, cutoff=1e-08
  Direction: left->right
  Direction: right->left
  Energy: -0.9872113202, Trunc err: 1.38e-08
Sweep 69, chi=16, cutoff=1e-08
  Direction: left->right
  Direction: right->left
  Energy: -0.9872113202, Trunc err: 1.38e-08
Sweep 70, chi=16, cutoff=1e-08
  Direction: left->right
  Direction: right->left
  Energy: -0.9872113202, Trunc err: 1.38e-08
Sweep 71, chi=16, cutoff=1e-08
  Direction: left->right
  Direction: right->left
  Energy: -0.9872113202, Trunc err: 1.38e-08
Sweep 72, chi=16, cutoff=1e-08
  Direction: left->right
  Direction: right->left
  Energy: -0.9872113202, Trunc err: 1.38e-08
Sweep 73, chi=16, cutoff=1e-08
  Direction: left->right
  Direction: right->left
  Energy: -0.9872113202, Trunc err: 1.38e-08
Sweep 74, chi=16, cutoff=1e-08
  Direction: left->right
  Direction: right->left
  Energy: -0.9872113202, Trunc err: 1.38e-08
Sweep 75, chi=16, cutoff=1e-08
  Direction: left->right
  Direction: right->left
  Energy: -0.9872113202, Trunc err: 1.38e-08
Sweep 76, chi=16, cutoff=1e-08
  Direction: left->right
  Direction: right->left
  Energy: -0.9872113202, Trunc err: 1.38e-08
Sweep 77, chi=16, cutoff=1e-08
  Direction: left->right
  Direction: right->left
  Energy: -0.9872113202, Trunc err: 1.38e-08
Sweep 78, chi=16, cutoff=1e-08
  Direction: left->right
  Direction: right->left
  Energy: -0.9872113202, Trunc err: 1.38e-08
Sweep 79, chi=16, cutoff=1e-08
  Direction: left->right
  Direction: right->left
  Energy: -0.9872113202, Trunc err: 1.38e-08
Sweep 80, chi=16, cutoff=1e-08
  Direction: left->right
  Direction: right->left
  Energy: -0.9872113202, Trunc err: 1.38e-08
Sweep 81, chi=16, cutoff=1e-08
  Direction: left->right
  Direction: right->left
  Energy: -0.9872113202, Trunc err: 1.38e-08
Sweep 82, chi=16, cutoff=1e-08
  Direction: left->right
  Direction: right->left
  Energy: -0.9872113202, Trunc err: 1.38e-08
Sweep 83, chi=16, cutoff=1e-08
  Direction: left->right
  Direction: right->left
  Energy: -0.9872113202, Trunc err: 1.38e-08
Sweep 84, chi=16, cutoff=1e-08
  Direction: left->right
  Direction: right->left
  Energy: -0.9872113202, Trunc err: 1.38e-08
Sweep 85, chi=16, cutoff=1e-08
  Direction: left->right
  Direction: right->left
  Energy: -0.9872113202, Trunc err: 1.38e-08
Sweep 86, chi=16, cutoff=1e-08
  Direction: left->right
  Direction: right->left
  Energy: -0.9872113202, Trunc err: 1.38e-08
Sweep 87, chi=16, cutoff=1e-08
  Direction: left->right
  Direction: right->left
  Energy: -0.9872113202, Trunc err: 1.38e-08
Sweep 88, chi=16, cutoff=1e-08
  Direction: left->right
  Direction: right->left
  Energy: -0.9872113202, Trunc err: 1.38e-08
Sweep 89, chi=16, cutoff=1e-08
  Direction: left->right
  Direction: right->left
  Energy: -0.9872113202, Trunc err: 1.38e-08
Sweep 90, chi=16, cutoff=1e-08
  Direction: left->right
  Direction: right->left
  Energy: -0.9872113202, Trunc err: 1.38e-08
Sweep 91, chi=16, cutoff=1e-08
  Direction: left->right
  Direction: right->left
  Energy: -0.9872113202, Trunc err: 1.38e-08
Sweep 92, chi=16, cutoff=1e-08
  Direction: left->right
  Direction: right->left
  Energy: -0.9872113202, Trunc err: 1.38e-08
Sweep 93, chi=16, cutoff=1e-08
  Direction: left->right
  Direction: right->left
  Energy: -0.9872113202, Trunc err: 1.38e-08
Sweep 94, chi=16, cutoff=1e-08
  Direction: left->right
  Direction: right->left
  Energy: -0.9872113202, Trunc err: 1.38e-08
Sweep 95, chi=16, cutoff=1e-08
  Direction: left->right
  Direction: right->left
  Energy: -0.9872113202, Trunc err: 1.38e-08
Sweep 96, chi=16, cutoff=1e-08
  Direction: left->right
  Direction: right->left
  Energy: -0.9872113202, Trunc err: 1.38e-08
Sweep 97, chi=16, cutoff=1e-08
  Direction: left->right
  Direction: right->left
  Energy: -0.9872113202, Trunc err: 1.38e-08
Sweep 98, chi=16, cutoff=1e-08
  Direction: left->right
  Direction: right->left
  Energy: -0.9872113202, Trunc err: 1.38e-08
Sweep 99, chi=16, cutoff=1e-08
  Direction: left->right
  Direction: right->left
  Energy: -0.9872113202, Trunc err: 1.38e-08
Sweep 100, chi=32, cutoff=1e-08
  Direction: left->right
  Direction: right->left
  Energy: -0.9872113202, Trunc err: 6.79e-09
Sweep 101, chi=32, cutoff=1e-08
  Direction: left->right
  Direction: right->left
  Energy: -0.9872113202, Trunc err: 6.91e-09
Sweep 102, chi=32, cutoff=1e-08
  Direction: left->right
  Direction: right->left
  Energy: -0.9872113202, Trunc err: 6.91e-09
Sweep 103, chi=32, cutoff=1e-08
  Direction: left->right
  Direction: right->left
  Energy: -0.9872113202, Trunc err: 6.91e-09
Sweep 104, chi=32, cutoff=1e-08
  Direction: left->right
  Direction: right->left
  Energy: -0.9872113202, Trunc err: 6.91e-09
Sweep 105, chi=32, cutoff=1e-08
  Direction: left->right
  Direction: right->left
  Energy: -0.9872113202, Trunc err: 6.91e-09
Sweep 106, chi=32, cutoff=1e-08
  Direction: left->right
  Direction: right->left
  Energy: -0.9872113202, Trunc err: 6.91e-09
Sweep 107, chi=32, cutoff=1e-08
  Direction: left->right
  Direction: right->left
  Energy: -0.9872113202, Trunc err: 6.91e-09
Sweep 108, chi=32, cutoff=1e-08
  Direction: left->right
  Direction: right->left
  Energy: -0.9872113202, Trunc err: 6.91e-09
Sweep 109, chi=32, cutoff=1e-08
  Direction: left->right
  Direction: right->left
  Energy: -0.9872113202, Trunc err: 6.91e-09
Sweep 110, chi=32, cutoff=1e-08
  Direction: left->right
  Direction: right->left
  Energy: -0.9872113202, Trunc err: 6.91e-09
Sweep 111, chi=32, cutoff=1e-08
  Direction: left->right
  Direction: right->left
  Energy: -0.9872113202, Trunc err: 6.91e-09
Sweep 112, chi=32, cutoff=1e-08
  Direction: left->right
  Direction: right->left
  Energy: -0.9872113202, Trunc err: 6.91e-09
Sweep 113, chi=32, cutoff=1e-08
  Direction: left->right
  Direction: right->left
  Energy: -0.9872113202, Trunc err: 6.91e-09
Sweep 114, chi=32, cutoff=1e-08
  Direction: left->right
  Direction: right->left
  Energy: -0.9872113202, Trunc err: 6.91e-09
Sweep 115, chi=32, cutoff=1e-08
  Direction: left->right
  Direction: right->left
  Energy: -0.9872113202, Trunc err: 6.91e-09
Sweep 116, chi=32, cutoff=1e-08
  Direction: left->right
  Direction: right->left
  Energy: -0.9872113202, Trunc err: 6.91e-09
Sweep 117, chi=32, cutoff=1e-08
  Direction: left->right
  Direction: right->left
  Energy: -0.9872113202, Trunc err: 6.91e-09
Sweep 118, chi=32, cutoff=1e-08
  Direction: left->right
  Direction: right->left
  Energy: -0.9872113202, Trunc err: 6.91e-09
Sweep 119, chi=32, cutoff=1e-08
  Direction: left->right
  Direction: right->left
  Energy: -0.9872113202, Trunc err: 6.91e-09
Sweep 120, chi=32, cutoff=1e-08
  Direction: left->right
  Direction: right->left
  Energy: -0.9872113202, Trunc err: 6.91e-09
Sweep 121, chi=32, cutoff=1e-08
  Direction: left->right
  Direction: right->left
  Energy: -0.9872113202, Trunc err: 6.91e-09
Sweep 122, chi=32, cutoff=1e-08
  Direction: left->right
  Direction: right->left
  Energy: -0.9872113202, Trunc err: 6.91e-09
Sweep 123, chi=32, cutoff=1e-08
  Direction: left->right
  Direction: right->left
  Energy: -0.9872113202, Trunc err: 6.91e-09
Sweep 124, chi=32, cutoff=1e-08
  Direction: left->right
  Direction: right->left
  Energy: -0.9872113202, Trunc err: 6.91e-09
Sweep 125, chi=32, cutoff=1e-08
  Direction: left->right
  Direction: right->left
  Energy: -0.9872113202, Trunc err: 6.91e-09
Sweep 126, chi=32, cutoff=1e-08
  Direction: left->right
  Direction: right->left
  Energy: -0.9872113202, Trunc err: 6.91e-09
Sweep 127, chi=32, cutoff=1e-08
  Direction: left->right
  Direction: right->left
  Energy: -0.9872113202, Trunc err: 6.91e-09
Sweep 128, chi=32, cutoff=1e-08
  Direction: left->right
  Direction: right->left
  Energy: -0.9872113202, Trunc err: 6.91e-09
Sweep 129, chi=32, cutoff=1e-08
  Direction: left->right
  Direction: right->left
  Energy: -0.9872113202, Trunc err: 6.91e-09
Sweep 130, chi=32, cutoff=1e-08
  Direction: left->right
  Direction: right->left
  Energy: -0.9872113202, Trunc err: 6.91e-09
Sweep 131, chi=32, cutoff=1e-08
  Direction: left->right
  Direction: right->left
  Energy: -0.9872113202, Trunc err: 6.91e-09
Sweep 132, chi=32, cutoff=1e-08
  Direction: left->right
  Direction: right->left
  Energy: -0.9872113202, Trunc err: 6.91e-09
Sweep 133, chi=32, cutoff=1e-08
  Direction: left->right
  Direction: right->left
  Energy: -0.9872113202, Trunc err: 6.91e-09
Sweep 134, chi=32, cutoff=1e-08
  Direction: left->right
  Direction: right->left
  Energy: -0.9872113202, Trunc err: 6.91e-09
Sweep 135, chi=32, cutoff=1e-08
  Direction: left->right
  Direction: right->left
  Energy: -0.9872113202, Trunc err: 6.91e-09
Sweep 136, chi=32, cutoff=1e-08
  Direction: left->right
  Direction: right->left
  Energy: -0.9872113202, Trunc err: 6.91e-09
Sweep 137, chi=32, cutoff=1e-08
  Direction: left->right
  Direction: right->left
  Energy: -0.9872113202, Trunc err: 6.91e-09
Sweep 138, chi=32, cutoff=1e-08
  Direction: left->right
  Direction: right->left
  Energy: -0.9872113202, Trunc err: 6.91e-09
Sweep 139, chi=32, cutoff=1e-08
  Direction: left->right
  Direction: right->left
  Energy: -0.9872113202, Trunc err: 6.91e-09
Sweep 0, chi=2, cutoff=1e-08
  Direction: left->right
  Direction: right->left
  Energy: -0.0000054962, Trunc err: 3.47e-03
Sweep 1, chi=2, cutoff=1e-08
  Direction: left->right
  Direction: right->left
  Energy: -0.0000073750, Trunc err: 4.35e-03
Sweep 2, chi=2, cutoff=1e-08
  Direction: left->right
  Direction: right->left
  Energy: -0.0000085555, Trunc err: 4.36e-03
Sweep 3, chi=2, cutoff=1e-08
  Direction: left->right
  Direction: right->left
  Energy: -0.0000097604, Trunc err: 4.32e-03
Sweep 4, chi=2, cutoff=1e-08
  Direction: left->right
  Direction: right->left
  Energy: -0.0000109065, Trunc err: 4.33e-03
Sweep 5, chi=2, cutoff=1e-08
  Direction: left->right
  Direction: right->left
  Energy: -0.0000122469, Trunc err: 4.45e-03
Sweep 6, chi=2, cutoff=1e-08
  Direction: left->right
  Direction: right->left
  Energy: -0.0000150074, Trunc err: 4.84e-03
Sweep 7, chi=2, cutoff=1e-08
  Direction: left->right
  Direction: right->left
  Energy: -0.0000177486, Trunc err: 4.45e-03
Sweep 8, chi=2, cutoff=1e-08
  Direction: left->right
  Direction: right->left
  Energy: -0.0000572021, Trunc err: 4.90e-03
Sweep 9, chi=2, cutoff=1e-08
  Direction: left->right
  Direction: right->left
  Energy: -0.0000806361, Trunc err: 4.51e-03
Sweep 10, chi=4, cutoff=1e-08
  Direction: left->right
  Direction: right->left
  Energy: -0.0001276115, Trunc err: 2.62e-05
Sweep 11, chi=4, cutoff=1e-08
  Direction: left->right
  Direction: right->left
  Energy: -0.0002209562, Trunc err: 1.02e-04
Sweep 12, chi=4, cutoff=1e-08
  Direction: left->right
  Direction: right->left
  Energy: -0.0016347259, Trunc err: 4.09e-04
Sweep 13, chi=4, cutoff=1e-08
  Direction: left->right
  Direction: right->left
  Energy: -0.0016672326, Trunc err: 1.03e-03
Sweep 14, chi=4, cutoff=1e-08
  Direction: left->right
  Direction: right->left
  Energy: -0.0016985061, Trunc err: 5.03e-04
Sweep 15, chi=4, cutoff=1e-08
  Direction: left->right
  Direction: right->left
  Energy: -0.0018203673, Trunc err: 5.02e-04
Sweep 16, chi=4, cutoff=1e-08
  Direction: left->right
  Direction: right->left
  Energy: -0.0018211441, Trunc err: 3.59e-06
Sweep 17, chi=4, cutoff=1e-08
  Direction: left->right
  Direction: right->left
  Energy: -0.0018217951, Trunc err: 3.72e-06
Sweep 18, chi=4, cutoff=1e-08
  Direction: left->right
  Direction: right->left
  Energy: -0.0018224373, Trunc err: 4.26e-06
Sweep 19, chi=4, cutoff=1e-08
  Direction: left->right
  Direction: right->left
  Energy: -0.0018231055, Trunc err: 4.75e-06
Sweep 20, chi=8, cutoff=1e-08
  Direction: left->right
  Direction: right->left
  Energy: -0.0030491555, Trunc err: 8.65e-05
Sweep 21, chi=8, cutoff=1e-08
  Direction: left->right
  Direction: right->left
  Energy: -0.0032392424, Trunc err: 2.05e-04
Sweep 22, chi=8, cutoff=1e-08
  Direction: left->right
  Direction: right->left
  Energy: -0.0032522717, Trunc err: 4.94e-05
Sweep 23, chi=8, cutoff=1e-08
  Direction: left->right
  Direction: right->left
  Energy: -0.0032594823, Trunc err: 3.25e-05
Sweep 24, chi=8, cutoff=1e-08
  Direction: left->right
  Direction: right->left
  Energy: -0.0032642153, Trunc err: 2.39e-05
Sweep 25, chi=8, cutoff=1e-08
  Direction: left->right
  Direction: right->left
  Energy: -0.0032675908, Trunc err: 1.85e-05
Sweep 26, chi=8, cutoff=1e-08
  Direction: left->right
  Direction: right->left
  Energy: -0.0032701343, Trunc err: 1.47e-05
Sweep 27, chi=8, cutoff=1e-08
  Direction: left->right
  Direction: right->left
  Energy: -0.0032721705, Trunc err: 1.18e-05
Sweep 28, chi=8, cutoff=1e-08
  Direction: left->right
  Direction: right->left
  Energy: -0.0032737420, Trunc err: 9.98e-06
Sweep 29, chi=8, cutoff=1e-08
  Direction: left->right
  Direction: right->left
  Energy: -0.0032750696, Trunc err: 8.76e-06
Sweep 30, chi=8, cutoff=1e-08
  Direction: left->right
  Direction: right->left
  Energy: -0.0032762073, Trunc err: 7.76e-06
Sweep 31, chi=8, cutoff=1e-08
  Direction: left->right
  Direction: right->left
  Energy: -0.0032771952, Trunc err: 6.93e-06
Sweep 32, chi=8, cutoff=1e-08
  Direction: left->right
  Direction: right->left
  Energy: -0.0032780634, Trunc err: 6.24e-06
Sweep 33, chi=8, cutoff=1e-08
  Direction: left->right
  Direction: right->left
  Energy: -0.0032788347, Trunc err: 5.65e-06
Sweep 34, chi=8, cutoff=1e-08
  Direction: left->right
  Direction: right->left
  Energy: -0.0032795269, Trunc err: 5.15e-06
Sweep 35, chi=8, cutoff=1e-08
  Direction: left->right
  Direction: right->left
  Energy: -0.0032801532, Trunc err: 4.72e-06
Sweep 36, chi=8, cutoff=1e-08
  Direction: left->right
  Direction: right->left
  Energy: -0.0032807235, Trunc err: 4.35e-06
Sweep 37, chi=8, cutoff=1e-08
  Direction: left->right
  Direction: right->left
  Energy: -0.0032812438, Trunc err: 4.06e-06
Sweep 38, chi=8, cutoff=1e-08
  Direction: left->right
  Direction: right->left
  Energy: -0.0032817172, Trunc err: 3.83e-06
Sweep 39, chi=8, cutoff=1e-08
  Direction: left->right
  Direction: right->left
  Energy: -0.0032821458, Trunc err: 3.67e-06
Sweep 40, chi=8, cutoff=1e-08
  Direction: left->right
  Direction: right->left
  Energy: -0.0032825344, Trunc err: 3.60e-06
Sweep 41, chi=8, cutoff=1e-08
  Direction: left->right
  Direction: right->left
  Energy: -0.0032828923, Trunc err: 3.60e-06
Sweep 42, chi=8, cutoff=1e-08
  Direction: left->right
  Direction: right->left
  Energy: -0.0032832311, Trunc err: 3.65e-06
Sweep 43, chi=8, cutoff=1e-08
  Direction: left->right
  Direction: right->left
  Energy: -0.0032835600, Trunc err: 3.75e-06
Sweep 44, chi=8, cutoff=1e-08
  Direction: left->right
  Direction: right->left
  Energy: -0.0032838846, Trunc err: 3.88e-06
Sweep 45, chi=8, cutoff=1e-08
  Direction: left->right
  Direction: right->left
  Energy: -0.0032842078, Trunc err: 4.04e-06
Sweep 46, chi=8, cutoff=1e-08
  Direction: left->right
  Direction: right->left
  Energy: -0.0032845292, Trunc err: 4.21e-06
Sweep 47, chi=8, cutoff=1e-08
  Direction: left->right
  Direction: right->left
  Energy: -0.0032848515, Trunc err: 4.41e-06
Sweep 48, chi=8, cutoff=1e-08
  Direction: left->right
  Direction: right->left
  Energy: -0.0032851747, Trunc err: 4.62e-06
Sweep 49, chi=8, cutoff=1e-08
  Direction: left->right
  Direction: right->left
  Energy: -0.0032854980, Trunc err: 4.83e-06
Sweep 50, chi=8, cutoff=1e-08
  Direction: left->right
  Direction: right->left
  Energy: -0.0032858204, Trunc err: 5.04e-06
Sweep 51, chi=8, cutoff=1e-08
  Direction: left->right
  Direction: right->left
  Energy: -0.0032861407, Trunc err: 5.24e-06
Sweep 52, chi=8, cutoff=1e-08
  Direction: left->right
  Direction: right->left
  Energy: -0.0032864574, Trunc err: 5.43e-06
Sweep 53, chi=8, cutoff=1e-08
  Direction: left->right
  Direction: right->left
  Energy: -0.0032867688, Trunc err: 5.59e-06
Sweep 54, chi=8, cutoff=1e-08
  Direction: left->right
  Direction: right->left
  Energy: -0.0032870733, Trunc err: 5.73e-06
Sweep 55, chi=8, cutoff=1e-08
  Direction: left->right
  Direction: right->left
  Energy: -0.0032873694, Trunc err: 5.83e-06
Sweep 56, chi=8, cutoff=1e-08
  Direction: left->right
  Direction: right->left
  Energy: -0.0032876559, Trunc err: 5.91e-06
Sweep 57, chi=8, cutoff=1e-08
  Direction: left->right
  Direction: right->left
  Energy: -0.0032879318, Trunc err: 5.95e-06
Sweep 58, chi=8, cutoff=1e-08
  Direction: left->right
  Direction: right->left
  Energy: -0.0032881967, Trunc err: 5.97e-06
Sweep 59, chi=8, cutoff=1e-08
  Direction: left->right
  Direction: right->left
  Energy: -0.0032884504, Trunc err: 5.97e-06
Sweep 60, chi=16, cutoff=1e-08
  Direction: left->right
  Direction: right->left
  Energy: -0.0032886339, Trunc err: 5.73e-08
Sweep 61, chi=16, cutoff=1e-08
  Direction: left->right
  Direction: right->left
  Energy: -0.0032887936, Trunc err: 2.30e-07
Sweep 62, chi=16, cutoff=1e-08
  Direction: left->right
  Direction: right->left
  Energy: -0.0032889650, Trunc err: 2.29e-07
Sweep 63, chi=16, cutoff=1e-08
  Direction: left->right
  Direction: right->left
  Energy: -0.0032891329, Trunc err: 2.20e-07
Sweep 64, chi=16, cutoff=1e-08
  Direction: left->right
  Direction: right->left
  Energy: -0.0032892969, Trunc err: 2.15e-07
Sweep 65, chi=16, cutoff=1e-08
  Direction: left->right
  Direction: right->left
  Energy: -0.0032894571, Trunc err: 2.12e-07
Sweep 66, chi=16, cutoff=1e-08
  Direction: left->right
  Direction: right->left
  Energy: -0.0032896139, Trunc err: 2.09e-07
Sweep 67, chi=16, cutoff=1e-08
  Direction: left->right
  Direction: right->left
  Energy: -0.0032897673, Trunc err: 2.07e-07
Sweep 68, chi=16, cutoff=1e-08
  Direction: left->right
  Direction: right->left
  Energy: -0.0032899177, Trunc err: 2.05e-07
Sweep 69, chi=16, cutoff=1e-08
  Direction: left->right
  Direction: right->left
  Energy: -0.0032900650, Trunc err: 2.04e-07
Sweep 70, chi=16, cutoff=1e-08
  Direction: left->right
  Direction: right->left
  Energy: -0.0032902095, Trunc err: 2.02e-07
Sweep 71, chi=16, cutoff=1e-08
  Direction: left->right
  Direction: right->left
  Energy: -0.0032903512, Trunc err: 2.01e-07
Sweep 72, chi=16, cutoff=1e-08
  Direction: left->right
  Direction: right->left
  Energy: -0.0032904902, Trunc err: 2.00e-07
Sweep 73, chi=16, cutoff=1e-08
  Direction: left->right
  Direction: right->left
  Energy: -0.0032906266, Trunc err: 1.98e-07
Sweep 74, chi=16, cutoff=1e-08
  Direction: left->right
  Direction: right->left
  Energy: -0.0032907604, Trunc err: 1.97e-07
Sweep 75, chi=16, cutoff=1e-08
  Direction: left->right
  Direction: right->left
  Energy: -0.0032908917, Trunc err: 1.96e-07
Sweep 76, chi=16, cutoff=1e-08
  Direction: left->right
  Direction: right->left
  Energy: -0.0032910205, Trunc err: 1.94e-07
Sweep 77, chi=16, cutoff=1e-08
  Direction: left->right
  Direction: right->left
  Energy: -0.0032911469, Trunc err: 1.93e-07
Sweep 78, chi=16, cutoff=1e-08
  Direction: left->right
  Direction: right->left
  Energy: -0.0032912709, Trunc err: 1.92e-07
Sweep 79, chi=16, cutoff=1e-08
  Direction: left->right
  Direction: right->left
  Energy: -0.0032913925, Trunc err: 1.90e-07
Sweep 80, chi=16, cutoff=1e-08
  Direction: left->right
  Direction: right->left
  Energy: -0.0032915119, Trunc err: 1.89e-07
Sweep 81, chi=16, cutoff=1e-08
  Direction: left->right
  Direction: right->left
  Energy: -0.0032916290, Trunc err: 1.87e-07
Sweep 82, chi=16, cutoff=1e-08
  Direction: left->right
  Direction: right->left
  Energy: -0.0032917438, Trunc err: 1.86e-07
Sweep 83, chi=16, cutoff=1e-08
  Direction: left->right
  Direction: right->left
  Energy: -0.0032918564, Trunc err: 1.84e-07
Sweep 84, chi=16, cutoff=1e-08
  Direction: left->right
  Direction: right->left
  Energy: -0.0032919669, Trunc err: 1.82e-07
Sweep 85, chi=16, cutoff=1e-08
  Direction: left->right
  Direction: right->left
  Energy: -0.0032920753, Trunc err: 1.81e-07
Sweep 86, chi=16, cutoff=1e-08
  Direction: left->right
  Direction: right->left
  Energy: -0.0032921816, Trunc err: 1.79e-07
Sweep 87, chi=16, cutoff=1e-08
  Direction: left->right
  Direction: right->left
  Energy: -0.0032922861, Trunc err: 1.80e-07
Sweep 88, chi=16, cutoff=1e-08
  Direction: left->right
  Direction: right->left
  Energy: -0.0032923896, Trunc err: 1.80e-07
Sweep 89, chi=16, cutoff=1e-08
  Direction: left->right
  Direction: right->left
  Energy: -0.0032924900, Trunc err: 1.79e-07
Sweep 90, chi=16, cutoff=1e-08
  Direction: left->right
  Direction: right->left
  Energy: -0.0032925890, Trunc err: 1.78e-07
Sweep 91, chi=16, cutoff=1e-08
  Direction: left->right
  Direction: right->left
  Energy: -0.0032926865, Trunc err: 1.78e-07
Sweep 92, chi=16, cutoff=1e-08
  Direction: left->right
  Direction: right->left
  Energy: -0.0032927827, Trunc err: 1.77e-07
Sweep 93, chi=16, cutoff=1e-08
  Direction: left->right
  Direction: right->left
  Energy: -0.0032928774, Trunc err: 1.76e-07
Sweep 94, chi=16, cutoff=1e-08
  Direction: left->right
  Direction: right->left
  Energy: -0.0032929709, Trunc err: 1.76e-07
Sweep 95, chi=16, cutoff=1e-08
  Direction: left->right
  Direction: right->left
  Energy: -0.0032930630, Trunc err: 1.75e-07
Sweep 96, chi=16, cutoff=1e-08
  Direction: left->right
  Direction: right->left
  Energy: -0.0032931539, Trunc err: 1.75e-07
Sweep 97, chi=16, cutoff=1e-08
  Direction: left->right
  Direction: right->left
  Energy: -0.0032932435, Trunc err: 1.74e-07
Sweep 98, chi=16, cutoff=1e-08
  Direction: left->right
  Direction: right->left
  Energy: -0.0032933320, Trunc err: 1.73e-07
Sweep 99, chi=16, cutoff=1e-08
  Direction: left->right
  Direction: right->left
  Energy: -0.0032934192, Trunc err: 1.73e-07
Sweep 100, chi=32, cutoff=1e-08
  Direction: left->right
  Direction: right->left
  Energy: -0.0032935061, Trunc err: 1.28e-08
Sweep 101, chi=32, cutoff=1e-08
  Direction: left->right
  Direction: right->left
  Energy: -0.0032936042, Trunc err: 3.99e-08
Sweep 102, chi=32, cutoff=1e-08
  Direction: left->right
  Direction: right->left
  Energy: -0.0032937065, Trunc err: 5.67e-08
Sweep 103, chi=32, cutoff=1e-08
  Direction: left->right
  Direction: right->left
  Energy: -0.0032938085, Trunc err: 6.05e-08
Sweep 104, chi=32, cutoff=1e-08
  Direction: left->right
  Direction: right->left
  Energy: -0.0032939094, Trunc err: 6.10e-08
Sweep 105, chi=32, cutoff=1e-08
  Direction: left->right
  Direction: right->left
  Energy: -0.0032940088, Trunc err: 6.08e-08
Sweep 106, chi=32, cutoff=1e-08
  Direction: left->right
  Direction: right->left
  Energy: -0.0032941069, Trunc err: 6.04e-08
Sweep 107, chi=32, cutoff=1e-08
  Direction: left->right
  Direction: right->left
  Energy: -0.0032942035, Trunc err: 5.99e-08
Sweep 108, chi=32, cutoff=1e-08
  Direction: left->right
  Direction: right->left
  Energy: -0.0032942988, Trunc err: 5.95e-08
Sweep 109, chi=32, cutoff=1e-08
  Direction: left->right
  Direction: right->left
  Energy: -0.0032943929, Trunc err: 5.90e-08
Sweep 110, chi=32, cutoff=1e-08
  Direction: left->right
  Direction: right->left
  Energy: -0.0032944856, Trunc err: 5.85e-08
Sweep 111, chi=32, cutoff=1e-08
  Direction: left->right
  Direction: right->left
  Energy: -0.0032945771, Trunc err: 5.80e-08
Sweep 112, chi=32, cutoff=1e-08
  Direction: left->right
  Direction: right->left
  Energy: -0.0032946673, Trunc err: 5.76e-08
Sweep 113, chi=32, cutoff=1e-08
  Direction: left->right
  Direction: right->left
  Energy: -0.0032947563, Trunc err: 5.72e-08
Sweep 114, chi=32, cutoff=1e-08
  Direction: left->right
  Direction: right->left
  Energy: -0.0032948441, Trunc err: 5.68e-08
Sweep 115, chi=32, cutoff=1e-08
  Direction: left->right
  Direction: right->left
  Energy: -0.0032949307, Trunc err: 5.64e-08
Sweep 116, chi=32, cutoff=1e-08
  Direction: left->right
  Direction: right->left
  Energy: -0.0032950161, Trunc err: 5.60e-08
Sweep 117, chi=32, cutoff=1e-08
  Direction: left->right
  Direction: right->left
  Energy: -0.0032951003, Trunc err: 5.56e-08
Sweep 118, chi=32, cutoff=1e-08
  Direction: left->right
  Direction: right->left
  Energy: -0.0032951835, Trunc err: 5.53e-08
Sweep 119, chi=32, cutoff=1e-08
  Direction: left->right
  Direction: right->left
  Energy: -0.0032952654, Trunc err: 5.49e-08
Sweep 120, chi=32, cutoff=1e-08
  Direction: left->right
  Direction: right->left
  Energy: -0.0032953463, Trunc err: 5.45e-08
Sweep 121, chi=32, cutoff=1e-08
  Direction: left->right
  Direction: right->left
  Energy: -0.0032954260, Trunc err: 5.42e-08
Sweep 122, chi=32, cutoff=1e-08
  Direction: left->right
  Direction: right->left
  Energy: -0.0032955047, Trunc err: 5.38e-08
Sweep 123, chi=32, cutoff=1e-08
  Direction: left->right
  Direction: right->left
  Energy: -0.0032955823, Trunc err: 5.35e-08
Sweep 124, chi=32, cutoff=1e-08
  Direction: left->right
  Direction: right->left
  Energy: -0.0032956588, Trunc err: 5.32e-08
Sweep 125, chi=32, cutoff=1e-08
  Direction: left->right
  Direction: right->left
  Energy: -0.0032957343, Trunc err: 5.29e-08
Sweep 126, chi=32, cutoff=1e-08
  Direction: left->right
  Direction: right->left
  Energy: -0.0032958088, Trunc err: 5.26e-08
Sweep 127, chi=32, cutoff=1e-08
  Direction: left->right
  Direction: right->left
  Energy: -0.0032958822, Trunc err: 5.22e-08
Sweep 128, chi=32, cutoff=1e-08
  Direction: left->right
  Direction: right->left
  Energy: -0.0032959547, Trunc err: 5.19e-08
Sweep 129, chi=32, cutoff=1e-08
  Direction: left->right
  Direction: right->left
  Energy: -0.0032960262, Trunc err: 5.17e-08
Sweep 130, chi=32, cutoff=1e-08
  Direction: left->right
  Direction: right->left
  Energy: -0.0032960967, Trunc err: 5.14e-08
Sweep 131, chi=32, cutoff=1e-08
  Direction: left->right
  Direction: right->left
  Energy: -0.0032961663, Trunc err: 5.11e-08
Sweep 132, chi=32, cutoff=1e-08
  Direction: left->right
  Direction: right->left
  Energy: -0.0032962350, Trunc err: 5.08e-08
Sweep 133, chi=32, cutoff=1e-08
  Direction: left->right
  Direction: right->left
  Energy: -0.0032963027, Trunc err: 5.06e-08
Sweep 134, chi=32, cutoff=1e-08
  Direction: left->right
  Direction: right->left
  Energy: -0.0032963696, Trunc err: 5.03e-08
Sweep 135, chi=32, cutoff=1e-08
  Direction: left->right
  Direction: right->left
  Energy: -0.0032964357, Trunc err: 5.00e-08
Sweep 136, chi=32, cutoff=1e-08
  Direction: left->right
  Direction: right->left
  Energy: -0.0032965008, Trunc err: 4.98e-08
Sweep 137, chi=32, cutoff=1e-08
  Direction: left->right
  Direction: right->left
  Energy: -0.0032965652, Trunc err: 4.96e-08
Sweep 138, chi=32, cutoff=1e-08
  Direction: left->right
  Direction: right->left
  Energy: -0.0032966288, Trunc err: 4.93e-08
Sweep 139, chi=32, cutoff=1e-08
  Direction: left->right
  Direction: right->left
  Energy: -0.0032966916, Trunc err: 4.91e-08
