           1.819e+00            2.577e-02            1.417e-02             3.17e-03
           1.819e+00            3.503e-02            1.926e-02             9.94e-03
           1.819e+00            1.609e-02            8.847e-03             6.51e-03
           1.819e+00            7.097e-03            3.903e-03             7.63e-03
           1.819e+00            4.250e-03            2.337e-03             1.05e-02
           1.819e+00            1.241e-03            6.823e-04             1.14e-02
           1.819e+00            8.150e-04            4.481e-04             1.16e-02
           1.819e+00            3.309e-04            1.819e-04             1.40e-02
           1.819e+00            2.105e-04            1.158e-04             1.66e-02
           1.819e+00            1.274e-04            7.007e-05             2.01e-02
           1.819e+00            6.384e-05            3.510e-05             2.11e-02
           1.819e+00            4.073e-05            2.240e-05             2.13e-02
           1.819e+00            1.600e-05            8.799e-06             2.50e-02
           1.819e+00            9.112e-06            5.010e-06             3.14e-02
           1.819e+00            4.733e-06            2.603e-06             3.56e-02
           1.819e+00            2.440e-06            1.342e-06             5.80e-02
           1.819e+00            1.108e-06            6.094e-07             5.12e-02
           1.819e+00            7.660e-07            4.212e-07             5.30e-02
           1.819e+00            3.362e-07            1.848e-07             6.03e-02
           1.819e+00            2.573e-07            1.415e-07             6.99e-02
           1.819e+00            1.028e-07            5.654e-08             6.94e-02
           1.819e+00            4.816e-08            2.648e-08             8.08e-02
           1.819e+00            3.270e-08            1.798e-08             9.41e-02
           1.819e+00            2.556e-08            1.406e-08             9.84e-02
           1.819e+00            1.671e-08            9.188e-09             1.11e-01
           1.819e+00            6.667e-02            3.666e-02             1.76e-03
           1.819e+00            2.305e-02            1.267e-02             4.48e-03
           1.819e+00            1.658e-02            9.117e-03             5.99e-03
           1.819e+00            1.013e-02            5.569e-03             7.61e-03
           1.819e+00            3.100e-03            1.705e-03             1.03e-02
           1.819e+00            1.647e-03            9.054e-04             1.16e-02
           1.819e+00            8.354e-04            4.593e-04             1.17e-02
           1.819e+00            2.991e-04            1.645e-04             1.56e-02
           1.819e+00            1.634e-04            8.986e-05             1.69e-02
           1.819e+00            1.442e-04            7.932e-05             2.00e-02
           1.819e+00            4.313e-05            2.371e-05             2.28e-02
           1.819e+00            4.066e-05            2.236e-05             2.69e-02
           1.819e+00            1.829e-05            1.006e-05             3.21e-02
           1.819e+00            8.085e-06            4.446e-06             3.54e-02
           1.819e+00            4.447e-06            2.445e-06             3.86e-02
           1.819e+00            2.564e-06            1.410e-06             5.10e-02
           1.819e+00            1.270e-06            6.984e-07             5.22e-02
           1.819e+00            5.729e-07            3.150e-07             5.77e-02
           1.819e+00            2.988e-07            1.643e-07             6.63e-02
           1.819e+00            1.925e-07            1.058e-07             6.29e-02
           1.819e+00            1.285e-07            7.063e-08             7.09e-02
           1.819e+00            8.300e-08            4.564e-08             7.64e-02
           1.819e+00            3.874e-08            2.130e-08             9.01e-02
           1.819e+00            3.236e-08            1.780e-08             1.01e-01
           1.819e+00            1.191e-08            6.551e-09             1.14e-01
xmax = 20
xshift = -20
dx = 0.6349206349206349
len of Hint: 18
len of H: 18
Sweep 0, chi=2, cutoff=1e-08
  Direction: left->right
  Direction: right->left
  Energy: -0.2001520811, Trunc err: 1.02e+00
Sweep 1, chi=2, cutoff=1e-08
  Direction: left->right
  Direction: right->left
  Energy: -0.2008059706, Trunc err: 1.03e+00
Sweep 2, chi=2, cutoff=1e-08
  Direction: left->right
  Direction: right->left
  Energy: -0.2022610621, Trunc err: 1.03e+00
Sweep 3, chi=2, cutoff=1e-08
  Direction: left->right
  Direction: right->left
  Energy: -0.2001633073, Trunc err: 1.03e+00
Sweep 4, chi=2, cutoff=1e-08
  Direction: left->right
  Direction: right->left
  Energy: -0.2009829939, Trunc err: 1.03e+00
Sweep 5, chi=2, cutoff=1e-08
  Direction: left->right
  Direction: right->left
  Energy: -0.2009349331, Trunc err: 1.03e+00
Sweep 6, chi=2, cutoff=1e-08
  Direction: left->right
  Direction: right->left
  Energy: -0.2001289394, Trunc err: 1.03e+00
Sweep 7, chi=2, cutoff=1e-08
  Direction: left->right
  Direction: right->left
  Energy: -0.2015346133, Trunc err: 1.03e+00
Sweep 8, chi=2, cutoff=1e-08
  Direction: left->right
  Direction: right->left
  Energy: -0.1992086826, Trunc err: 1.03e+00
Sweep 9, chi=2, cutoff=1e-08
  Direction: left->right
  Direction: right->left
  Energy: -0.2015021059, Trunc err: 1.03e+00
Sweep 10, chi=4, cutoff=1e-08
  Direction: left->right
  Direction: right->left
  Energy: -0.3352566173, Trunc err: 1.15e+00
Sweep 11, chi=4, cutoff=1e-08
  Direction: left->right
  Direction: right->left
  Energy: -0.6271286491, Trunc err: 1.35e+00
Sweep 12, chi=4, cutoff=1e-08
  Direction: left->right
  Direction: right->left
  Energy: -1.3555983385, Trunc err: 1.56e+00
Sweep 13, chi=4, cutoff=1e-08
  Direction: left->right
  Direction: right->left
  Energy: -1.8025187294, Trunc err: 1.69e+00
Sweep 14, chi=4, cutoff=1e-08
  Direction: left->right
  Direction: right->left
  Energy: -1.9028742751, Trunc err: 1.74e+00
Sweep 15, chi=4, cutoff=1e-08
  Direction: left->right
  Direction: right->left
  Energy: -1.9134770553, Trunc err: 1.75e+00
Sweep 16, chi=4, cutoff=1e-08
  Direction: left->right
  Direction: right->left
  Energy: -1.9143033835, Trunc err: 1.76e+00
Sweep 17, chi=4, cutoff=1e-08
  Direction: left->right
  Direction: right->left
  Energy: -1.9143615855, Trunc err: 1.76e+00
Sweep 18, chi=4, cutoff=1e-08
  Direction: left->right
  Direction: right->left
  Energy: -1.9143651769, Trunc err: 1.76e+00
Sweep 19, chi=4, cutoff=1e-08
  Direction: left->right
  Direction: right->left
  Energy: -1.9143655229, Trunc err: 1.76e+00
Sweep 20, chi=4, cutoff=1e-08
  Direction: left->right
  Direction: right->left
  Energy: -1.9143655611, Trunc err: 1.76e+00
Sweep 21, chi=4, cutoff=1e-08
  Direction: left->right
  Direction: right->left
  Energy: -1.9143655654, Trunc err: 1.76e+00
Sweep 22, chi=4, cutoff=1e-08
  Direction: left->right
  Direction: right->left
  Energy: -1.9143655659, Trunc err: 1.76e+00
Sweep 23, chi=4, cutoff=1e-08
  Direction: left->right
  Direction: right->left
  Energy: -1.9143655660, Trunc err: 1.76e+00
Sweep 24, chi=4, cutoff=1e-08
  Direction: left->right
  Direction: right->left
  Energy: -1.9143655660, Trunc err: 1.76e+00
Sweep 25, chi=4, cutoff=1e-08
  Direction: left->right
  Direction: right->left
  Energy: -1.9143655660, Trunc err: 1.76e+00
Sweep 26, chi=4, cutoff=1e-08
  Direction: left->right
  Direction: right->left
  Energy: -1.9143655660, Trunc err: 1.76e+00
Sweep 27, chi=4, cutoff=1e-08
  Direction: left->right
  Direction: right->left
  Energy: -1.9143655660, Trunc err: 1.76e+00
Sweep 28, chi=4, cutoff=1e-08
  Direction: left->right
  Direction: right->left
  Energy: -1.9143655660, Trunc err: 1.76e+00
Sweep 29, chi=4, cutoff=1e-08
  Direction: left->right
  Direction: right->left
  Energy: -1.9143655660, Trunc err: 1.76e+00
Sweep 30, chi=4, cutoff=1e-08
  Direction: left->right
  Direction: right->left
  Energy: -1.9143655660, Trunc err: 1.76e+00
Sweep 31, chi=4, cutoff=1e-08
  Direction: left->right
  Direction: right->left
  Energy: -1.9143655660, Trunc err: 1.76e+00
Sweep 32, chi=4, cutoff=1e-08
  Direction: left->right
  Direction: right->left
  Energy: -1.9143655660, Trunc err: 1.76e+00
Sweep 33, chi=4, cutoff=1e-08
  Direction: left->right
  Direction: right->left
  Energy: -1.9143655660, Trunc err: 1.76e+00
Sweep 34, chi=4, cutoff=1e-08
  Direction: left->right
  Direction: right->left
  Energy: -1.9143655660, Trunc err: 1.76e+00
Sweep 35, chi=4, cutoff=1e-08
  Direction: left->right
  Direction: right->left
  Energy: -1.9143655660, Trunc err: 1.76e+00
Sweep 36, chi=4, cutoff=1e-08
  Direction: left->right
  Direction: right->left
  Energy: -1.9143655660, Trunc err: 1.76e+00
Sweep 37, chi=4, cutoff=1e-08
  Direction: left->right
  Direction: right->left
  Energy: -1.9143655660, Trunc err: 1.76e+00
Sweep 38, chi=4, cutoff=1e-08
  Direction: left->right
  Direction: right->left
  Energy: -1.9143655660, Trunc err: 1.76e+00
Sweep 39, chi=4, cutoff=1e-08
  Direction: left->right
  Direction: right->left
  Energy: -1.9143655660, Trunc err: 1.76e+00
Sweep 40, chi=4, cutoff=1e-08
  Direction: left->right
  Direction: right->left
  Energy: -1.9143655660, Trunc err: 1.76e+00
Sweep 41, chi=4, cutoff=1e-08
  Direction: left->right
  Direction: right->left
  Energy: -1.9143655660, Trunc err: 1.76e+00
Sweep 42, chi=4, cutoff=1e-08
  Direction: left->right
  Direction: right->left
  Energy: -1.9143655660, Trunc err: 1.76e+00
Sweep 43, chi=4, cutoff=1e-08
  Direction: left->right
  Direction: right->left
  Energy: -1.9143655660, Trunc err: 1.76e+00
Sweep 44, chi=4, cutoff=1e-08
  Direction: left->right
  Direction: right->left
  Energy: -1.9143655660, Trunc err: 1.76e+00
Sweep 45, chi=4, cutoff=1e-08
  Direction: left->right
  Direction: right->left
  Energy: -1.9143655660, Trunc err: 1.76e+00
Sweep 46, chi=4, cutoff=1e-08
  Direction: left->right
  Direction: right->left
  Energy: -1.9143655660, Trunc err: 1.76e+00
Sweep 47, chi=4, cutoff=1e-08
  Direction: left->right
  Direction: right->left
  Energy: -1.9143655660, Trunc err: 1.76e+00
Sweep 48, chi=4, cutoff=1e-08
  Direction: left->right
  Direction: right->left
  Energy: -1.9143655660, Trunc err: 1.76e+00
Sweep 49, chi=4, cutoff=1e-08
  Direction: left->right
  Direction: right->left
  Energy: -1.9143655660, Trunc err: 1.76e+00
Sweep 50, chi=8, cutoff=1e-08
  Direction: left->right
  Direction: right->left
  Energy: -1.9484914753, Trunc err: 1.79e+00
Sweep 51, chi=8, cutoff=1e-08
  Direction: left->right
  Direction: right->left
  Energy: -1.9525714163, Trunc err: 1.87e+00
Sweep 52, chi=8, cutoff=1e-08
  Direction: left->right
  Direction: right->left
  Energy: -1.9528971451, Trunc err: 1.87e+00
Sweep 53, chi=8, cutoff=1e-08
  Direction: left->right
  Direction: right->left
  Energy: -1.9529499184, Trunc err: 1.87e+00
Sweep 54, chi=8, cutoff=1e-08
  Direction: left->right
  Direction: right->left
  Energy: -1.9529592981, Trunc err: 1.88e+00
Sweep 55, chi=8, cutoff=1e-08
  Direction: left->right
  Direction: right->left
  Energy: -1.9529609964, Trunc err: 1.88e+00
Sweep 56, chi=8, cutoff=1e-08
  Direction: left->right
  Direction: right->left
  Energy: -1.9529611673, Trunc err: 1.88e+00
Sweep 57, chi=8, cutoff=1e-08
  Direction: left->right
  Direction: right->left
  Energy: -1.9529611075, Trunc err: 1.88e+00
Sweep 58, chi=8, cutoff=1e-08
  Direction: left->right
  Direction: right->left
  Energy: -1.9529610145, Trunc err: 1.88e+00
Sweep 59, chi=8, cutoff=1e-08
  Direction: left->right
  Direction: right->left
  Energy: -1.9529609322, Trunc err: 1.88e+00
Sweep 60, chi=8, cutoff=1e-08
  Direction: left->right
  Direction: right->left
  Energy: -1.9529608658, Trunc err: 1.88e+00
Sweep 61, chi=8, cutoff=1e-08
  Direction: left->right
  Direction: right->left
  Energy: -1.9529608127, Trunc err: 1.88e+00
Sweep 62, chi=8, cutoff=1e-08
  Direction: left->right
  Direction: right->left
  Energy: -1.9529607698, Trunc err: 1.88e+00
Sweep 63, chi=8, cutoff=1e-08
  Direction: left->right
  Direction: right->left
  Energy: -1.9529607345, Trunc err: 1.88e+00
Sweep 64, chi=8, cutoff=1e-08
  Direction: left->right
  Direction: right->left
  Energy: -1.9529607050, Trunc err: 1.88e+00
Sweep 65, chi=8, cutoff=1e-08
  Direction: left->right
  Direction: right->left
  Energy: -1.9529606801, Trunc err: 1.88e+00
Sweep 66, chi=8, cutoff=1e-08
  Direction: left->right
  Direction: right->left
  Energy: -1.9529606587, Trunc err: 1.88e+00
Sweep 67, chi=8, cutoff=1e-08
  Direction: left->right
  Direction: right->left
  Energy: -1.9529606402, Trunc err: 1.88e+00
Sweep 68, chi=8, cutoff=1e-08
  Direction: left->right
  Direction: right->left
  Energy: -1.9529606241, Trunc err: 1.88e+00
Sweep 69, chi=8, cutoff=1e-08
  Direction: left->right
  Direction: right->left
  Energy: -1.9529606104, Trunc err: 1.88e+00
Sweep 70, chi=8, cutoff=1e-08
  Direction: left->right
  Direction: right->left
  Energy: -1.9529605987, Trunc err: 1.88e+00
Sweep 71, chi=8, cutoff=1e-08
  Direction: left->right
  Direction: right->left
  Energy: -1.9529605889, Trunc err: 1.88e+00
Sweep 72, chi=8, cutoff=1e-08
  Direction: left->right
  Direction: right->left
  Energy: -1.9529605806, Trunc err: 1.88e+00
Sweep 73, chi=8, cutoff=1e-08
  Direction: left->right
  Direction: right->left
  Energy: -1.9529605737, Trunc err: 1.88e+00
Sweep 74, chi=8, cutoff=1e-08
  Direction: left->right
  Direction: right->left
  Energy: -1.9529605679, Trunc err: 1.88e+00
Sweep 75, chi=8, cutoff=1e-08
  Direction: left->right
  Direction: right->left
  Energy: -1.9529605631, Trunc err: 1.88e+00
Sweep 76, chi=8, cutoff=1e-08
  Direction: left->right
  Direction: right->left
  Energy: -1.9529605591, Trunc err: 1.88e+00
Sweep 77, chi=8, cutoff=1e-08
  Direction: left->right
  Direction: right->left
  Energy: -1.9529605558, Trunc err: 1.88e+00
Sweep 78, chi=8, cutoff=1e-08
  Direction: left->right
  Direction: right->left
  Energy: -1.9529605531, Trunc err: 1.88e+00
Sweep 79, chi=8, cutoff=1e-08
  Direction: left->right
  Direction: right->left
  Energy: -1.9529605508, Trunc err: 1.88e+00
Sweep 80, chi=8, cutoff=1e-08
  Direction: left->right
  Direction: right->left
  Energy: -1.9529605490, Trunc err: 1.88e+00
Sweep 81, chi=8, cutoff=1e-08
  Direction: left->right
  Direction: right->left
  Energy: -1.9529605475, Trunc err: 1.88e+00
Sweep 82, chi=8, cutoff=1e-08
  Direction: left->right
  Direction: right->left
  Energy: -1.9529605463, Trunc err: 1.88e+00
Sweep 83, chi=8, cutoff=1e-08
  Direction: left->right
  Direction: right->left
  Energy: -1.9529605453, Trunc err: 1.88e+00
Sweep 84, chi=8, cutoff=1e-08
  Direction: left->right
  Direction: right->left
  Energy: -1.9529605445, Trunc err: 1.88e+00
Sweep 85, chi=8, cutoff=1e-08
  Direction: left->right
  Direction: right->left
  Energy: -1.9529605439, Trunc err: 1.88e+00
Sweep 86, chi=8, cutoff=1e-08
  Direction: left->right
  Direction: right->left
  Energy: -1.9529605433, Trunc err: 1.88e+00
Sweep 87, chi=8, cutoff=1e-08
  Direction: left->right
  Direction: right->left
  Energy: -1.9529605429, Trunc err: 1.88e+00
Sweep 88, chi=8, cutoff=1e-08
  Direction: left->right
  Direction: right->left
  Energy: -1.9529605426, Trunc err: 1.88e+00
Sweep 89, chi=8, cutoff=1e-08
  Direction: left->right
  Direction: right->left
  Energy: -1.9529605423, Trunc err: 1.88e+00
Sweep 90, chi=8, cutoff=1e-08
  Direction: left->right
  Direction: right->left
  Energy: -1.9529605421, Trunc err: 1.88e+00
Sweep 91, chi=8, cutoff=1e-08
  Direction: left->right
  Direction: right->left
  Energy: -1.9529605419, Trunc err: 1.88e+00
Sweep 92, chi=8, cutoff=1e-08
  Direction: left->right
  Direction: right->left
  Energy: -1.9529605418, Trunc err: 1.88e+00
Sweep 93, chi=8, cutoff=1e-08
  Direction: left->right
  Direction: right->left
  Energy: -1.9529605417, Trunc err: 1.88e+00
Sweep 94, chi=8, cutoff=1e-08
  Direction: left->right
  Direction: right->left
  Energy: -1.9529605416, Trunc err: 1.88e+00
Sweep 95, chi=8, cutoff=1e-08
  Direction: left->right
  Direction: right->left
  Energy: -1.9529605416, Trunc err: 1.88e+00
Sweep 96, chi=8, cutoff=1e-08
  Direction: left->right
  Direction: right->left
  Energy: -1.9529605415, Trunc err: 1.88e+00
Sweep 97, chi=8, cutoff=1e-08
  Direction: left->right
  Direction: right->left
  Energy: -1.9529605415, Trunc err: 1.88e+00
Sweep 98, chi=8, cutoff=1e-08
  Direction: left->right
  Direction: right->left
  Energy: -1.9529605414, Trunc err: 1.88e+00
Sweep 99, chi=8, cutoff=1e-08
  Direction: left->right
  Direction: right->left
  Energy: -1.9529605414, Trunc err: 1.88e+00
Sweep 100, chi=16, cutoff=1e-08
  Direction: left->right
  Direction: right->left
  Energy: -1.9743136532, Trunc err: 1.91e+00
Sweep 101, chi=16, cutoff=1e-08
  Direction: left->right
  Direction: right->left
  Energy: -1.9753208496, Trunc err: 1.96e+00
Sweep 102, chi=16, cutoff=1e-08
  Direction: left->right
  Direction: right->left
  Energy: -1.9753387670, Trunc err: 1.96e+00
Sweep 103, chi=16, cutoff=1e-08
  Direction: left->right
  Direction: right->left
  Energy: -1.9753402936, Trunc err: 1.97e+00
Sweep 104, chi=16, cutoff=1e-08
  Direction: left->right
  Direction: right->left
  Energy: -1.9753402985, Trunc err: 1.97e+00
Sweep 105, chi=16, cutoff=1e-08
  Direction: left->right
  Direction: right->left
  Energy: -1.9753402726, Trunc err: 1.97e+00
Sweep 106, chi=16, cutoff=1e-08
  Direction: left->right
  Direction: right->left
  Energy: -1.9753402496, Trunc err: 1.97e+00
Sweep 107, chi=16, cutoff=1e-08
  Direction: left->right
  Direction: right->left
  Energy: -1.9753402096, Trunc err: 1.97e+00
Sweep 108, chi=16, cutoff=1e-08
  Direction: left->right
  Direction: right->left
  Energy: -1.9753401366, Trunc err: 1.97e+00
Sweep 109, chi=16, cutoff=1e-08
  Direction: left->right
  Direction: right->left
  Energy: -1.9753400274, Trunc err: 1.97e+00
Sweep 110, chi=16, cutoff=1e-08
  Direction: left->right
  Direction: right->left
  Energy: -1.9753399084, Trunc err: 1.97e+00
Sweep 111, chi=16, cutoff=1e-08
  Direction: left->right
  Direction: right->left
  Energy: -1.9753398180, Trunc err: 1.97e+00
Sweep 112, chi=16, cutoff=1e-08
  Direction: left->right
  Direction: right->left
  Energy: -1.9753397666, Trunc err: 1.97e+00
Sweep 113, chi=16, cutoff=1e-08
  Direction: left->right
  Direction: right->left
  Energy: -1.9753397415, Trunc err: 1.97e+00
Sweep 114, chi=16, cutoff=1e-08
  Direction: left->right
  Direction: right->left
  Energy: -1.9753397298, Trunc err: 1.97e+00
Sweep 115, chi=16, cutoff=1e-08
  Direction: left->right
  Direction: right->left
  Energy: -1.9753397244, Trunc err: 1.97e+00
Sweep 116, chi=16, cutoff=1e-08
  Direction: left->right
  Direction: right->left
  Energy: -1.9753397217, Trunc err: 1.97e+00
Sweep 117, chi=16, cutoff=1e-08
  Direction: left->right
  Direction: right->left
  Energy: -1.9753397203, Trunc err: 1.97e+00
Sweep 118, chi=16, cutoff=1e-08
  Direction: left->right
  Direction: right->left
  Energy: -1.9753397196, Trunc err: 1.97e+00
Sweep 119, chi=16, cutoff=1e-08
  Direction: left->right
  Direction: right->left
  Energy: -1.9753397191, Trunc err: 1.97e+00
Sweep 120, chi=32, cutoff=1e-08
  Direction: left->right
  Direction: right->left
  Energy: -1.9776832466, Trunc err: 1.98e+00
Sweep 121, chi=32, cutoff=1e-08
  Direction: left->right
  Direction: right->left
  Energy: -1.9783333110, Trunc err: 2.00e+00
Sweep 122, chi=32, cutoff=1e-08
  Direction: left->right
  Direction: right->left
  Energy: -1.9784245167, Trunc err: 2.01e+00
Sweep 123, chi=32, cutoff=1e-08
  Direction: left->right
  Direction: right->left
  Energy: -1.9784339179, Trunc err: 2.01e+00
Sweep 124, chi=32, cutoff=1e-08
  Direction: left->right
  Direction: right->left
  Energy: -1.9784351319, Trunc err: 2.01e+00
Sweep 125, chi=32, cutoff=1e-08
  Direction: left->right
  Direction: right->left
  Energy: -1.9784353054, Trunc err: 2.01e+00
Sweep 126, chi=32, cutoff=1e-08
  Direction: left->right
  Direction: right->left
  Energy: -1.9784353398, Trunc err: 2.01e+00
Sweep 127, chi=32, cutoff=1e-08
  Direction: left->right
  Direction: right->left
  Energy: -1.9784353590, Trunc err: 2.01e+00
Sweep 128, chi=32, cutoff=1e-08
  Direction: left->right
  Direction: right->left
  Energy: -1.9784353782, Trunc err: 2.01e+00
Sweep 129, chi=32, cutoff=1e-08
  Direction: left->right
  Direction: right->left
  Energy: -1.9784353956, Trunc err: 2.01e+00
