           7.332e+00            1.315e-01            1.794e-02             4.08e-03
           7.332e+00            1.118e-01            1.525e-02             6.27e-02
           7.332e+00            5.486e-02            7.482e-03             6.44e-02
           7.332e+00            3.557e-02            4.851e-03             8.65e-02
           7.332e+00            2.083e-02            2.841e-03             9.84e-02
           7.332e+00            9.366e-03            1.277e-03             1.40e-01
           7.332e+00            4.872e-03            6.645e-04             1.50e-01
           7.332e+00            2.415e-03            3.294e-04             1.58e-01
           7.332e+00            8.777e-04            1.197e-04             1.34e-01
           7.332e+00            5.424e-04            7.397e-05             1.97e-01
           7.332e+00            3.808e-04            5.193e-05             2.40e-01
           7.332e+00            2.943e-04            4.014e-05             3.85e-01
           7.332e+00            2.076e-04            2.831e-05             4.73e-01
           7.332e+00            8.980e-05            1.225e-05             4.04e-01
           7.332e+00            5.364e-05            7.315e-06             5.81e-01
           7.332e+00            2.418e-05            3.298e-06             3.24e-01
           7.332e+00            1.974e-05            2.692e-06             4.08e-01
           7.332e+00            1.025e-05            1.398e-06             4.81e-01
           7.332e+00            6.182e-06            8.431e-07             4.14e-01
           7.332e+00            4.251e-06            5.798e-07             1.62e-01
           7.332e+00            2.191e-06            2.987e-07             6.39e-01
           7.332e+00            1.360e-06            1.854e-07             9.32e-01
           7.332e+00            9.505e-07            1.296e-07             4.65e-01
           7.332e+00            6.133e-07            8.364e-08             5.30e-01
           7.332e+00            5.066e-07            6.909e-08             7.24e-01
           7.332e+00            3.215e-07            4.384e-08             9.72e-01
           7.332e+00            2.173e-07            2.963e-08             8.45e-01
           7.332e+00            1.482e-07            2.022e-08             9.24e-01
           7.332e+00            6.367e-08            8.684e-09             1.23e+00
           7.332e+00            1.070e-01            1.459e-02             4.06e-03
           7.332e+00            1.570e-01            2.141e-02             4.43e-02
           7.332e+00            5.896e-02            8.042e-03             7.16e-02
           7.332e+00            4.143e-02            5.651e-03             9.19e-02
           7.332e+00            1.801e-02            2.456e-03             1.03e-01
           7.332e+00            9.078e-03            1.238e-03             4.37e-02
           7.332e+00            5.316e-03            7.251e-04             6.55e-02
           7.332e+00            2.136e-03            2.914e-04             7.06e-02
           7.332e+00            1.597e-03            2.178e-04             9.03e-02
           7.332e+00            8.406e-04            1.146e-04             1.21e-01
           7.332e+00            6.566e-04            8.955e-05             1.49e-01
           7.332e+00            3.145e-04            4.289e-05             1.94e-01
           7.332e+00            2.012e-04            2.745e-05             1.96e-01
           7.332e+00            1.136e-04            1.549e-05             1.95e-01
           7.332e+00            5.621e-05            7.666e-06             2.12e-01
           7.332e+00            2.458e-05            3.353e-06             2.47e-01
           7.332e+00            2.298e-05            3.134e-06             3.25e-01
           7.332e+00            1.481e-05            2.020e-06             3.82e-01
           7.332e+00            7.056e-06            9.623e-07             3.30e-01
           7.332e+00            5.515e-06            7.521e-07             3.72e-01
           7.332e+00            2.138e-06            2.915e-07             3.88e-01
           7.332e+00            1.354e-06            1.847e-07             5.34e-01
           7.332e+00            8.978e-07            1.224e-07             8.22e-01
           7.332e+00            5.146e-07            7.018e-08             8.42e-01
           7.332e+00            3.928e-07            5.357e-08             9.46e-01
           7.332e+00            3.136e-07            4.277e-08             1.17e+00
           7.332e+00            2.189e-07            2.985e-08             1.76e+00
           7.332e+00            1.426e-07            1.945e-08             1.48e+00
           7.332e+00            8.646e-08            1.179e-08             1.16e+00
           7.332e+00            7.240e-08            9.875e-09             1.81e+00
           7.332e+00            3.682e-01            5.021e-02             2.32e-02
           7.332e+00            5.083e-01            6.932e-02             1.87e-01
           7.332e+00            8.187e-01            1.117e-01             2.34e-01
           7.332e+00            7.250e-01            9.888e-02             3.02e-01
           7.332e+00            8.191e-01            1.117e-01             3.48e-01
           7.332e+00            7.105e-01            9.689e-02             3.93e-01
           7.332e+00            2.011e-01            2.742e-02             4.14e-01
           7.332e+00            1.674e-01            2.284e-02             6.35e-01
           7.332e+00            7.025e-02            9.580e-03             8.49e-01
           7.332e+00            4.814e-02            6.565e-03             9.77e-01
           7.332e+00            3.111e-02            4.243e-03             1.26e+00
           7.332e+00            2.407e-02            3.282e-03             1.33e+00
           7.332e+00            2.930e-02            3.995e-03             1.83e+00
           7.332e+00            1.987e-02            2.710e-03             2.74e+00
           7.332e+00            1.667e-02            2.274e-03             2.98e+00
           7.332e+00            1.343e-02            1.832e-03             2.15e+00
           7.332e+00            6.438e-03            8.780e-04             2.38e+00
           7.332e+00            4.473e-03            6.100e-04             2.79e+00
           7.332e+00            2.798e-03            3.816e-04             2.63e+00
           7.332e+00            2.104e-03            2.869e-04             2.48e+00
           7.332e+00            1.378e-03            1.879e-04             3.69e+00
           7.332e+00            1.369e-03            1.867e-04             4.27e+00
           7.332e+00            1.020e-03            1.391e-04             5.20e+00
           7.332e+00            6.138e-04            8.371e-05             6.07e+00
           7.332e+00            3.851e-04            5.252e-05             8.15e+00
           7.332e+00            3.050e-04            4.160e-05             7.82e+00
           7.332e+00            2.184e-04            2.979e-05             8.00e+00
           7.332e+00            1.414e-04            1.928e-05             9.81e+00
           7.332e+00            8.923e-05            1.217e-05             1.08e+01
           7.332e+00            7.536e-05            1.028e-05             1.13e+01
           7.332e+00            6.799e-05            9.273e-06             1.28e+01
           7.332e+00            3.523e-05            4.805e-06             1.26e+01
           7.332e+00            3.638e-05            4.962e-06             1.36e+01
           7.332e+00            1.924e-05            2.624e-06             1.76e+01
           7.332e+00            1.366e-05            1.863e-06             2.19e+01
           7.332e+00            1.165e-05            1.588e-06             2.57e+01
           7.332e+00            9.548e-06            1.302e-06             2.48e+01
           7.332e+00            6.510e-06            8.879e-07             2.03e+01
           7.332e+00            5.139e-06            7.009e-07             3.58e+01
           7.332e+00            4.588e-06            6.257e-07             4.22e+01
xmax = 10
xshift = -10
dx = 0.15748031496062992
len of Hint: 21
len of H: 21
Sweep 0, chi=2, cutoff=1e-08
  Direction: left->right
  Direction: right->left
  Energy: -0.3465285883, Trunc err: 1.01e+00
Sweep 1, chi=2, cutoff=1e-08
  Direction: left->right
  Direction: right->left
  Energy: -0.3682150803, Trunc err: 1.01e+00
Sweep 2, chi=2, cutoff=1e-08
  Direction: left->right
  Direction: right->left
  Energy: -0.3708518403, Trunc err: 1.01e+00
Sweep 3, chi=2, cutoff=1e-08
  Direction: left->right
  Direction: right->left
  Energy: -0.3727126165, Trunc err: 1.00e+00
Sweep 4, chi=2, cutoff=1e-08
  Direction: left->right
  Direction: right->left
  Energy: -0.3730114567, Trunc err: 1.01e+00
Sweep 5, chi=2, cutoff=1e-08
  Direction: left->right
  Direction: right->left
  Energy: -0.3732363364, Trunc err: 1.01e+00
Sweep 6, chi=2, cutoff=1e-08
  Direction: left->right
  Direction: right->left
  Energy: -0.3736824355, Trunc err: 1.01e+00
Sweep 7, chi=2, cutoff=1e-08
  Direction: left->right
  Direction: right->left
  Energy: -0.3740748480, Trunc err: 1.01e+00
Sweep 8, chi=2, cutoff=1e-08
  Direction: left->right
  Direction: right->left
  Energy: -0.3740794781, Trunc err: 1.01e+00
Sweep 9, chi=2, cutoff=1e-08
  Direction: left->right
  Direction: right->left
  Energy: -0.3740855884, Trunc err: 1.01e+00
Sweep 10, chi=4, cutoff=1e-08
  Direction: left->right
  Direction: right->left
  Energy: -0.3948760388, Trunc err: 1.02e+00
Sweep 11, chi=4, cutoff=1e-08
  Direction: left->right
  Direction: right->left
  Energy: -0.4192519821, Trunc err: 1.05e+00
Sweep 12, chi=4, cutoff=1e-08
  Direction: left->right
  Direction: right->left
  Energy: -0.4605659822, Trunc err: 1.08e+00
Sweep 13, chi=4, cutoff=1e-08
  Direction: left->right
  Direction: right->left
  Energy: -0.5162028838, Trunc err: 1.14e+00
Sweep 14, chi=4, cutoff=1e-08
  Direction: left->right
  Direction: right->left
  Energy: -0.5526531500, Trunc err: 1.18e+00
Sweep 15, chi=4, cutoff=1e-08
  Direction: left->right
  Direction: right->left
  Energy: -0.5733955621, Trunc err: 1.20e+00
Sweep 16, chi=4, cutoff=1e-08
  Direction: left->right
  Direction: right->left
  Energy: -0.5904083079, Trunc err: 1.21e+00
Sweep 17, chi=4, cutoff=1e-08
  Direction: left->right
  Direction: right->left
  Energy: -0.6064540698, Trunc err: 1.22e+00
Sweep 18, chi=4, cutoff=1e-08
  Direction: left->right
  Direction: right->left
  Energy: -0.6205368485, Trunc err: 1.23e+00
Sweep 19, chi=4, cutoff=1e-08
  Direction: left->right
  Direction: right->left
  Energy: -0.6317362267, Trunc err: 1.24e+00
Sweep 20, chi=4, cutoff=1e-08
  Direction: left->right
  Direction: right->left
  Energy: -0.6429747801, Trunc err: 1.25e+00
Sweep 21, chi=4, cutoff=1e-08
  Direction: left->right
  Direction: right->left
  Energy: -0.6537647793, Trunc err: 1.26e+00
Sweep 22, chi=4, cutoff=1e-08
  Direction: left->right
  Direction: right->left
  Energy: -0.6636497072, Trunc err: 1.27e+00
Sweep 23, chi=4, cutoff=1e-08
  Direction: left->right
  Direction: right->left
  Energy: -0.6741381490, Trunc err: 1.28e+00
Sweep 24, chi=4, cutoff=1e-08
  Direction: left->right
  Direction: right->left
  Energy: -0.6863161229, Trunc err: 1.29e+00
Sweep 25, chi=4, cutoff=1e-08
  Direction: left->right
  Direction: right->left
  Energy: -0.6999719125, Trunc err: 1.30e+00
Sweep 26, chi=4, cutoff=1e-08
  Direction: left->right
  Direction: right->left
  Energy: -0.7135000771, Trunc err: 1.30e+00
Sweep 27, chi=4, cutoff=1e-08
  Direction: left->right
  Direction: right->left
  Energy: -0.7264619450, Trunc err: 1.31e+00
Sweep 28, chi=4, cutoff=1e-08
  Direction: left->right
  Direction: right->left
  Energy: -0.7385021749, Trunc err: 1.32e+00
Sweep 29, chi=4, cutoff=1e-08
  Direction: left->right
  Direction: right->left
  Energy: -0.7502099209, Trunc err: 1.33e+00
Sweep 30, chi=4, cutoff=1e-08
  Direction: left->right
  Direction: right->left
  Energy: -0.7602561997, Trunc err: 1.34e+00
Sweep 31, chi=4, cutoff=1e-08
  Direction: left->right
  Direction: right->left
  Energy: -0.7690053676, Trunc err: 1.34e+00
Sweep 32, chi=4, cutoff=1e-08
  Direction: left->right
  Direction: right->left
  Energy: -0.7765720281, Trunc err: 1.35e+00
Sweep 33, chi=4, cutoff=1e-08
  Direction: left->right
  Direction: right->left
  Energy: -0.7835662012, Trunc err: 1.36e+00
Sweep 34, chi=4, cutoff=1e-08
  Direction: left->right
  Direction: right->left
  Energy: -0.7892607212, Trunc err: 1.36e+00
Sweep 35, chi=4, cutoff=1e-08
  Direction: left->right
  Direction: right->left
  Energy: -0.7945015707, Trunc err: 1.37e+00
Sweep 36, chi=4, cutoff=1e-08
  Direction: left->right
  Direction: right->left
  Energy: -0.7990186618, Trunc err: 1.37e+00
Sweep 37, chi=4, cutoff=1e-08
  Direction: left->right
  Direction: right->left
  Energy: -0.8031686977, Trunc err: 1.38e+00
Sweep 38, chi=4, cutoff=1e-08
  Direction: left->right
  Direction: right->left
  Energy: -0.8069490504, Trunc err: 1.38e+00
Sweep 39, chi=4, cutoff=1e-08
  Direction: left->right
  Direction: right->left
  Energy: -0.8104496598, Trunc err: 1.38e+00
Sweep 40, chi=4, cutoff=1e-08
  Direction: left->right
  Direction: right->left
  Energy: -0.8138205994, Trunc err: 1.39e+00
Sweep 41, chi=4, cutoff=1e-08
  Direction: left->right
  Direction: right->left
  Energy: -0.8170407707, Trunc err: 1.39e+00
Sweep 42, chi=4, cutoff=1e-08
  Direction: left->right
  Direction: right->left
  Energy: -0.8202284089, Trunc err: 1.39e+00
Sweep 43, chi=4, cutoff=1e-08
  Direction: left->right
  Direction: right->left
  Energy: -0.8233619284, Trunc err: 1.40e+00
Sweep 44, chi=4, cutoff=1e-08
  Direction: left->right
  Direction: right->left
  Energy: -0.8265454566, Trunc err: 1.40e+00
Sweep 45, chi=4, cutoff=1e-08
  Direction: left->right
  Direction: right->left
  Energy: -0.8297978849, Trunc err: 1.40e+00
Sweep 46, chi=4, cutoff=1e-08
  Direction: left->right
  Direction: right->left
  Energy: -0.8332439863, Trunc err: 1.40e+00
Sweep 47, chi=4, cutoff=1e-08
  Direction: left->right
  Direction: right->left
  Energy: -0.8369802329, Trunc err: 1.40e+00
Sweep 48, chi=4, cutoff=1e-08
  Direction: left->right
  Direction: right->left
  Energy: -0.8411812104, Trunc err: 1.41e+00
Sweep 49, chi=4, cutoff=1e-08
  Direction: left->right
  Direction: right->left
  Energy: -0.8458615021, Trunc err: 1.41e+00
Sweep 50, chi=8, cutoff=1e-08
  Direction: left->right
  Direction: right->left
  Energy: -0.9280916314, Trunc err: 1.43e+00
Sweep 51, chi=8, cutoff=1e-08
  Direction: left->right
  Direction: right->left
  Energy: -0.9687451809, Trunc err: 1.46e+00
Sweep 52, chi=8, cutoff=1e-08
  Direction: left->right
  Direction: right->left
  Energy: -0.9902717000, Trunc err: 1.49e+00
Sweep 53, chi=8, cutoff=1e-08
  Direction: left->right
  Direction: right->left
  Energy: -1.0040421385, Trunc err: 1.50e+00
Sweep 54, chi=8, cutoff=1e-08
  Direction: left->right
  Direction: right->left
  Energy: -1.0138412454, Trunc err: 1.51e+00
Sweep 55, chi=8, cutoff=1e-08
  Direction: left->right
  Direction: right->left
  Energy: -1.0211554070, Trunc err: 1.51e+00
Sweep 56, chi=8, cutoff=1e-08
  Direction: left->right
  Direction: right->left
  Energy: -1.0267583351, Trunc err: 1.52e+00
Sweep 57, chi=8, cutoff=1e-08
  Direction: left->right
  Direction: right->left
  Energy: -1.0311307341, Trunc err: 1.52e+00
Sweep 58, chi=8, cutoff=1e-08
  Direction: left->right
  Direction: right->left
  Energy: -1.0345798306, Trunc err: 1.52e+00
Sweep 59, chi=8, cutoff=1e-08
  Direction: left->right
  Direction: right->left
  Energy: -1.0373161987, Trunc err: 1.52e+00
Sweep 60, chi=8, cutoff=1e-08
  Direction: left->right
  Direction: right->left
  Energy: -1.0394848487, Trunc err: 1.52e+00
Sweep 61, chi=8, cutoff=1e-08
  Direction: left->right
  Direction: right->left
  Energy: -1.0430940128, Trunc err: 1.53e+00
Sweep 62, chi=8, cutoff=1e-08
  Direction: left->right
  Direction: right->left
  Energy: -1.0446679487, Trunc err: 1.53e+00
Sweep 63, chi=8, cutoff=1e-08
  Direction: left->right
  Direction: right->left
  Energy: -1.0458148770, Trunc err: 1.53e+00
Sweep 64, chi=8, cutoff=1e-08
  Direction: left->right
  Direction: right->left
  Energy: -1.0467258767, Trunc err: 1.53e+00
Sweep 65, chi=8, cutoff=1e-08
  Direction: left->right
  Direction: right->left
  Energy: -1.0486615780, Trunc err: 1.53e+00
Sweep 66, chi=8, cutoff=1e-08
  Direction: left->right
  Direction: right->left
  Energy: -1.0494319146, Trunc err: 1.53e+00
Sweep 67, chi=8, cutoff=1e-08
  Direction: left->right
  Direction: right->left
  Energy: -1.0499712955, Trunc err: 1.53e+00
Sweep 68, chi=8, cutoff=1e-08
  Direction: left->right
  Direction: right->left
  Energy: -1.0503830278, Trunc err: 1.53e+00
Sweep 69, chi=8, cutoff=1e-08
  Direction: left->right
  Direction: right->left
  Energy: -1.0507066226, Trunc err: 1.54e+00
Sweep 70, chi=8, cutoff=1e-08
  Direction: left->right
  Direction: right->left
  Energy: -1.0509641598, Trunc err: 1.54e+00
Sweep 71, chi=8, cutoff=1e-08
  Direction: left->right
  Direction: right->left
  Energy: -1.0511708056, Trunc err: 1.54e+00
Sweep 72, chi=8, cutoff=1e-08
  Direction: left->right
  Direction: right->left
  Energy: -1.0513391202, Trunc err: 1.54e+00
Sweep 73, chi=8, cutoff=1e-08
  Direction: left->right
  Direction: right->left
  Energy: -1.0514755049, Trunc err: 1.54e+00
Sweep 74, chi=8, cutoff=1e-08
  Direction: left->right
  Direction: right->left
  Energy: -1.0515865578, Trunc err: 1.54e+00
Sweep 75, chi=8, cutoff=1e-08
  Direction: left->right
  Direction: right->left
  Energy: -1.0516759034, Trunc err: 1.54e+00
Sweep 76, chi=8, cutoff=1e-08
  Direction: left->right
  Direction: right->left
  Energy: -1.0517535373, Trunc err: 1.54e+00
Sweep 77, chi=8, cutoff=1e-08
  Direction: left->right
  Direction: right->left
  Energy: -1.0518217615, Trunc err: 1.54e+00
Sweep 78, chi=8, cutoff=1e-08
  Direction: left->right
  Direction: right->left
  Energy: -1.0518753477, Trunc err: 1.54e+00
Sweep 79, chi=8, cutoff=1e-08
  Direction: left->right
  Direction: right->left
  Energy: -1.0519073700, Trunc err: 1.54e+00
Sweep 80, chi=8, cutoff=1e-08
  Direction: left->right
  Direction: right->left
  Energy: -1.0519277528, Trunc err: 1.54e+00
Sweep 81, chi=8, cutoff=1e-08
  Direction: left->right
  Direction: right->left
  Energy: -1.0519477148, Trunc err: 1.54e+00
Sweep 82, chi=8, cutoff=1e-08
  Direction: left->right
  Direction: right->left
  Energy: -1.0519634901, Trunc err: 1.54e+00
Sweep 83, chi=8, cutoff=1e-08
  Direction: left->right
  Direction: right->left
  Energy: -1.0519798522, Trunc err: 1.54e+00
Sweep 84, chi=8, cutoff=1e-08
  Direction: left->right
  Direction: right->left
  Energy: -1.0519889500, Trunc err: 1.54e+00
Sweep 85, chi=8, cutoff=1e-08
  Direction: left->right
  Direction: right->left
  Energy: -1.0519940876, Trunc err: 1.54e+00
Sweep 86, chi=8, cutoff=1e-08
  Direction: left->right
  Direction: right->left
  Energy: -1.0519988897, Trunc err: 1.54e+00
Sweep 87, chi=8, cutoff=1e-08
  Direction: left->right
  Direction: right->left
  Energy: -1.0520025187, Trunc err: 1.54e+00
Sweep 88, chi=8, cutoff=1e-08
  Direction: left->right
  Direction: right->left
  Energy: -1.0520049872, Trunc err: 1.54e+00
Sweep 89, chi=8, cutoff=1e-08
  Direction: left->right
  Direction: right->left
  Energy: -1.0520068751, Trunc err: 1.54e+00
Sweep 90, chi=8, cutoff=1e-08
  Direction: left->right
  Direction: right->left
  Energy: -1.0520083202, Trunc err: 1.54e+00
Sweep 91, chi=8, cutoff=1e-08
  Direction: left->right
  Direction: right->left
  Energy: -1.0520094230, Trunc err: 1.54e+00
Sweep 92, chi=8, cutoff=1e-08
  Direction: left->right
  Direction: right->left
  Energy: -1.0520102521, Trunc err: 1.54e+00
Sweep 93, chi=8, cutoff=1e-08
  Direction: left->right
  Direction: right->left
  Energy: -1.0520108867, Trunc err: 1.54e+00
Sweep 94, chi=8, cutoff=1e-08
  Direction: left->right
  Direction: right->left
  Energy: -1.0520113754, Trunc err: 1.54e+00
Sweep 95, chi=8, cutoff=1e-08
  Direction: left->right
  Direction: right->left
  Energy: -1.0520117635, Trunc err: 1.54e+00
Sweep 96, chi=8, cutoff=1e-08
  Direction: left->right
  Direction: right->left
  Energy: -1.0520120474, Trunc err: 1.54e+00
Sweep 97, chi=8, cutoff=1e-08
  Direction: left->right
  Direction: right->left
  Energy: -1.0520113957, Trunc err: 1.54e+00
Sweep 98, chi=8, cutoff=1e-08
  Direction: left->right
  Direction: right->left
  Energy: -1.0520124176, Trunc err: 1.54e+00
Sweep 99, chi=8, cutoff=1e-08
  Direction: left->right
  Direction: right->left
  Energy: -1.0520102190, Trunc err: 1.54e+00
Sweep 100, chi=16, cutoff=1e-08
  Direction: left->right
  Direction: right->left
  Energy: -1.1126996965, Trunc err: 1.58e+00
Sweep 101, chi=16, cutoff=1e-08
  Direction: left->right
  Direction: right->left
  Energy: -1.1218270309, Trunc err: 1.64e+00
Sweep 102, chi=16, cutoff=1e-08
  Direction: left->right
  Direction: right->left
  Energy: -1.1236166680, Trunc err: 1.66e+00
Sweep 103, chi=16, cutoff=1e-08
  Direction: left->right
  Direction: right->left
  Energy: -1.1242657483, Trunc err: 1.66e+00
Sweep 104, chi=16, cutoff=1e-08
  Direction: left->right
  Direction: right->left
  Energy: -1.1245630753, Trunc err: 1.67e+00
Sweep 105, chi=16, cutoff=1e-08
  Direction: left->right
  Direction: right->left
  Energy: -1.1247326619, Trunc err: 1.67e+00
Sweep 106, chi=16, cutoff=1e-08
  Direction: left->right
  Direction: right->left
  Energy: -1.1248426255, Trunc err: 1.67e+00
Sweep 107, chi=16, cutoff=1e-08
  Direction: left->right
  Direction: right->left
  Energy: -1.1249232068, Trunc err: 1.67e+00
Sweep 108, chi=16, cutoff=1e-08
  Direction: left->right
  Direction: right->left
  Energy: -1.1249831471, Trunc err: 1.67e+00
Sweep 109, chi=16, cutoff=1e-08
  Direction: left->right
  Direction: right->left
  Energy: -1.1250283595, Trunc err: 1.67e+00
Sweep 110, chi=16, cutoff=1e-08
  Direction: left->right
  Direction: right->left
  Energy: -1.1250629188, Trunc err: 1.67e+00
Sweep 111, chi=16, cutoff=1e-08
  Direction: left->right
  Direction: right->left
  Energy: -1.1250896466, Trunc err: 1.67e+00
Sweep 112, chi=16, cutoff=1e-08
  Direction: left->right
  Direction: right->left
  Energy: -1.1251101898, Trunc err: 1.67e+00
Sweep 113, chi=16, cutoff=1e-08
  Direction: left->right
  Direction: right->left
  Energy: -1.1251263525, Trunc err: 1.67e+00
Sweep 114, chi=16, cutoff=1e-08
  Direction: left->right
  Direction: right->left
  Energy: -1.1251391169, Trunc err: 1.67e+00
Sweep 115, chi=16, cutoff=1e-08
  Direction: left->right
  Direction: right->left
  Energy: -1.1251493529, Trunc err: 1.67e+00
Sweep 116, chi=16, cutoff=1e-08
  Direction: left->right
  Direction: right->left
  Energy: -1.1251577649, Trunc err: 1.67e+00
Sweep 117, chi=16, cutoff=1e-08
  Direction: left->right
  Direction: right->left
  Energy: -1.1251646759, Trunc err: 1.67e+00
Sweep 118, chi=16, cutoff=1e-08
  Direction: left->right
  Direction: right->left
  Energy: -1.1251704723, Trunc err: 1.67e+00
Sweep 119, chi=16, cutoff=1e-08
  Direction: left->right
  Direction: right->left
  Energy: -1.1251752932, Trunc err: 1.67e+00
Sweep 120, chi=32, cutoff=1e-08
  Direction: left->right
  Direction: right->left
  Energy: -1.1359993814, Trunc err: 1.69e+00
Sweep 121, chi=32, cutoff=1e-08
  Direction: left->right
  Direction: right->left
  Energy: -1.1372290003, Trunc err: 1.71e+00
Sweep 122, chi=32, cutoff=1e-08
  Direction: left->right
  Direction: right->left
  Energy: -1.1376253547, Trunc err: 1.72e+00
Sweep 123, chi=32, cutoff=1e-08
  Direction: left->right
  Direction: right->left
  Energy: -1.1378178561, Trunc err: 1.73e+00
Sweep 124, chi=32, cutoff=1e-08
  Direction: left->right
  Direction: right->left
  Energy: -1.1379258493, Trunc err: 1.73e+00
Sweep 125, chi=32, cutoff=1e-08
  Direction: left->right
  Direction: right->left
  Energy: -1.1379922608, Trunc err: 1.73e+00
Sweep 126, chi=32, cutoff=1e-08
  Direction: left->right
  Direction: right->left
  Energy: -1.1380356082, Trunc err: 1.73e+00
Sweep 127, chi=32, cutoff=1e-08
  Direction: left->right
  Direction: right->left
  Energy: -1.1380651151, Trunc err: 1.73e+00
Sweep 128, chi=32, cutoff=1e-08
  Direction: left->right
  Direction: right->left
  Energy: -1.1380853657, Trunc err: 1.74e+00
Sweep 129, chi=32, cutoff=1e-08
  Direction: left->right
  Direction: right->left
  Energy: -1.1380996604, Trunc err: 1.74e+00
Sweep 0, chi=2, cutoff=1e-08
  Direction: left->right
  Direction: right->left
  Energy: -0.5087188670, Trunc err: 8.83e-03
Sweep 1, chi=2, cutoff=1e-08
  Direction: left->right
  Direction: right->left
  Energy: -0.5143216641, Trunc err: 1.93e-02
Sweep 2, chi=2, cutoff=1e-08
  Direction: left->right
  Direction: right->left
  Energy: -0.5152527390, Trunc err: 1.96e-02
Sweep 3, chi=2, cutoff=1e-08
  Direction: left->right
  Direction: right->left
  Energy: -0.5153984066, Trunc err: 1.95e-02
Sweep 4, chi=2, cutoff=1e-08
  Direction: left->right
  Direction: right->left
  Energy: -0.5154198664, Trunc err: 1.96e-02
Sweep 5, chi=2, cutoff=1e-08
  Direction: left->right
  Direction: right->left
  Energy: -0.5154228887, Trunc err: 1.96e-02
Sweep 6, chi=2, cutoff=1e-08
  Direction: left->right
  Direction: right->left
  Energy: -0.5154233145, Trunc err: 1.96e-02
Sweep 7, chi=2, cutoff=1e-08
  Direction: left->right
  Direction: right->left
  Energy: -0.5154233745, Trunc err: 1.96e-02
Sweep 8, chi=2, cutoff=1e-08
  Direction: left->right
  Direction: right->left
  Energy: -0.5154233830, Trunc err: 1.96e-02
Sweep 9, chi=2, cutoff=1e-08
  Direction: left->right
  Direction: right->left
  Energy: -0.5154233842, Trunc err: 1.96e-02
Sweep 10, chi=4, cutoff=1e-08
  Direction: left->right
  Direction: right->left
  Energy: -0.5377113376, Trunc err: 2.23e-03
Sweep 11, chi=4, cutoff=1e-08
  Direction: left->right
  Direction: right->left
  Energy: -0.5378111853, Trunc err: 5.31e-03
Sweep 12, chi=4, cutoff=1e-08
  Direction: left->right
  Direction: right->left
  Energy: -0.5378111856, Trunc err: 5.31e-03
Sweep 13, chi=4, cutoff=1e-08
  Direction: left->right
  Direction: right->left
  Energy: -0.5378111856, Trunc err: 5.31e-03
Sweep 14, chi=4, cutoff=1e-08
  Direction: left->right
  Direction: right->left
  Energy: -0.5378111856, Trunc err: 5.31e-03
Sweep 15, chi=4, cutoff=1e-08
  Direction: left->right
  Direction: right->left
  Energy: -0.5378111856, Trunc err: 5.31e-03
Sweep 16, chi=4, cutoff=1e-08
  Direction: left->right
  Direction: right->left
  Energy: -0.5378111856, Trunc err: 5.31e-03
Sweep 17, chi=4, cutoff=1e-08
  Direction: left->right
  Direction: right->left
  Energy: -0.5378111856, Trunc err: 5.31e-03
Sweep 18, chi=4, cutoff=1e-08
  Direction: left->right
  Direction: right->left
  Energy: -0.5378111856, Trunc err: 5.31e-03
Sweep 19, chi=4, cutoff=1e-08
  Direction: left->right
  Direction: right->left
  Energy: -0.5378111856, Trunc err: 5.31e-03
Sweep 20, chi=8, cutoff=1e-08
  Direction: left->right
  Direction: right->left
  Energy: -0.5389532915, Trunc err: 1.25e-04
Sweep 21, chi=8, cutoff=1e-08
  Direction: left->right
  Direction: right->left
  Energy: -0.5389533423, Trunc err: 2.54e-04
Sweep 22, chi=8, cutoff=1e-08
  Direction: left->right
  Direction: right->left
  Energy: -0.5389533423, Trunc err: 2.54e-04
Sweep 23, chi=8, cutoff=1e-08
  Direction: left->right
  Direction: right->left
  Energy: -0.5389533423, Trunc err: 2.54e-04
Sweep 24, chi=8, cutoff=1e-08
  Direction: left->right
  Direction: right->left
  Energy: -0.5389533423, Trunc err: 2.54e-04
Sweep 25, chi=8, cutoff=1e-08
  Direction: left->right
  Direction: right->left
  Energy: -0.5389533423, Trunc err: 2.54e-04
Sweep 26, chi=8, cutoff=1e-08
  Direction: left->right
  Direction: right->left
  Energy: -0.5389533423, Trunc err: 2.54e-04
Sweep 27, chi=8, cutoff=1e-08
  Direction: left->right
  Direction: right->left
  Energy: -0.5389533423, Trunc err: 2.54e-04
Sweep 28, chi=8, cutoff=1e-08
  Direction: left->right
  Direction: right->left
  Energy: -0.5389533423, Trunc err: 2.54e-04
Sweep 29, chi=8, cutoff=1e-08
  Direction: left->right
  Direction: right->left
  Energy: -0.5389533423, Trunc err: 2.54e-04
Sweep 30, chi=8, cutoff=1e-08
  Direction: left->right
  Direction: right->left
  Energy: -0.5389533423, Trunc err: 2.54e-04
Sweep 31, chi=8, cutoff=1e-08
  Direction: left->right
  Direction: right->left
  Energy: -0.5389533423, Trunc err: 2.54e-04
Sweep 32, chi=8, cutoff=1e-08
  Direction: left->right
  Direction: right->left
  Energy: -0.5389533423, Trunc err: 2.54e-04
Sweep 33, chi=8, cutoff=1e-08
  Direction: left->right
  Direction: right->left
  Energy: -0.5389533423, Trunc err: 2.54e-04
Sweep 34, chi=8, cutoff=1e-08
  Direction: left->right
  Direction: right->left
  Energy: -0.5389533423, Trunc err: 2.54e-04
Sweep 35, chi=8, cutoff=1e-08
  Direction: left->right
  Direction: right->left
  Energy: -0.5389533423, Trunc err: 2.54e-04
Sweep 36, chi=8, cutoff=1e-08
  Direction: left->right
  Direction: right->left
  Energy: -0.5389533423, Trunc err: 2.54e-04
Sweep 37, chi=8, cutoff=1e-08
  Direction: left->right
  Direction: right->left
  Energy: -0.5389533423, Trunc err: 2.54e-04
Sweep 38, chi=8, cutoff=1e-08
  Direction: left->right
  Direction: right->left
  Energy: -0.5389533423, Trunc err: 2.54e-04
Sweep 39, chi=8, cutoff=1e-08
  Direction: left->right
  Direction: right->left
  Energy: -0.5389533423, Trunc err: 2.54e-04
Sweep 40, chi=8, cutoff=1e-08
  Direction: left->right
  Direction: right->left
  Energy: -0.5389533423, Trunc err: 2.54e-04
Sweep 41, chi=8, cutoff=1e-08
  Direction: left->right
  Direction: right->left
  Energy: -0.5389533423, Trunc err: 2.54e-04
Sweep 42, chi=8, cutoff=1e-08
  Direction: left->right
  Direction: right->left
  Energy: -0.5389533423, Trunc err: 2.54e-04
Sweep 43, chi=8, cutoff=1e-08
  Direction: left->right
  Direction: right->left
  Energy: -0.5389533423, Trunc err: 2.54e-04
Sweep 44, chi=8, cutoff=1e-08
  Direction: left->right
  Direction: right->left
  Energy: -0.5389533423, Trunc err: 2.54e-04
Sweep 45, chi=8, cutoff=1e-08
  Direction: left->right
  Direction: right->left
  Energy: -0.5389533423, Trunc err: 2.54e-04
Sweep 46, chi=8, cutoff=1e-08
  Direction: left->right
  Direction: right->left
  Energy: -0.5389533423, Trunc err: 2.54e-04
Sweep 47, chi=8, cutoff=1e-08
  Direction: left->right
  Direction: right->left
  Energy: -0.5389533423, Trunc err: 2.54e-04
Sweep 48, chi=8, cutoff=1e-08
  Direction: left->right
  Direction: right->left
  Energy: -0.5389533423, Trunc err: 2.54e-04
Sweep 49, chi=8, cutoff=1e-08
  Direction: left->right
  Direction: right->left
  Energy: -0.5389533423, Trunc err: 2.54e-04
Sweep 50, chi=8, cutoff=1e-08
  Direction: left->right
  Direction: right->left
  Energy: -0.5389533423, Trunc err: 2.54e-04
Sweep 51, chi=8, cutoff=1e-08
  Direction: left->right
  Direction: right->left
  Energy: -0.5389533423, Trunc err: 2.54e-04
Sweep 52, chi=8, cutoff=1e-08
  Direction: left->right
  Direction: right->left
  Energy: -0.5389533423, Trunc err: 2.54e-04
Sweep 53, chi=8, cutoff=1e-08
  Direction: left->right
  Direction: right->left
  Energy: -0.5389533423, Trunc err: 2.54e-04
Sweep 54, chi=8, cutoff=1e-08
  Direction: left->right
  Direction: right->left
  Energy: -0.5389533423, Trunc err: 2.54e-04
Sweep 55, chi=8, cutoff=1e-08
  Direction: left->right
  Direction: right->left
  Energy: -0.5389533423, Trunc err: 2.54e-04
Sweep 56, chi=8, cutoff=1e-08
  Direction: left->right
  Direction: right->left
  Energy: -0.5389533423, Trunc err: 2.54e-04
Sweep 57, chi=8, cutoff=1e-08
  Direction: left->right
  Direction: right->left
  Energy: -0.5389533423, Trunc err: 2.54e-04
Sweep 58, chi=8, cutoff=1e-08
  Direction: left->right
  Direction: right->left
  Energy: -0.5389533423, Trunc err: 2.54e-04
Sweep 59, chi=8, cutoff=1e-08
  Direction: left->right
  Direction: right->left
  Energy: -0.5389533423, Trunc err: 2.54e-04
Sweep 60, chi=16, cutoff=1e-08
  Direction: left->right
  Direction: right->left
  Energy: -0.5389576768, Trunc err: 1.32e-08
Sweep 61, chi=16, cutoff=1e-08
  Direction: left->right
  Direction: right->left
  Energy: -0.5389576768, Trunc err: 3.89e-08
Sweep 62, chi=16, cutoff=1e-08
  Direction: left->right
  Direction: right->left
  Energy: -0.5389576768, Trunc err: 3.96e-08
Sweep 63, chi=16, cutoff=1e-08
  Direction: left->right
  Direction: right->left
  Energy: -0.5389576768, Trunc err: 3.97e-08
Sweep 64, chi=16, cutoff=1e-08
  Direction: left->right
  Direction: right->left
  Energy: -0.5389576768, Trunc err: 3.97e-08
Sweep 65, chi=16, cutoff=1e-08
  Direction: left->right
  Direction: right->left
  Energy: -0.5389576768, Trunc err: 3.97e-08
Sweep 66, chi=16, cutoff=1e-08
  Direction: left->right
  Direction: right->left
  Energy: -0.5389576768, Trunc err: 3.97e-08
Sweep 67, chi=16, cutoff=1e-08
  Direction: left->right
  Direction: right->left
  Energy: -0.5389576768, Trunc err: 3.97e-08
Sweep 68, chi=16, cutoff=1e-08
  Direction: left->right
  Direction: right->left
  Energy: -0.5389576768, Trunc err: 3.97e-08
Sweep 69, chi=16, cutoff=1e-08
  Direction: left->right
  Direction: right->left
  Energy: -0.5389576768, Trunc err: 3.97e-08
Sweep 70, chi=16, cutoff=1e-08
  Direction: left->right
  Direction: right->left
  Energy: -0.5389576768, Trunc err: 3.97e-08
Sweep 71, chi=16, cutoff=1e-08
  Direction: left->right
  Direction: right->left
  Energy: -0.5389576768, Trunc err: 3.97e-08
Sweep 72, chi=16, cutoff=1e-08
  Direction: left->right
  Direction: right->left
  Energy: -0.5389576768, Trunc err: 3.97e-08
Sweep 73, chi=16, cutoff=1e-08
  Direction: left->right
  Direction: right->left
  Energy: -0.5389576768, Trunc err: 3.97e-08
Sweep 74, chi=16, cutoff=1e-08
  Direction: left->right
  Direction: right->left
  Energy: -0.5389576768, Trunc err: 3.97e-08
Sweep 75, chi=16, cutoff=1e-08
  Direction: left->right
  Direction: right->left
  Energy: -0.5389576768, Trunc err: 3.97e-08
Sweep 76, chi=16, cutoff=1e-08
  Direction: left->right
  Direction: right->left
  Energy: -0.5389576768, Trunc err: 3.97e-08
Sweep 77, chi=16, cutoff=1e-08
  Direction: left->right
  Direction: right->left
  Energy: -0.5389576768, Trunc err: 3.97e-08
Sweep 78, chi=16, cutoff=1e-08
  Direction: left->right
  Direction: right->left
  Energy: -0.5389576768, Trunc err: 3.97e-08
Sweep 79, chi=16, cutoff=1e-08
  Direction: left->right
  Direction: right->left
  Energy: -0.5389576768, Trunc err: 3.97e-08
Sweep 80, chi=16, cutoff=1e-08
  Direction: left->right
  Direction: right->left
  Energy: -0.5389576768, Trunc err: 3.97e-08
Sweep 81, chi=16, cutoff=1e-08
  Direction: left->right
  Direction: right->left
  Energy: -0.5389576768, Trunc err: 3.97e-08
Sweep 82, chi=16, cutoff=1e-08
  Direction: left->right
  Direction: right->left
  Energy: -0.5389576768, Trunc err: 3.97e-08
Sweep 83, chi=16, cutoff=1e-08
  Direction: left->right
  Direction: right->left
  Energy: -0.5389576768, Trunc err: 3.97e-08
Sweep 84, chi=16, cutoff=1e-08
  Direction: left->right
  Direction: right->left
  Energy: -0.5389576768, Trunc err: 3.97e-08
Sweep 85, chi=16, cutoff=1e-08
  Direction: left->right
  Direction: right->left
  Energy: -0.5389576768, Trunc err: 3.97e-08
Sweep 86, chi=16, cutoff=1e-08
  Direction: left->right
  Direction: right->left
  Energy: -0.5389576768, Trunc err: 3.97e-08
Sweep 87, chi=16, cutoff=1e-08
  Direction: left->right
  Direction: right->left
  Energy: -0.5389576768, Trunc err: 3.97e-08
Sweep 88, chi=16, cutoff=1e-08
  Direction: left->right
  Direction: right->left
  Energy: -0.5389576768, Trunc err: 3.97e-08
Sweep 89, chi=16, cutoff=1e-08
  Direction: left->right
  Direction: right->left
  Energy: -0.5389576768, Trunc err: 3.97e-08
Sweep 90, chi=16, cutoff=1e-08
  Direction: left->right
  Direction: right->left
  Energy: -0.5389576768, Trunc err: 3.97e-08
Sweep 91, chi=16, cutoff=1e-08
  Direction: left->right
  Direction: right->left
  Energy: -0.5389576768, Trunc err: 3.97e-08
Sweep 92, chi=16, cutoff=1e-08
  Direction: left->right
  Direction: right->left
  Energy: -0.5389576768, Trunc err: 3.97e-08
Sweep 93, chi=16, cutoff=1e-08
  Direction: left->right
  Direction: right->left
  Energy: -0.5389576768, Trunc err: 3.97e-08
Sweep 94, chi=16, cutoff=1e-08
  Direction: left->right
  Direction: right->left
  Energy: -0.5389576768, Trunc err: 3.97e-08
Sweep 95, chi=16, cutoff=1e-08
  Direction: left->right
  Direction: right->left
  Energy: -0.5389576768, Trunc err: 3.97e-08
Sweep 96, chi=16, cutoff=1e-08
  Direction: left->right
  Direction: right->left
  Energy: -0.5389576768, Trunc err: 3.97e-08
Sweep 97, chi=16, cutoff=1e-08
  Direction: left->right
  Direction: right->left
  Energy: -0.5389576768, Trunc err: 3.97e-08
Sweep 98, chi=16, cutoff=1e-08
  Direction: left->right
  Direction: right->left
  Energy: -0.5389576768, Trunc err: 3.97e-08
Sweep 99, chi=16, cutoff=1e-08
  Direction: left->right
  Direction: right->left
  Energy: -0.5389576768, Trunc err: 3.97e-08
Sweep 100, chi=32, cutoff=1e-08
  Direction: left->right
  Direction: right->left
  Energy: -0.5389576768, Trunc err: 9.77e-09
Sweep 101, chi=32, cutoff=1e-08
  Direction: left->right
  Direction: right->left
  Energy: -0.5389576768, Trunc err: 1.19e-08
Sweep 102, chi=32, cutoff=1e-08
  Direction: left->right
  Direction: right->left
  Energy: -0.5389576768, Trunc err: 1.19e-08
Sweep 103, chi=32, cutoff=1e-08
  Direction: left->right
  Direction: right->left
  Energy: -0.5389576768, Trunc err: 1.19e-08
Sweep 104, chi=32, cutoff=1e-08
  Direction: left->right
  Direction: right->left
  Energy: -0.5389576768, Trunc err: 1.19e-08
Sweep 105, chi=32, cutoff=1e-08
  Direction: left->right
  Direction: right->left
  Energy: -0.5389576768, Trunc err: 1.19e-08
Sweep 106, chi=32, cutoff=1e-08
  Direction: left->right
  Direction: right->left
  Energy: -0.5389576768, Trunc err: 1.19e-08
Sweep 107, chi=32, cutoff=1e-08
  Direction: left->right
  Direction: right->left
  Energy: -0.5389576768, Trunc err: 1.19e-08
Sweep 108, chi=32, cutoff=1e-08
  Direction: left->right
  Direction: right->left
  Energy: -0.5389576768, Trunc err: 1.19e-08
Sweep 109, chi=32, cutoff=1e-08
  Direction: left->right
  Direction: right->left
  Energy: -0.5389576768, Trunc err: 1.19e-08
Sweep 110, chi=32, cutoff=1e-08
  Direction: left->right
  Direction: right->left
  Energy: -0.5389576768, Trunc err: 1.19e-08
Sweep 111, chi=32, cutoff=1e-08
  Direction: left->right
  Direction: right->left
  Energy: -0.5389576768, Trunc err: 1.19e-08
Sweep 112, chi=32, cutoff=1e-08
  Direction: left->right
  Direction: right->left
  Energy: -0.5389576768, Trunc err: 1.19e-08
Sweep 113, chi=32, cutoff=1e-08
  Direction: left->right
  Direction: right->left
  Energy: -0.5389576768, Trunc err: 1.19e-08
Sweep 114, chi=32, cutoff=1e-08
  Direction: left->right
  Direction: right->left
  Energy: -0.5389576768, Trunc err: 1.19e-08
Sweep 115, chi=32, cutoff=1e-08
  Direction: left->right
  Direction: right->left
  Energy: -0.5389576768, Trunc err: 1.19e-08
Sweep 116, chi=32, cutoff=1e-08
  Direction: left->right
  Direction: right->left
  Energy: -0.5389576768, Trunc err: 1.19e-08
Sweep 117, chi=32, cutoff=1e-08
  Direction: left->right
  Direction: right->left
  Energy: -0.5389576768, Trunc err: 1.19e-08
Sweep 118, chi=32, cutoff=1e-08
  Direction: left->right
  Direction: right->left
  Energy: -0.5389576768, Trunc err: 1.19e-08
Sweep 119, chi=32, cutoff=1e-08
  Direction: left->right
  Direction: right->left
  Energy: -0.5389576768, Trunc err: 1.19e-08
Sweep 120, chi=32, cutoff=1e-08
  Direction: left->right
  Direction: right->left
  Energy: -0.5389576768, Trunc err: 1.19e-08
Sweep 121, chi=32, cutoff=1e-08
  Direction: left->right
  Direction: right->left
  Energy: -0.5389576768, Trunc err: 1.19e-08
Sweep 122, chi=32, cutoff=1e-08
  Direction: left->right
  Direction: right->left
  Energy: -0.5389576768, Trunc err: 1.19e-08
Sweep 123, chi=32, cutoff=1e-08
  Direction: left->right
  Direction: right->left
  Energy: -0.5389576768, Trunc err: 1.19e-08
Sweep 124, chi=32, cutoff=1e-08
  Direction: left->right
  Direction: right->left
  Energy: -0.5389576768, Trunc err: 1.19e-08
Sweep 125, chi=32, cutoff=1e-08
  Direction: left->right
  Direction: right->left
  Energy: -0.5389576768, Trunc err: 1.19e-08
Sweep 126, chi=32, cutoff=1e-08
  Direction: left->right
  Direction: right->left
  Energy: -0.5389576768, Trunc err: 1.19e-08
Sweep 127, chi=32, cutoff=1e-08
  Direction: left->right
  Direction: right->left
  Energy: -0.5389576768, Trunc err: 1.19e-08
Sweep 128, chi=32, cutoff=1e-08
  Direction: left->right
  Direction: right->left
  Energy: -0.5389576768, Trunc err: 1.19e-08
Sweep 129, chi=32, cutoff=1e-08
  Direction: left->right
  Direction: right->left
  Energy: -0.5389576768, Trunc err: 1.19e-08
Sweep 130, chi=32, cutoff=1e-08
  Direction: left->right
  Direction: right->left
  Energy: -0.5389576768, Trunc err: 1.19e-08
Sweep 131, chi=32, cutoff=1e-08
  Direction: left->right
  Direction: right->left
  Energy: -0.5389576768, Trunc err: 1.19e-08
Sweep 132, chi=32, cutoff=1e-08
  Direction: left->right
  Direction: right->left
  Energy: -0.5389576768, Trunc err: 1.19e-08
Sweep 133, chi=32, cutoff=1e-08
  Direction: left->right
  Direction: right->left
  Energy: -0.5389576768, Trunc err: 1.19e-08
Sweep 134, chi=32, cutoff=1e-08
  Direction: left->right
  Direction: right->left
  Energy: -0.5389576768, Trunc err: 1.19e-08
Sweep 135, chi=32, cutoff=1e-08
  Direction: left->right
  Direction: right->left
  Energy: -0.5389576768, Trunc err: 1.19e-08
Sweep 136, chi=32, cutoff=1e-08
  Direction: left->right
  Direction: right->left
  Energy: -0.5389576768, Trunc err: 1.19e-08
Sweep 137, chi=32, cutoff=1e-08
  Direction: left->right
  Direction: right->left
  Energy: -0.5389576768, Trunc err: 1.19e-08
Sweep 138, chi=32, cutoff=1e-08
  Direction: left->right
  Direction: right->left
  Energy: -0.5389576768, Trunc err: 1.19e-08
Sweep 139, chi=32, cutoff=1e-08
  Direction: left->right
  Direction: right->left
  Energy: -0.5389576768, Trunc err: 1.19e-08
Sweep 0, chi=2, cutoff=1e-08
  Direction: left->right
  Direction: right->left
  Energy: -0.0000004301, Trunc err: 3.15e-03
Sweep 1, chi=2, cutoff=1e-08
  Direction: left->right
  Direction: right->left
  Energy: -0.4022967535, Trunc err: 1.07e-02
Sweep 2, chi=2, cutoff=1e-08
  Direction: left->right
  Direction: right->left
  Energy: -0.4426293544, Trunc err: 1.04e-02
Sweep 3, chi=2, cutoff=1e-08
  Direction: left->right
  Direction: right->left
  Energy: -0.4427207713, Trunc err: 9.77e-03
Sweep 4, chi=2, cutoff=1e-08
  Direction: left->right
  Direction: right->left
  Energy: -0.4427168472, Trunc err: 9.93e-03
Sweep 5, chi=2, cutoff=1e-08
  Direction: left->right
  Direction: right->left
  Energy: -0.4427196359, Trunc err: 9.89e-03
Sweep 6, chi=2, cutoff=1e-08
  Direction: left->right
  Direction: right->left
  Energy: -0.4427186367, Trunc err: 9.90e-03
Sweep 7, chi=2, cutoff=1e-08
  Direction: left->right
  Direction: right->left
  Energy: -0.4427187099, Trunc err: 9.90e-03
Sweep 8, chi=2, cutoff=1e-08
  Direction: left->right
  Direction: right->left
  Energy: -0.4427186693, Trunc err: 9.90e-03
Sweep 9, chi=2, cutoff=1e-08
  Direction: left->right
  Direction: right->left
  Energy: -0.4427186813, Trunc err: 9.90e-03
Sweep 10, chi=4, cutoff=1e-08
  Direction: left->right
  Direction: right->left
  Energy: -0.4582687717, Trunc err: 1.60e-03
Sweep 11, chi=4, cutoff=1e-08
  Direction: left->right
  Direction: right->left
  Energy: -0.4595707101, Trunc err: 3.45e-03
Sweep 12, chi=4, cutoff=1e-08
  Direction: left->right
  Direction: right->left
  Energy: -0.4599043579, Trunc err: 3.66e-03
Sweep 13, chi=4, cutoff=1e-08
  Direction: left->right
  Direction: right->left
  Energy: -0.4599304059, Trunc err: 4.53e-03
Sweep 14, chi=4, cutoff=1e-08
  Direction: left->right
  Direction: right->left
  Energy: -0.4599304600, Trunc err: 4.41e-03
Sweep 15, chi=4, cutoff=1e-08
  Direction: left->right
  Direction: right->left
  Energy: -0.4599304687, Trunc err: 4.37e-03
Sweep 16, chi=4, cutoff=1e-08
  Direction: left->right
  Direction: right->left
  Energy: -0.4599304668, Trunc err: 4.37e-03
Sweep 17, chi=4, cutoff=1e-08
  Direction: left->right
  Direction: right->left
  Energy: -0.4599304697, Trunc err: 4.71e-03
Sweep 18, chi=4, cutoff=1e-08
  Direction: left->right
  Direction: right->left
  Energy: -0.4599304694, Trunc err: 4.80e-03
Sweep 19, chi=4, cutoff=1e-08
  Direction: left->right
  Direction: right->left
  Energy: -0.4599304696, Trunc err: 4.92e-03
Sweep 20, chi=8, cutoff=1e-08
  Direction: left->right
  Direction: right->left
  Energy: -0.4608605258, Trunc err: 8.34e-05
Sweep 21, chi=8, cutoff=1e-08
  Direction: left->right
  Direction: right->left
  Energy: -0.4608624167, Trunc err: 1.99e-04
Sweep 22, chi=8, cutoff=1e-08
  Direction: left->right
  Direction: right->left
  Energy: -0.4608632256, Trunc err: 2.00e-04
Sweep 23, chi=8, cutoff=1e-08
  Direction: left->right
  Direction: right->left
  Energy: -0.4608635645, Trunc err: 2.05e-04
Sweep 24, chi=8, cutoff=1e-08
  Direction: left->right
  Direction: right->left
  Energy: -0.4608636823, Trunc err: 2.44e-04
Sweep 25, chi=8, cutoff=1e-08
  Direction: left->right
  Direction: right->left
  Energy: -0.4608636889, Trunc err: 2.46e-04
Sweep 26, chi=8, cutoff=1e-08
  Direction: left->right
  Direction: right->left
  Energy: -0.4608636899, Trunc err: 2.46e-04
Sweep 27, chi=8, cutoff=1e-08
  Direction: left->right
  Direction: right->left
  Energy: -0.4608636902, Trunc err: 2.46e-04
Sweep 28, chi=8, cutoff=1e-08
  Direction: left->right
  Direction: right->left
  Energy: -0.4608636902, Trunc err: 2.46e-04
Sweep 29, chi=8, cutoff=1e-08
  Direction: left->right
  Direction: right->left
  Energy: -0.4608636902, Trunc err: 2.45e-04
Sweep 30, chi=8, cutoff=1e-08
  Direction: left->right
  Direction: right->left
  Energy: -0.4608636902, Trunc err: 2.46e-04
Sweep 31, chi=8, cutoff=1e-08
  Direction: left->right
  Direction: right->left
  Energy: -0.4608636902, Trunc err: 2.46e-04
Sweep 32, chi=8, cutoff=1e-08
  Direction: left->right
  Direction: right->left
  Energy: -0.4608636902, Trunc err: 2.46e-04
Sweep 33, chi=8, cutoff=1e-08
  Direction: left->right
  Direction: right->left
  Energy: -0.4608636902, Trunc err: 2.46e-04
Sweep 34, chi=8, cutoff=1e-08
  Direction: left->right
  Direction: right->left
  Energy: -0.4608636902, Trunc err: 2.46e-04
Sweep 35, chi=8, cutoff=1e-08
  Direction: left->right
  Direction: right->left
  Energy: -0.4608636902, Trunc err: 2.46e-04
Sweep 36, chi=8, cutoff=1e-08
  Direction: left->right
  Direction: right->left
  Energy: -0.4608636902, Trunc err: 2.46e-04
Sweep 37, chi=8, cutoff=1e-08
  Direction: left->right
  Direction: right->left
  Energy: -0.4608636902, Trunc err: 2.46e-04
Sweep 38, chi=8, cutoff=1e-08
  Direction: left->right
  Direction: right->left
  Energy: -0.4608636902, Trunc err: 2.46e-04
Sweep 39, chi=8, cutoff=1e-08
  Direction: left->right
  Direction: right->left
  Energy: -0.4608636902, Trunc err: 2.46e-04
Sweep 40, chi=8, cutoff=1e-08
  Direction: left->right
  Direction: right->left
  Energy: -0.4608636902, Trunc err: 2.46e-04
Sweep 41, chi=8, cutoff=1e-08
  Direction: left->right
  Direction: right->left
  Energy: -0.4608636902, Trunc err: 2.46e-04
Sweep 42, chi=8, cutoff=1e-08
  Direction: left->right
  Direction: right->left
  Energy: -0.4608636902, Trunc err: 2.46e-04
Sweep 43, chi=8, cutoff=1e-08
  Direction: left->right
  Direction: right->left
  Energy: -0.4608636902, Trunc err: 2.46e-04
Sweep 44, chi=8, cutoff=1e-08
  Direction: left->right
  Direction: right->left
  Energy: -0.4608636902, Trunc err: 2.46e-04
Sweep 45, chi=8, cutoff=1e-08
  Direction: left->right
  Direction: right->left
  Energy: -0.4608636902, Trunc err: 2.46e-04
Sweep 46, chi=8, cutoff=1e-08
  Direction: left->right
  Direction: right->left
  Energy: -0.4608636902, Trunc err: 2.46e-04
Sweep 47, chi=8, cutoff=1e-08
  Direction: left->right
  Direction: right->left
  Energy: -0.4608636902, Trunc err: 2.46e-04
Sweep 48, chi=8, cutoff=1e-08
  Direction: left->right
  Direction: right->left
  Energy: -0.4608636902, Trunc err: 2.46e-04
Sweep 49, chi=8, cutoff=1e-08
  Direction: left->right
  Direction: right->left
  Energy: -0.4608636902, Trunc err: 2.46e-04
Sweep 50, chi=8, cutoff=1e-08
  Direction: left->right
  Direction: right->left
  Energy: -0.4608636902, Trunc err: 2.46e-04
Sweep 51, chi=8, cutoff=1e-08
  Direction: left->right
  Direction: right->left
  Energy: -0.4608636902, Trunc err: 2.46e-04
Sweep 52, chi=8, cutoff=1e-08
  Direction: left->right
  Direction: right->left
  Energy: -0.4608636902, Trunc err: 2.46e-04
Sweep 53, chi=8, cutoff=1e-08
  Direction: left->right
  Direction: right->left
  Energy: -0.4608636902, Trunc err: 2.46e-04
Sweep 54, chi=8, cutoff=1e-08
  Direction: left->right
  Direction: right->left
  Energy: -0.4608636902, Trunc err: 2.46e-04
Sweep 55, chi=8, cutoff=1e-08
  Direction: left->right
  Direction: right->left
  Energy: -0.4608636902, Trunc err: 2.46e-04
Sweep 56, chi=8, cutoff=1e-08
  Direction: left->right
  Direction: right->left
  Energy: -0.4608636902, Trunc err: 2.46e-04
Sweep 57, chi=8, cutoff=1e-08
  Direction: left->right
  Direction: right->left
  Energy: -0.4608636902, Trunc err: 2.46e-04
Sweep 58, chi=8, cutoff=1e-08
  Direction: left->right
  Direction: right->left
  Energy: -0.4608636902, Trunc err: 2.46e-04
Sweep 59, chi=8, cutoff=1e-08
  Direction: left->right
  Direction: right->left
  Energy: -0.4608636902, Trunc err: 2.46e-04
Sweep 60, chi=16, cutoff=1e-08
  Direction: left->right
  Direction: right->left
  Energy: -0.4608672058, Trunc err: 1.32e-08
Sweep 61, chi=16, cutoff=1e-08
  Direction: left->right
  Direction: right->left
  Energy: -0.4608672058, Trunc err: 2.64e-08
Sweep 62, chi=16, cutoff=1e-08
  Direction: left->right
  Direction: right->left
  Energy: -0.4608672058, Trunc err: 2.30e-08
Sweep 63, chi=16, cutoff=1e-08
  Direction: left->right
  Direction: right->left
  Energy: -0.4608672058, Trunc err: 2.29e-08
Sweep 64, chi=16, cutoff=1e-08
  Direction: left->right
  Direction: right->left
  Energy: -0.4608672058, Trunc err: 2.50e-08
Sweep 65, chi=16, cutoff=1e-08
  Direction: left->right
  Direction: right->left
  Energy: -0.4608672058, Trunc err: 2.50e-08
Sweep 66, chi=16, cutoff=1e-08
  Direction: left->right
  Direction: right->left
  Energy: -0.4608672058, Trunc err: 2.56e-08
Sweep 67, chi=16, cutoff=1e-08
  Direction: left->right
  Direction: right->left
  Energy: -0.4608672058, Trunc err: 2.76e-08
Sweep 68, chi=16, cutoff=1e-08
  Direction: left->right
  Direction: right->left
  Energy: -0.4608672058, Trunc err: 3.01e-08
Sweep 69, chi=16, cutoff=1e-08
  Direction: left->right
  Direction: right->left
  Energy: -0.4608672058, Trunc err: 2.96e-08
Sweep 70, chi=16, cutoff=1e-08
  Direction: left->right
  Direction: right->left
  Energy: -0.4608672058, Trunc err: 2.96e-08
Sweep 71, chi=16, cutoff=1e-08
  Direction: left->right
  Direction: right->left
  Energy: -0.4608672058, Trunc err: 3.34e-08
Sweep 72, chi=16, cutoff=1e-08
  Direction: left->right
  Direction: right->left
  Energy: -0.4608672058, Trunc err: 3.40e-08
Sweep 73, chi=16, cutoff=1e-08
  Direction: left->right
  Direction: right->left
  Energy: -0.4608672058, Trunc err: 3.35e-08
Sweep 74, chi=16, cutoff=1e-08
  Direction: left->right
  Direction: right->left
  Energy: -0.4608672058, Trunc err: 3.09e-08
Sweep 75, chi=16, cutoff=1e-08
  Direction: left->right
  Direction: right->left
  Energy: -0.4608672058, Trunc err: 3.34e-08
Sweep 76, chi=16, cutoff=1e-08
  Direction: left->right
  Direction: right->left
  Energy: -0.4608672058, Trunc err: 3.05e-08
Sweep 77, chi=16, cutoff=1e-08
  Direction: left->right
  Direction: right->left
  Energy: -0.4608672058, Trunc err: 2.99e-08
Sweep 78, chi=16, cutoff=1e-08
  Direction: left->right
  Direction: right->left
  Energy: -0.4608672058, Trunc err: 3.18e-08
Sweep 79, chi=16, cutoff=1e-08
  Direction: left->right
  Direction: right->left
  Energy: -0.4608672058, Trunc err: 3.35e-08
Sweep 80, chi=16, cutoff=1e-08
  Direction: left->right
  Direction: right->left
  Energy: -0.4608672058, Trunc err: 3.10e-08
Sweep 81, chi=16, cutoff=1e-08
  Direction: left->right
  Direction: right->left
  Energy: -0.4608672058, Trunc err: 3.06e-08
Sweep 82, chi=16, cutoff=1e-08
  Direction: left->right
  Direction: right->left
  Energy: -0.4608672058, Trunc err: 3.33e-08
Sweep 83, chi=16, cutoff=1e-08
  Direction: left->right
  Direction: right->left
  Energy: -0.4608672058, Trunc err: 3.00e-08
Sweep 84, chi=16, cutoff=1e-08
  Direction: left->right
  Direction: right->left
  Energy: -0.4608672058, Trunc err: 3.32e-08
Sweep 85, chi=16, cutoff=1e-08
  Direction: left->right
  Direction: right->left
  Energy: -0.4608672058, Trunc err: 3.02e-08
Sweep 86, chi=16, cutoff=1e-08
  Direction: left->right
  Direction: right->left
  Energy: -0.4608672058, Trunc err: 3.30e-08
Sweep 87, chi=16, cutoff=1e-08
  Direction: left->right
  Direction: right->left
  Energy: -0.4608672058, Trunc err: 3.32e-08
Sweep 88, chi=16, cutoff=1e-08
  Direction: left->right
  Direction: right->left
  Energy: -0.4608672058, Trunc err: 3.12e-08
Sweep 89, chi=16, cutoff=1e-08
  Direction: left->right
  Direction: right->left
  Energy: -0.4608672058, Trunc err: 3.35e-08
Sweep 90, chi=16, cutoff=1e-08
  Direction: left->right
  Direction: right->left
  Energy: -0.4608672058, Trunc err: 2.99e-08
Sweep 91, chi=16, cutoff=1e-08
  Direction: left->right
  Direction: right->left
  Energy: -0.4608672058, Trunc err: 3.12e-08
Sweep 92, chi=16, cutoff=1e-08
  Direction: left->right
  Direction: right->left
  Energy: -0.4608672058, Trunc err: 3.34e-08
Sweep 93, chi=16, cutoff=1e-08
  Direction: left->right
  Direction: right->left
  Energy: -0.4608672058, Trunc err: 3.01e-08
Sweep 94, chi=16, cutoff=1e-08
  Direction: left->right
  Direction: right->left
  Energy: -0.4608672058, Trunc err: 3.00e-08
Sweep 95, chi=16, cutoff=1e-08
  Direction: left->right
  Direction: right->left
  Energy: -0.4608672058, Trunc err: 3.27e-08
Sweep 96, chi=16, cutoff=1e-08
  Direction: left->right
  Direction: right->left
  Energy: -0.4608672058, Trunc err: 3.34e-08
Sweep 97, chi=16, cutoff=1e-08
  Direction: left->right
  Direction: right->left
  Energy: -0.4608672058, Trunc err: 3.03e-08
Sweep 98, chi=16, cutoff=1e-08
  Direction: left->right
  Direction: right->left
  Energy: -0.4608672058, Trunc err: 3.23e-08
Sweep 99, chi=16, cutoff=1e-08
  Direction: left->right
  Direction: right->left
  Energy: -0.4608672058, Trunc err: 3.33e-08
Sweep 100, chi=32, cutoff=1e-08
  Direction: left->right
  Direction: right->left
  Energy: -0.4608672058, Trunc err: 1.01e-08
Sweep 101, chi=32, cutoff=1e-08
  Direction: left->right
  Direction: right->left
  Energy: -0.4608672058, Trunc err: 9.79e-09
Sweep 102, chi=32, cutoff=1e-08
  Direction: left->right
  Direction: right->left
  Energy: -0.4608672058, Trunc err: 9.62e-09
Sweep 103, chi=32, cutoff=1e-08
  Direction: left->right
  Direction: right->left
  Energy: -0.4608672058, Trunc err: 9.11e-09
Sweep 104, chi=32, cutoff=1e-08
  Direction: left->right
  Direction: right->left
  Energy: -0.4608672058, Trunc err: 8.70e-09
Sweep 105, chi=32, cutoff=1e-08
  Direction: left->right
  Direction: right->left
  Energy: -0.4608672058, Trunc err: 8.74e-09
Sweep 106, chi=32, cutoff=1e-08
  Direction: left->right
  Direction: right->left
  Energy: -0.4608672058, Trunc err: 8.78e-09
Sweep 107, chi=32, cutoff=1e-08
  Direction: left->right
  Direction: right->left
  Energy: -0.4608672058, Trunc err: 8.85e-09
Sweep 108, chi=32, cutoff=1e-08
  Direction: left->right
  Direction: right->left
  Energy: -0.4608672058, Trunc err: 8.96e-09
Sweep 109, chi=32, cutoff=1e-08
  Direction: left->right
  Direction: right->left
  Energy: -0.4608672058, Trunc err: 9.01e-09
Sweep 110, chi=32, cutoff=1e-08
  Direction: left->right
  Direction: right->left
  Energy: -0.4608672058, Trunc err: 9.08e-09
Sweep 111, chi=32, cutoff=1e-08
  Direction: left->right
  Direction: right->left
  Energy: -0.4608672058, Trunc err: 9.31e-09
Sweep 112, chi=32, cutoff=1e-08
  Direction: left->right
  Direction: right->left
  Energy: -0.4608672058, Trunc err: 9.56e-09
Sweep 113, chi=32, cutoff=1e-08
  Direction: left->right
  Direction: right->left
  Energy: -0.4608672058, Trunc err: 9.47e-09
Sweep 114, chi=32, cutoff=1e-08
  Direction: left->right
  Direction: right->left
  Energy: -0.4608672058, Trunc err: 9.16e-09
Sweep 115, chi=32, cutoff=1e-08
  Direction: left->right
  Direction: right->left
  Energy: -0.4608672058, Trunc err: 9.07e-09
Sweep 116, chi=32, cutoff=1e-08
  Direction: left->right
  Direction: right->left
  Energy: -0.4608672058, Trunc err: 9.04e-09
Sweep 117, chi=32, cutoff=1e-08
  Direction: left->right
  Direction: right->left
  Energy: -0.4608672058, Trunc err: 9.04e-09
Sweep 118, chi=32, cutoff=1e-08
  Direction: left->right
  Direction: right->left
  Energy: -0.4608672058, Trunc err: 9.04e-09
Sweep 119, chi=32, cutoff=1e-08
  Direction: left->right
  Direction: right->left
  Energy: -0.4608672058, Trunc err: 9.04e-09
Sweep 120, chi=32, cutoff=1e-08
  Direction: left->right
  Direction: right->left
  Energy: -0.4608672058, Trunc err: 9.04e-09
Sweep 121, chi=32, cutoff=1e-08
  Direction: left->right
  Direction: right->left
  Energy: -0.4608672058, Trunc err: 9.04e-09
Sweep 122, chi=32, cutoff=1e-08
  Direction: left->right
  Direction: right->left
  Energy: -0.4608672058, Trunc err: 9.04e-09
Sweep 123, chi=32, cutoff=1e-08
  Direction: left->right
  Direction: right->left
  Energy: -0.4608672058, Trunc err: 9.04e-09
Sweep 124, chi=32, cutoff=1e-08
  Direction: left->right
  Direction: right->left
  Energy: -0.4608672058, Trunc err: 9.04e-09
Sweep 125, chi=32, cutoff=1e-08
  Direction: left->right
  Direction: right->left
  Energy: -0.4608672058, Trunc err: 9.04e-09
Sweep 126, chi=32, cutoff=1e-08
  Direction: left->right
  Direction: right->left
  Energy: -0.4608672058, Trunc err: 9.04e-09
Sweep 127, chi=32, cutoff=1e-08
  Direction: left->right
  Direction: right->left
  Energy: -0.4608672058, Trunc err: 9.04e-09
Sweep 128, chi=32, cutoff=1e-08
  Direction: left->right
  Direction: right->left
  Energy: -0.4608672058, Trunc err: 9.04e-09
Sweep 129, chi=32, cutoff=1e-08
  Direction: left->right
  Direction: right->left
  Energy: -0.4608672058, Trunc err: 9.04e-09
Sweep 130, chi=32, cutoff=1e-08
  Direction: left->right
  Direction: right->left
  Energy: -0.4608672058, Trunc err: 9.04e-09
Sweep 131, chi=32, cutoff=1e-08
  Direction: left->right
  Direction: right->left
  Energy: -0.4608672058, Trunc err: 9.04e-09
Sweep 132, chi=32, cutoff=1e-08
  Direction: left->right
  Direction: right->left
  Energy: -0.4608672058, Trunc err: 9.04e-09
Sweep 133, chi=32, cutoff=1e-08
  Direction: left->right
  Direction: right->left
  Energy: -0.4608672058, Trunc err: 9.04e-09
Sweep 134, chi=32, cutoff=1e-08
  Direction: left->right
  Direction: right->left
  Energy: -0.4608672058, Trunc err: 9.04e-09
Sweep 135, chi=32, cutoff=1e-08
  Direction: left->right
  Direction: right->left
  Energy: -0.4608672058, Trunc err: 9.04e-09
Sweep 136, chi=32, cutoff=1e-08
  Direction: left->right
  Direction: right->left
  Energy: -0.4608672058, Trunc err: 9.04e-09
Sweep 137, chi=32, cutoff=1e-08
  Direction: left->right
  Direction: right->left
  Energy: -0.4608672058, Trunc err: 9.04e-09
Sweep 138, chi=32, cutoff=1e-08
  Direction: left->right
  Direction: right->left
  Energy: -0.4608672058, Trunc err: 9.04e-09
Sweep 139, chi=32, cutoff=1e-08
  Direction: left->right
  Direction: right->left
  Energy: -0.4608672058, Trunc err: 9.04e-09
