           1.819e+00            7.673e-02            4.219e-02             2.93e-03
           1.819e+00            3.832e-02            2.107e-02             5.77e-03
           1.819e+00            9.631e-03            5.296e-03             5.37e-03
           1.819e+00            8.338e-03            4.585e-03             6.58e-03
           1.819e+00            3.880e-03            2.134e-03             7.48e-03
           1.819e+00            1.618e-03            8.894e-04             9.09e-03
           1.819e+00            9.073e-04            4.989e-04             1.17e-02
           1.819e+00            5.591e-04            3.074e-04             1.49e-02
           1.819e+00            2.187e-04            1.202e-04             1.68e-02
           1.819e+00            1.279e-04            7.034e-05             1.80e-02
           1.819e+00            7.317e-05            4.023e-05             2.08e-02
           1.819e+00            3.436e-05            1.889e-05             2.25e-02
           1.819e+00            1.717e-05            9.440e-06             2.55e-02
           1.819e+00            1.107e-05            6.085e-06             2.72e-02
           1.819e+00            5.706e-06            3.137e-06             3.82e-02
           1.819e+00            3.390e-06            1.864e-06             4.43e-02
           1.819e+00            1.685e-06            9.265e-07             4.76e-02
           1.819e+00            5.890e-07            3.239e-07             5.43e-02
           1.819e+00            4.494e-07            2.471e-07             5.75e-02
           1.819e+00            2.247e-07            1.236e-07             6.87e-02
           1.819e+00            1.618e-07            8.899e-08             7.59e-02
           1.819e+00            9.450e-08            5.196e-08             7.56e-02
           1.819e+00            3.874e-08            2.130e-08             9.20e-02
           1.819e+00            2.446e-08            1.345e-08             1.10e-01
           1.819e+00            1.383e-08            7.607e-09             1.14e-01
           1.819e+00            6.706e-02            3.688e-02             2.91e-03
           1.819e+00            3.591e-02            1.975e-02             9.46e-03
           1.819e+00            1.622e-02            8.919e-03             1.23e-02
           1.819e+00            5.860e-03            3.222e-03             7.03e-03
           1.819e+00            4.235e-03            2.329e-03             8.53e-03
           1.819e+00            1.691e-03            9.297e-04             1.10e-02
           1.819e+00            7.665e-04            4.215e-04             1.27e-02
           1.819e+00            3.558e-04            1.956e-04             1.28e-02
           1.819e+00            2.109e-04            1.160e-04             1.84e-02
           1.819e+00            1.458e-04            8.015e-05             1.98e-02
           1.819e+00            7.431e-05            4.086e-05             2.34e-02
           1.819e+00            3.322e-05            1.826e-05             2.22e-02
           1.819e+00            1.564e-05            8.598e-06             2.52e-02
           1.819e+00            1.117e-05            6.142e-06             2.89e-02
           1.819e+00            6.414e-06            3.527e-06             3.85e-02
           1.819e+00            2.297e-06            1.263e-06             4.48e-02
           1.819e+00            1.671e-06            9.186e-07             5.11e-02
           1.819e+00            9.704e-07            5.336e-07             5.36e-02
           1.819e+00            4.391e-07            2.414e-07             6.49e-02
           1.819e+00            2.655e-07            1.460e-07             7.36e-02
           1.819e+00            1.401e-07            7.703e-08             7.47e-02
           1.819e+00            9.275e-08            5.100e-08             7.57e-02
           1.819e+00            4.501e-08            2.475e-08             7.66e-02
           1.819e+00            3.556e-08            1.955e-08             8.93e-02
           1.819e+00            1.130e-08            6.213e-09             1.14e-01
xmax = 20
xshift = -20
dx = 0.6349206349206349
len of Hint: 18
len of H: 18
Sweep 0, chi=2, cutoff=1e-08
  Direction: left->right
  Direction: right->left
  Energy: -0.2000427602, Trunc err: 1.02e+00
Sweep 1, chi=2, cutoff=1e-08
  Direction: left->right
  Direction: right->left
  Energy: -0.2007048272, Trunc err: 1.03e+00
Sweep 2, chi=2, cutoff=1e-08
  Direction: left->right
  Direction: right->left
  Energy: -0.2021427044, Trunc err: 1.03e+00
Sweep 3, chi=2, cutoff=1e-08
  Direction: left->right
  Direction: right->left
  Energy: -0.2000624239, Trunc err: 1.03e+00
Sweep 4, chi=2, cutoff=1e-08
  Direction: left->right
  Direction: right->left
  Energy: -0.2008656136, Trunc err: 1.03e+00
Sweep 5, chi=2, cutoff=1e-08
  Direction: left->right
  Direction: right->left
  Energy: -0.2008325579, Trunc err: 1.03e+00
Sweep 6, chi=2, cutoff=1e-08
  Direction: left->right
  Direction: right->left
  Energy: -0.2000125891, Trunc err: 1.03e+00
Sweep 7, chi=2, cutoff=1e-08
  Direction: left->right
  Direction: right->left
  Energy: -0.2014322512, Trunc err: 1.03e+00
Sweep 8, chi=2, cutoff=1e-08
  Direction: left->right
  Direction: right->left
  Energy: -0.1991215456, Trunc err: 1.03e+00
Sweep 9, chi=2, cutoff=1e-08
  Direction: left->right
  Direction: right->left
  Energy: -0.2013824197, Trunc err: 1.03e+00
Sweep 10, chi=4, cutoff=1e-08
  Direction: left->right
  Direction: right->left
  Energy: -0.3330538515, Trunc err: 1.15e+00
Sweep 11, chi=4, cutoff=1e-08
  Direction: left->right
  Direction: right->left
  Energy: -0.5963435863, Trunc err: 1.35e+00
Sweep 12, chi=4, cutoff=1e-08
  Direction: left->right
  Direction: right->left
  Energy: -1.1689731567, Trunc err: 1.53e+00
Sweep 13, chi=4, cutoff=1e-08
  Direction: left->right
  Direction: right->left
  Energy: -1.5156859462, Trunc err: 1.66e+00
Sweep 14, chi=4, cutoff=1e-08
  Direction: left->right
  Direction: right->left
  Energy: -1.5792649802, Trunc err: 1.70e+00
Sweep 15, chi=4, cutoff=1e-08
  Direction: left->right
  Direction: right->left
  Energy: -1.5841641265, Trunc err: 1.72e+00
Sweep 16, chi=4, cutoff=1e-08
  Direction: left->right
  Direction: right->left
  Energy: -1.5845138014, Trunc err: 1.72e+00
Sweep 17, chi=4, cutoff=1e-08
  Direction: left->right
  Direction: right->left
  Energy: -1.5845392480, Trunc err: 1.72e+00
Sweep 18, chi=4, cutoff=1e-08
  Direction: left->right
  Direction: right->left
  Energy: -1.5845422000, Trunc err: 1.72e+00
Sweep 19, chi=4, cutoff=1e-08
  Direction: left->right
  Direction: right->left
  Energy: -1.5845425747, Trunc err: 1.72e+00
Sweep 20, chi=4, cutoff=1e-08
  Direction: left->right
  Direction: right->left
  Energy: -1.5845426255, Trunc err: 1.72e+00
Sweep 21, chi=4, cutoff=1e-08
  Direction: left->right
  Direction: right->left
  Energy: -1.5845426332, Trunc err: 1.72e+00
Sweep 22, chi=4, cutoff=1e-08
  Direction: left->right
  Direction: right->left
  Energy: -1.5845426346, Trunc err: 1.72e+00
Sweep 23, chi=4, cutoff=1e-08
  Direction: left->right
  Direction: right->left
  Energy: -1.5845426349, Trunc err: 1.72e+00
Sweep 24, chi=4, cutoff=1e-08
  Direction: left->right
  Direction: right->left
  Energy: -1.5845426350, Trunc err: 1.72e+00
Sweep 25, chi=4, cutoff=1e-08
  Direction: left->right
  Direction: right->left
  Energy: -1.5845426350, Trunc err: 1.72e+00
Sweep 26, chi=4, cutoff=1e-08
  Direction: left->right
  Direction: right->left
  Energy: -1.5845426351, Trunc err: 1.72e+00
Sweep 27, chi=4, cutoff=1e-08
  Direction: left->right
  Direction: right->left
  Energy: -1.5845426351, Trunc err: 1.72e+00
Sweep 28, chi=4, cutoff=1e-08
  Direction: left->right
  Direction: right->left
  Energy: -1.5845426351, Trunc err: 1.72e+00
Sweep 29, chi=4, cutoff=1e-08
  Direction: left->right
  Direction: right->left
  Energy: -1.5845426351, Trunc err: 1.72e+00
Sweep 30, chi=4, cutoff=1e-08
  Direction: left->right
  Direction: right->left
  Energy: -1.5845426351, Trunc err: 1.72e+00
Sweep 31, chi=4, cutoff=1e-08
  Direction: left->right
  Direction: right->left
  Energy: -1.5845426351, Trunc err: 1.72e+00
Sweep 32, chi=4, cutoff=1e-08
  Direction: left->right
  Direction: right->left
  Energy: -1.5845426351, Trunc err: 1.72e+00
Sweep 33, chi=4, cutoff=1e-08
  Direction: left->right
  Direction: right->left
  Energy: -1.5845426351, Trunc err: 1.72e+00
Sweep 34, chi=4, cutoff=1e-08
  Direction: left->right
  Direction: right->left
  Energy: -1.5845426351, Trunc err: 1.72e+00
Sweep 35, chi=4, cutoff=1e-08
  Direction: left->right
  Direction: right->left
  Energy: -1.5845426351, Trunc err: 1.72e+00
Sweep 36, chi=4, cutoff=1e-08
  Direction: left->right
  Direction: right->left
  Energy: -1.5845426351, Trunc err: 1.72e+00
Sweep 37, chi=4, cutoff=1e-08
  Direction: left->right
  Direction: right->left
  Energy: -1.5845426351, Trunc err: 1.72e+00
Sweep 38, chi=4, cutoff=1e-08
  Direction: left->right
  Direction: right->left
  Energy: -1.5845426351, Trunc err: 1.72e+00
Sweep 39, chi=4, cutoff=1e-08
  Direction: left->right
  Direction: right->left
  Energy: -1.5845426351, Trunc err: 1.72e+00
Sweep 40, chi=4, cutoff=1e-08
  Direction: left->right
  Direction: right->left
  Energy: -1.5845426351, Trunc err: 1.72e+00
Sweep 41, chi=4, cutoff=1e-08
  Direction: left->right
  Direction: right->left
  Energy: -1.5845426351, Trunc err: 1.72e+00
Sweep 42, chi=4, cutoff=1e-08
  Direction: left->right
  Direction: right->left
  Energy: -1.5845426351, Trunc err: 1.72e+00
Sweep 43, chi=4, cutoff=1e-08
  Direction: left->right
  Direction: right->left
  Energy: -1.5845426351, Trunc err: 1.72e+00
Sweep 44, chi=4, cutoff=1e-08
  Direction: left->right
  Direction: right->left
  Energy: -1.5845426351, Trunc err: 1.72e+00
Sweep 45, chi=4, cutoff=1e-08
  Direction: left->right
  Direction: right->left
  Energy: -1.5845426351, Trunc err: 1.72e+00
Sweep 46, chi=4, cutoff=1e-08
  Direction: left->right
  Direction: right->left
  Energy: -1.5845426351, Trunc err: 1.72e+00
Sweep 47, chi=4, cutoff=1e-08
  Direction: left->right
  Direction: right->left
  Energy: -1.5845426351, Trunc err: 1.72e+00
Sweep 48, chi=4, cutoff=1e-08
  Direction: left->right
  Direction: right->left
  Energy: -1.5845426351, Trunc err: 1.72e+00
Sweep 49, chi=4, cutoff=1e-08
  Direction: left->right
  Direction: right->left
  Energy: -1.5845426351, Trunc err: 1.72e+00
Sweep 50, chi=8, cutoff=1e-08
  Direction: left->right
  Direction: right->left
  Energy: -1.6066043661, Trunc err: 1.74e+00
Sweep 51, chi=8, cutoff=1e-08
  Direction: left->right
  Direction: right->left
  Energy: -1.6102271483, Trunc err: 1.80e+00
Sweep 52, chi=8, cutoff=1e-08
  Direction: left->right
  Direction: right->left
  Energy: -1.6106070375, Trunc err: 1.81e+00
Sweep 53, chi=8, cutoff=1e-08
  Direction: left->right
  Direction: right->left
  Energy: -1.6106449469, Trunc err: 1.81e+00
Sweep 54, chi=8, cutoff=1e-08
  Direction: left->right
  Direction: right->left
  Energy: -1.6106494135, Trunc err: 1.81e+00
Sweep 55, chi=8, cutoff=1e-08
  Direction: left->right
  Direction: right->left
  Energy: -1.6106499002, Trunc err: 1.81e+00
Sweep 56, chi=8, cutoff=1e-08
  Direction: left->right
  Direction: right->left
  Energy: -1.6106499925, Trunc err: 1.81e+00
Sweep 57, chi=8, cutoff=1e-08
  Direction: left->right
  Direction: right->left
  Energy: -1.6106500344, Trunc err: 1.81e+00
Sweep 58, chi=8, cutoff=1e-08
  Direction: left->right
  Direction: right->left
  Energy: -1.6106500562, Trunc err: 1.81e+00
Sweep 59, chi=8, cutoff=1e-08
  Direction: left->right
  Direction: right->left
  Energy: -1.6106500665, Trunc err: 1.81e+00
Sweep 60, chi=8, cutoff=1e-08
  Direction: left->right
  Direction: right->left
  Energy: -1.6106500715, Trunc err: 1.81e+00
Sweep 61, chi=8, cutoff=1e-08
  Direction: left->right
  Direction: right->left
  Energy: -1.6106500755, Trunc err: 1.81e+00
Sweep 62, chi=8, cutoff=1e-08
  Direction: left->right
  Direction: right->left
  Energy: -1.6106500768, Trunc err: 1.81e+00
Sweep 63, chi=8, cutoff=1e-08
  Direction: left->right
  Direction: right->left
  Energy: -1.6106500767, Trunc err: 1.81e+00
Sweep 64, chi=8, cutoff=1e-08
  Direction: left->right
  Direction: right->left
  Energy: -1.6106500767, Trunc err: 1.81e+00
Sweep 65, chi=8, cutoff=1e-08
  Direction: left->right
  Direction: right->left
  Energy: -1.6106500767, Trunc err: 1.81e+00
Sweep 66, chi=8, cutoff=1e-08
  Direction: left->right
  Direction: right->left
  Energy: -1.6106500767, Trunc err: 1.81e+00
Sweep 67, chi=8, cutoff=1e-08
  Direction: left->right
  Direction: right->left
  Energy: -1.6106500767, Trunc err: 1.81e+00
Sweep 68, chi=8, cutoff=1e-08
  Direction: left->right
  Direction: right->left
  Energy: -1.6106500767, Trunc err: 1.81e+00
Sweep 69, chi=8, cutoff=1e-08
  Direction: left->right
  Direction: right->left
  Energy: -1.6106500767, Trunc err: 1.81e+00
Sweep 70, chi=8, cutoff=1e-08
  Direction: left->right
  Direction: right->left
  Energy: -1.6106500767, Trunc err: 1.81e+00
Sweep 71, chi=8, cutoff=1e-08
  Direction: left->right
  Direction: right->left
  Energy: -1.6106500767, Trunc err: 1.81e+00
Sweep 72, chi=8, cutoff=1e-08
  Direction: left->right
  Direction: right->left
  Energy: -1.6106500767, Trunc err: 1.81e+00
Sweep 73, chi=8, cutoff=1e-08
  Direction: left->right
  Direction: right->left
  Energy: -1.6106500767, Trunc err: 1.81e+00
Sweep 74, chi=8, cutoff=1e-08
  Direction: left->right
  Direction: right->left
  Energy: -1.6106500767, Trunc err: 1.81e+00
Sweep 75, chi=8, cutoff=1e-08
  Direction: left->right
  Direction: right->left
  Energy: -1.6106500767, Trunc err: 1.81e+00
Sweep 76, chi=8, cutoff=1e-08
  Direction: left->right
  Direction: right->left
  Energy: -1.6106500767, Trunc err: 1.81e+00
Sweep 77, chi=8, cutoff=1e-08
  Direction: left->right
  Direction: right->left
  Energy: -1.6106500767, Trunc err: 1.81e+00
Sweep 78, chi=8, cutoff=1e-08
  Direction: left->right
  Direction: right->left
  Energy: -1.6106500767, Trunc err: 1.81e+00
Sweep 79, chi=8, cutoff=1e-08
  Direction: left->right
  Direction: right->left
  Energy: -1.6106500767, Trunc err: 1.81e+00
Sweep 80, chi=8, cutoff=1e-08
  Direction: left->right
  Direction: right->left
  Energy: -1.6106500767, Trunc err: 1.81e+00
Sweep 81, chi=8, cutoff=1e-08
  Direction: left->right
  Direction: right->left
  Energy: -1.6106500767, Trunc err: 1.81e+00
Sweep 82, chi=8, cutoff=1e-08
  Direction: left->right
  Direction: right->left
  Energy: -1.6106500767, Trunc err: 1.81e+00
Sweep 83, chi=8, cutoff=1e-08
  Direction: left->right
  Direction: right->left
  Energy: -1.6106500767, Trunc err: 1.81e+00
Sweep 84, chi=8, cutoff=1e-08
  Direction: left->right
  Direction: right->left
  Energy: -1.6106500767, Trunc err: 1.81e+00
Sweep 85, chi=8, cutoff=1e-08
  Direction: left->right
  Direction: right->left
  Energy: -1.6106500767, Trunc err: 1.81e+00
Sweep 86, chi=8, cutoff=1e-08
  Direction: left->right
  Direction: right->left
  Energy: -1.6106500767, Trunc err: 1.81e+00
Sweep 87, chi=8, cutoff=1e-08
  Direction: left->right
  Direction: right->left
  Energy: -1.6106500767, Trunc err: 1.81e+00
Sweep 88, chi=8, cutoff=1e-08
  Direction: left->right
  Direction: right->left
  Energy: -1.6106500767, Trunc err: 1.81e+00
Sweep 89, chi=8, cutoff=1e-08
  Direction: left->right
  Direction: right->left
  Energy: -1.6106500767, Trunc err: 1.81e+00
Sweep 90, chi=8, cutoff=1e-08
  Direction: left->right
  Direction: right->left
  Energy: -1.6106500767, Trunc err: 1.81e+00
Sweep 91, chi=8, cutoff=1e-08
  Direction: left->right
  Direction: right->left
  Energy: -1.6106500767, Trunc err: 1.81e+00
Sweep 92, chi=8, cutoff=1e-08
  Direction: left->right
  Direction: right->left
  Energy: -1.6106500767, Trunc err: 1.81e+00
Sweep 93, chi=8, cutoff=1e-08
  Direction: left->right
  Direction: right->left
  Energy: -1.6106500767, Trunc err: 1.81e+00
Sweep 94, chi=8, cutoff=1e-08
  Direction: left->right
  Direction: right->left
  Energy: -1.6106500767, Trunc err: 1.81e+00
Sweep 95, chi=8, cutoff=1e-08
  Direction: left->right
  Direction: right->left
  Energy: -1.6106500767, Trunc err: 1.81e+00
Sweep 96, chi=8, cutoff=1e-08
  Direction: left->right
  Direction: right->left
  Energy: -1.6106500767, Trunc err: 1.81e+00
Sweep 97, chi=8, cutoff=1e-08
  Direction: left->right
  Direction: right->left
  Energy: -1.6106500767, Trunc err: 1.81e+00
Sweep 98, chi=8, cutoff=1e-08
  Direction: left->right
  Direction: right->left
  Energy: -1.6106500767, Trunc err: 1.81e+00
Sweep 99, chi=8, cutoff=1e-08
  Direction: left->right
  Direction: right->left
  Energy: -1.6106500767, Trunc err: 1.81e+00
Sweep 100, chi=16, cutoff=1e-08
  Direction: left->right
  Direction: right->left
  Energy: -1.6263877681, Trunc err: 1.85e+00
Sweep 101, chi=16, cutoff=1e-08
  Direction: left->right
  Direction: right->left
  Energy: -1.6272026004, Trunc err: 1.89e+00
Sweep 102, chi=16, cutoff=1e-08
  Direction: left->right
  Direction: right->left
  Energy: -1.6272369828, Trunc err: 1.90e+00
Sweep 103, chi=16, cutoff=1e-08
  Direction: left->right
  Direction: right->left
  Energy: -1.6273935354, Trunc err: 1.90e+00
Sweep 104, chi=16, cutoff=1e-08
  Direction: left->right
  Direction: right->left
  Energy: -1.6275501542, Trunc err: 1.90e+00
Sweep 105, chi=16, cutoff=1e-08
  Direction: left->right
  Direction: right->left
  Energy: -1.6275627619, Trunc err: 1.90e+00
Sweep 106, chi=16, cutoff=1e-08
  Direction: left->right
  Direction: right->left
  Energy: -1.6275632543, Trunc err: 1.90e+00
Sweep 107, chi=16, cutoff=1e-08
  Direction: left->right
  Direction: right->left
  Energy: -1.6275630169, Trunc err: 1.90e+00
Sweep 108, chi=16, cutoff=1e-08
  Direction: left->right
  Direction: right->left
  Energy: -1.6275625037, Trunc err: 1.90e+00
Sweep 109, chi=16, cutoff=1e-08
  Direction: left->right
  Direction: right->left
  Energy: -1.6275619580, Trunc err: 1.90e+00
Sweep 110, chi=16, cutoff=1e-08
  Direction: left->right
  Direction: right->left
  Energy: -1.6275616622, Trunc err: 1.90e+00
Sweep 111, chi=16, cutoff=1e-08
  Direction: left->right
  Direction: right->left
  Energy: -1.6275615609, Trunc err: 1.90e+00
Sweep 112, chi=16, cutoff=1e-08
  Direction: left->right
  Direction: right->left
  Energy: -1.6275615320, Trunc err: 1.90e+00
Sweep 113, chi=16, cutoff=1e-08
  Direction: left->right
  Direction: right->left
  Energy: -1.6275615247, Trunc err: 1.90e+00
Sweep 114, chi=16, cutoff=1e-08
  Direction: left->right
  Direction: right->left
  Energy: -1.6275615238, Trunc err: 1.90e+00
Sweep 115, chi=16, cutoff=1e-08
  Direction: left->right
  Direction: right->left
  Energy: -1.6275615250, Trunc err: 1.90e+00
Sweep 116, chi=16, cutoff=1e-08
  Direction: left->right
  Direction: right->left
  Energy: -1.6275615267, Trunc err: 1.90e+00
Sweep 117, chi=16, cutoff=1e-08
  Direction: left->right
  Direction: right->left
  Energy: -1.6275615288, Trunc err: 1.90e+00
Sweep 118, chi=16, cutoff=1e-08
  Direction: left->right
  Direction: right->left
  Energy: -1.6275615309, Trunc err: 1.90e+00
Sweep 119, chi=16, cutoff=1e-08
  Direction: left->right
  Direction: right->left
  Energy: -1.6275615330, Trunc err: 1.90e+00
Sweep 120, chi=32, cutoff=1e-08
  Direction: left->right
  Direction: right->left
  Energy: -1.6309777847, Trunc err: 1.92e+00
Sweep 121, chi=32, cutoff=1e-08
  Direction: left->right
  Direction: right->left
  Energy: -1.6311081364, Trunc err: 1.94e+00
Sweep 122, chi=32, cutoff=1e-08
  Direction: left->right
  Direction: right->left
  Energy: -1.6311146138, Trunc err: 1.94e+00
Sweep 123, chi=32, cutoff=1e-08
  Direction: left->right
  Direction: right->left
  Energy: -1.6311162923, Trunc err: 1.94e+00
Sweep 124, chi=32, cutoff=1e-08
  Direction: left->right
  Direction: right->left
  Energy: -1.6311174296, Trunc err: 1.94e+00
Sweep 125, chi=32, cutoff=1e-08
  Direction: left->right
  Direction: right->left
  Energy: -1.6311179366, Trunc err: 1.94e+00
Sweep 126, chi=32, cutoff=1e-08
  Direction: left->right
  Direction: right->left
  Energy: -1.6311180748, Trunc err: 1.94e+00
Sweep 127, chi=32, cutoff=1e-08
  Direction: left->right
  Direction: right->left
  Energy: -1.6311180981, Trunc err: 1.94e+00
Sweep 128, chi=32, cutoff=1e-08
  Direction: left->right
  Direction: right->left
  Energy: -1.6311180907, Trunc err: 1.94e+00
Sweep 129, chi=32, cutoff=1e-08
  Direction: left->right
  Direction: right->left
  Energy: -1.6311180737, Trunc err: 1.94e+00
